[2021-05-28 19:51:21,097] {scheduler_job.py:182} INFO - Started process (PID=38) to work on /home/airflow/.local/lib/python3.6/site-packages/airflow/example_dags/example_complex.py
[2021-05-28 19:51:21,099] {scheduler_job.py:629} INFO - Processing file /home/airflow/.local/lib/python3.6/site-packages/airflow/example_dags/example_complex.py for tasks to queue
[2021-05-28 19:51:21,108] {logging_mixin.py:104} INFO - [2021-05-28 19:51:21,108] {dagbag.py:451} INFO - Filling up the DagBag from /home/airflow/.local/lib/python3.6/site-packages/airflow/example_dags/example_complex.py
[2021-05-28 19:51:21,184] {scheduler_job.py:639} INFO - DAG(s) dict_keys(['example_complex']) retrieved from /home/airflow/.local/lib/python3.6/site-packages/airflow/example_dags/example_complex.py
[2021-05-28 19:51:21,296] {logging_mixin.py:104} INFO - [2021-05-28 19:51:21,296] {dag.py:1824} INFO - Sync 1 DAGs
[2021-05-28 19:51:21,347] {logging_mixin.py:104} INFO - [2021-05-28 19:51:21,347] {dag.py:2280} INFO - Setting next_dagrun for example_complex to None
[2021-05-28 19:51:21,440] {scheduler_job.py:190} INFO - Processing /home/airflow/.local/lib/python3.6/site-packages/airflow/example_dags/example_complex.py took 0.355 seconds
[2021-05-28 19:51:51,613] {scheduler_job.py:182} INFO - Started process (PID=65) to work on /home/airflow/.local/lib/python3.6/site-packages/airflow/example_dags/example_complex.py
[2021-05-28 19:51:51,617] {scheduler_job.py:629} INFO - Processing file /home/airflow/.local/lib/python3.6/site-packages/airflow/example_dags/example_complex.py for tasks to queue
[2021-05-28 19:51:51,619] {logging_mixin.py:104} INFO - [2021-05-28 19:51:51,618] {dagbag.py:451} INFO - Filling up the DagBag from /home/airflow/.local/lib/python3.6/site-packages/airflow/example_dags/example_complex.py
[2021-05-28 19:51:51,720] {scheduler_job.py:639} INFO - DAG(s) dict_keys(['example_complex']) retrieved from /home/airflow/.local/lib/python3.6/site-packages/airflow/example_dags/example_complex.py
[2021-05-28 19:51:51,883] {logging_mixin.py:104} INFO - [2021-05-28 19:51:51,883] {dag.py:1824} INFO - Sync 1 DAGs
[2021-05-28 19:51:51,966] {logging_mixin.py:104} INFO - [2021-05-28 19:51:51,966] {dag.py:2280} INFO - Setting next_dagrun for example_complex to None
[2021-05-28 19:51:52,010] {scheduler_job.py:190} INFO - Processing /home/airflow/.local/lib/python3.6/site-packages/airflow/example_dags/example_complex.py took 0.404 seconds
[2021-05-28 19:52:22,973] {scheduler_job.py:182} INFO - Started process (PID=93) to work on /home/airflow/.local/lib/python3.6/site-packages/airflow/example_dags/example_complex.py
[2021-05-28 19:52:22,976] {scheduler_job.py:629} INFO - Processing file /home/airflow/.local/lib/python3.6/site-packages/airflow/example_dags/example_complex.py for tasks to queue
[2021-05-28 19:52:22,977] {logging_mixin.py:104} INFO - [2021-05-28 19:52:22,977] {dagbag.py:451} INFO - Filling up the DagBag from /home/airflow/.local/lib/python3.6/site-packages/airflow/example_dags/example_complex.py
[2021-05-28 19:52:23,005] {scheduler_job.py:639} INFO - DAG(s) dict_keys(['example_complex']) retrieved from /home/airflow/.local/lib/python3.6/site-packages/airflow/example_dags/example_complex.py
[2021-05-28 19:52:23,055] {logging_mixin.py:104} INFO - [2021-05-28 19:52:23,055] {dag.py:1824} INFO - Sync 1 DAGs
[2021-05-28 19:52:23,078] {logging_mixin.py:104} INFO - [2021-05-28 19:52:23,078] {dag.py:2280} INFO - Setting next_dagrun for example_complex to None
[2021-05-28 19:52:23,095] {scheduler_job.py:190} INFO - Processing /home/airflow/.local/lib/python3.6/site-packages/airflow/example_dags/example_complex.py took 0.127 seconds
[2021-05-28 19:52:53,217] {scheduler_job.py:182} INFO - Started process (PID=120) to work on /home/airflow/.local/lib/python3.6/site-packages/airflow/example_dags/example_complex.py
[2021-05-28 19:52:53,221] {scheduler_job.py:629} INFO - Processing file /home/airflow/.local/lib/python3.6/site-packages/airflow/example_dags/example_complex.py for tasks to queue
[2021-05-28 19:52:53,223] {logging_mixin.py:104} INFO - [2021-05-28 19:52:53,223] {dagbag.py:451} INFO - Filling up the DagBag from /home/airflow/.local/lib/python3.6/site-packages/airflow/example_dags/example_complex.py
[2021-05-28 19:52:53,281] {scheduler_job.py:639} INFO - DAG(s) dict_keys(['example_complex']) retrieved from /home/airflow/.local/lib/python3.6/site-packages/airflow/example_dags/example_complex.py
[2021-05-28 19:52:53,386] {logging_mixin.py:104} INFO - [2021-05-28 19:52:53,385] {dag.py:1824} INFO - Sync 1 DAGs
[2021-05-28 19:52:53,442] {logging_mixin.py:104} INFO - [2021-05-28 19:52:53,442] {dag.py:2280} INFO - Setting next_dagrun for example_complex to None
[2021-05-28 19:52:53,490] {scheduler_job.py:190} INFO - Processing /home/airflow/.local/lib/python3.6/site-packages/airflow/example_dags/example_complex.py took 0.280 seconds
[2021-05-28 19:53:24,423] {scheduler_job.py:182} INFO - Started process (PID=147) to work on /home/airflow/.local/lib/python3.6/site-packages/airflow/example_dags/example_complex.py
[2021-05-28 19:53:24,426] {scheduler_job.py:629} INFO - Processing file /home/airflow/.local/lib/python3.6/site-packages/airflow/example_dags/example_complex.py for tasks to queue
[2021-05-28 19:53:24,428] {logging_mixin.py:104} INFO - [2021-05-28 19:53:24,428] {dagbag.py:451} INFO - Filling up the DagBag from /home/airflow/.local/lib/python3.6/site-packages/airflow/example_dags/example_complex.py
[2021-05-28 19:53:24,488] {scheduler_job.py:639} INFO - DAG(s) dict_keys(['example_complex']) retrieved from /home/airflow/.local/lib/python3.6/site-packages/airflow/example_dags/example_complex.py
[2021-05-28 19:53:24,576] {logging_mixin.py:104} INFO - [2021-05-28 19:53:24,576] {dag.py:1824} INFO - Sync 1 DAGs
[2021-05-28 19:53:24,620] {logging_mixin.py:104} INFO - [2021-05-28 19:53:24,620] {dag.py:2280} INFO - Setting next_dagrun for example_complex to None
[2021-05-28 19:53:24,647] {scheduler_job.py:190} INFO - Processing /home/airflow/.local/lib/python3.6/site-packages/airflow/example_dags/example_complex.py took 0.229 seconds
[2021-05-28 19:53:54,911] {scheduler_job.py:182} INFO - Started process (PID=174) to work on /home/airflow/.local/lib/python3.6/site-packages/airflow/example_dags/example_complex.py
[2021-05-28 19:53:54,914] {scheduler_job.py:629} INFO - Processing file /home/airflow/.local/lib/python3.6/site-packages/airflow/example_dags/example_complex.py for tasks to queue
[2021-05-28 19:53:54,916] {logging_mixin.py:104} INFO - [2021-05-28 19:53:54,916] {dagbag.py:451} INFO - Filling up the DagBag from /home/airflow/.local/lib/python3.6/site-packages/airflow/example_dags/example_complex.py
[2021-05-28 19:53:54,939] {scheduler_job.py:639} INFO - DAG(s) dict_keys(['example_complex']) retrieved from /home/airflow/.local/lib/python3.6/site-packages/airflow/example_dags/example_complex.py
[2021-05-28 19:53:54,981] {logging_mixin.py:104} INFO - [2021-05-28 19:53:54,980] {dag.py:1824} INFO - Sync 1 DAGs
[2021-05-28 19:53:55,000] {logging_mixin.py:104} INFO - [2021-05-28 19:53:55,000] {dag.py:2280} INFO - Setting next_dagrun for example_complex to None
[2021-05-28 19:53:55,028] {scheduler_job.py:190} INFO - Processing /home/airflow/.local/lib/python3.6/site-packages/airflow/example_dags/example_complex.py took 0.123 seconds
[2021-05-28 19:54:25,376] {scheduler_job.py:182} INFO - Started process (PID=201) to work on /home/airflow/.local/lib/python3.6/site-packages/airflow/example_dags/example_complex.py
[2021-05-28 19:54:25,379] {scheduler_job.py:629} INFO - Processing file /home/airflow/.local/lib/python3.6/site-packages/airflow/example_dags/example_complex.py for tasks to queue
[2021-05-28 19:54:25,381] {logging_mixin.py:104} INFO - [2021-05-28 19:54:25,381] {dagbag.py:451} INFO - Filling up the DagBag from /home/airflow/.local/lib/python3.6/site-packages/airflow/example_dags/example_complex.py
[2021-05-28 19:54:25,423] {scheduler_job.py:639} INFO - DAG(s) dict_keys(['example_complex']) retrieved from /home/airflow/.local/lib/python3.6/site-packages/airflow/example_dags/example_complex.py
[2021-05-28 19:54:25,471] {logging_mixin.py:104} INFO - [2021-05-28 19:54:25,470] {dag.py:1824} INFO - Sync 1 DAGs
[2021-05-28 19:54:25,509] {logging_mixin.py:104} INFO - [2021-05-28 19:54:25,508] {dag.py:2280} INFO - Setting next_dagrun for example_complex to None
[2021-05-28 19:54:25,541] {scheduler_job.py:190} INFO - Processing /home/airflow/.local/lib/python3.6/site-packages/airflow/example_dags/example_complex.py took 0.171 seconds
[2021-05-28 19:54:55,826] {scheduler_job.py:182} INFO - Started process (PID=228) to work on /home/airflow/.local/lib/python3.6/site-packages/airflow/example_dags/example_complex.py
[2021-05-28 19:54:55,829] {scheduler_job.py:629} INFO - Processing file /home/airflow/.local/lib/python3.6/site-packages/airflow/example_dags/example_complex.py for tasks to queue
[2021-05-28 19:54:55,831] {logging_mixin.py:104} INFO - [2021-05-28 19:54:55,830] {dagbag.py:451} INFO - Filling up the DagBag from /home/airflow/.local/lib/python3.6/site-packages/airflow/example_dags/example_complex.py
[2021-05-28 19:54:55,867] {scheduler_job.py:639} INFO - DAG(s) dict_keys(['example_complex']) retrieved from /home/airflow/.local/lib/python3.6/site-packages/airflow/example_dags/example_complex.py
[2021-05-28 19:54:55,942] {logging_mixin.py:104} INFO - [2021-05-28 19:54:55,941] {dag.py:1824} INFO - Sync 1 DAGs
[2021-05-28 19:54:55,970] {logging_mixin.py:104} INFO - [2021-05-28 19:54:55,969] {dag.py:2280} INFO - Setting next_dagrun for example_complex to None
[2021-05-28 19:54:55,998] {scheduler_job.py:190} INFO - Processing /home/airflow/.local/lib/python3.6/site-packages/airflow/example_dags/example_complex.py took 0.177 seconds
[2021-05-28 19:55:26,230] {scheduler_job.py:182} INFO - Started process (PID=255) to work on /home/airflow/.local/lib/python3.6/site-packages/airflow/example_dags/example_complex.py
[2021-05-28 19:55:26,232] {scheduler_job.py:629} INFO - Processing file /home/airflow/.local/lib/python3.6/site-packages/airflow/example_dags/example_complex.py for tasks to queue
[2021-05-28 19:55:26,234] {logging_mixin.py:104} INFO - [2021-05-28 19:55:26,233] {dagbag.py:451} INFO - Filling up the DagBag from /home/airflow/.local/lib/python3.6/site-packages/airflow/example_dags/example_complex.py
[2021-05-28 19:55:26,269] {scheduler_job.py:639} INFO - DAG(s) dict_keys(['example_complex']) retrieved from /home/airflow/.local/lib/python3.6/site-packages/airflow/example_dags/example_complex.py
[2021-05-28 19:55:26,310] {logging_mixin.py:104} INFO - [2021-05-28 19:55:26,310] {dag.py:1824} INFO - Sync 1 DAGs
[2021-05-28 19:55:26,336] {logging_mixin.py:104} INFO - [2021-05-28 19:55:26,336] {dag.py:2280} INFO - Setting next_dagrun for example_complex to None
[2021-05-28 19:55:26,371] {scheduler_job.py:190} INFO - Processing /home/airflow/.local/lib/python3.6/site-packages/airflow/example_dags/example_complex.py took 0.144 seconds
[2021-05-28 19:55:56,436] {scheduler_job.py:182} INFO - Started process (PID=282) to work on /home/airflow/.local/lib/python3.6/site-packages/airflow/example_dags/example_complex.py
[2021-05-28 19:55:56,443] {scheduler_job.py:629} INFO - Processing file /home/airflow/.local/lib/python3.6/site-packages/airflow/example_dags/example_complex.py for tasks to queue
[2021-05-28 19:55:56,445] {logging_mixin.py:104} INFO - [2021-05-28 19:55:56,445] {dagbag.py:451} INFO - Filling up the DagBag from /home/airflow/.local/lib/python3.6/site-packages/airflow/example_dags/example_complex.py
[2021-05-28 19:55:56,523] {scheduler_job.py:639} INFO - DAG(s) dict_keys(['example_complex']) retrieved from /home/airflow/.local/lib/python3.6/site-packages/airflow/example_dags/example_complex.py
[2021-05-28 19:55:56,600] {logging_mixin.py:104} INFO - [2021-05-28 19:55:56,600] {dag.py:1824} INFO - Sync 1 DAGs
[2021-05-28 19:55:56,630] {logging_mixin.py:104} INFO - [2021-05-28 19:55:56,629] {dag.py:2280} INFO - Setting next_dagrun for example_complex to None
[2021-05-28 19:55:56,662] {scheduler_job.py:190} INFO - Processing /home/airflow/.local/lib/python3.6/site-packages/airflow/example_dags/example_complex.py took 0.231 seconds
[2021-05-28 19:56:27,342] {scheduler_job.py:182} INFO - Started process (PID=308) to work on /home/airflow/.local/lib/python3.6/site-packages/airflow/example_dags/example_complex.py
[2021-05-28 19:56:27,346] {scheduler_job.py:629} INFO - Processing file /home/airflow/.local/lib/python3.6/site-packages/airflow/example_dags/example_complex.py for tasks to queue
[2021-05-28 19:56:27,348] {logging_mixin.py:104} INFO - [2021-05-28 19:56:27,348] {dagbag.py:451} INFO - Filling up the DagBag from /home/airflow/.local/lib/python3.6/site-packages/airflow/example_dags/example_complex.py
[2021-05-28 19:56:27,384] {scheduler_job.py:639} INFO - DAG(s) dict_keys(['example_complex']) retrieved from /home/airflow/.local/lib/python3.6/site-packages/airflow/example_dags/example_complex.py
[2021-05-28 19:56:27,427] {logging_mixin.py:104} INFO - [2021-05-28 19:56:27,427] {dag.py:1824} INFO - Sync 1 DAGs
[2021-05-28 19:56:27,452] {logging_mixin.py:104} INFO - [2021-05-28 19:56:27,452] {dag.py:2280} INFO - Setting next_dagrun for example_complex to None
[2021-05-28 19:56:27,482] {scheduler_job.py:190} INFO - Processing /home/airflow/.local/lib/python3.6/site-packages/airflow/example_dags/example_complex.py took 0.146 seconds
[2021-05-28 19:56:57,951] {scheduler_job.py:182} INFO - Started process (PID=335) to work on /home/airflow/.local/lib/python3.6/site-packages/airflow/example_dags/example_complex.py
[2021-05-28 19:56:57,953] {scheduler_job.py:629} INFO - Processing file /home/airflow/.local/lib/python3.6/site-packages/airflow/example_dags/example_complex.py for tasks to queue
[2021-05-28 19:56:57,955] {logging_mixin.py:104} INFO - [2021-05-28 19:56:57,954] {dagbag.py:451} INFO - Filling up the DagBag from /home/airflow/.local/lib/python3.6/site-packages/airflow/example_dags/example_complex.py
[2021-05-28 19:56:57,991] {scheduler_job.py:639} INFO - DAG(s) dict_keys(['example_complex']) retrieved from /home/airflow/.local/lib/python3.6/site-packages/airflow/example_dags/example_complex.py
[2021-05-28 19:56:58,034] {logging_mixin.py:104} INFO - [2021-05-28 19:56:58,034] {dag.py:1824} INFO - Sync 1 DAGs
[2021-05-28 19:56:58,061] {logging_mixin.py:104} INFO - [2021-05-28 19:56:58,060] {dag.py:2280} INFO - Setting next_dagrun for example_complex to None
[2021-05-28 19:56:58,077] {scheduler_job.py:190} INFO - Processing /home/airflow/.local/lib/python3.6/site-packages/airflow/example_dags/example_complex.py took 0.131 seconds
[2021-05-28 19:57:28,141] {scheduler_job.py:182} INFO - Started process (PID=362) to work on /home/airflow/.local/lib/python3.6/site-packages/airflow/example_dags/example_complex.py
[2021-05-28 19:57:28,143] {scheduler_job.py:629} INFO - Processing file /home/airflow/.local/lib/python3.6/site-packages/airflow/example_dags/example_complex.py for tasks to queue
[2021-05-28 19:57:28,145] {logging_mixin.py:104} INFO - [2021-05-28 19:57:28,144] {dagbag.py:451} INFO - Filling up the DagBag from /home/airflow/.local/lib/python3.6/site-packages/airflow/example_dags/example_complex.py
[2021-05-28 19:57:28,178] {scheduler_job.py:639} INFO - DAG(s) dict_keys(['example_complex']) retrieved from /home/airflow/.local/lib/python3.6/site-packages/airflow/example_dags/example_complex.py
[2021-05-28 19:57:28,218] {logging_mixin.py:104} INFO - [2021-05-28 19:57:28,218] {dag.py:1824} INFO - Sync 1 DAGs
[2021-05-28 19:57:28,243] {logging_mixin.py:104} INFO - [2021-05-28 19:57:28,243] {dag.py:2280} INFO - Setting next_dagrun for example_complex to None
[2021-05-28 19:57:28,272] {scheduler_job.py:190} INFO - Processing /home/airflow/.local/lib/python3.6/site-packages/airflow/example_dags/example_complex.py took 0.135 seconds
[2021-05-28 19:57:58,923] {scheduler_job.py:182} INFO - Started process (PID=389) to work on /home/airflow/.local/lib/python3.6/site-packages/airflow/example_dags/example_complex.py
[2021-05-28 19:57:58,926] {scheduler_job.py:629} INFO - Processing file /home/airflow/.local/lib/python3.6/site-packages/airflow/example_dags/example_complex.py for tasks to queue
[2021-05-28 19:57:58,929] {logging_mixin.py:104} INFO - [2021-05-28 19:57:58,929] {dagbag.py:451} INFO - Filling up the DagBag from /home/airflow/.local/lib/python3.6/site-packages/airflow/example_dags/example_complex.py
[2021-05-28 19:57:58,969] {scheduler_job.py:639} INFO - DAG(s) dict_keys(['example_complex']) retrieved from /home/airflow/.local/lib/python3.6/site-packages/airflow/example_dags/example_complex.py
[2021-05-28 19:57:59,011] {logging_mixin.py:104} INFO - [2021-05-28 19:57:59,011] {dag.py:1824} INFO - Sync 1 DAGs
[2021-05-28 19:57:59,033] {logging_mixin.py:104} INFO - [2021-05-28 19:57:59,033] {dag.py:2280} INFO - Setting next_dagrun for example_complex to None
[2021-05-28 19:57:59,054] {scheduler_job.py:190} INFO - Processing /home/airflow/.local/lib/python3.6/site-packages/airflow/example_dags/example_complex.py took 0.136 seconds
[2021-05-28 19:58:29,737] {scheduler_job.py:182} INFO - Started process (PID=417) to work on /home/airflow/.local/lib/python3.6/site-packages/airflow/example_dags/example_complex.py
[2021-05-28 19:58:29,749] {scheduler_job.py:629} INFO - Processing file /home/airflow/.local/lib/python3.6/site-packages/airflow/example_dags/example_complex.py for tasks to queue
[2021-05-28 19:58:29,751] {logging_mixin.py:104} INFO - [2021-05-28 19:58:29,751] {dagbag.py:451} INFO - Filling up the DagBag from /home/airflow/.local/lib/python3.6/site-packages/airflow/example_dags/example_complex.py
[2021-05-28 19:58:29,781] {scheduler_job.py:639} INFO - DAG(s) dict_keys(['example_complex']) retrieved from /home/airflow/.local/lib/python3.6/site-packages/airflow/example_dags/example_complex.py
[2021-05-28 19:58:29,824] {logging_mixin.py:104} INFO - [2021-05-28 19:58:29,824] {dag.py:1824} INFO - Sync 1 DAGs
[2021-05-28 19:58:29,854] {logging_mixin.py:104} INFO - [2021-05-28 19:58:29,853] {dag.py:2280} INFO - Setting next_dagrun for example_complex to None
[2021-05-28 19:58:29,869] {scheduler_job.py:190} INFO - Processing /home/airflow/.local/lib/python3.6/site-packages/airflow/example_dags/example_complex.py took 0.136 seconds
[2021-05-28 19:58:59,926] {scheduler_job.py:182} INFO - Started process (PID=444) to work on /home/airflow/.local/lib/python3.6/site-packages/airflow/example_dags/example_complex.py
[2021-05-28 19:58:59,928] {scheduler_job.py:629} INFO - Processing file /home/airflow/.local/lib/python3.6/site-packages/airflow/example_dags/example_complex.py for tasks to queue
[2021-05-28 19:58:59,929] {logging_mixin.py:104} INFO - [2021-05-28 19:58:59,929] {dagbag.py:451} INFO - Filling up the DagBag from /home/airflow/.local/lib/python3.6/site-packages/airflow/example_dags/example_complex.py
[2021-05-28 19:58:59,953] {scheduler_job.py:639} INFO - DAG(s) dict_keys(['example_complex']) retrieved from /home/airflow/.local/lib/python3.6/site-packages/airflow/example_dags/example_complex.py
[2021-05-28 19:58:59,989] {logging_mixin.py:104} INFO - [2021-05-28 19:58:59,988] {dag.py:1824} INFO - Sync 1 DAGs
[2021-05-28 19:59:00,023] {logging_mixin.py:104} INFO - [2021-05-28 19:59:00,023] {dag.py:2280} INFO - Setting next_dagrun for example_complex to None
[2021-05-28 19:59:00,046] {scheduler_job.py:190} INFO - Processing /home/airflow/.local/lib/python3.6/site-packages/airflow/example_dags/example_complex.py took 0.124 seconds
[2021-05-28 19:59:30,209] {scheduler_job.py:182} INFO - Started process (PID=471) to work on /home/airflow/.local/lib/python3.6/site-packages/airflow/example_dags/example_complex.py
[2021-05-28 19:59:30,211] {scheduler_job.py:629} INFO - Processing file /home/airflow/.local/lib/python3.6/site-packages/airflow/example_dags/example_complex.py for tasks to queue
[2021-05-28 19:59:30,212] {logging_mixin.py:104} INFO - [2021-05-28 19:59:30,212] {dagbag.py:451} INFO - Filling up the DagBag from /home/airflow/.local/lib/python3.6/site-packages/airflow/example_dags/example_complex.py
[2021-05-28 19:59:30,243] {scheduler_job.py:639} INFO - DAG(s) dict_keys(['example_complex']) retrieved from /home/airflow/.local/lib/python3.6/site-packages/airflow/example_dags/example_complex.py
[2021-05-28 19:59:30,281] {logging_mixin.py:104} INFO - [2021-05-28 19:59:30,280] {dag.py:1824} INFO - Sync 1 DAGs
[2021-05-28 19:59:30,304] {logging_mixin.py:104} INFO - [2021-05-28 19:59:30,304] {dag.py:2280} INFO - Setting next_dagrun for example_complex to None
[2021-05-28 19:59:30,320] {scheduler_job.py:190} INFO - Processing /home/airflow/.local/lib/python3.6/site-packages/airflow/example_dags/example_complex.py took 0.117 seconds
[2021-05-28 20:00:00,426] {scheduler_job.py:182} INFO - Started process (PID=497) to work on /home/airflow/.local/lib/python3.6/site-packages/airflow/example_dags/example_complex.py
[2021-05-28 20:00:00,428] {scheduler_job.py:629} INFO - Processing file /home/airflow/.local/lib/python3.6/site-packages/airflow/example_dags/example_complex.py for tasks to queue
[2021-05-28 20:00:00,428] {logging_mixin.py:104} INFO - [2021-05-28 20:00:00,428] {dagbag.py:451} INFO - Filling up the DagBag from /home/airflow/.local/lib/python3.6/site-packages/airflow/example_dags/example_complex.py
[2021-05-28 20:00:00,449] {scheduler_job.py:639} INFO - DAG(s) dict_keys(['example_complex']) retrieved from /home/airflow/.local/lib/python3.6/site-packages/airflow/example_dags/example_complex.py
[2021-05-28 20:00:00,478] {logging_mixin.py:104} INFO - [2021-05-28 20:00:00,477] {dag.py:1824} INFO - Sync 1 DAGs
[2021-05-28 20:00:00,494] {logging_mixin.py:104} INFO - [2021-05-28 20:00:00,494] {dag.py:2280} INFO - Setting next_dagrun for example_complex to None
[2021-05-28 20:00:00,505] {scheduler_job.py:190} INFO - Processing /home/airflow/.local/lib/python3.6/site-packages/airflow/example_dags/example_complex.py took 0.081 seconds
