[2021-05-28 19:51:29,051] {scheduler_job.py:182} INFO - Started process (PID=59) to work on /home/airflow/.local/lib/python3.6/site-packages/airflow/example_dags/example_python_operator.py
[2021-05-28 19:51:29,054] {scheduler_job.py:629} INFO - Processing file /home/airflow/.local/lib/python3.6/site-packages/airflow/example_dags/example_python_operator.py for tasks to queue
[2021-05-28 19:51:29,057] {logging_mixin.py:104} INFO - [2021-05-28 19:51:29,056] {dagbag.py:451} INFO - Filling up the DagBag from /home/airflow/.local/lib/python3.6/site-packages/airflow/example_dags/example_python_operator.py
[2021-05-28 19:51:29,095] {scheduler_job.py:639} INFO - DAG(s) dict_keys(['example_python_operator']) retrieved from /home/airflow/.local/lib/python3.6/site-packages/airflow/example_dags/example_python_operator.py
[2021-05-28 19:51:29,174] {logging_mixin.py:104} INFO - [2021-05-28 19:51:29,174] {dag.py:1824} INFO - Sync 1 DAGs
[2021-05-28 19:51:29,263] {logging_mixin.py:104} INFO - [2021-05-28 19:51:29,262] {dag.py:2280} INFO - Setting next_dagrun for example_python_operator to None
[2021-05-28 19:51:29,371] {scheduler_job.py:190} INFO - Processing /home/airflow/.local/lib/python3.6/site-packages/airflow/example_dags/example_python_operator.py took 0.327 seconds
[2021-05-28 19:52:00,212] {scheduler_job.py:182} INFO - Started process (PID=86) to work on /home/airflow/.local/lib/python3.6/site-packages/airflow/example_dags/example_python_operator.py
[2021-05-28 19:52:00,215] {scheduler_job.py:629} INFO - Processing file /home/airflow/.local/lib/python3.6/site-packages/airflow/example_dags/example_python_operator.py for tasks to queue
[2021-05-28 19:52:00,217] {logging_mixin.py:104} INFO - [2021-05-28 19:52:00,217] {dagbag.py:451} INFO - Filling up the DagBag from /home/airflow/.local/lib/python3.6/site-packages/airflow/example_dags/example_python_operator.py
[2021-05-28 19:52:00,264] {scheduler_job.py:639} INFO - DAG(s) dict_keys(['example_python_operator']) retrieved from /home/airflow/.local/lib/python3.6/site-packages/airflow/example_dags/example_python_operator.py
[2021-05-28 19:52:00,348] {logging_mixin.py:104} INFO - [2021-05-28 19:52:00,348] {dag.py:1824} INFO - Sync 1 DAGs
[2021-05-28 19:52:00,411] {logging_mixin.py:104} INFO - [2021-05-28 19:52:00,411] {dag.py:2280} INFO - Setting next_dagrun for example_python_operator to None
[2021-05-28 19:52:00,444] {scheduler_job.py:190} INFO - Processing /home/airflow/.local/lib/python3.6/site-packages/airflow/example_dags/example_python_operator.py took 0.249 seconds
[2021-05-28 19:52:31,006] {scheduler_job.py:182} INFO - Started process (PID=113) to work on /home/airflow/.local/lib/python3.6/site-packages/airflow/example_dags/example_python_operator.py
[2021-05-28 19:52:31,011] {scheduler_job.py:629} INFO - Processing file /home/airflow/.local/lib/python3.6/site-packages/airflow/example_dags/example_python_operator.py for tasks to queue
[2021-05-28 19:52:31,015] {logging_mixin.py:104} INFO - [2021-05-28 19:52:31,015] {dagbag.py:451} INFO - Filling up the DagBag from /home/airflow/.local/lib/python3.6/site-packages/airflow/example_dags/example_python_operator.py
[2021-05-28 19:52:31,054] {scheduler_job.py:639} INFO - DAG(s) dict_keys(['example_python_operator']) retrieved from /home/airflow/.local/lib/python3.6/site-packages/airflow/example_dags/example_python_operator.py
[2021-05-28 19:52:31,096] {logging_mixin.py:104} INFO - [2021-05-28 19:52:31,096] {dag.py:1824} INFO - Sync 1 DAGs
[2021-05-28 19:52:31,135] {logging_mixin.py:104} INFO - [2021-05-28 19:52:31,135] {dag.py:2280} INFO - Setting next_dagrun for example_python_operator to None
[2021-05-28 19:52:31,156] {scheduler_job.py:190} INFO - Processing /home/airflow/.local/lib/python3.6/site-packages/airflow/example_dags/example_python_operator.py took 0.156 seconds
[2021-05-28 19:53:02,318] {scheduler_job.py:182} INFO - Started process (PID=140) to work on /home/airflow/.local/lib/python3.6/site-packages/airflow/example_dags/example_python_operator.py
[2021-05-28 19:53:02,321] {scheduler_job.py:629} INFO - Processing file /home/airflow/.local/lib/python3.6/site-packages/airflow/example_dags/example_python_operator.py for tasks to queue
[2021-05-28 19:53:02,323] {logging_mixin.py:104} INFO - [2021-05-28 19:53:02,323] {dagbag.py:451} INFO - Filling up the DagBag from /home/airflow/.local/lib/python3.6/site-packages/airflow/example_dags/example_python_operator.py
[2021-05-28 19:53:02,363] {scheduler_job.py:639} INFO - DAG(s) dict_keys(['example_python_operator']) retrieved from /home/airflow/.local/lib/python3.6/site-packages/airflow/example_dags/example_python_operator.py
[2021-05-28 19:53:02,407] {logging_mixin.py:104} INFO - [2021-05-28 19:53:02,407] {dag.py:1824} INFO - Sync 1 DAGs
[2021-05-28 19:53:02,457] {logging_mixin.py:104} INFO - [2021-05-28 19:53:02,457] {dag.py:2280} INFO - Setting next_dagrun for example_python_operator to None
[2021-05-28 19:53:02,498] {scheduler_job.py:190} INFO - Processing /home/airflow/.local/lib/python3.6/site-packages/airflow/example_dags/example_python_operator.py took 0.188 seconds
[2021-05-28 19:53:33,349] {scheduler_job.py:182} INFO - Started process (PID=167) to work on /home/airflow/.local/lib/python3.6/site-packages/airflow/example_dags/example_python_operator.py
[2021-05-28 19:53:33,353] {scheduler_job.py:629} INFO - Processing file /home/airflow/.local/lib/python3.6/site-packages/airflow/example_dags/example_python_operator.py for tasks to queue
[2021-05-28 19:53:33,356] {logging_mixin.py:104} INFO - [2021-05-28 19:53:33,356] {dagbag.py:451} INFO - Filling up the DagBag from /home/airflow/.local/lib/python3.6/site-packages/airflow/example_dags/example_python_operator.py
[2021-05-28 19:53:33,376] {scheduler_job.py:639} INFO - DAG(s) dict_keys(['example_python_operator']) retrieved from /home/airflow/.local/lib/python3.6/site-packages/airflow/example_dags/example_python_operator.py
[2021-05-28 19:53:33,416] {logging_mixin.py:104} INFO - [2021-05-28 19:53:33,414] {dag.py:1824} INFO - Sync 1 DAGs
[2021-05-28 19:53:33,445] {logging_mixin.py:104} INFO - [2021-05-28 19:53:33,445] {dag.py:2280} INFO - Setting next_dagrun for example_python_operator to None
[2021-05-28 19:53:33,464] {scheduler_job.py:190} INFO - Processing /home/airflow/.local/lib/python3.6/site-packages/airflow/example_dags/example_python_operator.py took 0.120 seconds
[2021-05-28 19:54:03,731] {scheduler_job.py:182} INFO - Started process (PID=194) to work on /home/airflow/.local/lib/python3.6/site-packages/airflow/example_dags/example_python_operator.py
[2021-05-28 19:54:03,733] {scheduler_job.py:629} INFO - Processing file /home/airflow/.local/lib/python3.6/site-packages/airflow/example_dags/example_python_operator.py for tasks to queue
[2021-05-28 19:54:03,735] {logging_mixin.py:104} INFO - [2021-05-28 19:54:03,735] {dagbag.py:451} INFO - Filling up the DagBag from /home/airflow/.local/lib/python3.6/site-packages/airflow/example_dags/example_python_operator.py
[2021-05-28 19:54:03,751] {scheduler_job.py:639} INFO - DAG(s) dict_keys(['example_python_operator']) retrieved from /home/airflow/.local/lib/python3.6/site-packages/airflow/example_dags/example_python_operator.py
[2021-05-28 19:54:03,779] {logging_mixin.py:104} INFO - [2021-05-28 19:54:03,779] {dag.py:1824} INFO - Sync 1 DAGs
[2021-05-28 19:54:03,798] {logging_mixin.py:104} INFO - [2021-05-28 19:54:03,798] {dag.py:2280} INFO - Setting next_dagrun for example_python_operator to None
[2021-05-28 19:54:03,816] {scheduler_job.py:190} INFO - Processing /home/airflow/.local/lib/python3.6/site-packages/airflow/example_dags/example_python_operator.py took 0.088 seconds
[2021-05-28 19:54:34,235] {scheduler_job.py:182} INFO - Started process (PID=221) to work on /home/airflow/.local/lib/python3.6/site-packages/airflow/example_dags/example_python_operator.py
[2021-05-28 19:54:34,237] {scheduler_job.py:629} INFO - Processing file /home/airflow/.local/lib/python3.6/site-packages/airflow/example_dags/example_python_operator.py for tasks to queue
[2021-05-28 19:54:34,238] {logging_mixin.py:104} INFO - [2021-05-28 19:54:34,238] {dagbag.py:451} INFO - Filling up the DagBag from /home/airflow/.local/lib/python3.6/site-packages/airflow/example_dags/example_python_operator.py
[2021-05-28 19:54:34,258] {scheduler_job.py:639} INFO - DAG(s) dict_keys(['example_python_operator']) retrieved from /home/airflow/.local/lib/python3.6/site-packages/airflow/example_dags/example_python_operator.py
[2021-05-28 19:54:34,304] {logging_mixin.py:104} INFO - [2021-05-28 19:54:34,304] {dag.py:1824} INFO - Sync 1 DAGs
[2021-05-28 19:54:34,321] {logging_mixin.py:104} INFO - [2021-05-28 19:54:34,321] {dag.py:2280} INFO - Setting next_dagrun for example_python_operator to None
[2021-05-28 19:54:34,351] {scheduler_job.py:190} INFO - Processing /home/airflow/.local/lib/python3.6/site-packages/airflow/example_dags/example_python_operator.py took 0.121 seconds
[2021-05-28 19:55:04,576] {scheduler_job.py:182} INFO - Started process (PID=248) to work on /home/airflow/.local/lib/python3.6/site-packages/airflow/example_dags/example_python_operator.py
[2021-05-28 19:55:04,578] {scheduler_job.py:629} INFO - Processing file /home/airflow/.local/lib/python3.6/site-packages/airflow/example_dags/example_python_operator.py for tasks to queue
[2021-05-28 19:55:04,579] {logging_mixin.py:104} INFO - [2021-05-28 19:55:04,579] {dagbag.py:451} INFO - Filling up the DagBag from /home/airflow/.local/lib/python3.6/site-packages/airflow/example_dags/example_python_operator.py
[2021-05-28 19:55:04,596] {scheduler_job.py:639} INFO - DAG(s) dict_keys(['example_python_operator']) retrieved from /home/airflow/.local/lib/python3.6/site-packages/airflow/example_dags/example_python_operator.py
[2021-05-28 19:55:04,629] {logging_mixin.py:104} INFO - [2021-05-28 19:55:04,629] {dag.py:1824} INFO - Sync 1 DAGs
[2021-05-28 19:55:04,648] {logging_mixin.py:104} INFO - [2021-05-28 19:55:04,647] {dag.py:2280} INFO - Setting next_dagrun for example_python_operator to None
[2021-05-28 19:55:04,661] {scheduler_job.py:190} INFO - Processing /home/airflow/.local/lib/python3.6/site-packages/airflow/example_dags/example_python_operator.py took 0.089 seconds
[2021-05-28 19:55:35,211] {scheduler_job.py:182} INFO - Started process (PID=275) to work on /home/airflow/.local/lib/python3.6/site-packages/airflow/example_dags/example_python_operator.py
[2021-05-28 19:55:35,217] {scheduler_job.py:629} INFO - Processing file /home/airflow/.local/lib/python3.6/site-packages/airflow/example_dags/example_python_operator.py for tasks to queue
[2021-05-28 19:55:35,218] {logging_mixin.py:104} INFO - [2021-05-28 19:55:35,218] {dagbag.py:451} INFO - Filling up the DagBag from /home/airflow/.local/lib/python3.6/site-packages/airflow/example_dags/example_python_operator.py
[2021-05-28 19:55:35,236] {scheduler_job.py:639} INFO - DAG(s) dict_keys(['example_python_operator']) retrieved from /home/airflow/.local/lib/python3.6/site-packages/airflow/example_dags/example_python_operator.py
[2021-05-28 19:55:35,285] {logging_mixin.py:104} INFO - [2021-05-28 19:55:35,285] {dag.py:1824} INFO - Sync 1 DAGs
[2021-05-28 19:55:35,307] {logging_mixin.py:104} INFO - [2021-05-28 19:55:35,307] {dag.py:2280} INFO - Setting next_dagrun for example_python_operator to None
[2021-05-28 19:55:35,720] {scheduler_job.py:190} INFO - Processing /home/airflow/.local/lib/python3.6/site-packages/airflow/example_dags/example_python_operator.py took 0.519 seconds
[2021-05-28 19:56:06,514] {scheduler_job.py:182} INFO - Started process (PID=302) to work on /home/airflow/.local/lib/python3.6/site-packages/airflow/example_dags/example_python_operator.py
[2021-05-28 19:56:06,516] {scheduler_job.py:629} INFO - Processing file /home/airflow/.local/lib/python3.6/site-packages/airflow/example_dags/example_python_operator.py for tasks to queue
[2021-05-28 19:56:06,518] {logging_mixin.py:104} INFO - [2021-05-28 19:56:06,518] {dagbag.py:451} INFO - Filling up the DagBag from /home/airflow/.local/lib/python3.6/site-packages/airflow/example_dags/example_python_operator.py
[2021-05-28 19:56:06,549] {scheduler_job.py:639} INFO - DAG(s) dict_keys(['example_python_operator']) retrieved from /home/airflow/.local/lib/python3.6/site-packages/airflow/example_dags/example_python_operator.py
[2021-05-28 19:56:06,597] {logging_mixin.py:104} INFO - [2021-05-28 19:56:06,597] {dag.py:1824} INFO - Sync 1 DAGs
[2021-05-28 19:56:06,623] {logging_mixin.py:104} INFO - [2021-05-28 19:56:06,623] {dag.py:2280} INFO - Setting next_dagrun for example_python_operator to None
[2021-05-28 19:56:06,646] {scheduler_job.py:190} INFO - Processing /home/airflow/.local/lib/python3.6/site-packages/airflow/example_dags/example_python_operator.py took 0.138 seconds
[2021-05-28 19:56:37,234] {scheduler_job.py:182} INFO - Started process (PID=329) to work on /home/airflow/.local/lib/python3.6/site-packages/airflow/example_dags/example_python_operator.py
[2021-05-28 19:56:37,237] {scheduler_job.py:629} INFO - Processing file /home/airflow/.local/lib/python3.6/site-packages/airflow/example_dags/example_python_operator.py for tasks to queue
[2021-05-28 19:56:37,242] {logging_mixin.py:104} INFO - [2021-05-28 19:56:37,241] {dagbag.py:451} INFO - Filling up the DagBag from /home/airflow/.local/lib/python3.6/site-packages/airflow/example_dags/example_python_operator.py
[2021-05-28 19:56:37,280] {scheduler_job.py:639} INFO - DAG(s) dict_keys(['example_python_operator']) retrieved from /home/airflow/.local/lib/python3.6/site-packages/airflow/example_dags/example_python_operator.py
[2021-05-28 19:56:37,338] {logging_mixin.py:104} INFO - [2021-05-28 19:56:37,338] {dag.py:1824} INFO - Sync 1 DAGs
[2021-05-28 19:56:37,375] {logging_mixin.py:104} INFO - [2021-05-28 19:56:37,375] {dag.py:2280} INFO - Setting next_dagrun for example_python_operator to None
[2021-05-28 19:56:37,402] {scheduler_job.py:190} INFO - Processing /home/airflow/.local/lib/python3.6/site-packages/airflow/example_dags/example_python_operator.py took 0.173 seconds
[2021-05-28 19:57:07,609] {scheduler_job.py:182} INFO - Started process (PID=356) to work on /home/airflow/.local/lib/python3.6/site-packages/airflow/example_dags/example_python_operator.py
[2021-05-28 19:57:07,611] {scheduler_job.py:629} INFO - Processing file /home/airflow/.local/lib/python3.6/site-packages/airflow/example_dags/example_python_operator.py for tasks to queue
[2021-05-28 19:57:07,615] {logging_mixin.py:104} INFO - [2021-05-28 19:57:07,615] {dagbag.py:451} INFO - Filling up the DagBag from /home/airflow/.local/lib/python3.6/site-packages/airflow/example_dags/example_python_operator.py
[2021-05-28 19:57:07,643] {scheduler_job.py:639} INFO - DAG(s) dict_keys(['example_python_operator']) retrieved from /home/airflow/.local/lib/python3.6/site-packages/airflow/example_dags/example_python_operator.py
[2021-05-28 19:57:07,680] {logging_mixin.py:104} INFO - [2021-05-28 19:57:07,679] {dag.py:1824} INFO - Sync 1 DAGs
[2021-05-28 19:57:07,711] {logging_mixin.py:104} INFO - [2021-05-28 19:57:07,711] {dag.py:2280} INFO - Setting next_dagrun for example_python_operator to None
[2021-05-28 19:57:07,744] {scheduler_job.py:190} INFO - Processing /home/airflow/.local/lib/python3.6/site-packages/airflow/example_dags/example_python_operator.py took 0.139 seconds
[2021-05-28 19:57:38,351] {scheduler_job.py:182} INFO - Started process (PID=383) to work on /home/airflow/.local/lib/python3.6/site-packages/airflow/example_dags/example_python_operator.py
[2021-05-28 19:57:38,356] {scheduler_job.py:629} INFO - Processing file /home/airflow/.local/lib/python3.6/site-packages/airflow/example_dags/example_python_operator.py for tasks to queue
[2021-05-28 19:57:38,357] {logging_mixin.py:104} INFO - [2021-05-28 19:57:38,357] {dagbag.py:451} INFO - Filling up the DagBag from /home/airflow/.local/lib/python3.6/site-packages/airflow/example_dags/example_python_operator.py
[2021-05-28 19:57:38,379] {scheduler_job.py:639} INFO - DAG(s) dict_keys(['example_python_operator']) retrieved from /home/airflow/.local/lib/python3.6/site-packages/airflow/example_dags/example_python_operator.py
[2021-05-28 19:57:38,416] {logging_mixin.py:104} INFO - [2021-05-28 19:57:38,416] {dag.py:1824} INFO - Sync 1 DAGs
[2021-05-28 19:57:38,439] {logging_mixin.py:104} INFO - [2021-05-28 19:57:38,439] {dag.py:2280} INFO - Setting next_dagrun for example_python_operator to None
[2021-05-28 19:57:38,457] {scheduler_job.py:190} INFO - Processing /home/airflow/.local/lib/python3.6/site-packages/airflow/example_dags/example_python_operator.py took 0.111 seconds
[2021-05-28 19:58:08,887] {scheduler_job.py:182} INFO - Started process (PID=410) to work on /home/airflow/.local/lib/python3.6/site-packages/airflow/example_dags/example_python_operator.py
[2021-05-28 19:58:08,890] {scheduler_job.py:629} INFO - Processing file /home/airflow/.local/lib/python3.6/site-packages/airflow/example_dags/example_python_operator.py for tasks to queue
[2021-05-28 19:58:08,894] {logging_mixin.py:104} INFO - [2021-05-28 19:58:08,894] {dagbag.py:451} INFO - Filling up the DagBag from /home/airflow/.local/lib/python3.6/site-packages/airflow/example_dags/example_python_operator.py
[2021-05-28 19:58:08,937] {scheduler_job.py:639} INFO - DAG(s) dict_keys(['example_python_operator']) retrieved from /home/airflow/.local/lib/python3.6/site-packages/airflow/example_dags/example_python_operator.py
[2021-05-28 19:58:08,988] {logging_mixin.py:104} INFO - [2021-05-28 19:58:08,987] {dag.py:1824} INFO - Sync 1 DAGs
[2021-05-28 19:58:09,024] {logging_mixin.py:104} INFO - [2021-05-28 19:58:09,024] {dag.py:2280} INFO - Setting next_dagrun for example_python_operator to None
[2021-05-28 19:58:09,048] {scheduler_job.py:190} INFO - Processing /home/airflow/.local/lib/python3.6/site-packages/airflow/example_dags/example_python_operator.py took 0.167 seconds
[2021-05-28 19:58:39,441] {scheduler_job.py:182} INFO - Started process (PID=437) to work on /home/airflow/.local/lib/python3.6/site-packages/airflow/example_dags/example_python_operator.py
[2021-05-28 19:58:39,453] {scheduler_job.py:629} INFO - Processing file /home/airflow/.local/lib/python3.6/site-packages/airflow/example_dags/example_python_operator.py for tasks to queue
[2021-05-28 19:58:39,455] {logging_mixin.py:104} INFO - [2021-05-28 19:58:39,454] {dagbag.py:451} INFO - Filling up the DagBag from /home/airflow/.local/lib/python3.6/site-packages/airflow/example_dags/example_python_operator.py
[2021-05-28 19:58:39,476] {scheduler_job.py:639} INFO - DAG(s) dict_keys(['example_python_operator']) retrieved from /home/airflow/.local/lib/python3.6/site-packages/airflow/example_dags/example_python_operator.py
[2021-05-28 19:58:39,505] {logging_mixin.py:104} INFO - [2021-05-28 19:58:39,504] {dag.py:1824} INFO - Sync 1 DAGs
[2021-05-28 19:58:39,527] {logging_mixin.py:104} INFO - [2021-05-28 19:58:39,527] {dag.py:2280} INFO - Setting next_dagrun for example_python_operator to None
[2021-05-28 19:58:39,540] {scheduler_job.py:190} INFO - Processing /home/airflow/.local/lib/python3.6/site-packages/airflow/example_dags/example_python_operator.py took 0.108 seconds
[2021-05-28 19:59:09,586] {scheduler_job.py:182} INFO - Started process (PID=464) to work on /home/airflow/.local/lib/python3.6/site-packages/airflow/example_dags/example_python_operator.py
[2021-05-28 19:59:09,587] {scheduler_job.py:629} INFO - Processing file /home/airflow/.local/lib/python3.6/site-packages/airflow/example_dags/example_python_operator.py for tasks to queue
[2021-05-28 19:59:09,588] {logging_mixin.py:104} INFO - [2021-05-28 19:59:09,588] {dagbag.py:451} INFO - Filling up the DagBag from /home/airflow/.local/lib/python3.6/site-packages/airflow/example_dags/example_python_operator.py
[2021-05-28 19:59:09,603] {scheduler_job.py:639} INFO - DAG(s) dict_keys(['example_python_operator']) retrieved from /home/airflow/.local/lib/python3.6/site-packages/airflow/example_dags/example_python_operator.py
[2021-05-28 19:59:09,630] {logging_mixin.py:104} INFO - [2021-05-28 19:59:09,629] {dag.py:1824} INFO - Sync 1 DAGs
[2021-05-28 19:59:09,654] {logging_mixin.py:104} INFO - [2021-05-28 19:59:09,654] {dag.py:2280} INFO - Setting next_dagrun for example_python_operator to None
[2021-05-28 19:59:09,667] {scheduler_job.py:190} INFO - Processing /home/airflow/.local/lib/python3.6/site-packages/airflow/example_dags/example_python_operator.py took 0.087 seconds
[2021-05-28 19:59:39,725] {scheduler_job.py:182} INFO - Started process (PID=491) to work on /home/airflow/.local/lib/python3.6/site-packages/airflow/example_dags/example_python_operator.py
[2021-05-28 19:59:39,726] {scheduler_job.py:629} INFO - Processing file /home/airflow/.local/lib/python3.6/site-packages/airflow/example_dags/example_python_operator.py for tasks to queue
[2021-05-28 19:59:39,728] {logging_mixin.py:104} INFO - [2021-05-28 19:59:39,727] {dagbag.py:451} INFO - Filling up the DagBag from /home/airflow/.local/lib/python3.6/site-packages/airflow/example_dags/example_python_operator.py
[2021-05-28 19:59:39,765] {scheduler_job.py:639} INFO - DAG(s) dict_keys(['example_python_operator']) retrieved from /home/airflow/.local/lib/python3.6/site-packages/airflow/example_dags/example_python_operator.py
[2021-05-28 19:59:39,810] {logging_mixin.py:104} INFO - [2021-05-28 19:59:39,810] {dag.py:1824} INFO - Sync 1 DAGs
[2021-05-28 19:59:39,841] {logging_mixin.py:104} INFO - [2021-05-28 19:59:39,841] {dag.py:2280} INFO - Setting next_dagrun for example_python_operator to None
[2021-05-28 19:59:39,859] {scheduler_job.py:190} INFO - Processing /home/airflow/.local/lib/python3.6/site-packages/airflow/example_dags/example_python_operator.py took 0.139 seconds
[2021-05-28 20:00:10,498] {scheduler_job.py:182} INFO - Started process (PID=518) to work on /home/airflow/.local/lib/python3.6/site-packages/airflow/example_dags/example_python_operator.py
[2021-05-28 20:00:10,500] {scheduler_job.py:629} INFO - Processing file /home/airflow/.local/lib/python3.6/site-packages/airflow/example_dags/example_python_operator.py for tasks to queue
[2021-05-28 20:00:10,501] {logging_mixin.py:104} INFO - [2021-05-28 20:00:10,501] {dagbag.py:451} INFO - Filling up the DagBag from /home/airflow/.local/lib/python3.6/site-packages/airflow/example_dags/example_python_operator.py
[2021-05-28 20:00:10,523] {scheduler_job.py:639} INFO - DAG(s) dict_keys(['example_python_operator']) retrieved from /home/airflow/.local/lib/python3.6/site-packages/airflow/example_dags/example_python_operator.py
[2021-05-28 20:00:10,552] {logging_mixin.py:104} INFO - [2021-05-28 20:00:10,552] {dag.py:1824} INFO - Sync 1 DAGs
[2021-05-28 20:00:10,571] {logging_mixin.py:104} INFO - [2021-05-28 20:00:10,570] {dag.py:2280} INFO - Setting next_dagrun for example_python_operator to None
[2021-05-28 20:00:10,582] {scheduler_job.py:190} INFO - Processing /home/airflow/.local/lib/python3.6/site-packages/airflow/example_dags/example_python_operator.py took 0.090 seconds
