[2021-05-28 19:51:23,085] {scheduler_job.py:182} INFO - Started process (PID=45) to work on /home/airflow/.local/lib/python3.6/site-packages/airflow/example_dags/example_latest_only.py
[2021-05-28 19:51:23,091] {scheduler_job.py:629} INFO - Processing file /home/airflow/.local/lib/python3.6/site-packages/airflow/example_dags/example_latest_only.py for tasks to queue
[2021-05-28 19:51:23,093] {logging_mixin.py:104} INFO - [2021-05-28 19:51:23,093] {dagbag.py:451} INFO - Filling up the DagBag from /home/airflow/.local/lib/python3.6/site-packages/airflow/example_dags/example_latest_only.py
[2021-05-28 19:51:23,149] {scheduler_job.py:639} INFO - DAG(s) dict_keys(['latest_only']) retrieved from /home/airflow/.local/lib/python3.6/site-packages/airflow/example_dags/example_latest_only.py
[2021-05-28 19:51:23,237] {logging_mixin.py:104} INFO - [2021-05-28 19:51:23,236] {dag.py:1824} INFO - Sync 1 DAGs
[2021-05-28 19:51:23,333] {logging_mixin.py:104} INFO - [2021-05-28 19:51:23,333] {dag.py:2280} INFO - Setting next_dagrun for latest_only to 2021-05-26 00:00:00+00:00
[2021-05-28 19:51:23,362] {scheduler_job.py:190} INFO - Processing /home/airflow/.local/lib/python3.6/site-packages/airflow/example_dags/example_latest_only.py took 0.295 seconds
[2021-05-28 19:51:53,543] {scheduler_job.py:182} INFO - Started process (PID=71) to work on /home/airflow/.local/lib/python3.6/site-packages/airflow/example_dags/example_latest_only.py
[2021-05-28 19:51:53,553] {scheduler_job.py:629} INFO - Processing file /home/airflow/.local/lib/python3.6/site-packages/airflow/example_dags/example_latest_only.py for tasks to queue
[2021-05-28 19:51:53,557] {logging_mixin.py:104} INFO - [2021-05-28 19:51:53,555] {dagbag.py:451} INFO - Filling up the DagBag from /home/airflow/.local/lib/python3.6/site-packages/airflow/example_dags/example_latest_only.py
[2021-05-28 19:51:53,598] {scheduler_job.py:639} INFO - DAG(s) dict_keys(['latest_only']) retrieved from /home/airflow/.local/lib/python3.6/site-packages/airflow/example_dags/example_latest_only.py
[2021-05-28 19:51:53,747] {logging_mixin.py:104} INFO - [2021-05-28 19:51:53,746] {dag.py:1824} INFO - Sync 1 DAGs
[2021-05-28 19:51:53,872] {logging_mixin.py:104} INFO - [2021-05-28 19:51:53,872] {dag.py:2280} INFO - Setting next_dagrun for latest_only to 2021-05-26 00:00:00+00:00
[2021-05-28 19:51:53,926] {scheduler_job.py:190} INFO - Processing /home/airflow/.local/lib/python3.6/site-packages/airflow/example_dags/example_latest_only.py took 0.388 seconds
[2021-05-28 19:52:24,326] {scheduler_job.py:182} INFO - Started process (PID=98) to work on /home/airflow/.local/lib/python3.6/site-packages/airflow/example_dags/example_latest_only.py
[2021-05-28 19:52:24,341] {scheduler_job.py:629} INFO - Processing file /home/airflow/.local/lib/python3.6/site-packages/airflow/example_dags/example_latest_only.py for tasks to queue
[2021-05-28 19:52:24,343] {logging_mixin.py:104} INFO - [2021-05-28 19:52:24,343] {dagbag.py:451} INFO - Filling up the DagBag from /home/airflow/.local/lib/python3.6/site-packages/airflow/example_dags/example_latest_only.py
[2021-05-28 19:52:24,362] {scheduler_job.py:639} INFO - DAG(s) dict_keys(['latest_only']) retrieved from /home/airflow/.local/lib/python3.6/site-packages/airflow/example_dags/example_latest_only.py
[2021-05-28 19:52:24,397] {logging_mixin.py:104} INFO - [2021-05-28 19:52:24,396] {dag.py:1824} INFO - Sync 1 DAGs
[2021-05-28 19:52:24,427] {logging_mixin.py:104} INFO - [2021-05-28 19:52:24,427] {dag.py:2280} INFO - Setting next_dagrun for latest_only to 2021-05-26 00:00:00+00:00
[2021-05-28 19:52:24,447] {scheduler_job.py:190} INFO - Processing /home/airflow/.local/lib/python3.6/site-packages/airflow/example_dags/example_latest_only.py took 0.126 seconds
[2021-05-28 19:52:54,773] {scheduler_job.py:182} INFO - Started process (PID=125) to work on /home/airflow/.local/lib/python3.6/site-packages/airflow/example_dags/example_latest_only.py
[2021-05-28 19:52:54,775] {scheduler_job.py:629} INFO - Processing file /home/airflow/.local/lib/python3.6/site-packages/airflow/example_dags/example_latest_only.py for tasks to queue
[2021-05-28 19:52:54,785] {logging_mixin.py:104} INFO - [2021-05-28 19:52:54,785] {dagbag.py:451} INFO - Filling up the DagBag from /home/airflow/.local/lib/python3.6/site-packages/airflow/example_dags/example_latest_only.py
[2021-05-28 19:52:54,818] {scheduler_job.py:639} INFO - DAG(s) dict_keys(['latest_only']) retrieved from /home/airflow/.local/lib/python3.6/site-packages/airflow/example_dags/example_latest_only.py
[2021-05-28 19:52:54,911] {logging_mixin.py:104} INFO - [2021-05-28 19:52:54,911] {dag.py:1824} INFO - Sync 1 DAGs
[2021-05-28 19:52:55,006] {logging_mixin.py:104} INFO - [2021-05-28 19:52:55,005] {dag.py:2280} INFO - Setting next_dagrun for latest_only to 2021-05-26 00:00:00+00:00
[2021-05-28 19:52:55,096] {scheduler_job.py:190} INFO - Processing /home/airflow/.local/lib/python3.6/site-packages/airflow/example_dags/example_latest_only.py took 0.334 seconds
[2021-05-28 19:53:25,998] {scheduler_job.py:182} INFO - Started process (PID=152) to work on /home/airflow/.local/lib/python3.6/site-packages/airflow/example_dags/example_latest_only.py
[2021-05-28 19:53:26,001] {scheduler_job.py:629} INFO - Processing file /home/airflow/.local/lib/python3.6/site-packages/airflow/example_dags/example_latest_only.py for tasks to queue
[2021-05-28 19:53:26,003] {logging_mixin.py:104} INFO - [2021-05-28 19:53:26,002] {dagbag.py:451} INFO - Filling up the DagBag from /home/airflow/.local/lib/python3.6/site-packages/airflow/example_dags/example_latest_only.py
[2021-05-28 19:53:26,031] {scheduler_job.py:639} INFO - DAG(s) dict_keys(['latest_only']) retrieved from /home/airflow/.local/lib/python3.6/site-packages/airflow/example_dags/example_latest_only.py
[2021-05-28 19:53:26,085] {logging_mixin.py:104} INFO - [2021-05-28 19:53:26,085] {dag.py:1824} INFO - Sync 1 DAGs
[2021-05-28 19:53:26,137] {logging_mixin.py:104} INFO - [2021-05-28 19:53:26,137] {dag.py:2280} INFO - Setting next_dagrun for latest_only to 2021-05-26 00:00:00+00:00
[2021-05-28 19:53:26,174] {scheduler_job.py:190} INFO - Processing /home/airflow/.local/lib/python3.6/site-packages/airflow/example_dags/example_latest_only.py took 0.190 seconds
[2021-05-28 19:53:56,219] {scheduler_job.py:182} INFO - Started process (PID=178) to work on /home/airflow/.local/lib/python3.6/site-packages/airflow/example_dags/example_latest_only.py
[2021-05-28 19:53:56,226] {scheduler_job.py:629} INFO - Processing file /home/airflow/.local/lib/python3.6/site-packages/airflow/example_dags/example_latest_only.py for tasks to queue
[2021-05-28 19:53:56,230] {logging_mixin.py:104} INFO - [2021-05-28 19:53:56,229] {dagbag.py:451} INFO - Filling up the DagBag from /home/airflow/.local/lib/python3.6/site-packages/airflow/example_dags/example_latest_only.py
[2021-05-28 19:53:56,275] {scheduler_job.py:639} INFO - DAG(s) dict_keys(['latest_only']) retrieved from /home/airflow/.local/lib/python3.6/site-packages/airflow/example_dags/example_latest_only.py
[2021-05-28 19:53:56,335] {logging_mixin.py:104} INFO - [2021-05-28 19:53:56,335] {dag.py:1824} INFO - Sync 1 DAGs
[2021-05-28 19:53:56,395] {logging_mixin.py:104} INFO - [2021-05-28 19:53:56,394] {dag.py:2280} INFO - Setting next_dagrun for latest_only to 2021-05-26 00:00:00+00:00
[2021-05-28 19:53:56,411] {scheduler_job.py:190} INFO - Processing /home/airflow/.local/lib/python3.6/site-packages/airflow/example_dags/example_latest_only.py took 0.201 seconds
[2021-05-28 19:54:26,731] {scheduler_job.py:182} INFO - Started process (PID=206) to work on /home/airflow/.local/lib/python3.6/site-packages/airflow/example_dags/example_latest_only.py
[2021-05-28 19:54:26,733] {scheduler_job.py:629} INFO - Processing file /home/airflow/.local/lib/python3.6/site-packages/airflow/example_dags/example_latest_only.py for tasks to queue
[2021-05-28 19:54:26,735] {logging_mixin.py:104} INFO - [2021-05-28 19:54:26,735] {dagbag.py:451} INFO - Filling up the DagBag from /home/airflow/.local/lib/python3.6/site-packages/airflow/example_dags/example_latest_only.py
[2021-05-28 19:54:26,756] {scheduler_job.py:639} INFO - DAG(s) dict_keys(['latest_only']) retrieved from /home/airflow/.local/lib/python3.6/site-packages/airflow/example_dags/example_latest_only.py
[2021-05-28 19:54:26,798] {logging_mixin.py:104} INFO - [2021-05-28 19:54:26,798] {dag.py:1824} INFO - Sync 1 DAGs
[2021-05-28 19:54:26,827] {logging_mixin.py:104} INFO - [2021-05-28 19:54:26,827] {dag.py:2280} INFO - Setting next_dagrun for latest_only to 2021-05-26 00:00:00+00:00
[2021-05-28 19:54:26,847] {scheduler_job.py:190} INFO - Processing /home/airflow/.local/lib/python3.6/site-packages/airflow/example_dags/example_latest_only.py took 0.122 seconds
[2021-05-28 19:54:57,178] {scheduler_job.py:182} INFO - Started process (PID=233) to work on /home/airflow/.local/lib/python3.6/site-packages/airflow/example_dags/example_latest_only.py
[2021-05-28 19:54:57,182] {scheduler_job.py:629} INFO - Processing file /home/airflow/.local/lib/python3.6/site-packages/airflow/example_dags/example_latest_only.py for tasks to queue
[2021-05-28 19:54:57,184] {logging_mixin.py:104} INFO - [2021-05-28 19:54:57,184] {dagbag.py:451} INFO - Filling up the DagBag from /home/airflow/.local/lib/python3.6/site-packages/airflow/example_dags/example_latest_only.py
[2021-05-28 19:54:57,208] {scheduler_job.py:639} INFO - DAG(s) dict_keys(['latest_only']) retrieved from /home/airflow/.local/lib/python3.6/site-packages/airflow/example_dags/example_latest_only.py
[2021-05-28 19:54:57,247] {logging_mixin.py:104} INFO - [2021-05-28 19:54:57,247] {dag.py:1824} INFO - Sync 1 DAGs
[2021-05-28 19:54:57,272] {logging_mixin.py:104} INFO - [2021-05-28 19:54:57,272] {dag.py:2280} INFO - Setting next_dagrun for latest_only to 2021-05-26 00:00:00+00:00
[2021-05-28 19:54:57,293] {scheduler_job.py:190} INFO - Processing /home/airflow/.local/lib/python3.6/site-packages/airflow/example_dags/example_latest_only.py took 0.125 seconds
[2021-05-28 19:55:27,564] {scheduler_job.py:182} INFO - Started process (PID=260) to work on /home/airflow/.local/lib/python3.6/site-packages/airflow/example_dags/example_latest_only.py
[2021-05-28 19:55:27,567] {scheduler_job.py:629} INFO - Processing file /home/airflow/.local/lib/python3.6/site-packages/airflow/example_dags/example_latest_only.py for tasks to queue
[2021-05-28 19:55:27,569] {logging_mixin.py:104} INFO - [2021-05-28 19:55:27,569] {dagbag.py:451} INFO - Filling up the DagBag from /home/airflow/.local/lib/python3.6/site-packages/airflow/example_dags/example_latest_only.py
[2021-05-28 19:55:27,591] {scheduler_job.py:639} INFO - DAG(s) dict_keys(['latest_only']) retrieved from /home/airflow/.local/lib/python3.6/site-packages/airflow/example_dags/example_latest_only.py
[2021-05-28 19:55:27,633] {logging_mixin.py:104} INFO - [2021-05-28 19:55:27,632] {dag.py:1824} INFO - Sync 1 DAGs
[2021-05-28 19:55:27,659] {logging_mixin.py:104} INFO - [2021-05-28 19:55:27,659] {dag.py:2280} INFO - Setting next_dagrun for latest_only to 2021-05-26 00:00:00+00:00
[2021-05-28 19:55:27,686] {scheduler_job.py:190} INFO - Processing /home/airflow/.local/lib/python3.6/site-packages/airflow/example_dags/example_latest_only.py took 0.130 seconds
[2021-05-28 19:55:57,842] {scheduler_job.py:182} INFO - Started process (PID=287) to work on /home/airflow/.local/lib/python3.6/site-packages/airflow/example_dags/example_latest_only.py
[2021-05-28 19:55:57,844] {scheduler_job.py:629} INFO - Processing file /home/airflow/.local/lib/python3.6/site-packages/airflow/example_dags/example_latest_only.py for tasks to queue
[2021-05-28 19:55:57,845] {logging_mixin.py:104} INFO - [2021-05-28 19:55:57,845] {dagbag.py:451} INFO - Filling up the DagBag from /home/airflow/.local/lib/python3.6/site-packages/airflow/example_dags/example_latest_only.py
[2021-05-28 19:55:57,858] {scheduler_job.py:639} INFO - DAG(s) dict_keys(['latest_only']) retrieved from /home/airflow/.local/lib/python3.6/site-packages/airflow/example_dags/example_latest_only.py
[2021-05-28 19:55:57,890] {logging_mixin.py:104} INFO - [2021-05-28 19:55:57,890] {dag.py:1824} INFO - Sync 1 DAGs
[2021-05-28 19:55:57,909] {logging_mixin.py:104} INFO - [2021-05-28 19:55:57,909] {dag.py:2280} INFO - Setting next_dagrun for latest_only to 2021-05-26 00:00:00+00:00
[2021-05-28 19:55:57,964] {scheduler_job.py:190} INFO - Processing /home/airflow/.local/lib/python3.6/site-packages/airflow/example_dags/example_latest_only.py took 0.125 seconds
[2021-05-28 19:56:28,853] {scheduler_job.py:182} INFO - Started process (PID=314) to work on /home/airflow/.local/lib/python3.6/site-packages/airflow/example_dags/example_latest_only.py
[2021-05-28 19:56:28,857] {scheduler_job.py:629} INFO - Processing file /home/airflow/.local/lib/python3.6/site-packages/airflow/example_dags/example_latest_only.py for tasks to queue
[2021-05-28 19:56:28,860] {logging_mixin.py:104} INFO - [2021-05-28 19:56:28,859] {dagbag.py:451} INFO - Filling up the DagBag from /home/airflow/.local/lib/python3.6/site-packages/airflow/example_dags/example_latest_only.py
[2021-05-28 19:56:28,905] {scheduler_job.py:639} INFO - DAG(s) dict_keys(['latest_only']) retrieved from /home/airflow/.local/lib/python3.6/site-packages/airflow/example_dags/example_latest_only.py
[2021-05-28 19:56:28,939] {logging_mixin.py:104} INFO - [2021-05-28 19:56:28,939] {dag.py:1824} INFO - Sync 1 DAGs
[2021-05-28 19:56:28,962] {logging_mixin.py:104} INFO - [2021-05-28 19:56:28,961] {dag.py:2280} INFO - Setting next_dagrun for latest_only to 2021-05-26 00:00:00+00:00
[2021-05-28 19:56:28,977] {scheduler_job.py:190} INFO - Processing /home/airflow/.local/lib/python3.6/site-packages/airflow/example_dags/example_latest_only.py took 0.135 seconds
[2021-05-28 19:56:59,294] {scheduler_job.py:182} INFO - Started process (PID=341) to work on /home/airflow/.local/lib/python3.6/site-packages/airflow/example_dags/example_latest_only.py
[2021-05-28 19:56:59,297] {scheduler_job.py:629} INFO - Processing file /home/airflow/.local/lib/python3.6/site-packages/airflow/example_dags/example_latest_only.py for tasks to queue
[2021-05-28 19:56:59,299] {logging_mixin.py:104} INFO - [2021-05-28 19:56:59,299] {dagbag.py:451} INFO - Filling up the DagBag from /home/airflow/.local/lib/python3.6/site-packages/airflow/example_dags/example_latest_only.py
[2021-05-28 19:56:59,320] {scheduler_job.py:639} INFO - DAG(s) dict_keys(['latest_only']) retrieved from /home/airflow/.local/lib/python3.6/site-packages/airflow/example_dags/example_latest_only.py
[2021-05-28 19:56:59,358] {logging_mixin.py:104} INFO - [2021-05-28 19:56:59,358] {dag.py:1824} INFO - Sync 1 DAGs
[2021-05-28 19:56:59,391] {logging_mixin.py:104} INFO - [2021-05-28 19:56:59,391] {dag.py:2280} INFO - Setting next_dagrun for latest_only to 2021-05-26 00:00:00+00:00
[2021-05-28 19:56:59,405] {scheduler_job.py:190} INFO - Processing /home/airflow/.local/lib/python3.6/site-packages/airflow/example_dags/example_latest_only.py took 0.117 seconds
[2021-05-28 19:57:29,575] {scheduler_job.py:182} INFO - Started process (PID=368) to work on /home/airflow/.local/lib/python3.6/site-packages/airflow/example_dags/example_latest_only.py
[2021-05-28 19:57:29,577] {scheduler_job.py:629} INFO - Processing file /home/airflow/.local/lib/python3.6/site-packages/airflow/example_dags/example_latest_only.py for tasks to queue
[2021-05-28 19:57:29,578] {logging_mixin.py:104} INFO - [2021-05-28 19:57:29,578] {dagbag.py:451} INFO - Filling up the DagBag from /home/airflow/.local/lib/python3.6/site-packages/airflow/example_dags/example_latest_only.py
[2021-05-28 19:57:29,602] {scheduler_job.py:639} INFO - DAG(s) dict_keys(['latest_only']) retrieved from /home/airflow/.local/lib/python3.6/site-packages/airflow/example_dags/example_latest_only.py
[2021-05-28 19:57:29,644] {logging_mixin.py:104} INFO - [2021-05-28 19:57:29,644] {dag.py:1824} INFO - Sync 1 DAGs
[2021-05-28 19:57:29,669] {logging_mixin.py:104} INFO - [2021-05-28 19:57:29,669] {dag.py:2280} INFO - Setting next_dagrun for latest_only to 2021-05-26 00:00:00+00:00
[2021-05-28 19:57:29,687] {scheduler_job.py:190} INFO - Processing /home/airflow/.local/lib/python3.6/site-packages/airflow/example_dags/example_latest_only.py took 0.117 seconds
[2021-05-28 19:58:00,281] {scheduler_job.py:182} INFO - Started process (PID=395) to work on /home/airflow/.local/lib/python3.6/site-packages/airflow/example_dags/example_latest_only.py
[2021-05-28 19:58:00,284] {scheduler_job.py:629} INFO - Processing file /home/airflow/.local/lib/python3.6/site-packages/airflow/example_dags/example_latest_only.py for tasks to queue
[2021-05-28 19:58:00,287] {logging_mixin.py:104} INFO - [2021-05-28 19:58:00,286] {dagbag.py:451} INFO - Filling up the DagBag from /home/airflow/.local/lib/python3.6/site-packages/airflow/example_dags/example_latest_only.py
[2021-05-28 19:58:00,312] {scheduler_job.py:639} INFO - DAG(s) dict_keys(['latest_only']) retrieved from /home/airflow/.local/lib/python3.6/site-packages/airflow/example_dags/example_latest_only.py
[2021-05-28 19:58:00,361] {logging_mixin.py:104} INFO - [2021-05-28 19:58:00,361] {dag.py:1824} INFO - Sync 1 DAGs
[2021-05-28 19:58:00,389] {logging_mixin.py:104} INFO - [2021-05-28 19:58:00,389] {dag.py:2280} INFO - Setting next_dagrun for latest_only to 2021-05-26 00:00:00+00:00
[2021-05-28 19:58:00,417] {scheduler_job.py:190} INFO - Processing /home/airflow/.local/lib/python3.6/site-packages/airflow/example_dags/example_latest_only.py took 0.141 seconds
[2021-05-28 19:58:31,070] {scheduler_job.py:182} INFO - Started process (PID=422) to work on /home/airflow/.local/lib/python3.6/site-packages/airflow/example_dags/example_latest_only.py
[2021-05-28 19:58:31,079] {scheduler_job.py:629} INFO - Processing file /home/airflow/.local/lib/python3.6/site-packages/airflow/example_dags/example_latest_only.py for tasks to queue
[2021-05-28 19:58:31,081] {logging_mixin.py:104} INFO - [2021-05-28 19:58:31,081] {dagbag.py:451} INFO - Filling up the DagBag from /home/airflow/.local/lib/python3.6/site-packages/airflow/example_dags/example_latest_only.py
[2021-05-28 19:58:31,100] {scheduler_job.py:639} INFO - DAG(s) dict_keys(['latest_only']) retrieved from /home/airflow/.local/lib/python3.6/site-packages/airflow/example_dags/example_latest_only.py
[2021-05-28 19:58:31,136] {logging_mixin.py:104} INFO - [2021-05-28 19:58:31,135] {dag.py:1824} INFO - Sync 1 DAGs
[2021-05-28 19:58:31,163] {logging_mixin.py:104} INFO - [2021-05-28 19:58:31,162] {dag.py:2280} INFO - Setting next_dagrun for latest_only to 2021-05-26 00:00:00+00:00
[2021-05-28 19:58:31,188] {scheduler_job.py:190} INFO - Processing /home/airflow/.local/lib/python3.6/site-packages/airflow/example_dags/example_latest_only.py took 0.124 seconds
[2021-05-28 19:59:01,274] {scheduler_job.py:182} INFO - Started process (PID=449) to work on /home/airflow/.local/lib/python3.6/site-packages/airflow/example_dags/example_latest_only.py
[2021-05-28 19:59:01,277] {scheduler_job.py:629} INFO - Processing file /home/airflow/.local/lib/python3.6/site-packages/airflow/example_dags/example_latest_only.py for tasks to queue
[2021-05-28 19:59:01,279] {logging_mixin.py:104} INFO - [2021-05-28 19:59:01,278] {dagbag.py:451} INFO - Filling up the DagBag from /home/airflow/.local/lib/python3.6/site-packages/airflow/example_dags/example_latest_only.py
[2021-05-28 19:59:01,299] {scheduler_job.py:639} INFO - DAG(s) dict_keys(['latest_only']) retrieved from /home/airflow/.local/lib/python3.6/site-packages/airflow/example_dags/example_latest_only.py
[2021-05-28 19:59:01,336] {logging_mixin.py:104} INFO - [2021-05-28 19:59:01,336] {dag.py:1824} INFO - Sync 1 DAGs
[2021-05-28 19:59:01,363] {logging_mixin.py:104} INFO - [2021-05-28 19:59:01,363] {dag.py:2280} INFO - Setting next_dagrun for latest_only to 2021-05-26 00:00:00+00:00
[2021-05-28 19:59:01,426] {scheduler_job.py:190} INFO - Processing /home/airflow/.local/lib/python3.6/site-packages/airflow/example_dags/example_latest_only.py took 0.159 seconds
[2021-05-28 19:59:31,586] {scheduler_job.py:182} INFO - Started process (PID=476) to work on /home/airflow/.local/lib/python3.6/site-packages/airflow/example_dags/example_latest_only.py
[2021-05-28 19:59:31,589] {scheduler_job.py:629} INFO - Processing file /home/airflow/.local/lib/python3.6/site-packages/airflow/example_dags/example_latest_only.py for tasks to queue
[2021-05-28 19:59:31,590] {logging_mixin.py:104} INFO - [2021-05-28 19:59:31,590] {dagbag.py:451} INFO - Filling up the DagBag from /home/airflow/.local/lib/python3.6/site-packages/airflow/example_dags/example_latest_only.py
[2021-05-28 19:59:31,612] {scheduler_job.py:639} INFO - DAG(s) dict_keys(['latest_only']) retrieved from /home/airflow/.local/lib/python3.6/site-packages/airflow/example_dags/example_latest_only.py
[2021-05-28 19:59:31,669] {logging_mixin.py:104} INFO - [2021-05-28 19:59:31,669] {dag.py:1824} INFO - Sync 1 DAGs
[2021-05-28 19:59:31,714] {logging_mixin.py:104} INFO - [2021-05-28 19:59:31,714] {dag.py:2280} INFO - Setting next_dagrun for latest_only to 2021-05-26 00:00:00+00:00
[2021-05-28 19:59:31,729] {scheduler_job.py:190} INFO - Processing /home/airflow/.local/lib/python3.6/site-packages/airflow/example_dags/example_latest_only.py took 0.148 seconds
[2021-05-28 20:00:01,800] {scheduler_job.py:182} INFO - Started process (PID=502) to work on /home/airflow/.local/lib/python3.6/site-packages/airflow/example_dags/example_latest_only.py
[2021-05-28 20:00:01,803] {scheduler_job.py:629} INFO - Processing file /home/airflow/.local/lib/python3.6/site-packages/airflow/example_dags/example_latest_only.py for tasks to queue
[2021-05-28 20:00:01,805] {logging_mixin.py:104} INFO - [2021-05-28 20:00:01,805] {dagbag.py:451} INFO - Filling up the DagBag from /home/airflow/.local/lib/python3.6/site-packages/airflow/example_dags/example_latest_only.py
[2021-05-28 20:00:01,824] {scheduler_job.py:639} INFO - DAG(s) dict_keys(['latest_only']) retrieved from /home/airflow/.local/lib/python3.6/site-packages/airflow/example_dags/example_latest_only.py
[2021-05-28 20:00:01,859] {logging_mixin.py:104} INFO - [2021-05-28 20:00:01,859] {dag.py:1824} INFO - Sync 1 DAGs
[2021-05-28 20:00:01,876] {logging_mixin.py:104} INFO - [2021-05-28 20:00:01,876] {dag.py:2280} INFO - Setting next_dagrun for latest_only to 2021-05-26 00:00:00+00:00
[2021-05-28 20:00:01,891] {scheduler_job.py:190} INFO - Processing /home/airflow/.local/lib/python3.6/site-packages/airflow/example_dags/example_latest_only.py took 0.098 seconds
