[2021-05-28 19:51:25,458] {scheduler_job.py:182} INFO - Started process (PID=51) to work on /home/airflow/.local/lib/python3.6/site-packages/airflow/example_dags/example_trigger_controller_dag.py
[2021-05-28 19:51:25,464] {scheduler_job.py:629} INFO - Processing file /home/airflow/.local/lib/python3.6/site-packages/airflow/example_dags/example_trigger_controller_dag.py for tasks to queue
[2021-05-28 19:51:25,469] {logging_mixin.py:104} INFO - [2021-05-28 19:51:25,467] {dagbag.py:451} INFO - Filling up the DagBag from /home/airflow/.local/lib/python3.6/site-packages/airflow/example_dags/example_trigger_controller_dag.py
[2021-05-28 19:51:25,544] {scheduler_job.py:639} INFO - DAG(s) dict_keys(['example_trigger_controller_dag']) retrieved from /home/airflow/.local/lib/python3.6/site-packages/airflow/example_dags/example_trigger_controller_dag.py
[2021-05-28 19:51:25,672] {logging_mixin.py:104} INFO - [2021-05-28 19:51:25,672] {dag.py:1824} INFO - Sync 1 DAGs
[2021-05-28 19:51:25,771] {logging_mixin.py:104} INFO - [2021-05-28 19:51:25,770] {dag.py:2280} INFO - Setting next_dagrun for example_trigger_controller_dag to 2021-05-26 00:00:00+00:00
[2021-05-28 19:51:26,375] {scheduler_job.py:190} INFO - Processing /home/airflow/.local/lib/python3.6/site-packages/airflow/example_dags/example_trigger_controller_dag.py took 0.934 seconds
[2021-05-28 19:51:56,610] {scheduler_job.py:182} INFO - Started process (PID=78) to work on /home/airflow/.local/lib/python3.6/site-packages/airflow/example_dags/example_trigger_controller_dag.py
[2021-05-28 19:51:56,619] {scheduler_job.py:629} INFO - Processing file /home/airflow/.local/lib/python3.6/site-packages/airflow/example_dags/example_trigger_controller_dag.py for tasks to queue
[2021-05-28 19:51:56,626] {logging_mixin.py:104} INFO - [2021-05-28 19:51:56,625] {dagbag.py:451} INFO - Filling up the DagBag from /home/airflow/.local/lib/python3.6/site-packages/airflow/example_dags/example_trigger_controller_dag.py
[2021-05-28 19:51:56,650] {scheduler_job.py:639} INFO - DAG(s) dict_keys(['example_trigger_controller_dag']) retrieved from /home/airflow/.local/lib/python3.6/site-packages/airflow/example_dags/example_trigger_controller_dag.py
[2021-05-28 19:51:56,705] {logging_mixin.py:104} INFO - [2021-05-28 19:51:56,705] {dag.py:1824} INFO - Sync 1 DAGs
[2021-05-28 19:51:56,753] {logging_mixin.py:104} INFO - [2021-05-28 19:51:56,753] {dag.py:2280} INFO - Setting next_dagrun for example_trigger_controller_dag to 2021-05-26 00:00:00+00:00
[2021-05-28 19:51:56,787] {scheduler_job.py:190} INFO - Processing /home/airflow/.local/lib/python3.6/site-packages/airflow/example_dags/example_trigger_controller_dag.py took 0.183 seconds
[2021-05-28 19:52:26,896] {scheduler_job.py:182} INFO - Started process (PID=104) to work on /home/airflow/.local/lib/python3.6/site-packages/airflow/example_dags/example_trigger_controller_dag.py
[2021-05-28 19:52:26,898] {scheduler_job.py:629} INFO - Processing file /home/airflow/.local/lib/python3.6/site-packages/airflow/example_dags/example_trigger_controller_dag.py for tasks to queue
[2021-05-28 19:52:26,900] {logging_mixin.py:104} INFO - [2021-05-28 19:52:26,900] {dagbag.py:451} INFO - Filling up the DagBag from /home/airflow/.local/lib/python3.6/site-packages/airflow/example_dags/example_trigger_controller_dag.py
[2021-05-28 19:52:26,917] {scheduler_job.py:639} INFO - DAG(s) dict_keys(['example_trigger_controller_dag']) retrieved from /home/airflow/.local/lib/python3.6/site-packages/airflow/example_dags/example_trigger_controller_dag.py
[2021-05-28 19:52:26,945] {logging_mixin.py:104} INFO - [2021-05-28 19:52:26,945] {dag.py:1824} INFO - Sync 1 DAGs
[2021-05-28 19:52:26,971] {logging_mixin.py:104} INFO - [2021-05-28 19:52:26,971] {dag.py:2280} INFO - Setting next_dagrun for example_trigger_controller_dag to 2021-05-26 00:00:00+00:00
[2021-05-28 19:52:26,991] {scheduler_job.py:190} INFO - Processing /home/airflow/.local/lib/python3.6/site-packages/airflow/example_dags/example_trigger_controller_dag.py took 0.099 seconds
[2021-05-28 19:52:57,254] {scheduler_job.py:182} INFO - Started process (PID=128) to work on /home/airflow/.local/lib/python3.6/site-packages/airflow/example_dags/example_trigger_controller_dag.py
[2021-05-28 19:52:57,257] {scheduler_job.py:629} INFO - Processing file /home/airflow/.local/lib/python3.6/site-packages/airflow/example_dags/example_trigger_controller_dag.py for tasks to queue
[2021-05-28 19:52:57,259] {logging_mixin.py:104} INFO - [2021-05-28 19:52:57,259] {dagbag.py:451} INFO - Filling up the DagBag from /home/airflow/.local/lib/python3.6/site-packages/airflow/example_dags/example_trigger_controller_dag.py
[2021-05-28 19:52:57,280] {scheduler_job.py:639} INFO - DAG(s) dict_keys(['example_trigger_controller_dag']) retrieved from /home/airflow/.local/lib/python3.6/site-packages/airflow/example_dags/example_trigger_controller_dag.py
[2021-05-28 19:52:57,345] {logging_mixin.py:104} INFO - [2021-05-28 19:52:57,342] {dag.py:1824} INFO - Sync 1 DAGs
[2021-05-28 19:52:57,415] {logging_mixin.py:104} INFO - [2021-05-28 19:52:57,415] {dag.py:2280} INFO - Setting next_dagrun for example_trigger_controller_dag to 2021-05-26 00:00:00+00:00
[2021-05-28 19:52:57,444] {scheduler_job.py:190} INFO - Processing /home/airflow/.local/lib/python3.6/site-packages/airflow/example_dags/example_trigger_controller_dag.py took 0.197 seconds
[2021-05-28 19:53:28,247] {scheduler_job.py:182} INFO - Started process (PID=155) to work on /home/airflow/.local/lib/python3.6/site-packages/airflow/example_dags/example_trigger_controller_dag.py
[2021-05-28 19:53:28,249] {scheduler_job.py:629} INFO - Processing file /home/airflow/.local/lib/python3.6/site-packages/airflow/example_dags/example_trigger_controller_dag.py for tasks to queue
[2021-05-28 19:53:28,251] {logging_mixin.py:104} INFO - [2021-05-28 19:53:28,251] {dagbag.py:451} INFO - Filling up the DagBag from /home/airflow/.local/lib/python3.6/site-packages/airflow/example_dags/example_trigger_controller_dag.py
[2021-05-28 19:53:28,271] {scheduler_job.py:639} INFO - DAG(s) dict_keys(['example_trigger_controller_dag']) retrieved from /home/airflow/.local/lib/python3.6/site-packages/airflow/example_dags/example_trigger_controller_dag.py
[2021-05-28 19:53:28,308] {logging_mixin.py:104} INFO - [2021-05-28 19:53:28,308] {dag.py:1824} INFO - Sync 1 DAGs
[2021-05-28 19:53:28,338] {logging_mixin.py:104} INFO - [2021-05-28 19:53:28,338] {dag.py:2280} INFO - Setting next_dagrun for example_trigger_controller_dag to 2021-05-26 00:00:00+00:00
[2021-05-28 19:53:28,361] {scheduler_job.py:190} INFO - Processing /home/airflow/.local/lib/python3.6/site-packages/airflow/example_dags/example_trigger_controller_dag.py took 0.121 seconds
[2021-05-28 19:53:58,729] {scheduler_job.py:182} INFO - Started process (PID=183) to work on /home/airflow/.local/lib/python3.6/site-packages/airflow/example_dags/example_trigger_controller_dag.py
[2021-05-28 19:53:58,733] {scheduler_job.py:629} INFO - Processing file /home/airflow/.local/lib/python3.6/site-packages/airflow/example_dags/example_trigger_controller_dag.py for tasks to queue
[2021-05-28 19:53:58,735] {logging_mixin.py:104} INFO - [2021-05-28 19:53:58,735] {dagbag.py:451} INFO - Filling up the DagBag from /home/airflow/.local/lib/python3.6/site-packages/airflow/example_dags/example_trigger_controller_dag.py
[2021-05-28 19:53:58,751] {scheduler_job.py:639} INFO - DAG(s) dict_keys(['example_trigger_controller_dag']) retrieved from /home/airflow/.local/lib/python3.6/site-packages/airflow/example_dags/example_trigger_controller_dag.py
[2021-05-28 19:53:58,780] {logging_mixin.py:104} INFO - [2021-05-28 19:53:58,780] {dag.py:1824} INFO - Sync 1 DAGs
[2021-05-28 19:53:58,805] {logging_mixin.py:104} INFO - [2021-05-28 19:53:58,805] {dag.py:2280} INFO - Setting next_dagrun for example_trigger_controller_dag to 2021-05-26 00:00:00+00:00
[2021-05-28 19:53:58,823] {scheduler_job.py:190} INFO - Processing /home/airflow/.local/lib/python3.6/site-packages/airflow/example_dags/example_trigger_controller_dag.py took 0.099 seconds
[2021-05-28 19:54:29,140] {scheduler_job.py:182} INFO - Started process (PID=210) to work on /home/airflow/.local/lib/python3.6/site-packages/airflow/example_dags/example_trigger_controller_dag.py
[2021-05-28 19:54:29,146] {scheduler_job.py:629} INFO - Processing file /home/airflow/.local/lib/python3.6/site-packages/airflow/example_dags/example_trigger_controller_dag.py for tasks to queue
[2021-05-28 19:54:29,148] {logging_mixin.py:104} INFO - [2021-05-28 19:54:29,148] {dagbag.py:451} INFO - Filling up the DagBag from /home/airflow/.local/lib/python3.6/site-packages/airflow/example_dags/example_trigger_controller_dag.py
[2021-05-28 19:54:29,174] {scheduler_job.py:639} INFO - DAG(s) dict_keys(['example_trigger_controller_dag']) retrieved from /home/airflow/.local/lib/python3.6/site-packages/airflow/example_dags/example_trigger_controller_dag.py
[2021-05-28 19:54:29,222] {logging_mixin.py:104} INFO - [2021-05-28 19:54:29,222] {dag.py:1824} INFO - Sync 1 DAGs
[2021-05-28 19:54:29,259] {logging_mixin.py:104} INFO - [2021-05-28 19:54:29,259] {dag.py:2280} INFO - Setting next_dagrun for example_trigger_controller_dag to 2021-05-26 00:00:00+00:00
[2021-05-28 19:54:29,284] {scheduler_job.py:190} INFO - Processing /home/airflow/.local/lib/python3.6/site-packages/airflow/example_dags/example_trigger_controller_dag.py took 0.152 seconds
[2021-05-28 19:54:59,528] {scheduler_job.py:182} INFO - Started process (PID=237) to work on /home/airflow/.local/lib/python3.6/site-packages/airflow/example_dags/example_trigger_controller_dag.py
[2021-05-28 19:54:59,530] {scheduler_job.py:629} INFO - Processing file /home/airflow/.local/lib/python3.6/site-packages/airflow/example_dags/example_trigger_controller_dag.py for tasks to queue
[2021-05-28 19:54:59,532] {logging_mixin.py:104} INFO - [2021-05-28 19:54:59,532] {dagbag.py:451} INFO - Filling up the DagBag from /home/airflow/.local/lib/python3.6/site-packages/airflow/example_dags/example_trigger_controller_dag.py
[2021-05-28 19:54:59,560] {scheduler_job.py:639} INFO - DAG(s) dict_keys(['example_trigger_controller_dag']) retrieved from /home/airflow/.local/lib/python3.6/site-packages/airflow/example_dags/example_trigger_controller_dag.py
[2021-05-28 19:54:59,608] {logging_mixin.py:104} INFO - [2021-05-28 19:54:59,608] {dag.py:1824} INFO - Sync 1 DAGs
[2021-05-28 19:54:59,644] {logging_mixin.py:104} INFO - [2021-05-28 19:54:59,644] {dag.py:2280} INFO - Setting next_dagrun for example_trigger_controller_dag to 2021-05-26 00:00:00+00:00
[2021-05-28 19:54:59,668] {scheduler_job.py:190} INFO - Processing /home/airflow/.local/lib/python3.6/site-packages/airflow/example_dags/example_trigger_controller_dag.py took 0.145 seconds
[2021-05-28 19:55:29,921] {scheduler_job.py:182} INFO - Started process (PID=264) to work on /home/airflow/.local/lib/python3.6/site-packages/airflow/example_dags/example_trigger_controller_dag.py
[2021-05-28 19:55:29,924] {scheduler_job.py:629} INFO - Processing file /home/airflow/.local/lib/python3.6/site-packages/airflow/example_dags/example_trigger_controller_dag.py for tasks to queue
[2021-05-28 19:55:29,925] {logging_mixin.py:104} INFO - [2021-05-28 19:55:29,925] {dagbag.py:451} INFO - Filling up the DagBag from /home/airflow/.local/lib/python3.6/site-packages/airflow/example_dags/example_trigger_controller_dag.py
[2021-05-28 19:55:29,939] {scheduler_job.py:639} INFO - DAG(s) dict_keys(['example_trigger_controller_dag']) retrieved from /home/airflow/.local/lib/python3.6/site-packages/airflow/example_dags/example_trigger_controller_dag.py
[2021-05-28 19:55:29,971] {logging_mixin.py:104} INFO - [2021-05-28 19:55:29,971] {dag.py:1824} INFO - Sync 1 DAGs
[2021-05-28 19:55:29,992] {logging_mixin.py:104} INFO - [2021-05-28 19:55:29,992] {dag.py:2280} INFO - Setting next_dagrun for example_trigger_controller_dag to 2021-05-26 00:00:00+00:00
[2021-05-28 19:55:30,007] {scheduler_job.py:190} INFO - Processing /home/airflow/.local/lib/python3.6/site-packages/airflow/example_dags/example_trigger_controller_dag.py took 0.091 seconds
[2021-05-28 19:56:00,218] {scheduler_job.py:182} INFO - Started process (PID=291) to work on /home/airflow/.local/lib/python3.6/site-packages/airflow/example_dags/example_trigger_controller_dag.py
[2021-05-28 19:56:00,220] {scheduler_job.py:629} INFO - Processing file /home/airflow/.local/lib/python3.6/site-packages/airflow/example_dags/example_trigger_controller_dag.py for tasks to queue
[2021-05-28 19:56:00,222] {logging_mixin.py:104} INFO - [2021-05-28 19:56:00,222] {dagbag.py:451} INFO - Filling up the DagBag from /home/airflow/.local/lib/python3.6/site-packages/airflow/example_dags/example_trigger_controller_dag.py
[2021-05-28 19:56:00,260] {scheduler_job.py:639} INFO - DAG(s) dict_keys(['example_trigger_controller_dag']) retrieved from /home/airflow/.local/lib/python3.6/site-packages/airflow/example_dags/example_trigger_controller_dag.py
[2021-05-28 19:56:00,352] {logging_mixin.py:104} INFO - [2021-05-28 19:56:00,351] {dag.py:1824} INFO - Sync 1 DAGs
[2021-05-28 19:56:00,400] {logging_mixin.py:104} INFO - [2021-05-28 19:56:00,400] {dag.py:2280} INFO - Setting next_dagrun for example_trigger_controller_dag to 2021-05-26 00:00:00+00:00
[2021-05-28 19:56:00,418] {scheduler_job.py:190} INFO - Processing /home/airflow/.local/lib/python3.6/site-packages/airflow/example_dags/example_trigger_controller_dag.py took 0.205 seconds
[2021-05-28 19:56:31,067] {scheduler_job.py:182} INFO - Started process (PID=317) to work on /home/airflow/.local/lib/python3.6/site-packages/airflow/example_dags/example_trigger_controller_dag.py
[2021-05-28 19:56:31,069] {scheduler_job.py:629} INFO - Processing file /home/airflow/.local/lib/python3.6/site-packages/airflow/example_dags/example_trigger_controller_dag.py for tasks to queue
[2021-05-28 19:56:31,071] {logging_mixin.py:104} INFO - [2021-05-28 19:56:31,071] {dagbag.py:451} INFO - Filling up the DagBag from /home/airflow/.local/lib/python3.6/site-packages/airflow/example_dags/example_trigger_controller_dag.py
[2021-05-28 19:56:31,104] {scheduler_job.py:639} INFO - DAG(s) dict_keys(['example_trigger_controller_dag']) retrieved from /home/airflow/.local/lib/python3.6/site-packages/airflow/example_dags/example_trigger_controller_dag.py
[2021-05-28 19:56:31,140] {logging_mixin.py:104} INFO - [2021-05-28 19:56:31,140] {dag.py:1824} INFO - Sync 1 DAGs
[2021-05-28 19:56:31,169] {logging_mixin.py:104} INFO - [2021-05-28 19:56:31,169] {dag.py:2280} INFO - Setting next_dagrun for example_trigger_controller_dag to 2021-05-26 00:00:00+00:00
[2021-05-28 19:56:31,191] {scheduler_job.py:190} INFO - Processing /home/airflow/.local/lib/python3.6/site-packages/airflow/example_dags/example_trigger_controller_dag.py took 0.130 seconds
[2021-05-28 19:57:01,720] {scheduler_job.py:182} INFO - Started process (PID=345) to work on /home/airflow/.local/lib/python3.6/site-packages/airflow/example_dags/example_trigger_controller_dag.py
[2021-05-28 19:57:01,722] {scheduler_job.py:629} INFO - Processing file /home/airflow/.local/lib/python3.6/site-packages/airflow/example_dags/example_trigger_controller_dag.py for tasks to queue
[2021-05-28 19:57:01,723] {logging_mixin.py:104} INFO - [2021-05-28 19:57:01,723] {dagbag.py:451} INFO - Filling up the DagBag from /home/airflow/.local/lib/python3.6/site-packages/airflow/example_dags/example_trigger_controller_dag.py
[2021-05-28 19:57:01,741] {scheduler_job.py:639} INFO - DAG(s) dict_keys(['example_trigger_controller_dag']) retrieved from /home/airflow/.local/lib/python3.6/site-packages/airflow/example_dags/example_trigger_controller_dag.py
[2021-05-28 19:57:01,766] {logging_mixin.py:104} INFO - [2021-05-28 19:57:01,766] {dag.py:1824} INFO - Sync 1 DAGs
[2021-05-28 19:57:01,785] {logging_mixin.py:104} INFO - [2021-05-28 19:57:01,785] {dag.py:2280} INFO - Setting next_dagrun for example_trigger_controller_dag to 2021-05-26 00:00:00+00:00
[2021-05-28 19:57:01,801] {scheduler_job.py:190} INFO - Processing /home/airflow/.local/lib/python3.6/site-packages/airflow/example_dags/example_trigger_controller_dag.py took 0.085 seconds
[2021-05-28 19:57:32,060] {scheduler_job.py:182} INFO - Started process (PID=372) to work on /home/airflow/.local/lib/python3.6/site-packages/airflow/example_dags/example_trigger_controller_dag.py
[2021-05-28 19:57:32,064] {scheduler_job.py:629} INFO - Processing file /home/airflow/.local/lib/python3.6/site-packages/airflow/example_dags/example_trigger_controller_dag.py for tasks to queue
[2021-05-28 19:57:32,065] {logging_mixin.py:104} INFO - [2021-05-28 19:57:32,065] {dagbag.py:451} INFO - Filling up the DagBag from /home/airflow/.local/lib/python3.6/site-packages/airflow/example_dags/example_trigger_controller_dag.py
[2021-05-28 19:57:32,094] {scheduler_job.py:639} INFO - DAG(s) dict_keys(['example_trigger_controller_dag']) retrieved from /home/airflow/.local/lib/python3.6/site-packages/airflow/example_dags/example_trigger_controller_dag.py
[2021-05-28 19:57:32,137] {logging_mixin.py:104} INFO - [2021-05-28 19:57:32,137] {dag.py:1824} INFO - Sync 1 DAGs
[2021-05-28 19:57:32,171] {logging_mixin.py:104} INFO - [2021-05-28 19:57:32,170] {dag.py:2280} INFO - Setting next_dagrun for example_trigger_controller_dag to 2021-05-26 00:00:00+00:00
[2021-05-28 19:57:32,186] {scheduler_job.py:190} INFO - Processing /home/airflow/.local/lib/python3.6/site-packages/airflow/example_dags/example_trigger_controller_dag.py took 0.136 seconds
[2021-05-28 19:58:02,493] {scheduler_job.py:182} INFO - Started process (PID=398) to work on /home/airflow/.local/lib/python3.6/site-packages/airflow/example_dags/example_trigger_controller_dag.py
[2021-05-28 19:58:02,496] {scheduler_job.py:629} INFO - Processing file /home/airflow/.local/lib/python3.6/site-packages/airflow/example_dags/example_trigger_controller_dag.py for tasks to queue
[2021-05-28 19:58:02,499] {logging_mixin.py:104} INFO - [2021-05-28 19:58:02,499] {dagbag.py:451} INFO - Filling up the DagBag from /home/airflow/.local/lib/python3.6/site-packages/airflow/example_dags/example_trigger_controller_dag.py
[2021-05-28 19:58:02,545] {scheduler_job.py:639} INFO - DAG(s) dict_keys(['example_trigger_controller_dag']) retrieved from /home/airflow/.local/lib/python3.6/site-packages/airflow/example_dags/example_trigger_controller_dag.py
[2021-05-28 19:58:02,588] {logging_mixin.py:104} INFO - [2021-05-28 19:58:02,588] {dag.py:1824} INFO - Sync 1 DAGs
[2021-05-28 19:58:02,620] {logging_mixin.py:104} INFO - [2021-05-28 19:58:02,620] {dag.py:2280} INFO - Setting next_dagrun for example_trigger_controller_dag to 2021-05-26 00:00:00+00:00
[2021-05-28 19:58:02,643] {scheduler_job.py:190} INFO - Processing /home/airflow/.local/lib/python3.6/site-packages/airflow/example_dags/example_trigger_controller_dag.py took 0.158 seconds
[2021-05-28 19:58:33,267] {scheduler_job.py:182} INFO - Started process (PID=425) to work on /home/airflow/.local/lib/python3.6/site-packages/airflow/example_dags/example_trigger_controller_dag.py
[2021-05-28 19:58:33,287] {scheduler_job.py:629} INFO - Processing file /home/airflow/.local/lib/python3.6/site-packages/airflow/example_dags/example_trigger_controller_dag.py for tasks to queue
[2021-05-28 19:58:33,288] {logging_mixin.py:104} INFO - [2021-05-28 19:58:33,288] {dagbag.py:451} INFO - Filling up the DagBag from /home/airflow/.local/lib/python3.6/site-packages/airflow/example_dags/example_trigger_controller_dag.py
[2021-05-28 19:58:33,304] {scheduler_job.py:639} INFO - DAG(s) dict_keys(['example_trigger_controller_dag']) retrieved from /home/airflow/.local/lib/python3.6/site-packages/airflow/example_dags/example_trigger_controller_dag.py
[2021-05-28 19:58:33,341] {logging_mixin.py:104} INFO - [2021-05-28 19:58:33,341] {dag.py:1824} INFO - Sync 1 DAGs
[2021-05-28 19:58:33,370] {logging_mixin.py:104} INFO - [2021-05-28 19:58:33,370] {dag.py:2280} INFO - Setting next_dagrun for example_trigger_controller_dag to 2021-05-26 00:00:00+00:00
[2021-05-28 19:58:33,399] {scheduler_job.py:190} INFO - Processing /home/airflow/.local/lib/python3.6/site-packages/airflow/example_dags/example_trigger_controller_dag.py took 0.136 seconds
[2021-05-28 19:59:03,483] {scheduler_job.py:182} INFO - Started process (PID=452) to work on /home/airflow/.local/lib/python3.6/site-packages/airflow/example_dags/example_trigger_controller_dag.py
[2021-05-28 19:59:03,487] {scheduler_job.py:629} INFO - Processing file /home/airflow/.local/lib/python3.6/site-packages/airflow/example_dags/example_trigger_controller_dag.py for tasks to queue
[2021-05-28 19:59:03,489] {logging_mixin.py:104} INFO - [2021-05-28 19:59:03,488] {dagbag.py:451} INFO - Filling up the DagBag from /home/airflow/.local/lib/python3.6/site-packages/airflow/example_dags/example_trigger_controller_dag.py
[2021-05-28 19:59:03,510] {scheduler_job.py:639} INFO - DAG(s) dict_keys(['example_trigger_controller_dag']) retrieved from /home/airflow/.local/lib/python3.6/site-packages/airflow/example_dags/example_trigger_controller_dag.py
[2021-05-28 19:59:03,546] {logging_mixin.py:104} INFO - [2021-05-28 19:59:03,546] {dag.py:1824} INFO - Sync 1 DAGs
[2021-05-28 19:59:03,574] {logging_mixin.py:104} INFO - [2021-05-28 19:59:03,574] {dag.py:2280} INFO - Setting next_dagrun for example_trigger_controller_dag to 2021-05-26 00:00:00+00:00
[2021-05-28 19:59:03,599] {scheduler_job.py:190} INFO - Processing /home/airflow/.local/lib/python3.6/site-packages/airflow/example_dags/example_trigger_controller_dag.py took 0.122 seconds
[2021-05-28 19:59:33,805] {scheduler_job.py:182} INFO - Started process (PID=479) to work on /home/airflow/.local/lib/python3.6/site-packages/airflow/example_dags/example_trigger_controller_dag.py
[2021-05-28 19:59:33,807] {scheduler_job.py:629} INFO - Processing file /home/airflow/.local/lib/python3.6/site-packages/airflow/example_dags/example_trigger_controller_dag.py for tasks to queue
[2021-05-28 19:59:33,808] {logging_mixin.py:104} INFO - [2021-05-28 19:59:33,808] {dagbag.py:451} INFO - Filling up the DagBag from /home/airflow/.local/lib/python3.6/site-packages/airflow/example_dags/example_trigger_controller_dag.py
[2021-05-28 19:59:33,827] {scheduler_job.py:639} INFO - DAG(s) dict_keys(['example_trigger_controller_dag']) retrieved from /home/airflow/.local/lib/python3.6/site-packages/airflow/example_dags/example_trigger_controller_dag.py
[2021-05-28 19:59:33,853] {logging_mixin.py:104} INFO - [2021-05-28 19:59:33,853] {dag.py:1824} INFO - Sync 1 DAGs
[2021-05-28 19:59:33,875] {logging_mixin.py:104} INFO - [2021-05-28 19:59:33,875] {dag.py:2280} INFO - Setting next_dagrun for example_trigger_controller_dag to 2021-05-26 00:00:00+00:00
[2021-05-28 19:59:33,890] {scheduler_job.py:190} INFO - Processing /home/airflow/.local/lib/python3.6/site-packages/airflow/example_dags/example_trigger_controller_dag.py took 0.089 seconds
[2021-05-28 20:00:04,068] {scheduler_job.py:182} INFO - Started process (PID=506) to work on /home/airflow/.local/lib/python3.6/site-packages/airflow/example_dags/example_trigger_controller_dag.py
[2021-05-28 20:00:04,070] {scheduler_job.py:629} INFO - Processing file /home/airflow/.local/lib/python3.6/site-packages/airflow/example_dags/example_trigger_controller_dag.py for tasks to queue
[2021-05-28 20:00:04,071] {logging_mixin.py:104} INFO - [2021-05-28 20:00:04,071] {dagbag.py:451} INFO - Filling up the DagBag from /home/airflow/.local/lib/python3.6/site-packages/airflow/example_dags/example_trigger_controller_dag.py
[2021-05-28 20:00:04,094] {scheduler_job.py:639} INFO - DAG(s) dict_keys(['example_trigger_controller_dag']) retrieved from /home/airflow/.local/lib/python3.6/site-packages/airflow/example_dags/example_trigger_controller_dag.py
[2021-05-28 20:00:04,133] {logging_mixin.py:104} INFO - [2021-05-28 20:00:04,132] {dag.py:1824} INFO - Sync 1 DAGs
[2021-05-28 20:00:04,167] {logging_mixin.py:104} INFO - [2021-05-28 20:00:04,166] {dag.py:2280} INFO - Setting next_dagrun for example_trigger_controller_dag to 2021-05-26 00:00:00+00:00
[2021-05-28 20:00:04,203] {scheduler_job.py:190} INFO - Processing /home/airflow/.local/lib/python3.6/site-packages/airflow/example_dags/example_trigger_controller_dag.py took 0.141 seconds
