[2021-05-28 19:51:23,074] {scheduler_job.py:182} INFO - Started process (PID=44) to work on /home/airflow/.local/lib/python3.6/site-packages/airflow/example_dags/example_branch_python_dop_operator_3.py
[2021-05-28 19:51:23,077] {scheduler_job.py:629} INFO - Processing file /home/airflow/.local/lib/python3.6/site-packages/airflow/example_dags/example_branch_python_dop_operator_3.py for tasks to queue
[2021-05-28 19:51:23,081] {logging_mixin.py:104} INFO - [2021-05-28 19:51:23,080] {dagbag.py:451} INFO - Filling up the DagBag from /home/airflow/.local/lib/python3.6/site-packages/airflow/example_dags/example_branch_python_dop_operator_3.py
[2021-05-28 19:51:23,176] {scheduler_job.py:639} INFO - DAG(s) dict_keys(['example_branch_dop_operator_v3']) retrieved from /home/airflow/.local/lib/python3.6/site-packages/airflow/example_dags/example_branch_python_dop_operator_3.py
[2021-05-28 19:51:23,314] {logging_mixin.py:104} INFO - [2021-05-28 19:51:23,314] {dag.py:1824} INFO - Sync 1 DAGs
[2021-05-28 19:51:23,442] {logging_mixin.py:104} INFO - [2021-05-28 19:51:23,442] {dag.py:2280} INFO - Setting next_dagrun for example_branch_dop_operator_v3 to 2021-05-26 00:00:00+00:00
[2021-05-28 19:51:23,560] {scheduler_job.py:190} INFO - Processing /home/airflow/.local/lib/python3.6/site-packages/airflow/example_dags/example_branch_python_dop_operator_3.py took 0.503 seconds
[2021-05-28 19:51:54,122] {scheduler_job.py:182} INFO - Started process (PID=72) to work on /home/airflow/.local/lib/python3.6/site-packages/airflow/example_dags/example_branch_python_dop_operator_3.py
[2021-05-28 19:51:54,140] {scheduler_job.py:629} INFO - Processing file /home/airflow/.local/lib/python3.6/site-packages/airflow/example_dags/example_branch_python_dop_operator_3.py for tasks to queue
[2021-05-28 19:51:54,143] {logging_mixin.py:104} INFO - [2021-05-28 19:51:54,142] {dagbag.py:451} INFO - Filling up the DagBag from /home/airflow/.local/lib/python3.6/site-packages/airflow/example_dags/example_branch_python_dop_operator_3.py
[2021-05-28 19:51:54,196] {scheduler_job.py:639} INFO - DAG(s) dict_keys(['example_branch_dop_operator_v3']) retrieved from /home/airflow/.local/lib/python3.6/site-packages/airflow/example_dags/example_branch_python_dop_operator_3.py
[2021-05-28 19:51:54,291] {logging_mixin.py:104} INFO - [2021-05-28 19:51:54,291] {dag.py:1824} INFO - Sync 1 DAGs
[2021-05-28 19:51:54,495] {logging_mixin.py:104} INFO - [2021-05-28 19:51:54,494] {dag.py:2280} INFO - Setting next_dagrun for example_branch_dop_operator_v3 to 2021-05-26 00:00:00+00:00
[2021-05-28 19:51:54,589] {scheduler_job.py:190} INFO - Processing /home/airflow/.local/lib/python3.6/site-packages/airflow/example_dags/example_branch_python_dop_operator_3.py took 0.484 seconds
[2021-05-28 19:52:25,507] {scheduler_job.py:182} INFO - Started process (PID=99) to work on /home/airflow/.local/lib/python3.6/site-packages/airflow/example_dags/example_branch_python_dop_operator_3.py
[2021-05-28 19:52:25,512] {scheduler_job.py:629} INFO - Processing file /home/airflow/.local/lib/python3.6/site-packages/airflow/example_dags/example_branch_python_dop_operator_3.py for tasks to queue
[2021-05-28 19:52:25,513] {logging_mixin.py:104} INFO - [2021-05-28 19:52:25,513] {dagbag.py:451} INFO - Filling up the DagBag from /home/airflow/.local/lib/python3.6/site-packages/airflow/example_dags/example_branch_python_dop_operator_3.py
[2021-05-28 19:52:25,546] {scheduler_job.py:639} INFO - DAG(s) dict_keys(['example_branch_dop_operator_v3']) retrieved from /home/airflow/.local/lib/python3.6/site-packages/airflow/example_dags/example_branch_python_dop_operator_3.py
[2021-05-28 19:52:25,579] {logging_mixin.py:104} INFO - [2021-05-28 19:52:25,579] {dag.py:1824} INFO - Sync 1 DAGs
[2021-05-28 19:52:25,620] {logging_mixin.py:104} INFO - [2021-05-28 19:52:25,619] {dag.py:2280} INFO - Setting next_dagrun for example_branch_dop_operator_v3 to 2021-05-26 00:00:00+00:00
[2021-05-28 19:52:25,636] {scheduler_job.py:190} INFO - Processing /home/airflow/.local/lib/python3.6/site-packages/airflow/example_dags/example_branch_python_dop_operator_3.py took 0.135 seconds
[2021-05-28 19:52:56,312] {scheduler_job.py:182} INFO - Started process (PID=126) to work on /home/airflow/.local/lib/python3.6/site-packages/airflow/example_dags/example_branch_python_dop_operator_3.py
[2021-05-28 19:52:56,315] {scheduler_job.py:629} INFO - Processing file /home/airflow/.local/lib/python3.6/site-packages/airflow/example_dags/example_branch_python_dop_operator_3.py for tasks to queue
[2021-05-28 19:52:56,334] {logging_mixin.py:104} INFO - [2021-05-28 19:52:56,328] {dagbag.py:451} INFO - Filling up the DagBag from /home/airflow/.local/lib/python3.6/site-packages/airflow/example_dags/example_branch_python_dop_operator_3.py
[2021-05-28 19:52:56,388] {scheduler_job.py:639} INFO - DAG(s) dict_keys(['example_branch_dop_operator_v3']) retrieved from /home/airflow/.local/lib/python3.6/site-packages/airflow/example_dags/example_branch_python_dop_operator_3.py
[2021-05-28 19:52:56,472] {logging_mixin.py:104} INFO - [2021-05-28 19:52:56,472] {dag.py:1824} INFO - Sync 1 DAGs
[2021-05-28 19:52:56,537] {logging_mixin.py:104} INFO - [2021-05-28 19:52:56,537] {dag.py:2280} INFO - Setting next_dagrun for example_branch_dop_operator_v3 to 2021-05-26 00:00:00+00:00
[2021-05-28 19:52:56,557] {scheduler_job.py:190} INFO - Processing /home/airflow/.local/lib/python3.6/site-packages/airflow/example_dags/example_branch_python_dop_operator_3.py took 0.258 seconds
[2021-05-28 19:53:27,235] {scheduler_job.py:182} INFO - Started process (PID=153) to work on /home/airflow/.local/lib/python3.6/site-packages/airflow/example_dags/example_branch_python_dop_operator_3.py
[2021-05-28 19:53:27,238] {scheduler_job.py:629} INFO - Processing file /home/airflow/.local/lib/python3.6/site-packages/airflow/example_dags/example_branch_python_dop_operator_3.py for tasks to queue
[2021-05-28 19:53:27,241] {logging_mixin.py:104} INFO - [2021-05-28 19:53:27,240] {dagbag.py:451} INFO - Filling up the DagBag from /home/airflow/.local/lib/python3.6/site-packages/airflow/example_dags/example_branch_python_dop_operator_3.py
[2021-05-28 19:53:27,272] {scheduler_job.py:639} INFO - DAG(s) dict_keys(['example_branch_dop_operator_v3']) retrieved from /home/airflow/.local/lib/python3.6/site-packages/airflow/example_dags/example_branch_python_dop_operator_3.py
[2021-05-28 19:53:27,312] {logging_mixin.py:104} INFO - [2021-05-28 19:53:27,312] {dag.py:1824} INFO - Sync 1 DAGs
[2021-05-28 19:53:27,372] {logging_mixin.py:104} INFO - [2021-05-28 19:53:27,372] {dag.py:2280} INFO - Setting next_dagrun for example_branch_dop_operator_v3 to 2021-05-26 00:00:00+00:00
[2021-05-28 19:53:27,390] {scheduler_job.py:190} INFO - Processing /home/airflow/.local/lib/python3.6/site-packages/airflow/example_dags/example_branch_python_dop_operator_3.py took 0.160 seconds
[2021-05-28 19:53:57,509] {scheduler_job.py:182} INFO - Started process (PID=180) to work on /home/airflow/.local/lib/python3.6/site-packages/airflow/example_dags/example_branch_python_dop_operator_3.py
[2021-05-28 19:53:57,512] {scheduler_job.py:629} INFO - Processing file /home/airflow/.local/lib/python3.6/site-packages/airflow/example_dags/example_branch_python_dop_operator_3.py for tasks to queue
[2021-05-28 19:53:57,515] {logging_mixin.py:104} INFO - [2021-05-28 19:53:57,515] {dagbag.py:451} INFO - Filling up the DagBag from /home/airflow/.local/lib/python3.6/site-packages/airflow/example_dags/example_branch_python_dop_operator_3.py
[2021-05-28 19:53:57,535] {scheduler_job.py:639} INFO - DAG(s) dict_keys(['example_branch_dop_operator_v3']) retrieved from /home/airflow/.local/lib/python3.6/site-packages/airflow/example_dags/example_branch_python_dop_operator_3.py
[2021-05-28 19:53:57,565] {logging_mixin.py:104} INFO - [2021-05-28 19:53:57,565] {dag.py:1824} INFO - Sync 1 DAGs
[2021-05-28 19:53:57,598] {logging_mixin.py:104} INFO - [2021-05-28 19:53:57,597] {dag.py:2280} INFO - Setting next_dagrun for example_branch_dop_operator_v3 to 2021-05-26 00:00:00+00:00
[2021-05-28 19:53:57,625] {scheduler_job.py:190} INFO - Processing /home/airflow/.local/lib/python3.6/site-packages/airflow/example_dags/example_branch_python_dop_operator_3.py took 0.122 seconds
[2021-05-28 19:54:27,925] {scheduler_job.py:182} INFO - Started process (PID=207) to work on /home/airflow/.local/lib/python3.6/site-packages/airflow/example_dags/example_branch_python_dop_operator_3.py
[2021-05-28 19:54:27,928] {scheduler_job.py:629} INFO - Processing file /home/airflow/.local/lib/python3.6/site-packages/airflow/example_dags/example_branch_python_dop_operator_3.py for tasks to queue
[2021-05-28 19:54:27,930] {logging_mixin.py:104} INFO - [2021-05-28 19:54:27,930] {dagbag.py:451} INFO - Filling up the DagBag from /home/airflow/.local/lib/python3.6/site-packages/airflow/example_dags/example_branch_python_dop_operator_3.py
[2021-05-28 19:54:27,958] {scheduler_job.py:639} INFO - DAG(s) dict_keys(['example_branch_dop_operator_v3']) retrieved from /home/airflow/.local/lib/python3.6/site-packages/airflow/example_dags/example_branch_python_dop_operator_3.py
[2021-05-28 19:54:27,992] {logging_mixin.py:104} INFO - [2021-05-28 19:54:27,992] {dag.py:1824} INFO - Sync 1 DAGs
[2021-05-28 19:54:28,024] {logging_mixin.py:104} INFO - [2021-05-28 19:54:28,023] {dag.py:2280} INFO - Setting next_dagrun for example_branch_dop_operator_v3 to 2021-05-26 00:00:00+00:00
[2021-05-28 19:54:28,037] {scheduler_job.py:190} INFO - Processing /home/airflow/.local/lib/python3.6/site-packages/airflow/example_dags/example_branch_python_dop_operator_3.py took 0.121 seconds
[2021-05-28 19:54:58,345] {scheduler_job.py:182} INFO - Started process (PID=234) to work on /home/airflow/.local/lib/python3.6/site-packages/airflow/example_dags/example_branch_python_dop_operator_3.py
[2021-05-28 19:54:58,347] {scheduler_job.py:629} INFO - Processing file /home/airflow/.local/lib/python3.6/site-packages/airflow/example_dags/example_branch_python_dop_operator_3.py for tasks to queue
[2021-05-28 19:54:58,349] {logging_mixin.py:104} INFO - [2021-05-28 19:54:58,349] {dagbag.py:451} INFO - Filling up the DagBag from /home/airflow/.local/lib/python3.6/site-packages/airflow/example_dags/example_branch_python_dop_operator_3.py
[2021-05-28 19:54:58,382] {scheduler_job.py:639} INFO - DAG(s) dict_keys(['example_branch_dop_operator_v3']) retrieved from /home/airflow/.local/lib/python3.6/site-packages/airflow/example_dags/example_branch_python_dop_operator_3.py
[2021-05-28 19:54:58,439] {logging_mixin.py:104} INFO - [2021-05-28 19:54:58,439] {dag.py:1824} INFO - Sync 1 DAGs
[2021-05-28 19:54:58,495] {logging_mixin.py:104} INFO - [2021-05-28 19:54:58,495] {dag.py:2280} INFO - Setting next_dagrun for example_branch_dop_operator_v3 to 2021-05-26 00:00:00+00:00
[2021-05-28 19:54:58,514] {scheduler_job.py:190} INFO - Processing /home/airflow/.local/lib/python3.6/site-packages/airflow/example_dags/example_branch_python_dop_operator_3.py took 0.175 seconds
[2021-05-28 19:55:28,771] {scheduler_job.py:182} INFO - Started process (PID=261) to work on /home/airflow/.local/lib/python3.6/site-packages/airflow/example_dags/example_branch_python_dop_operator_3.py
[2021-05-28 19:55:28,774] {scheduler_job.py:629} INFO - Processing file /home/airflow/.local/lib/python3.6/site-packages/airflow/example_dags/example_branch_python_dop_operator_3.py for tasks to queue
[2021-05-28 19:55:28,777] {logging_mixin.py:104} INFO - [2021-05-28 19:55:28,777] {dagbag.py:451} INFO - Filling up the DagBag from /home/airflow/.local/lib/python3.6/site-packages/airflow/example_dags/example_branch_python_dop_operator_3.py
[2021-05-28 19:55:28,826] {scheduler_job.py:639} INFO - DAG(s) dict_keys(['example_branch_dop_operator_v3']) retrieved from /home/airflow/.local/lib/python3.6/site-packages/airflow/example_dags/example_branch_python_dop_operator_3.py
[2021-05-28 19:55:28,887] {logging_mixin.py:104} INFO - [2021-05-28 19:55:28,886] {dag.py:1824} INFO - Sync 1 DAGs
[2021-05-28 19:55:28,937] {logging_mixin.py:104} INFO - [2021-05-28 19:55:28,937] {dag.py:2280} INFO - Setting next_dagrun for example_branch_dop_operator_v3 to 2021-05-26 00:00:00+00:00
[2021-05-28 19:55:28,950] {scheduler_job.py:190} INFO - Processing /home/airflow/.local/lib/python3.6/site-packages/airflow/example_dags/example_branch_python_dop_operator_3.py took 0.187 seconds
[2021-05-28 19:55:59,027] {scheduler_job.py:182} INFO - Started process (PID=288) to work on /home/airflow/.local/lib/python3.6/site-packages/airflow/example_dags/example_branch_python_dop_operator_3.py
[2021-05-28 19:55:59,028] {scheduler_job.py:629} INFO - Processing file /home/airflow/.local/lib/python3.6/site-packages/airflow/example_dags/example_branch_python_dop_operator_3.py for tasks to queue
[2021-05-28 19:55:59,030] {logging_mixin.py:104} INFO - [2021-05-28 19:55:59,029] {dagbag.py:451} INFO - Filling up the DagBag from /home/airflow/.local/lib/python3.6/site-packages/airflow/example_dags/example_branch_python_dop_operator_3.py
[2021-05-28 19:55:59,051] {scheduler_job.py:639} INFO - DAG(s) dict_keys(['example_branch_dop_operator_v3']) retrieved from /home/airflow/.local/lib/python3.6/site-packages/airflow/example_dags/example_branch_python_dop_operator_3.py
[2021-05-28 19:55:59,075] {logging_mixin.py:104} INFO - [2021-05-28 19:55:59,075] {dag.py:1824} INFO - Sync 1 DAGs
[2021-05-28 19:55:59,108] {logging_mixin.py:104} INFO - [2021-05-28 19:55:59,108] {dag.py:2280} INFO - Setting next_dagrun for example_branch_dop_operator_v3 to 2021-05-26 00:00:00+00:00
[2021-05-28 19:55:59,164] {scheduler_job.py:190} INFO - Processing /home/airflow/.local/lib/python3.6/site-packages/airflow/example_dags/example_branch_python_dop_operator_3.py took 0.142 seconds
[2021-05-28 19:56:30,022] {scheduler_job.py:182} INFO - Started process (PID=315) to work on /home/airflow/.local/lib/python3.6/site-packages/airflow/example_dags/example_branch_python_dop_operator_3.py
[2021-05-28 19:56:30,023] {scheduler_job.py:629} INFO - Processing file /home/airflow/.local/lib/python3.6/site-packages/airflow/example_dags/example_branch_python_dop_operator_3.py for tasks to queue
[2021-05-28 19:56:30,024] {logging_mixin.py:104} INFO - [2021-05-28 19:56:30,024] {dagbag.py:451} INFO - Filling up the DagBag from /home/airflow/.local/lib/python3.6/site-packages/airflow/example_dags/example_branch_python_dop_operator_3.py
[2021-05-28 19:56:30,048] {scheduler_job.py:639} INFO - DAG(s) dict_keys(['example_branch_dop_operator_v3']) retrieved from /home/airflow/.local/lib/python3.6/site-packages/airflow/example_dags/example_branch_python_dop_operator_3.py
[2021-05-28 19:56:30,081] {logging_mixin.py:104} INFO - [2021-05-28 19:56:30,081] {dag.py:1824} INFO - Sync 1 DAGs
[2021-05-28 19:56:30,114] {logging_mixin.py:104} INFO - [2021-05-28 19:56:30,114] {dag.py:2280} INFO - Setting next_dagrun for example_branch_dop_operator_v3 to 2021-05-26 00:00:00+00:00
[2021-05-28 19:56:30,131] {scheduler_job.py:190} INFO - Processing /home/airflow/.local/lib/python3.6/site-packages/airflow/example_dags/example_branch_python_dop_operator_3.py took 0.113 seconds
[2021-05-28 19:57:00,509] {scheduler_job.py:182} INFO - Started process (PID=342) to work on /home/airflow/.local/lib/python3.6/site-packages/airflow/example_dags/example_branch_python_dop_operator_3.py
[2021-05-28 19:57:00,513] {scheduler_job.py:629} INFO - Processing file /home/airflow/.local/lib/python3.6/site-packages/airflow/example_dags/example_branch_python_dop_operator_3.py for tasks to queue
[2021-05-28 19:57:00,516] {logging_mixin.py:104} INFO - [2021-05-28 19:57:00,516] {dagbag.py:451} INFO - Filling up the DagBag from /home/airflow/.local/lib/python3.6/site-packages/airflow/example_dags/example_branch_python_dop_operator_3.py
[2021-05-28 19:57:00,564] {scheduler_job.py:639} INFO - DAG(s) dict_keys(['example_branch_dop_operator_v3']) retrieved from /home/airflow/.local/lib/python3.6/site-packages/airflow/example_dags/example_branch_python_dop_operator_3.py
[2021-05-28 19:57:00,615] {logging_mixin.py:104} INFO - [2021-05-28 19:57:00,615] {dag.py:1824} INFO - Sync 1 DAGs
[2021-05-28 19:57:00,689] {logging_mixin.py:104} INFO - [2021-05-28 19:57:00,689] {dag.py:2280} INFO - Setting next_dagrun for example_branch_dop_operator_v3 to 2021-05-26 00:00:00+00:00
[2021-05-28 19:57:00,719] {scheduler_job.py:190} INFO - Processing /home/airflow/.local/lib/python3.6/site-packages/airflow/example_dags/example_branch_python_dop_operator_3.py took 0.219 seconds
[2021-05-28 19:57:30,853] {scheduler_job.py:182} INFO - Started process (PID=369) to work on /home/airflow/.local/lib/python3.6/site-packages/airflow/example_dags/example_branch_python_dop_operator_3.py
[2021-05-28 19:57:30,856] {scheduler_job.py:629} INFO - Processing file /home/airflow/.local/lib/python3.6/site-packages/airflow/example_dags/example_branch_python_dop_operator_3.py for tasks to queue
[2021-05-28 19:57:30,859] {logging_mixin.py:104} INFO - [2021-05-28 19:57:30,859] {dagbag.py:451} INFO - Filling up the DagBag from /home/airflow/.local/lib/python3.6/site-packages/airflow/example_dags/example_branch_python_dop_operator_3.py
[2021-05-28 19:57:30,907] {scheduler_job.py:639} INFO - DAG(s) dict_keys(['example_branch_dop_operator_v3']) retrieved from /home/airflow/.local/lib/python3.6/site-packages/airflow/example_dags/example_branch_python_dop_operator_3.py
[2021-05-28 19:57:30,956] {logging_mixin.py:104} INFO - [2021-05-28 19:57:30,956] {dag.py:1824} INFO - Sync 1 DAGs
[2021-05-28 19:57:31,034] {logging_mixin.py:104} INFO - [2021-05-28 19:57:31,033] {dag.py:2280} INFO - Setting next_dagrun for example_branch_dop_operator_v3 to 2021-05-26 00:00:00+00:00
[2021-05-28 19:57:31,068] {scheduler_job.py:190} INFO - Processing /home/airflow/.local/lib/python3.6/site-packages/airflow/example_dags/example_branch_python_dop_operator_3.py took 0.224 seconds
[2021-05-28 19:58:01,491] {scheduler_job.py:182} INFO - Started process (PID=396) to work on /home/airflow/.local/lib/python3.6/site-packages/airflow/example_dags/example_branch_python_dop_operator_3.py
[2021-05-28 19:58:01,496] {scheduler_job.py:629} INFO - Processing file /home/airflow/.local/lib/python3.6/site-packages/airflow/example_dags/example_branch_python_dop_operator_3.py for tasks to queue
[2021-05-28 19:58:01,499] {logging_mixin.py:104} INFO - [2021-05-28 19:58:01,498] {dagbag.py:451} INFO - Filling up the DagBag from /home/airflow/.local/lib/python3.6/site-packages/airflow/example_dags/example_branch_python_dop_operator_3.py
[2021-05-28 19:58:01,556] {scheduler_job.py:639} INFO - DAG(s) dict_keys(['example_branch_dop_operator_v3']) retrieved from /home/airflow/.local/lib/python3.6/site-packages/airflow/example_dags/example_branch_python_dop_operator_3.py
[2021-05-28 19:58:01,584] {logging_mixin.py:104} INFO - [2021-05-28 19:58:01,584] {dag.py:1824} INFO - Sync 1 DAGs
[2021-05-28 19:58:01,619] {logging_mixin.py:104} INFO - [2021-05-28 19:58:01,619] {dag.py:2280} INFO - Setting next_dagrun for example_branch_dop_operator_v3 to 2021-05-26 00:00:00+00:00
[2021-05-28 19:58:01,634] {scheduler_job.py:190} INFO - Processing /home/airflow/.local/lib/python3.6/site-packages/airflow/example_dags/example_branch_python_dop_operator_3.py took 0.156 seconds
[2021-05-28 19:58:32,238] {scheduler_job.py:182} INFO - Started process (PID=423) to work on /home/airflow/.local/lib/python3.6/site-packages/airflow/example_dags/example_branch_python_dop_operator_3.py
[2021-05-28 19:58:32,250] {scheduler_job.py:629} INFO - Processing file /home/airflow/.local/lib/python3.6/site-packages/airflow/example_dags/example_branch_python_dop_operator_3.py for tasks to queue
[2021-05-28 19:58:32,252] {logging_mixin.py:104} INFO - [2021-05-28 19:58:32,252] {dagbag.py:451} INFO - Filling up the DagBag from /home/airflow/.local/lib/python3.6/site-packages/airflow/example_dags/example_branch_python_dop_operator_3.py
[2021-05-28 19:58:32,271] {scheduler_job.py:639} INFO - DAG(s) dict_keys(['example_branch_dop_operator_v3']) retrieved from /home/airflow/.local/lib/python3.6/site-packages/airflow/example_dags/example_branch_python_dop_operator_3.py
[2021-05-28 19:58:32,299] {logging_mixin.py:104} INFO - [2021-05-28 19:58:32,299] {dag.py:1824} INFO - Sync 1 DAGs
[2021-05-28 19:58:32,339] {logging_mixin.py:104} INFO - [2021-05-28 19:58:32,339] {dag.py:2280} INFO - Setting next_dagrun for example_branch_dop_operator_v3 to 2021-05-26 00:00:00+00:00
[2021-05-28 19:58:32,353] {scheduler_job.py:190} INFO - Processing /home/airflow/.local/lib/python3.6/site-packages/airflow/example_dags/example_branch_python_dop_operator_3.py took 0.122 seconds
[2021-05-28 19:59:02,482] {scheduler_job.py:182} INFO - Started process (PID=450) to work on /home/airflow/.local/lib/python3.6/site-packages/airflow/example_dags/example_branch_python_dop_operator_3.py
[2021-05-28 19:59:02,486] {scheduler_job.py:629} INFO - Processing file /home/airflow/.local/lib/python3.6/site-packages/airflow/example_dags/example_branch_python_dop_operator_3.py for tasks to queue
[2021-05-28 19:59:02,488] {logging_mixin.py:104} INFO - [2021-05-28 19:59:02,487] {dagbag.py:451} INFO - Filling up the DagBag from /home/airflow/.local/lib/python3.6/site-packages/airflow/example_dags/example_branch_python_dop_operator_3.py
[2021-05-28 19:59:02,523] {scheduler_job.py:639} INFO - DAG(s) dict_keys(['example_branch_dop_operator_v3']) retrieved from /home/airflow/.local/lib/python3.6/site-packages/airflow/example_dags/example_branch_python_dop_operator_3.py
[2021-05-28 19:59:02,570] {logging_mixin.py:104} INFO - [2021-05-28 19:59:02,570] {dag.py:1824} INFO - Sync 1 DAGs
[2021-05-28 19:59:02,649] {logging_mixin.py:104} INFO - [2021-05-28 19:59:02,648] {dag.py:2280} INFO - Setting next_dagrun for example_branch_dop_operator_v3 to 2021-05-26 00:00:00+00:00
[2021-05-28 19:59:02,675] {scheduler_job.py:190} INFO - Processing /home/airflow/.local/lib/python3.6/site-packages/airflow/example_dags/example_branch_python_dop_operator_3.py took 0.203 seconds
[2021-05-28 19:59:32,784] {scheduler_job.py:182} INFO - Started process (PID=477) to work on /home/airflow/.local/lib/python3.6/site-packages/airflow/example_dags/example_branch_python_dop_operator_3.py
[2021-05-28 19:59:32,787] {scheduler_job.py:629} INFO - Processing file /home/airflow/.local/lib/python3.6/site-packages/airflow/example_dags/example_branch_python_dop_operator_3.py for tasks to queue
[2021-05-28 19:59:32,787] {logging_mixin.py:104} INFO - [2021-05-28 19:59:32,787] {dagbag.py:451} INFO - Filling up the DagBag from /home/airflow/.local/lib/python3.6/site-packages/airflow/example_dags/example_branch_python_dop_operator_3.py
[2021-05-28 19:59:32,806] {scheduler_job.py:639} INFO - DAG(s) dict_keys(['example_branch_dop_operator_v3']) retrieved from /home/airflow/.local/lib/python3.6/site-packages/airflow/example_dags/example_branch_python_dop_operator_3.py
[2021-05-28 19:59:32,830] {logging_mixin.py:104} INFO - [2021-05-28 19:59:32,830] {dag.py:1824} INFO - Sync 1 DAGs
[2021-05-28 19:59:32,866] {logging_mixin.py:104} INFO - [2021-05-28 19:59:32,866] {dag.py:2280} INFO - Setting next_dagrun for example_branch_dop_operator_v3 to 2021-05-26 00:00:00+00:00
[2021-05-28 19:59:32,879] {scheduler_job.py:190} INFO - Processing /home/airflow/.local/lib/python3.6/site-packages/airflow/example_dags/example_branch_python_dop_operator_3.py took 0.099 seconds
[2021-05-28 20:00:02,937] {scheduler_job.py:182} INFO - Started process (PID=504) to work on /home/airflow/.local/lib/python3.6/site-packages/airflow/example_dags/example_branch_python_dop_operator_3.py
[2021-05-28 20:00:02,939] {scheduler_job.py:629} INFO - Processing file /home/airflow/.local/lib/python3.6/site-packages/airflow/example_dags/example_branch_python_dop_operator_3.py for tasks to queue
[2021-05-28 20:00:02,944] {logging_mixin.py:104} INFO - [2021-05-28 20:00:02,943] {dagbag.py:451} INFO - Filling up the DagBag from /home/airflow/.local/lib/python3.6/site-packages/airflow/example_dags/example_branch_python_dop_operator_3.py
[2021-05-28 20:00:02,970] {scheduler_job.py:639} INFO - DAG(s) dict_keys(['example_branch_dop_operator_v3']) retrieved from /home/airflow/.local/lib/python3.6/site-packages/airflow/example_dags/example_branch_python_dop_operator_3.py
[2021-05-28 20:00:03,007] {logging_mixin.py:104} INFO - [2021-05-28 20:00:03,007] {dag.py:1824} INFO - Sync 1 DAGs
[2021-05-28 20:00:03,072] {logging_mixin.py:104} INFO - [2021-05-28 20:00:03,071] {dag.py:2280} INFO - Setting next_dagrun for example_branch_dop_operator_v3 to 2021-05-26 00:00:00+00:00
[2021-05-28 20:00:03,090] {scheduler_job.py:190} INFO - Processing /home/airflow/.local/lib/python3.6/site-packages/airflow/example_dags/example_branch_python_dop_operator_3.py took 0.159 seconds
