[2021-05-28 19:51:28,146] {scheduler_job.py:182} INFO - Started process (PID=56) to work on /home/airflow/.local/lib/python3.6/site-packages/airflow/example_dags/example_bash_operator.py
[2021-05-28 19:51:28,151] {scheduler_job.py:629} INFO - Processing file /home/airflow/.local/lib/python3.6/site-packages/airflow/example_dags/example_bash_operator.py for tasks to queue
[2021-05-28 19:51:28,153] {logging_mixin.py:104} INFO - [2021-05-28 19:51:28,153] {dagbag.py:451} INFO - Filling up the DagBag from /home/airflow/.local/lib/python3.6/site-packages/airflow/example_dags/example_bash_operator.py
[2021-05-28 19:51:28,238] {scheduler_job.py:639} INFO - DAG(s) dict_keys(['example_bash_operator']) retrieved from /home/airflow/.local/lib/python3.6/site-packages/airflow/example_dags/example_bash_operator.py
[2021-05-28 19:51:28,339] {logging_mixin.py:104} INFO - [2021-05-28 19:51:28,338] {dag.py:1824} INFO - Sync 1 DAGs
[2021-05-28 19:51:28,450] {logging_mixin.py:104} INFO - [2021-05-28 19:51:28,449] {dag.py:2280} INFO - Setting next_dagrun for example_bash_operator to 2021-05-26 00:00:00+00:00
[2021-05-28 19:51:28,578] {scheduler_job.py:190} INFO - Processing /home/airflow/.local/lib/python3.6/site-packages/airflow/example_dags/example_bash_operator.py took 0.440 seconds
[2021-05-28 19:51:59,556] {scheduler_job.py:182} INFO - Started process (PID=83) to work on /home/airflow/.local/lib/python3.6/site-packages/airflow/example_dags/example_bash_operator.py
[2021-05-28 19:51:59,564] {scheduler_job.py:629} INFO - Processing file /home/airflow/.local/lib/python3.6/site-packages/airflow/example_dags/example_bash_operator.py for tasks to queue
[2021-05-28 19:51:59,567] {logging_mixin.py:104} INFO - [2021-05-28 19:51:59,566] {dagbag.py:451} INFO - Filling up the DagBag from /home/airflow/.local/lib/python3.6/site-packages/airflow/example_dags/example_bash_operator.py
[2021-05-28 19:51:59,605] {scheduler_job.py:639} INFO - DAG(s) dict_keys(['example_bash_operator']) retrieved from /home/airflow/.local/lib/python3.6/site-packages/airflow/example_dags/example_bash_operator.py
[2021-05-28 19:51:59,680] {logging_mixin.py:104} INFO - [2021-05-28 19:51:59,680] {dag.py:1824} INFO - Sync 1 DAGs
[2021-05-28 19:51:59,758] {logging_mixin.py:104} INFO - [2021-05-28 19:51:59,758] {dag.py:2280} INFO - Setting next_dagrun for example_bash_operator to 2021-05-26 00:00:00+00:00
[2021-05-28 19:51:59,793] {scheduler_job.py:190} INFO - Processing /home/airflow/.local/lib/python3.6/site-packages/airflow/example_dags/example_bash_operator.py took 0.255 seconds
[2021-05-28 19:52:30,615] {scheduler_job.py:182} INFO - Started process (PID=110) to work on /home/airflow/.local/lib/python3.6/site-packages/airflow/example_dags/example_bash_operator.py
[2021-05-28 19:52:30,619] {scheduler_job.py:629} INFO - Processing file /home/airflow/.local/lib/python3.6/site-packages/airflow/example_dags/example_bash_operator.py for tasks to queue
[2021-05-28 19:52:30,621] {logging_mixin.py:104} INFO - [2021-05-28 19:52:30,620] {dagbag.py:451} INFO - Filling up the DagBag from /home/airflow/.local/lib/python3.6/site-packages/airflow/example_dags/example_bash_operator.py
[2021-05-28 19:52:30,651] {scheduler_job.py:639} INFO - DAG(s) dict_keys(['example_bash_operator']) retrieved from /home/airflow/.local/lib/python3.6/site-packages/airflow/example_dags/example_bash_operator.py
[2021-05-28 19:52:30,690] {logging_mixin.py:104} INFO - [2021-05-28 19:52:30,690] {dag.py:1824} INFO - Sync 1 DAGs
[2021-05-28 19:52:30,770] {logging_mixin.py:104} INFO - [2021-05-28 19:52:30,769] {dag.py:2280} INFO - Setting next_dagrun for example_bash_operator to 2021-05-26 00:00:00+00:00
[2021-05-28 19:52:30,789] {scheduler_job.py:190} INFO - Processing /home/airflow/.local/lib/python3.6/site-packages/airflow/example_dags/example_bash_operator.py took 0.181 seconds
[2021-05-28 19:53:01,595] {scheduler_job.py:182} INFO - Started process (PID=137) to work on /home/airflow/.local/lib/python3.6/site-packages/airflow/example_dags/example_bash_operator.py
[2021-05-28 19:53:01,599] {scheduler_job.py:629} INFO - Processing file /home/airflow/.local/lib/python3.6/site-packages/airflow/example_dags/example_bash_operator.py for tasks to queue
[2021-05-28 19:53:01,604] {logging_mixin.py:104} INFO - [2021-05-28 19:53:01,604] {dagbag.py:451} INFO - Filling up the DagBag from /home/airflow/.local/lib/python3.6/site-packages/airflow/example_dags/example_bash_operator.py
[2021-05-28 19:53:01,675] {scheduler_job.py:639} INFO - DAG(s) dict_keys(['example_bash_operator']) retrieved from /home/airflow/.local/lib/python3.6/site-packages/airflow/example_dags/example_bash_operator.py
[2021-05-28 19:53:01,726] {logging_mixin.py:104} INFO - [2021-05-28 19:53:01,726] {dag.py:1824} INFO - Sync 1 DAGs
[2021-05-28 19:53:01,838] {logging_mixin.py:104} INFO - [2021-05-28 19:53:01,837] {dag.py:2280} INFO - Setting next_dagrun for example_bash_operator to 2021-05-26 00:00:00+00:00
[2021-05-28 19:53:01,881] {scheduler_job.py:190} INFO - Processing /home/airflow/.local/lib/python3.6/site-packages/airflow/example_dags/example_bash_operator.py took 0.293 seconds
[2021-05-28 19:53:32,003] {scheduler_job.py:182} INFO - Started process (PID=163) to work on /home/airflow/.local/lib/python3.6/site-packages/airflow/example_dags/example_bash_operator.py
[2021-05-28 19:53:32,005] {scheduler_job.py:629} INFO - Processing file /home/airflow/.local/lib/python3.6/site-packages/airflow/example_dags/example_bash_operator.py for tasks to queue
[2021-05-28 19:53:32,007] {logging_mixin.py:104} INFO - [2021-05-28 19:53:32,007] {dagbag.py:451} INFO - Filling up the DagBag from /home/airflow/.local/lib/python3.6/site-packages/airflow/example_dags/example_bash_operator.py
[2021-05-28 19:53:32,028] {scheduler_job.py:639} INFO - DAG(s) dict_keys(['example_bash_operator']) retrieved from /home/airflow/.local/lib/python3.6/site-packages/airflow/example_dags/example_bash_operator.py
[2021-05-28 19:53:32,079] {logging_mixin.py:104} INFO - [2021-05-28 19:53:32,079] {dag.py:1824} INFO - Sync 1 DAGs
[2021-05-28 19:53:32,132] {logging_mixin.py:104} INFO - [2021-05-28 19:53:32,131] {dag.py:2280} INFO - Setting next_dagrun for example_bash_operator to 2021-05-26 00:00:00+00:00
[2021-05-28 19:53:32,182] {scheduler_job.py:190} INFO - Processing /home/airflow/.local/lib/python3.6/site-packages/airflow/example_dags/example_bash_operator.py took 0.184 seconds
[2021-05-28 19:54:02,415] {scheduler_job.py:182} INFO - Started process (PID=190) to work on /home/airflow/.local/lib/python3.6/site-packages/airflow/example_dags/example_bash_operator.py
[2021-05-28 19:54:02,418] {scheduler_job.py:629} INFO - Processing file /home/airflow/.local/lib/python3.6/site-packages/airflow/example_dags/example_bash_operator.py for tasks to queue
[2021-05-28 19:54:02,419] {logging_mixin.py:104} INFO - [2021-05-28 19:54:02,419] {dagbag.py:451} INFO - Filling up the DagBag from /home/airflow/.local/lib/python3.6/site-packages/airflow/example_dags/example_bash_operator.py
[2021-05-28 19:54:02,441] {scheduler_job.py:639} INFO - DAG(s) dict_keys(['example_bash_operator']) retrieved from /home/airflow/.local/lib/python3.6/site-packages/airflow/example_dags/example_bash_operator.py
[2021-05-28 19:54:02,473] {logging_mixin.py:104} INFO - [2021-05-28 19:54:02,473] {dag.py:1824} INFO - Sync 1 DAGs
[2021-05-28 19:54:02,515] {logging_mixin.py:104} INFO - [2021-05-28 19:54:02,515] {dag.py:2280} INFO - Setting next_dagrun for example_bash_operator to 2021-05-26 00:00:00+00:00
[2021-05-28 19:54:02,534] {scheduler_job.py:190} INFO - Processing /home/airflow/.local/lib/python3.6/site-packages/airflow/example_dags/example_bash_operator.py took 0.125 seconds
[2021-05-28 19:54:32,849] {scheduler_job.py:182} INFO - Started process (PID=217) to work on /home/airflow/.local/lib/python3.6/site-packages/airflow/example_dags/example_bash_operator.py
[2021-05-28 19:54:32,851] {scheduler_job.py:629} INFO - Processing file /home/airflow/.local/lib/python3.6/site-packages/airflow/example_dags/example_bash_operator.py for tasks to queue
[2021-05-28 19:54:32,852] {logging_mixin.py:104} INFO - [2021-05-28 19:54:32,851] {dagbag.py:451} INFO - Filling up the DagBag from /home/airflow/.local/lib/python3.6/site-packages/airflow/example_dags/example_bash_operator.py
[2021-05-28 19:54:32,869] {scheduler_job.py:639} INFO - DAG(s) dict_keys(['example_bash_operator']) retrieved from /home/airflow/.local/lib/python3.6/site-packages/airflow/example_dags/example_bash_operator.py
[2021-05-28 19:54:32,911] {logging_mixin.py:104} INFO - [2021-05-28 19:54:32,911] {dag.py:1824} INFO - Sync 1 DAGs
[2021-05-28 19:54:32,950] {logging_mixin.py:104} INFO - [2021-05-28 19:54:32,949] {dag.py:2280} INFO - Setting next_dagrun for example_bash_operator to 2021-05-26 00:00:00+00:00
[2021-05-28 19:54:32,973] {scheduler_job.py:190} INFO - Processing /home/airflow/.local/lib/python3.6/site-packages/airflow/example_dags/example_bash_operator.py took 0.128 seconds
[2021-05-28 19:55:03,286] {scheduler_job.py:182} INFO - Started process (PID=244) to work on /home/airflow/.local/lib/python3.6/site-packages/airflow/example_dags/example_bash_operator.py
[2021-05-28 19:55:03,288] {scheduler_job.py:629} INFO - Processing file /home/airflow/.local/lib/python3.6/site-packages/airflow/example_dags/example_bash_operator.py for tasks to queue
[2021-05-28 19:55:03,290] {logging_mixin.py:104} INFO - [2021-05-28 19:55:03,289] {dagbag.py:451} INFO - Filling up the DagBag from /home/airflow/.local/lib/python3.6/site-packages/airflow/example_dags/example_bash_operator.py
[2021-05-28 19:55:03,316] {scheduler_job.py:639} INFO - DAG(s) dict_keys(['example_bash_operator']) retrieved from /home/airflow/.local/lib/python3.6/site-packages/airflow/example_dags/example_bash_operator.py
[2021-05-28 19:55:03,366] {logging_mixin.py:104} INFO - [2021-05-28 19:55:03,365] {dag.py:1824} INFO - Sync 1 DAGs
[2021-05-28 19:55:03,405] {logging_mixin.py:104} INFO - [2021-05-28 19:55:03,404] {dag.py:2280} INFO - Setting next_dagrun for example_bash_operator to 2021-05-26 00:00:00+00:00
[2021-05-28 19:55:03,423] {scheduler_job.py:190} INFO - Processing /home/airflow/.local/lib/python3.6/site-packages/airflow/example_dags/example_bash_operator.py took 0.143 seconds
[2021-05-28 19:55:33,815] {scheduler_job.py:182} INFO - Started process (PID=271) to work on /home/airflow/.local/lib/python3.6/site-packages/airflow/example_dags/example_bash_operator.py
[2021-05-28 19:55:33,817] {scheduler_job.py:629} INFO - Processing file /home/airflow/.local/lib/python3.6/site-packages/airflow/example_dags/example_bash_operator.py for tasks to queue
[2021-05-28 19:55:33,819] {logging_mixin.py:104} INFO - [2021-05-28 19:55:33,819] {dagbag.py:451} INFO - Filling up the DagBag from /home/airflow/.local/lib/python3.6/site-packages/airflow/example_dags/example_bash_operator.py
[2021-05-28 19:55:33,851] {scheduler_job.py:639} INFO - DAG(s) dict_keys(['example_bash_operator']) retrieved from /home/airflow/.local/lib/python3.6/site-packages/airflow/example_dags/example_bash_operator.py
[2021-05-28 19:55:33,889] {logging_mixin.py:104} INFO - [2021-05-28 19:55:33,889] {dag.py:1824} INFO - Sync 1 DAGs
[2021-05-28 19:55:33,924] {logging_mixin.py:104} INFO - [2021-05-28 19:55:33,924] {dag.py:2280} INFO - Setting next_dagrun for example_bash_operator to 2021-05-26 00:00:00+00:00
[2021-05-28 19:55:33,947] {scheduler_job.py:190} INFO - Processing /home/airflow/.local/lib/python3.6/site-packages/airflow/example_dags/example_bash_operator.py took 0.141 seconds
[2021-05-28 19:56:04,110] {scheduler_job.py:182} INFO - Started process (PID=298) to work on /home/airflow/.local/lib/python3.6/site-packages/airflow/example_dags/example_bash_operator.py
[2021-05-28 19:56:04,114] {scheduler_job.py:629} INFO - Processing file /home/airflow/.local/lib/python3.6/site-packages/airflow/example_dags/example_bash_operator.py for tasks to queue
[2021-05-28 19:56:04,117] {logging_mixin.py:104} INFO - [2021-05-28 19:56:04,117] {dagbag.py:451} INFO - Filling up the DagBag from /home/airflow/.local/lib/python3.6/site-packages/airflow/example_dags/example_bash_operator.py
[2021-05-28 19:56:04,150] {scheduler_job.py:639} INFO - DAG(s) dict_keys(['example_bash_operator']) retrieved from /home/airflow/.local/lib/python3.6/site-packages/airflow/example_dags/example_bash_operator.py
[2021-05-28 19:56:04,187] {logging_mixin.py:104} INFO - [2021-05-28 19:56:04,187] {dag.py:1824} INFO - Sync 1 DAGs
[2021-05-28 19:56:04,219] {logging_mixin.py:104} INFO - [2021-05-28 19:56:04,219] {dag.py:2280} INFO - Setting next_dagrun for example_bash_operator to 2021-05-26 00:00:00+00:00
[2021-05-28 19:56:04,243] {scheduler_job.py:190} INFO - Processing /home/airflow/.local/lib/python3.6/site-packages/airflow/example_dags/example_bash_operator.py took 0.142 seconds
[2021-05-28 19:56:34,884] {scheduler_job.py:182} INFO - Started process (PID=325) to work on /home/airflow/.local/lib/python3.6/site-packages/airflow/example_dags/example_bash_operator.py
[2021-05-28 19:56:34,887] {scheduler_job.py:629} INFO - Processing file /home/airflow/.local/lib/python3.6/site-packages/airflow/example_dags/example_bash_operator.py for tasks to queue
[2021-05-28 19:56:34,889] {logging_mixin.py:104} INFO - [2021-05-28 19:56:34,889] {dagbag.py:451} INFO - Filling up the DagBag from /home/airflow/.local/lib/python3.6/site-packages/airflow/example_dags/example_bash_operator.py
[2021-05-28 19:56:34,919] {scheduler_job.py:639} INFO - DAG(s) dict_keys(['example_bash_operator']) retrieved from /home/airflow/.local/lib/python3.6/site-packages/airflow/example_dags/example_bash_operator.py
[2021-05-28 19:56:34,954] {logging_mixin.py:104} INFO - [2021-05-28 19:56:34,954] {dag.py:1824} INFO - Sync 1 DAGs
[2021-05-28 19:56:34,990] {logging_mixin.py:104} INFO - [2021-05-28 19:56:34,989] {dag.py:2280} INFO - Setting next_dagrun for example_bash_operator to 2021-05-26 00:00:00+00:00
[2021-05-28 19:56:35,007] {scheduler_job.py:190} INFO - Processing /home/airflow/.local/lib/python3.6/site-packages/airflow/example_dags/example_bash_operator.py took 0.129 seconds
[2021-05-28 19:57:05,254] {scheduler_job.py:182} INFO - Started process (PID=352) to work on /home/airflow/.local/lib/python3.6/site-packages/airflow/example_dags/example_bash_operator.py
[2021-05-28 19:57:05,258] {scheduler_job.py:629} INFO - Processing file /home/airflow/.local/lib/python3.6/site-packages/airflow/example_dags/example_bash_operator.py for tasks to queue
[2021-05-28 19:57:05,260] {logging_mixin.py:104} INFO - [2021-05-28 19:57:05,260] {dagbag.py:451} INFO - Filling up the DagBag from /home/airflow/.local/lib/python3.6/site-packages/airflow/example_dags/example_bash_operator.py
[2021-05-28 19:57:05,293] {scheduler_job.py:639} INFO - DAG(s) dict_keys(['example_bash_operator']) retrieved from /home/airflow/.local/lib/python3.6/site-packages/airflow/example_dags/example_bash_operator.py
[2021-05-28 19:57:05,318] {logging_mixin.py:104} INFO - [2021-05-28 19:57:05,318] {dag.py:1824} INFO - Sync 1 DAGs
[2021-05-28 19:57:05,354] {logging_mixin.py:104} INFO - [2021-05-28 19:57:05,353] {dag.py:2280} INFO - Setting next_dagrun for example_bash_operator to 2021-05-26 00:00:00+00:00
[2021-05-28 19:57:05,381] {scheduler_job.py:190} INFO - Processing /home/airflow/.local/lib/python3.6/site-packages/airflow/example_dags/example_bash_operator.py took 0.136 seconds
[2021-05-28 19:57:35,989] {scheduler_job.py:182} INFO - Started process (PID=379) to work on /home/airflow/.local/lib/python3.6/site-packages/airflow/example_dags/example_bash_operator.py
[2021-05-28 19:57:35,991] {scheduler_job.py:629} INFO - Processing file /home/airflow/.local/lib/python3.6/site-packages/airflow/example_dags/example_bash_operator.py for tasks to queue
[2021-05-28 19:57:35,993] {logging_mixin.py:104} INFO - [2021-05-28 19:57:35,993] {dagbag.py:451} INFO - Filling up the DagBag from /home/airflow/.local/lib/python3.6/site-packages/airflow/example_dags/example_bash_operator.py
[2021-05-28 19:57:36,022] {scheduler_job.py:639} INFO - DAG(s) dict_keys(['example_bash_operator']) retrieved from /home/airflow/.local/lib/python3.6/site-packages/airflow/example_dags/example_bash_operator.py
[2021-05-28 19:57:36,057] {logging_mixin.py:104} INFO - [2021-05-28 19:57:36,057] {dag.py:1824} INFO - Sync 1 DAGs
[2021-05-28 19:57:36,086] {logging_mixin.py:104} INFO - [2021-05-28 19:57:36,086] {dag.py:2280} INFO - Setting next_dagrun for example_bash_operator to 2021-05-26 00:00:00+00:00
[2021-05-28 19:57:36,104] {scheduler_job.py:190} INFO - Processing /home/airflow/.local/lib/python3.6/site-packages/airflow/example_dags/example_bash_operator.py took 0.120 seconds
[2021-05-28 19:58:06,474] {scheduler_job.py:182} INFO - Started process (PID=406) to work on /home/airflow/.local/lib/python3.6/site-packages/airflow/example_dags/example_bash_operator.py
[2021-05-28 19:58:06,477] {scheduler_job.py:629} INFO - Processing file /home/airflow/.local/lib/python3.6/site-packages/airflow/example_dags/example_bash_operator.py for tasks to queue
[2021-05-28 19:58:06,478] {logging_mixin.py:104} INFO - [2021-05-28 19:58:06,478] {dagbag.py:451} INFO - Filling up the DagBag from /home/airflow/.local/lib/python3.6/site-packages/airflow/example_dags/example_bash_operator.py
[2021-05-28 19:58:06,508] {scheduler_job.py:639} INFO - DAG(s) dict_keys(['example_bash_operator']) retrieved from /home/airflow/.local/lib/python3.6/site-packages/airflow/example_dags/example_bash_operator.py
[2021-05-28 19:58:06,537] {logging_mixin.py:104} INFO - [2021-05-28 19:58:06,537] {dag.py:1824} INFO - Sync 1 DAGs
[2021-05-28 19:58:06,578] {logging_mixin.py:104} INFO - [2021-05-28 19:58:06,578] {dag.py:2280} INFO - Setting next_dagrun for example_bash_operator to 2021-05-26 00:00:00+00:00
[2021-05-28 19:58:06,595] {scheduler_job.py:190} INFO - Processing /home/airflow/.local/lib/python3.6/site-packages/airflow/example_dags/example_bash_operator.py took 0.127 seconds
[2021-05-28 19:58:37,205] {scheduler_job.py:182} INFO - Started process (PID=433) to work on /home/airflow/.local/lib/python3.6/site-packages/airflow/example_dags/example_bash_operator.py
[2021-05-28 19:58:37,218] {scheduler_job.py:629} INFO - Processing file /home/airflow/.local/lib/python3.6/site-packages/airflow/example_dags/example_bash_operator.py for tasks to queue
[2021-05-28 19:58:37,223] {logging_mixin.py:104} INFO - [2021-05-28 19:58:37,223] {dagbag.py:451} INFO - Filling up the DagBag from /home/airflow/.local/lib/python3.6/site-packages/airflow/example_dags/example_bash_operator.py
[2021-05-28 19:58:37,246] {scheduler_job.py:639} INFO - DAG(s) dict_keys(['example_bash_operator']) retrieved from /home/airflow/.local/lib/python3.6/site-packages/airflow/example_dags/example_bash_operator.py
[2021-05-28 19:58:37,282] {logging_mixin.py:104} INFO - [2021-05-28 19:58:37,282] {dag.py:1824} INFO - Sync 1 DAGs
[2021-05-28 19:58:37,327] {logging_mixin.py:104} INFO - [2021-05-28 19:58:37,327] {dag.py:2280} INFO - Setting next_dagrun for example_bash_operator to 2021-05-26 00:00:00+00:00
[2021-05-28 19:58:37,344] {scheduler_job.py:190} INFO - Processing /home/airflow/.local/lib/python3.6/site-packages/airflow/example_dags/example_bash_operator.py took 0.149 seconds
[2021-05-28 19:59:08,250] {scheduler_job.py:182} INFO - Started process (PID=460) to work on /home/airflow/.local/lib/python3.6/site-packages/airflow/example_dags/example_bash_operator.py
[2021-05-28 19:59:08,253] {scheduler_job.py:629} INFO - Processing file /home/airflow/.local/lib/python3.6/site-packages/airflow/example_dags/example_bash_operator.py for tasks to queue
[2021-05-28 19:59:08,255] {logging_mixin.py:104} INFO - [2021-05-28 19:59:08,255] {dagbag.py:451} INFO - Filling up the DagBag from /home/airflow/.local/lib/python3.6/site-packages/airflow/example_dags/example_bash_operator.py
[2021-05-28 19:59:08,286] {scheduler_job.py:639} INFO - DAG(s) dict_keys(['example_bash_operator']) retrieved from /home/airflow/.local/lib/python3.6/site-packages/airflow/example_dags/example_bash_operator.py
[2021-05-28 19:59:08,350] {logging_mixin.py:104} INFO - [2021-05-28 19:59:08,350] {dag.py:1824} INFO - Sync 1 DAGs
[2021-05-28 19:59:08,385] {logging_mixin.py:104} INFO - [2021-05-28 19:59:08,385] {dag.py:2280} INFO - Setting next_dagrun for example_bash_operator to 2021-05-26 00:00:00+00:00
[2021-05-28 19:59:08,399] {scheduler_job.py:190} INFO - Processing /home/airflow/.local/lib/python3.6/site-packages/airflow/example_dags/example_bash_operator.py took 0.161 seconds
[2021-05-28 19:59:38,478] {scheduler_job.py:182} INFO - Started process (PID=487) to work on /home/airflow/.local/lib/python3.6/site-packages/airflow/example_dags/example_bash_operator.py
[2021-05-28 19:59:38,479] {scheduler_job.py:629} INFO - Processing file /home/airflow/.local/lib/python3.6/site-packages/airflow/example_dags/example_bash_operator.py for tasks to queue
[2021-05-28 19:59:38,481] {logging_mixin.py:104} INFO - [2021-05-28 19:59:38,480] {dagbag.py:451} INFO - Filling up the DagBag from /home/airflow/.local/lib/python3.6/site-packages/airflow/example_dags/example_bash_operator.py
[2021-05-28 19:59:38,498] {scheduler_job.py:639} INFO - DAG(s) dict_keys(['example_bash_operator']) retrieved from /home/airflow/.local/lib/python3.6/site-packages/airflow/example_dags/example_bash_operator.py
[2021-05-28 19:59:38,521] {logging_mixin.py:104} INFO - [2021-05-28 19:59:38,521] {dag.py:1824} INFO - Sync 1 DAGs
[2021-05-28 19:59:38,547] {logging_mixin.py:104} INFO - [2021-05-28 19:59:38,547] {dag.py:2280} INFO - Setting next_dagrun for example_bash_operator to 2021-05-26 00:00:00+00:00
[2021-05-28 19:59:38,560] {scheduler_job.py:190} INFO - Processing /home/airflow/.local/lib/python3.6/site-packages/airflow/example_dags/example_bash_operator.py took 0.086 seconds
[2021-05-28 20:00:09,027] {scheduler_job.py:182} INFO - Started process (PID=514) to work on /home/airflow/.local/lib/python3.6/site-packages/airflow/example_dags/example_bash_operator.py
[2021-05-28 20:00:09,029] {scheduler_job.py:629} INFO - Processing file /home/airflow/.local/lib/python3.6/site-packages/airflow/example_dags/example_bash_operator.py for tasks to queue
[2021-05-28 20:00:09,031] {logging_mixin.py:104} INFO - [2021-05-28 20:00:09,031] {dagbag.py:451} INFO - Filling up the DagBag from /home/airflow/.local/lib/python3.6/site-packages/airflow/example_dags/example_bash_operator.py
[2021-05-28 20:00:09,070] {scheduler_job.py:639} INFO - DAG(s) dict_keys(['example_bash_operator']) retrieved from /home/airflow/.local/lib/python3.6/site-packages/airflow/example_dags/example_bash_operator.py
[2021-05-28 20:00:09,113] {logging_mixin.py:104} INFO - [2021-05-28 20:00:09,113] {dag.py:1824} INFO - Sync 1 DAGs
[2021-05-28 20:00:09,166] {logging_mixin.py:104} INFO - [2021-05-28 20:00:09,165] {dag.py:2280} INFO - Setting next_dagrun for example_bash_operator to 2021-05-26 00:00:00+00:00
[2021-05-28 20:00:09,228] {scheduler_job.py:190} INFO - Processing /home/airflow/.local/lib/python3.6/site-packages/airflow/example_dags/example_bash_operator.py took 0.209 seconds
