[2021-05-28 19:51:26,997] {scheduler_job.py:182} INFO - Started process (PID=53) to work on /home/airflow/.local/lib/python3.6/site-packages/airflow/example_dags/example_task_group.py
[2021-05-28 19:51:27,000] {scheduler_job.py:629} INFO - Processing file /home/airflow/.local/lib/python3.6/site-packages/airflow/example_dags/example_task_group.py for tasks to queue
[2021-05-28 19:51:27,029] {logging_mixin.py:104} INFO - [2021-05-28 19:51:27,029] {dagbag.py:451} INFO - Filling up the DagBag from /home/airflow/.local/lib/python3.6/site-packages/airflow/example_dags/example_task_group.py
[2021-05-28 19:51:27,645] {scheduler_job.py:639} INFO - DAG(s) dict_keys(['example_task_group']) retrieved from /home/airflow/.local/lib/python3.6/site-packages/airflow/example_dags/example_task_group.py
[2021-05-28 19:51:27,771] {logging_mixin.py:104} INFO - [2021-05-28 19:51:27,770] {dag.py:1824} INFO - Sync 1 DAGs
[2021-05-28 19:51:27,862] {logging_mixin.py:104} INFO - [2021-05-28 19:51:27,862] {dag.py:2280} INFO - Setting next_dagrun for example_task_group to 2021-05-26 00:00:00+00:00
[2021-05-28 19:51:27,913] {scheduler_job.py:190} INFO - Processing /home/airflow/.local/lib/python3.6/site-packages/airflow/example_dags/example_task_group.py took 0.946 seconds
[2021-05-28 19:51:58,210] {scheduler_job.py:182} INFO - Started process (PID=80) to work on /home/airflow/.local/lib/python3.6/site-packages/airflow/example_dags/example_task_group.py
[2021-05-28 19:51:58,217] {scheduler_job.py:629} INFO - Processing file /home/airflow/.local/lib/python3.6/site-packages/airflow/example_dags/example_task_group.py for tasks to queue
[2021-05-28 19:51:58,220] {logging_mixin.py:104} INFO - [2021-05-28 19:51:58,220] {dagbag.py:451} INFO - Filling up the DagBag from /home/airflow/.local/lib/python3.6/site-packages/airflow/example_dags/example_task_group.py
[2021-05-28 19:51:58,266] {scheduler_job.py:639} INFO - DAG(s) dict_keys(['example_task_group']) retrieved from /home/airflow/.local/lib/python3.6/site-packages/airflow/example_dags/example_task_group.py
[2021-05-28 19:51:58,341] {logging_mixin.py:104} INFO - [2021-05-28 19:51:58,341] {dag.py:1824} INFO - Sync 1 DAGs
[2021-05-28 19:51:58,406] {logging_mixin.py:104} INFO - [2021-05-28 19:51:58,405] {dag.py:2280} INFO - Setting next_dagrun for example_task_group to 2021-05-26 00:00:00+00:00
[2021-05-28 19:51:58,502] {scheduler_job.py:190} INFO - Processing /home/airflow/.local/lib/python3.6/site-packages/airflow/example_dags/example_task_group.py took 0.299 seconds
[2021-05-28 19:52:29,272] {scheduler_job.py:182} INFO - Started process (PID=107) to work on /home/airflow/.local/lib/python3.6/site-packages/airflow/example_dags/example_task_group.py
[2021-05-28 19:52:29,305] {scheduler_job.py:629} INFO - Processing file /home/airflow/.local/lib/python3.6/site-packages/airflow/example_dags/example_task_group.py for tasks to queue
[2021-05-28 19:52:29,310] {logging_mixin.py:104} INFO - [2021-05-28 19:52:29,309] {dagbag.py:451} INFO - Filling up the DagBag from /home/airflow/.local/lib/python3.6/site-packages/airflow/example_dags/example_task_group.py
[2021-05-28 19:52:29,363] {scheduler_job.py:639} INFO - DAG(s) dict_keys(['example_task_group']) retrieved from /home/airflow/.local/lib/python3.6/site-packages/airflow/example_dags/example_task_group.py
[2021-05-28 19:52:29,459] {logging_mixin.py:104} INFO - [2021-05-28 19:52:29,458] {dag.py:1824} INFO - Sync 1 DAGs
[2021-05-28 19:52:29,531] {logging_mixin.py:104} INFO - [2021-05-28 19:52:29,531] {dag.py:2280} INFO - Setting next_dagrun for example_task_group to 2021-05-26 00:00:00+00:00
[2021-05-28 19:52:29,559] {scheduler_job.py:190} INFO - Processing /home/airflow/.local/lib/python3.6/site-packages/airflow/example_dags/example_task_group.py took 0.293 seconds
[2021-05-28 19:53:00,148] {scheduler_job.py:182} INFO - Started process (PID=134) to work on /home/airflow/.local/lib/python3.6/site-packages/airflow/example_dags/example_task_group.py
[2021-05-28 19:53:00,151] {scheduler_job.py:629} INFO - Processing file /home/airflow/.local/lib/python3.6/site-packages/airflow/example_dags/example_task_group.py for tasks to queue
[2021-05-28 19:53:00,157] {logging_mixin.py:104} INFO - [2021-05-28 19:53:00,157] {dagbag.py:451} INFO - Filling up the DagBag from /home/airflow/.local/lib/python3.6/site-packages/airflow/example_dags/example_task_group.py
[2021-05-28 19:53:00,213] {scheduler_job.py:639} INFO - DAG(s) dict_keys(['example_task_group']) retrieved from /home/airflow/.local/lib/python3.6/site-packages/airflow/example_dags/example_task_group.py
[2021-05-28 19:53:00,336] {logging_mixin.py:104} INFO - [2021-05-28 19:53:00,336] {dag.py:1824} INFO - Sync 1 DAGs
[2021-05-28 19:53:00,439] {logging_mixin.py:104} INFO - [2021-05-28 19:53:00,437] {dag.py:2280} INFO - Setting next_dagrun for example_task_group to 2021-05-26 00:00:00+00:00
[2021-05-28 19:53:00,495] {scheduler_job.py:190} INFO - Processing /home/airflow/.local/lib/python3.6/site-packages/airflow/example_dags/example_task_group.py took 0.353 seconds
[2021-05-28 19:53:30,920] {scheduler_job.py:182} INFO - Started process (PID=161) to work on /home/airflow/.local/lib/python3.6/site-packages/airflow/example_dags/example_task_group.py
[2021-05-28 19:53:30,922] {scheduler_job.py:629} INFO - Processing file /home/airflow/.local/lib/python3.6/site-packages/airflow/example_dags/example_task_group.py for tasks to queue
[2021-05-28 19:53:30,923] {logging_mixin.py:104} INFO - [2021-05-28 19:53:30,923] {dagbag.py:451} INFO - Filling up the DagBag from /home/airflow/.local/lib/python3.6/site-packages/airflow/example_dags/example_task_group.py
[2021-05-28 19:53:30,943] {scheduler_job.py:639} INFO - DAG(s) dict_keys(['example_task_group']) retrieved from /home/airflow/.local/lib/python3.6/site-packages/airflow/example_dags/example_task_group.py
[2021-05-28 19:53:30,976] {logging_mixin.py:104} INFO - [2021-05-28 19:53:30,976] {dag.py:1824} INFO - Sync 1 DAGs
[2021-05-28 19:53:31,030] {logging_mixin.py:104} INFO - [2021-05-28 19:53:31,030] {dag.py:2280} INFO - Setting next_dagrun for example_task_group to 2021-05-26 00:00:00+00:00
[2021-05-28 19:53:31,053] {scheduler_job.py:190} INFO - Processing /home/airflow/.local/lib/python3.6/site-packages/airflow/example_dags/example_task_group.py took 0.142 seconds
[2021-05-28 19:54:01,215] {scheduler_job.py:182} INFO - Started process (PID=188) to work on /home/airflow/.local/lib/python3.6/site-packages/airflow/example_dags/example_task_group.py
[2021-05-28 19:54:01,219] {scheduler_job.py:629} INFO - Processing file /home/airflow/.local/lib/python3.6/site-packages/airflow/example_dags/example_task_group.py for tasks to queue
[2021-05-28 19:54:01,221] {logging_mixin.py:104} INFO - [2021-05-28 19:54:01,221] {dagbag.py:451} INFO - Filling up the DagBag from /home/airflow/.local/lib/python3.6/site-packages/airflow/example_dags/example_task_group.py
[2021-05-28 19:54:01,249] {scheduler_job.py:639} INFO - DAG(s) dict_keys(['example_task_group']) retrieved from /home/airflow/.local/lib/python3.6/site-packages/airflow/example_dags/example_task_group.py
[2021-05-28 19:54:01,317] {logging_mixin.py:104} INFO - [2021-05-28 19:54:01,317] {dag.py:1824} INFO - Sync 1 DAGs
[2021-05-28 19:54:01,359] {logging_mixin.py:104} INFO - [2021-05-28 19:54:01,359] {dag.py:2280} INFO - Setting next_dagrun for example_task_group to 2021-05-26 00:00:00+00:00
[2021-05-28 19:54:01,378] {scheduler_job.py:190} INFO - Processing /home/airflow/.local/lib/python3.6/site-packages/airflow/example_dags/example_task_group.py took 0.170 seconds
[2021-05-28 19:54:31,605] {scheduler_job.py:182} INFO - Started process (PID=215) to work on /home/airflow/.local/lib/python3.6/site-packages/airflow/example_dags/example_task_group.py
[2021-05-28 19:54:31,610] {scheduler_job.py:629} INFO - Processing file /home/airflow/.local/lib/python3.6/site-packages/airflow/example_dags/example_task_group.py for tasks to queue
[2021-05-28 19:54:31,614] {logging_mixin.py:104} INFO - [2021-05-28 19:54:31,613] {dagbag.py:451} INFO - Filling up the DagBag from /home/airflow/.local/lib/python3.6/site-packages/airflow/example_dags/example_task_group.py
[2021-05-28 19:54:31,657] {scheduler_job.py:639} INFO - DAG(s) dict_keys(['example_task_group']) retrieved from /home/airflow/.local/lib/python3.6/site-packages/airflow/example_dags/example_task_group.py
[2021-05-28 19:54:31,723] {logging_mixin.py:104} INFO - [2021-05-28 19:54:31,723] {dag.py:1824} INFO - Sync 1 DAGs
[2021-05-28 19:54:31,782] {logging_mixin.py:104} INFO - [2021-05-28 19:54:31,782] {dag.py:2280} INFO - Setting next_dagrun for example_task_group to 2021-05-26 00:00:00+00:00
[2021-05-28 19:54:31,834] {scheduler_job.py:190} INFO - Processing /home/airflow/.local/lib/python3.6/site-packages/airflow/example_dags/example_task_group.py took 0.235 seconds
[2021-05-28 19:55:02,129] {scheduler_job.py:182} INFO - Started process (PID=242) to work on /home/airflow/.local/lib/python3.6/site-packages/airflow/example_dags/example_task_group.py
[2021-05-28 19:55:02,131] {scheduler_job.py:629} INFO - Processing file /home/airflow/.local/lib/python3.6/site-packages/airflow/example_dags/example_task_group.py for tasks to queue
[2021-05-28 19:55:02,134] {logging_mixin.py:104} INFO - [2021-05-28 19:55:02,133] {dagbag.py:451} INFO - Filling up the DagBag from /home/airflow/.local/lib/python3.6/site-packages/airflow/example_dags/example_task_group.py
[2021-05-28 19:55:02,153] {scheduler_job.py:639} INFO - DAG(s) dict_keys(['example_task_group']) retrieved from /home/airflow/.local/lib/python3.6/site-packages/airflow/example_dags/example_task_group.py
[2021-05-28 19:55:02,205] {logging_mixin.py:104} INFO - [2021-05-28 19:55:02,205] {dag.py:1824} INFO - Sync 1 DAGs
[2021-05-28 19:55:02,243] {logging_mixin.py:104} INFO - [2021-05-28 19:55:02,243] {dag.py:2280} INFO - Setting next_dagrun for example_task_group to 2021-05-26 00:00:00+00:00
[2021-05-28 19:55:02,260] {scheduler_job.py:190} INFO - Processing /home/airflow/.local/lib/python3.6/site-packages/airflow/example_dags/example_task_group.py took 0.137 seconds
[2021-05-28 19:55:32,537] {scheduler_job.py:182} INFO - Started process (PID=269) to work on /home/airflow/.local/lib/python3.6/site-packages/airflow/example_dags/example_task_group.py
[2021-05-28 19:55:32,539] {scheduler_job.py:629} INFO - Processing file /home/airflow/.local/lib/python3.6/site-packages/airflow/example_dags/example_task_group.py for tasks to queue
[2021-05-28 19:55:32,541] {logging_mixin.py:104} INFO - [2021-05-28 19:55:32,541] {dagbag.py:451} INFO - Filling up the DagBag from /home/airflow/.local/lib/python3.6/site-packages/airflow/example_dags/example_task_group.py
[2021-05-28 19:55:32,579] {scheduler_job.py:639} INFO - DAG(s) dict_keys(['example_task_group']) retrieved from /home/airflow/.local/lib/python3.6/site-packages/airflow/example_dags/example_task_group.py
[2021-05-28 19:55:32,644] {logging_mixin.py:104} INFO - [2021-05-28 19:55:32,644] {dag.py:1824} INFO - Sync 1 DAGs
[2021-05-28 19:55:32,708] {logging_mixin.py:104} INFO - [2021-05-28 19:55:32,708] {dag.py:2280} INFO - Setting next_dagrun for example_task_group to 2021-05-26 00:00:00+00:00
[2021-05-28 19:55:32,750] {scheduler_job.py:190} INFO - Processing /home/airflow/.local/lib/python3.6/site-packages/airflow/example_dags/example_task_group.py took 0.220 seconds
[2021-05-28 19:56:02,866] {scheduler_job.py:182} INFO - Started process (PID=296) to work on /home/airflow/.local/lib/python3.6/site-packages/airflow/example_dags/example_task_group.py
[2021-05-28 19:56:02,871] {scheduler_job.py:629} INFO - Processing file /home/airflow/.local/lib/python3.6/site-packages/airflow/example_dags/example_task_group.py for tasks to queue
[2021-05-28 19:56:02,875] {logging_mixin.py:104} INFO - [2021-05-28 19:56:02,875] {dagbag.py:451} INFO - Filling up the DagBag from /home/airflow/.local/lib/python3.6/site-packages/airflow/example_dags/example_task_group.py
[2021-05-28 19:56:02,920] {scheduler_job.py:639} INFO - DAG(s) dict_keys(['example_task_group']) retrieved from /home/airflow/.local/lib/python3.6/site-packages/airflow/example_dags/example_task_group.py
[2021-05-28 19:56:02,992] {logging_mixin.py:104} INFO - [2021-05-28 19:56:02,991] {dag.py:1824} INFO - Sync 1 DAGs
[2021-05-28 19:56:03,024] {logging_mixin.py:104} INFO - [2021-05-28 19:56:03,024] {dag.py:2280} INFO - Setting next_dagrun for example_task_group to 2021-05-26 00:00:00+00:00
[2021-05-28 19:56:03,055] {scheduler_job.py:190} INFO - Processing /home/airflow/.local/lib/python3.6/site-packages/airflow/example_dags/example_task_group.py took 0.204 seconds
[2021-05-28 19:56:33,658] {scheduler_job.py:182} INFO - Started process (PID=323) to work on /home/airflow/.local/lib/python3.6/site-packages/airflow/example_dags/example_task_group.py
[2021-05-28 19:56:33,663] {scheduler_job.py:629} INFO - Processing file /home/airflow/.local/lib/python3.6/site-packages/airflow/example_dags/example_task_group.py for tasks to queue
[2021-05-28 19:56:33,664] {logging_mixin.py:104} INFO - [2021-05-28 19:56:33,664] {dagbag.py:451} INFO - Filling up the DagBag from /home/airflow/.local/lib/python3.6/site-packages/airflow/example_dags/example_task_group.py
[2021-05-28 19:56:33,711] {scheduler_job.py:639} INFO - DAG(s) dict_keys(['example_task_group']) retrieved from /home/airflow/.local/lib/python3.6/site-packages/airflow/example_dags/example_task_group.py
[2021-05-28 19:56:33,752] {logging_mixin.py:104} INFO - [2021-05-28 19:56:33,752] {dag.py:1824} INFO - Sync 1 DAGs
[2021-05-28 19:56:33,796] {logging_mixin.py:104} INFO - [2021-05-28 19:56:33,796] {dag.py:2280} INFO - Setting next_dagrun for example_task_group to 2021-05-26 00:00:00+00:00
[2021-05-28 19:56:33,824] {scheduler_job.py:190} INFO - Processing /home/airflow/.local/lib/python3.6/site-packages/airflow/example_dags/example_task_group.py took 0.171 seconds
[2021-05-28 19:57:04,214] {scheduler_job.py:182} INFO - Started process (PID=350) to work on /home/airflow/.local/lib/python3.6/site-packages/airflow/example_dags/example_task_group.py
[2021-05-28 19:57:04,217] {scheduler_job.py:629} INFO - Processing file /home/airflow/.local/lib/python3.6/site-packages/airflow/example_dags/example_task_group.py for tasks to queue
[2021-05-28 19:57:04,219] {logging_mixin.py:104} INFO - [2021-05-28 19:57:04,219] {dagbag.py:451} INFO - Filling up the DagBag from /home/airflow/.local/lib/python3.6/site-packages/airflow/example_dags/example_task_group.py
[2021-05-28 19:57:04,247] {scheduler_job.py:639} INFO - DAG(s) dict_keys(['example_task_group']) retrieved from /home/airflow/.local/lib/python3.6/site-packages/airflow/example_dags/example_task_group.py
[2021-05-28 19:57:04,283] {logging_mixin.py:104} INFO - [2021-05-28 19:57:04,283] {dag.py:1824} INFO - Sync 1 DAGs
[2021-05-28 19:57:04,312] {logging_mixin.py:104} INFO - [2021-05-28 19:57:04,312] {dag.py:2280} INFO - Setting next_dagrun for example_task_group to 2021-05-26 00:00:00+00:00
[2021-05-28 19:57:04,335] {scheduler_job.py:190} INFO - Processing /home/airflow/.local/lib/python3.6/site-packages/airflow/example_dags/example_task_group.py took 0.126 seconds
[2021-05-28 19:57:34,641] {scheduler_job.py:182} INFO - Started process (PID=377) to work on /home/airflow/.local/lib/python3.6/site-packages/airflow/example_dags/example_task_group.py
[2021-05-28 19:57:34,646] {scheduler_job.py:629} INFO - Processing file /home/airflow/.local/lib/python3.6/site-packages/airflow/example_dags/example_task_group.py for tasks to queue
[2021-05-28 19:57:34,653] {logging_mixin.py:104} INFO - [2021-05-28 19:57:34,652] {dagbag.py:451} INFO - Filling up the DagBag from /home/airflow/.local/lib/python3.6/site-packages/airflow/example_dags/example_task_group.py
[2021-05-28 19:57:34,703] {scheduler_job.py:639} INFO - DAG(s) dict_keys(['example_task_group']) retrieved from /home/airflow/.local/lib/python3.6/site-packages/airflow/example_dags/example_task_group.py
[2021-05-28 19:57:34,852] {logging_mixin.py:104} INFO - [2021-05-28 19:57:34,852] {dag.py:1824} INFO - Sync 1 DAGs
[2021-05-28 19:57:34,940] {logging_mixin.py:104} INFO - [2021-05-28 19:57:34,940] {dag.py:2280} INFO - Setting next_dagrun for example_task_group to 2021-05-26 00:00:00+00:00
[2021-05-28 19:57:34,989] {scheduler_job.py:190} INFO - Processing /home/airflow/.local/lib/python3.6/site-packages/airflow/example_dags/example_task_group.py took 0.353 seconds
[2021-05-28 19:58:05,231] {scheduler_job.py:182} INFO - Started process (PID=404) to work on /home/airflow/.local/lib/python3.6/site-packages/airflow/example_dags/example_task_group.py
[2021-05-28 19:58:05,234] {scheduler_job.py:629} INFO - Processing file /home/airflow/.local/lib/python3.6/site-packages/airflow/example_dags/example_task_group.py for tasks to queue
[2021-05-28 19:58:05,237] {logging_mixin.py:104} INFO - [2021-05-28 19:58:05,236] {dagbag.py:451} INFO - Filling up the DagBag from /home/airflow/.local/lib/python3.6/site-packages/airflow/example_dags/example_task_group.py
[2021-05-28 19:58:05,277] {scheduler_job.py:639} INFO - DAG(s) dict_keys(['example_task_group']) retrieved from /home/airflow/.local/lib/python3.6/site-packages/airflow/example_dags/example_task_group.py
[2021-05-28 19:58:05,330] {logging_mixin.py:104} INFO - [2021-05-28 19:58:05,330] {dag.py:1824} INFO - Sync 1 DAGs
[2021-05-28 19:58:05,401] {logging_mixin.py:104} INFO - [2021-05-28 19:58:05,400] {dag.py:2280} INFO - Setting next_dagrun for example_task_group to 2021-05-26 00:00:00+00:00
[2021-05-28 19:58:05,433] {scheduler_job.py:190} INFO - Processing /home/airflow/.local/lib/python3.6/site-packages/airflow/example_dags/example_task_group.py took 0.207 seconds
[2021-05-28 19:58:35,991] {scheduler_job.py:182} INFO - Started process (PID=431) to work on /home/airflow/.local/lib/python3.6/site-packages/airflow/example_dags/example_task_group.py
[2021-05-28 19:58:36,003] {scheduler_job.py:629} INFO - Processing file /home/airflow/.local/lib/python3.6/site-packages/airflow/example_dags/example_task_group.py for tasks to queue
[2021-05-28 19:58:36,005] {logging_mixin.py:104} INFO - [2021-05-28 19:58:36,005] {dagbag.py:451} INFO - Filling up the DagBag from /home/airflow/.local/lib/python3.6/site-packages/airflow/example_dags/example_task_group.py
[2021-05-28 19:58:36,030] {scheduler_job.py:639} INFO - DAG(s) dict_keys(['example_task_group']) retrieved from /home/airflow/.local/lib/python3.6/site-packages/airflow/example_dags/example_task_group.py
[2021-05-28 19:58:36,069] {logging_mixin.py:104} INFO - [2021-05-28 19:58:36,069] {dag.py:1824} INFO - Sync 1 DAGs
[2021-05-28 19:58:36,113] {logging_mixin.py:104} INFO - [2021-05-28 19:58:36,113] {dag.py:2280} INFO - Setting next_dagrun for example_task_group to 2021-05-26 00:00:00+00:00
[2021-05-28 19:58:36,144] {scheduler_job.py:190} INFO - Processing /home/airflow/.local/lib/python3.6/site-packages/airflow/example_dags/example_task_group.py took 0.159 seconds
[2021-05-28 19:59:07,057] {scheduler_job.py:182} INFO - Started process (PID=458) to work on /home/airflow/.local/lib/python3.6/site-packages/airflow/example_dags/example_task_group.py
[2021-05-28 19:59:07,061] {scheduler_job.py:629} INFO - Processing file /home/airflow/.local/lib/python3.6/site-packages/airflow/example_dags/example_task_group.py for tasks to queue
[2021-05-28 19:59:07,063] {logging_mixin.py:104} INFO - [2021-05-28 19:59:07,063] {dagbag.py:451} INFO - Filling up the DagBag from /home/airflow/.local/lib/python3.6/site-packages/airflow/example_dags/example_task_group.py
[2021-05-28 19:59:07,093] {scheduler_job.py:639} INFO - DAG(s) dict_keys(['example_task_group']) retrieved from /home/airflow/.local/lib/python3.6/site-packages/airflow/example_dags/example_task_group.py
[2021-05-28 19:59:07,142] {logging_mixin.py:104} INFO - [2021-05-28 19:59:07,142] {dag.py:1824} INFO - Sync 1 DAGs
[2021-05-28 19:59:07,178] {logging_mixin.py:104} INFO - [2021-05-28 19:59:07,178] {dag.py:2280} INFO - Setting next_dagrun for example_task_group to 2021-05-26 00:00:00+00:00
[2021-05-28 19:59:07,190] {scheduler_job.py:190} INFO - Processing /home/airflow/.local/lib/python3.6/site-packages/airflow/example_dags/example_task_group.py took 0.140 seconds
[2021-05-28 19:59:37,356] {scheduler_job.py:182} INFO - Started process (PID=485) to work on /home/airflow/.local/lib/python3.6/site-packages/airflow/example_dags/example_task_group.py
[2021-05-28 19:59:37,358] {scheduler_job.py:629} INFO - Processing file /home/airflow/.local/lib/python3.6/site-packages/airflow/example_dags/example_task_group.py for tasks to queue
[2021-05-28 19:59:37,360] {logging_mixin.py:104} INFO - [2021-05-28 19:59:37,359] {dagbag.py:451} INFO - Filling up the DagBag from /home/airflow/.local/lib/python3.6/site-packages/airflow/example_dags/example_task_group.py
[2021-05-28 19:59:37,377] {scheduler_job.py:639} INFO - DAG(s) dict_keys(['example_task_group']) retrieved from /home/airflow/.local/lib/python3.6/site-packages/airflow/example_dags/example_task_group.py
[2021-05-28 19:59:37,405] {logging_mixin.py:104} INFO - [2021-05-28 19:59:37,404] {dag.py:1824} INFO - Sync 1 DAGs
[2021-05-28 19:59:37,427] {logging_mixin.py:104} INFO - [2021-05-28 19:59:37,427] {dag.py:2280} INFO - Setting next_dagrun for example_task_group to 2021-05-26 00:00:00+00:00
[2021-05-28 19:59:37,439] {scheduler_job.py:190} INFO - Processing /home/airflow/.local/lib/python3.6/site-packages/airflow/example_dags/example_task_group.py took 0.090 seconds
[2021-05-28 20:00:07,798] {scheduler_job.py:182} INFO - Started process (PID=512) to work on /home/airflow/.local/lib/python3.6/site-packages/airflow/example_dags/example_task_group.py
[2021-05-28 20:00:07,801] {scheduler_job.py:629} INFO - Processing file /home/airflow/.local/lib/python3.6/site-packages/airflow/example_dags/example_task_group.py for tasks to queue
[2021-05-28 20:00:07,804] {logging_mixin.py:104} INFO - [2021-05-28 20:00:07,803] {dagbag.py:451} INFO - Filling up the DagBag from /home/airflow/.local/lib/python3.6/site-packages/airflow/example_dags/example_task_group.py
[2021-05-28 20:00:07,836] {scheduler_job.py:639} INFO - DAG(s) dict_keys(['example_task_group']) retrieved from /home/airflow/.local/lib/python3.6/site-packages/airflow/example_dags/example_task_group.py
[2021-05-28 20:00:07,893] {logging_mixin.py:104} INFO - [2021-05-28 20:00:07,892] {dag.py:1824} INFO - Sync 1 DAGs
[2021-05-28 20:00:07,928] {logging_mixin.py:104} INFO - [2021-05-28 20:00:07,928] {dag.py:2280} INFO - Setting next_dagrun for example_task_group to 2021-05-26 00:00:00+00:00
[2021-05-28 20:00:07,980] {scheduler_job.py:190} INFO - Processing /home/airflow/.local/lib/python3.6/site-packages/airflow/example_dags/example_task_group.py took 0.188 seconds
