[2021-05-28 19:51:25,039] {scheduler_job.py:182} INFO - Started process (PID=50) to work on /home/airflow/.local/lib/python3.6/site-packages/airflow/example_dags/example_subdag_operator.py
[2021-05-28 19:51:25,054] {scheduler_job.py:629} INFO - Processing file /home/airflow/.local/lib/python3.6/site-packages/airflow/example_dags/example_subdag_operator.py for tasks to queue
[2021-05-28 19:51:25,055] {logging_mixin.py:104} INFO - [2021-05-28 19:51:25,055] {dagbag.py:451} INFO - Filling up the DagBag from /home/airflow/.local/lib/python3.6/site-packages/airflow/example_dags/example_subdag_operator.py
[2021-05-28 19:51:25,215] {scheduler_job.py:639} INFO - DAG(s) dict_keys(['example_subdag_operator.section-1', 'example_subdag_operator.section-2', 'example_subdag_operator']) retrieved from /home/airflow/.local/lib/python3.6/site-packages/airflow/example_dags/example_subdag_operator.py
[2021-05-28 19:51:25,297] {logging_mixin.py:104} INFO - [2021-05-28 19:51:25,296] {dag.py:1824} INFO - Sync 3 DAGs
[2021-05-28 19:51:25,399] {logging_mixin.py:104} INFO - [2021-05-28 19:51:25,399] {dag.py:2280} INFO - Setting next_dagrun for example_subdag_operator to 2021-05-26 00:00:00+00:00
[2021-05-28 19:51:25,404] {logging_mixin.py:104} INFO - [2021-05-28 19:51:25,404] {dag.py:2280} INFO - Setting next_dagrun for example_subdag_operator.section-1 to None
[2021-05-28 19:51:25,411] {logging_mixin.py:104} INFO - [2021-05-28 19:51:25,411] {dag.py:2280} INFO - Setting next_dagrun for example_subdag_operator.section-2 to None
[2021-05-28 19:51:25,444] {logging_mixin.py:104} INFO - [2021-05-28 19:51:25,444] {dag.py:1824} INFO - Sync 2 DAGs
[2021-05-28 19:51:25,474] {logging_mixin.py:104} INFO - [2021-05-28 19:51:25,473] {dag.py:2280} INFO - Setting next_dagrun for example_subdag_operator.section-1 to None
[2021-05-28 19:51:25,476] {logging_mixin.py:104} INFO - [2021-05-28 19:51:25,476] {dag.py:2280} INFO - Setting next_dagrun for example_subdag_operator.section-2 to None
[2021-05-28 19:51:25,522] {scheduler_job.py:190} INFO - Processing /home/airflow/.local/lib/python3.6/site-packages/airflow/example_dags/example_subdag_operator.py took 0.492 seconds
[2021-05-28 19:51:56,319] {scheduler_job.py:182} INFO - Started process (PID=77) to work on /home/airflow/.local/lib/python3.6/site-packages/airflow/example_dags/example_subdag_operator.py
[2021-05-28 19:51:56,322] {scheduler_job.py:629} INFO - Processing file /home/airflow/.local/lib/python3.6/site-packages/airflow/example_dags/example_subdag_operator.py for tasks to queue
[2021-05-28 19:51:56,325] {logging_mixin.py:104} INFO - [2021-05-28 19:51:56,324] {dagbag.py:451} INFO - Filling up the DagBag from /home/airflow/.local/lib/python3.6/site-packages/airflow/example_dags/example_subdag_operator.py
[2021-05-28 19:51:56,399] {scheduler_job.py:639} INFO - DAG(s) dict_keys(['example_subdag_operator.section-1', 'example_subdag_operator.section-2', 'example_subdag_operator']) retrieved from /home/airflow/.local/lib/python3.6/site-packages/airflow/example_dags/example_subdag_operator.py
[2021-05-28 19:51:56,435] {logging_mixin.py:104} INFO - [2021-05-28 19:51:56,433] {dag.py:1824} INFO - Sync 3 DAGs
[2021-05-28 19:51:56,484] {logging_mixin.py:104} INFO - [2021-05-28 19:51:56,484] {dag.py:2280} INFO - Setting next_dagrun for example_subdag_operator to 2021-05-26 00:00:00+00:00
[2021-05-28 19:51:56,486] {logging_mixin.py:104} INFO - [2021-05-28 19:51:56,486] {dag.py:2280} INFO - Setting next_dagrun for example_subdag_operator.section-1 to None
[2021-05-28 19:51:56,487] {logging_mixin.py:104} INFO - [2021-05-28 19:51:56,487] {dag.py:2280} INFO - Setting next_dagrun for example_subdag_operator.section-2 to None
[2021-05-28 19:51:56,505] {logging_mixin.py:104} INFO - [2021-05-28 19:51:56,505] {dag.py:1824} INFO - Sync 2 DAGs
[2021-05-28 19:51:56,524] {logging_mixin.py:104} INFO - [2021-05-28 19:51:56,524] {dag.py:2280} INFO - Setting next_dagrun for example_subdag_operator.section-1 to None
[2021-05-28 19:51:56,525] {logging_mixin.py:104} INFO - [2021-05-28 19:51:56,525] {dag.py:2280} INFO - Setting next_dagrun for example_subdag_operator.section-2 to None
[2021-05-28 19:51:56,544] {scheduler_job.py:190} INFO - Processing /home/airflow/.local/lib/python3.6/site-packages/airflow/example_dags/example_subdag_operator.py took 0.234 seconds
[2021-05-28 19:52:27,029] {scheduler_job.py:182} INFO - Started process (PID=105) to work on /home/airflow/.local/lib/python3.6/site-packages/airflow/example_dags/example_subdag_operator.py
[2021-05-28 19:52:27,031] {scheduler_job.py:629} INFO - Processing file /home/airflow/.local/lib/python3.6/site-packages/airflow/example_dags/example_subdag_operator.py for tasks to queue
[2021-05-28 19:52:27,032] {logging_mixin.py:104} INFO - [2021-05-28 19:52:27,032] {dagbag.py:451} INFO - Filling up the DagBag from /home/airflow/.local/lib/python3.6/site-packages/airflow/example_dags/example_subdag_operator.py
[2021-05-28 19:52:27,066] {scheduler_job.py:639} INFO - DAG(s) dict_keys(['example_subdag_operator.section-1', 'example_subdag_operator.section-2', 'example_subdag_operator']) retrieved from /home/airflow/.local/lib/python3.6/site-packages/airflow/example_dags/example_subdag_operator.py
[2021-05-28 19:52:27,080] {logging_mixin.py:104} INFO - [2021-05-28 19:52:27,080] {dag.py:1824} INFO - Sync 3 DAGs
[2021-05-28 19:52:27,101] {logging_mixin.py:104} INFO - [2021-05-28 19:52:27,101] {dag.py:2280} INFO - Setting next_dagrun for example_subdag_operator to 2021-05-26 00:00:00+00:00
[2021-05-28 19:52:27,102] {logging_mixin.py:104} INFO - [2021-05-28 19:52:27,102] {dag.py:2280} INFO - Setting next_dagrun for example_subdag_operator.section-1 to None
[2021-05-28 19:52:27,103] {logging_mixin.py:104} INFO - [2021-05-28 19:52:27,103] {dag.py:2280} INFO - Setting next_dagrun for example_subdag_operator.section-2 to None
[2021-05-28 19:52:27,112] {logging_mixin.py:104} INFO - [2021-05-28 19:52:27,112] {dag.py:1824} INFO - Sync 2 DAGs
[2021-05-28 19:52:27,122] {logging_mixin.py:104} INFO - [2021-05-28 19:52:27,122] {dag.py:2280} INFO - Setting next_dagrun for example_subdag_operator.section-1 to None
[2021-05-28 19:52:27,123] {logging_mixin.py:104} INFO - [2021-05-28 19:52:27,123] {dag.py:2280} INFO - Setting next_dagrun for example_subdag_operator.section-2 to None
[2021-05-28 19:52:27,135] {scheduler_job.py:190} INFO - Processing /home/airflow/.local/lib/python3.6/site-packages/airflow/example_dags/example_subdag_operator.py took 0.111 seconds
[2021-05-28 19:52:58,350] {scheduler_job.py:182} INFO - Started process (PID=132) to work on /home/airflow/.local/lib/python3.6/site-packages/airflow/example_dags/example_subdag_operator.py
[2021-05-28 19:52:58,360] {scheduler_job.py:629} INFO - Processing file /home/airflow/.local/lib/python3.6/site-packages/airflow/example_dags/example_subdag_operator.py for tasks to queue
[2021-05-28 19:52:58,379] {logging_mixin.py:104} INFO - [2021-05-28 19:52:58,378] {dagbag.py:451} INFO - Filling up the DagBag from /home/airflow/.local/lib/python3.6/site-packages/airflow/example_dags/example_subdag_operator.py
[2021-05-28 19:52:58,498] {scheduler_job.py:639} INFO - DAG(s) dict_keys(['example_subdag_operator.section-1', 'example_subdag_operator.section-2', 'example_subdag_operator']) retrieved from /home/airflow/.local/lib/python3.6/site-packages/airflow/example_dags/example_subdag_operator.py
[2021-05-28 19:52:58,542] {logging_mixin.py:104} INFO - [2021-05-28 19:52:58,540] {dag.py:1824} INFO - Sync 3 DAGs
[2021-05-28 19:52:58,596] {logging_mixin.py:104} INFO - [2021-05-28 19:52:58,595] {dag.py:2280} INFO - Setting next_dagrun for example_subdag_operator to 2021-05-26 00:00:00+00:00
[2021-05-28 19:52:58,598] {logging_mixin.py:104} INFO - [2021-05-28 19:52:58,598] {dag.py:2280} INFO - Setting next_dagrun for example_subdag_operator.section-1 to None
[2021-05-28 19:52:58,599] {logging_mixin.py:104} INFO - [2021-05-28 19:52:58,599] {dag.py:2280} INFO - Setting next_dagrun for example_subdag_operator.section-2 to None
[2021-05-28 19:52:58,631] {logging_mixin.py:104} INFO - [2021-05-28 19:52:58,631] {dag.py:1824} INFO - Sync 2 DAGs
[2021-05-28 19:52:58,679] {logging_mixin.py:104} INFO - [2021-05-28 19:52:58,679] {dag.py:2280} INFO - Setting next_dagrun for example_subdag_operator.section-1 to None
[2021-05-28 19:52:58,681] {logging_mixin.py:104} INFO - [2021-05-28 19:52:58,681] {dag.py:2280} INFO - Setting next_dagrun for example_subdag_operator.section-2 to None
[2021-05-28 19:52:58,961] {scheduler_job.py:190} INFO - Processing /home/airflow/.local/lib/python3.6/site-packages/airflow/example_dags/example_subdag_operator.py took 0.619 seconds
[2021-05-28 19:53:29,578] {scheduler_job.py:182} INFO - Started process (PID=160) to work on /home/airflow/.local/lib/python3.6/site-packages/airflow/example_dags/example_subdag_operator.py
[2021-05-28 19:53:29,590] {scheduler_job.py:629} INFO - Processing file /home/airflow/.local/lib/python3.6/site-packages/airflow/example_dags/example_subdag_operator.py for tasks to queue
[2021-05-28 19:53:29,591] {logging_mixin.py:104} INFO - [2021-05-28 19:53:29,591] {dagbag.py:451} INFO - Filling up the DagBag from /home/airflow/.local/lib/python3.6/site-packages/airflow/example_dags/example_subdag_operator.py
[2021-05-28 19:53:29,678] {scheduler_job.py:639} INFO - DAG(s) dict_keys(['example_subdag_operator.section-1', 'example_subdag_operator.section-2', 'example_subdag_operator']) retrieved from /home/airflow/.local/lib/python3.6/site-packages/airflow/example_dags/example_subdag_operator.py
[2021-05-28 19:53:29,745] {logging_mixin.py:104} INFO - [2021-05-28 19:53:29,745] {dag.py:1824} INFO - Sync 3 DAGs
[2021-05-28 19:53:29,798] {logging_mixin.py:104} INFO - [2021-05-28 19:53:29,797] {dag.py:2280} INFO - Setting next_dagrun for example_subdag_operator to 2021-05-26 00:00:00+00:00
[2021-05-28 19:53:29,805] {logging_mixin.py:104} INFO - [2021-05-28 19:53:29,804] {dag.py:2280} INFO - Setting next_dagrun for example_subdag_operator.section-1 to None
[2021-05-28 19:53:29,807] {logging_mixin.py:104} INFO - [2021-05-28 19:53:29,806] {dag.py:2280} INFO - Setting next_dagrun for example_subdag_operator.section-2 to None
[2021-05-28 19:53:29,853] {logging_mixin.py:104} INFO - [2021-05-28 19:53:29,853] {dag.py:1824} INFO - Sync 2 DAGs
[2021-05-28 19:53:29,891] {logging_mixin.py:104} INFO - [2021-05-28 19:53:29,891] {dag.py:2280} INFO - Setting next_dagrun for example_subdag_operator.section-1 to None
[2021-05-28 19:53:29,892] {logging_mixin.py:104} INFO - [2021-05-28 19:53:29,892] {dag.py:2280} INFO - Setting next_dagrun for example_subdag_operator.section-2 to None
[2021-05-28 19:53:29,926] {scheduler_job.py:190} INFO - Processing /home/airflow/.local/lib/python3.6/site-packages/airflow/example_dags/example_subdag_operator.py took 0.353 seconds
[2021-05-28 19:54:00,043] {scheduler_job.py:182} INFO - Started process (PID=187) to work on /home/airflow/.local/lib/python3.6/site-packages/airflow/example_dags/example_subdag_operator.py
[2021-05-28 19:54:00,047] {scheduler_job.py:629} INFO - Processing file /home/airflow/.local/lib/python3.6/site-packages/airflow/example_dags/example_subdag_operator.py for tasks to queue
[2021-05-28 19:54:00,048] {logging_mixin.py:104} INFO - [2021-05-28 19:54:00,048] {dagbag.py:451} INFO - Filling up the DagBag from /home/airflow/.local/lib/python3.6/site-packages/airflow/example_dags/example_subdag_operator.py
[2021-05-28 19:54:00,091] {scheduler_job.py:639} INFO - DAG(s) dict_keys(['example_subdag_operator.section-1', 'example_subdag_operator.section-2', 'example_subdag_operator']) retrieved from /home/airflow/.local/lib/python3.6/site-packages/airflow/example_dags/example_subdag_operator.py
[2021-05-28 19:54:00,115] {logging_mixin.py:104} INFO - [2021-05-28 19:54:00,115] {dag.py:1824} INFO - Sync 3 DAGs
[2021-05-28 19:54:00,138] {logging_mixin.py:104} INFO - [2021-05-28 19:54:00,138] {dag.py:2280} INFO - Setting next_dagrun for example_subdag_operator to 2021-05-26 00:00:00+00:00
[2021-05-28 19:54:00,140] {logging_mixin.py:104} INFO - [2021-05-28 19:54:00,140] {dag.py:2280} INFO - Setting next_dagrun for example_subdag_operator.section-1 to None
[2021-05-28 19:54:00,141] {logging_mixin.py:104} INFO - [2021-05-28 19:54:00,141] {dag.py:2280} INFO - Setting next_dagrun for example_subdag_operator.section-2 to None
[2021-05-28 19:54:00,152] {logging_mixin.py:104} INFO - [2021-05-28 19:54:00,152] {dag.py:1824} INFO - Sync 2 DAGs
[2021-05-28 19:54:00,164] {logging_mixin.py:104} INFO - [2021-05-28 19:54:00,164] {dag.py:2280} INFO - Setting next_dagrun for example_subdag_operator.section-1 to None
[2021-05-28 19:54:00,165] {logging_mixin.py:104} INFO - [2021-05-28 19:54:00,165] {dag.py:2280} INFO - Setting next_dagrun for example_subdag_operator.section-2 to None
[2021-05-28 19:54:00,174] {scheduler_job.py:190} INFO - Processing /home/airflow/.local/lib/python3.6/site-packages/airflow/example_dags/example_subdag_operator.py took 0.141 seconds
[2021-05-28 19:54:30,341] {scheduler_job.py:182} INFO - Started process (PID=214) to work on /home/airflow/.local/lib/python3.6/site-packages/airflow/example_dags/example_subdag_operator.py
[2021-05-28 19:54:30,349] {scheduler_job.py:629} INFO - Processing file /home/airflow/.local/lib/python3.6/site-packages/airflow/example_dags/example_subdag_operator.py for tasks to queue
[2021-05-28 19:54:30,353] {logging_mixin.py:104} INFO - [2021-05-28 19:54:30,353] {dagbag.py:451} INFO - Filling up the DagBag from /home/airflow/.local/lib/python3.6/site-packages/airflow/example_dags/example_subdag_operator.py
[2021-05-28 19:54:30,426] {scheduler_job.py:639} INFO - DAG(s) dict_keys(['example_subdag_operator.section-1', 'example_subdag_operator.section-2', 'example_subdag_operator']) retrieved from /home/airflow/.local/lib/python3.6/site-packages/airflow/example_dags/example_subdag_operator.py
[2021-05-28 19:54:30,458] {logging_mixin.py:104} INFO - [2021-05-28 19:54:30,458] {dag.py:1824} INFO - Sync 3 DAGs
[2021-05-28 19:54:30,492] {logging_mixin.py:104} INFO - [2021-05-28 19:54:30,491] {dag.py:2280} INFO - Setting next_dagrun for example_subdag_operator to 2021-05-26 00:00:00+00:00
[2021-05-28 19:54:30,494] {logging_mixin.py:104} INFO - [2021-05-28 19:54:30,493] {dag.py:2280} INFO - Setting next_dagrun for example_subdag_operator.section-1 to None
[2021-05-28 19:54:30,494] {logging_mixin.py:104} INFO - [2021-05-28 19:54:30,494] {dag.py:2280} INFO - Setting next_dagrun for example_subdag_operator.section-2 to None
[2021-05-28 19:54:30,505] {logging_mixin.py:104} INFO - [2021-05-28 19:54:30,505] {dag.py:1824} INFO - Sync 2 DAGs
[2021-05-28 19:54:30,526] {logging_mixin.py:104} INFO - [2021-05-28 19:54:30,526] {dag.py:2280} INFO - Setting next_dagrun for example_subdag_operator.section-1 to None
[2021-05-28 19:54:30,527] {logging_mixin.py:104} INFO - [2021-05-28 19:54:30,527] {dag.py:2280} INFO - Setting next_dagrun for example_subdag_operator.section-2 to None
[2021-05-28 19:54:30,537] {scheduler_job.py:190} INFO - Processing /home/airflow/.local/lib/python3.6/site-packages/airflow/example_dags/example_subdag_operator.py took 0.200 seconds
[2021-05-28 19:55:00,923] {scheduler_job.py:182} INFO - Started process (PID=241) to work on /home/airflow/.local/lib/python3.6/site-packages/airflow/example_dags/example_subdag_operator.py
[2021-05-28 19:55:00,933] {scheduler_job.py:629} INFO - Processing file /home/airflow/.local/lib/python3.6/site-packages/airflow/example_dags/example_subdag_operator.py for tasks to queue
[2021-05-28 19:55:00,935] {logging_mixin.py:104} INFO - [2021-05-28 19:55:00,935] {dagbag.py:451} INFO - Filling up the DagBag from /home/airflow/.local/lib/python3.6/site-packages/airflow/example_dags/example_subdag_operator.py
[2021-05-28 19:55:01,000] {scheduler_job.py:639} INFO - DAG(s) dict_keys(['example_subdag_operator.section-1', 'example_subdag_operator.section-2', 'example_subdag_operator']) retrieved from /home/airflow/.local/lib/python3.6/site-packages/airflow/example_dags/example_subdag_operator.py
[2021-05-28 19:55:01,017] {logging_mixin.py:104} INFO - [2021-05-28 19:55:01,016] {dag.py:1824} INFO - Sync 3 DAGs
[2021-05-28 19:55:01,037] {logging_mixin.py:104} INFO - [2021-05-28 19:55:01,037] {dag.py:2280} INFO - Setting next_dagrun for example_subdag_operator to 2021-05-26 00:00:00+00:00
[2021-05-28 19:55:01,039] {logging_mixin.py:104} INFO - [2021-05-28 19:55:01,039] {dag.py:2280} INFO - Setting next_dagrun for example_subdag_operator.section-1 to None
[2021-05-28 19:55:01,042] {logging_mixin.py:104} INFO - [2021-05-28 19:55:01,041] {dag.py:2280} INFO - Setting next_dagrun for example_subdag_operator.section-2 to None
[2021-05-28 19:55:01,053] {logging_mixin.py:104} INFO - [2021-05-28 19:55:01,053] {dag.py:1824} INFO - Sync 2 DAGs
[2021-05-28 19:55:01,067] {logging_mixin.py:104} INFO - [2021-05-28 19:55:01,066] {dag.py:2280} INFO - Setting next_dagrun for example_subdag_operator.section-1 to None
[2021-05-28 19:55:01,067] {logging_mixin.py:104} INFO - [2021-05-28 19:55:01,067] {dag.py:2280} INFO - Setting next_dagrun for example_subdag_operator.section-2 to None
[2021-05-28 19:55:01,076] {scheduler_job.py:190} INFO - Processing /home/airflow/.local/lib/python3.6/site-packages/airflow/example_dags/example_subdag_operator.py took 0.163 seconds
[2021-05-28 19:55:31,303] {scheduler_job.py:182} INFO - Started process (PID=268) to work on /home/airflow/.local/lib/python3.6/site-packages/airflow/example_dags/example_subdag_operator.py
[2021-05-28 19:55:31,307] {scheduler_job.py:629} INFO - Processing file /home/airflow/.local/lib/python3.6/site-packages/airflow/example_dags/example_subdag_operator.py for tasks to queue
[2021-05-28 19:55:31,309] {logging_mixin.py:104} INFO - [2021-05-28 19:55:31,309] {dagbag.py:451} INFO - Filling up the DagBag from /home/airflow/.local/lib/python3.6/site-packages/airflow/example_dags/example_subdag_operator.py
[2021-05-28 19:55:31,380] {scheduler_job.py:639} INFO - DAG(s) dict_keys(['example_subdag_operator.section-1', 'example_subdag_operator.section-2', 'example_subdag_operator']) retrieved from /home/airflow/.local/lib/python3.6/site-packages/airflow/example_dags/example_subdag_operator.py
[2021-05-28 19:55:31,402] {logging_mixin.py:104} INFO - [2021-05-28 19:55:31,402] {dag.py:1824} INFO - Sync 3 DAGs
[2021-05-28 19:55:31,434] {logging_mixin.py:104} INFO - [2021-05-28 19:55:31,434] {dag.py:2280} INFO - Setting next_dagrun for example_subdag_operator to 2021-05-26 00:00:00+00:00
[2021-05-28 19:55:31,436] {logging_mixin.py:104} INFO - [2021-05-28 19:55:31,436] {dag.py:2280} INFO - Setting next_dagrun for example_subdag_operator.section-1 to None
[2021-05-28 19:55:31,437] {logging_mixin.py:104} INFO - [2021-05-28 19:55:31,437] {dag.py:2280} INFO - Setting next_dagrun for example_subdag_operator.section-2 to None
[2021-05-28 19:55:31,480] {logging_mixin.py:104} INFO - [2021-05-28 19:55:31,479] {dag.py:1824} INFO - Sync 2 DAGs
[2021-05-28 19:55:31,495] {logging_mixin.py:104} INFO - [2021-05-28 19:55:31,494] {dag.py:2280} INFO - Setting next_dagrun for example_subdag_operator.section-1 to None
[2021-05-28 19:55:31,495] {logging_mixin.py:104} INFO - [2021-05-28 19:55:31,495] {dag.py:2280} INFO - Setting next_dagrun for example_subdag_operator.section-2 to None
[2021-05-28 19:55:31,503] {scheduler_job.py:190} INFO - Processing /home/airflow/.local/lib/python3.6/site-packages/airflow/example_dags/example_subdag_operator.py took 0.219 seconds
[2021-05-28 19:56:01,647] {scheduler_job.py:182} INFO - Started process (PID=295) to work on /home/airflow/.local/lib/python3.6/site-packages/airflow/example_dags/example_subdag_operator.py
[2021-05-28 19:56:01,648] {scheduler_job.py:629} INFO - Processing file /home/airflow/.local/lib/python3.6/site-packages/airflow/example_dags/example_subdag_operator.py for tasks to queue
[2021-05-28 19:56:01,649] {logging_mixin.py:104} INFO - [2021-05-28 19:56:01,649] {dagbag.py:451} INFO - Filling up the DagBag from /home/airflow/.local/lib/python3.6/site-packages/airflow/example_dags/example_subdag_operator.py
[2021-05-28 19:56:01,690] {scheduler_job.py:639} INFO - DAG(s) dict_keys(['example_subdag_operator.section-1', 'example_subdag_operator.section-2', 'example_subdag_operator']) retrieved from /home/airflow/.local/lib/python3.6/site-packages/airflow/example_dags/example_subdag_operator.py
[2021-05-28 19:56:01,707] {logging_mixin.py:104} INFO - [2021-05-28 19:56:01,707] {dag.py:1824} INFO - Sync 3 DAGs
[2021-05-28 19:56:01,731] {logging_mixin.py:104} INFO - [2021-05-28 19:56:01,731] {dag.py:2280} INFO - Setting next_dagrun for example_subdag_operator to 2021-05-26 00:00:00+00:00
[2021-05-28 19:56:01,734] {logging_mixin.py:104} INFO - [2021-05-28 19:56:01,734] {dag.py:2280} INFO - Setting next_dagrun for example_subdag_operator.section-1 to None
[2021-05-28 19:56:01,735] {logging_mixin.py:104} INFO - [2021-05-28 19:56:01,735] {dag.py:2280} INFO - Setting next_dagrun for example_subdag_operator.section-2 to None
[2021-05-28 19:56:01,759] {logging_mixin.py:104} INFO - [2021-05-28 19:56:01,758] {dag.py:1824} INFO - Sync 2 DAGs
[2021-05-28 19:56:01,769] {logging_mixin.py:104} INFO - [2021-05-28 19:56:01,769] {dag.py:2280} INFO - Setting next_dagrun for example_subdag_operator.section-1 to None
[2021-05-28 19:56:01,770] {logging_mixin.py:104} INFO - [2021-05-28 19:56:01,770] {dag.py:2280} INFO - Setting next_dagrun for example_subdag_operator.section-2 to None
[2021-05-28 19:56:01,782] {scheduler_job.py:190} INFO - Processing /home/airflow/.local/lib/python3.6/site-packages/airflow/example_dags/example_subdag_operator.py took 0.140 seconds
[2021-05-28 19:56:32,441] {scheduler_job.py:182} INFO - Started process (PID=322) to work on /home/airflow/.local/lib/python3.6/site-packages/airflow/example_dags/example_subdag_operator.py
[2021-05-28 19:56:32,445] {scheduler_job.py:629} INFO - Processing file /home/airflow/.local/lib/python3.6/site-packages/airflow/example_dags/example_subdag_operator.py for tasks to queue
[2021-05-28 19:56:32,448] {logging_mixin.py:104} INFO - [2021-05-28 19:56:32,447] {dagbag.py:451} INFO - Filling up the DagBag from /home/airflow/.local/lib/python3.6/site-packages/airflow/example_dags/example_subdag_operator.py
[2021-05-28 19:56:32,509] {scheduler_job.py:639} INFO - DAG(s) dict_keys(['example_subdag_operator.section-1', 'example_subdag_operator.section-2', 'example_subdag_operator']) retrieved from /home/airflow/.local/lib/python3.6/site-packages/airflow/example_dags/example_subdag_operator.py
[2021-05-28 19:56:32,533] {logging_mixin.py:104} INFO - [2021-05-28 19:56:32,532] {dag.py:1824} INFO - Sync 3 DAGs
[2021-05-28 19:56:32,566] {logging_mixin.py:104} INFO - [2021-05-28 19:56:32,565] {dag.py:2280} INFO - Setting next_dagrun for example_subdag_operator to 2021-05-26 00:00:00+00:00
[2021-05-28 19:56:32,568] {logging_mixin.py:104} INFO - [2021-05-28 19:56:32,567] {dag.py:2280} INFO - Setting next_dagrun for example_subdag_operator.section-1 to None
[2021-05-28 19:56:32,569] {logging_mixin.py:104} INFO - [2021-05-28 19:56:32,568] {dag.py:2280} INFO - Setting next_dagrun for example_subdag_operator.section-2 to None
[2021-05-28 19:56:32,586] {logging_mixin.py:104} INFO - [2021-05-28 19:56:32,585] {dag.py:1824} INFO - Sync 2 DAGs
[2021-05-28 19:56:32,606] {logging_mixin.py:104} INFO - [2021-05-28 19:56:32,606] {dag.py:2280} INFO - Setting next_dagrun for example_subdag_operator.section-1 to None
[2021-05-28 19:56:32,607] {logging_mixin.py:104} INFO - [2021-05-28 19:56:32,607] {dag.py:2280} INFO - Setting next_dagrun for example_subdag_operator.section-2 to None
[2021-05-28 19:56:32,624] {scheduler_job.py:190} INFO - Processing /home/airflow/.local/lib/python3.6/site-packages/airflow/example_dags/example_subdag_operator.py took 0.193 seconds
[2021-05-28 19:57:02,991] {scheduler_job.py:182} INFO - Started process (PID=349) to work on /home/airflow/.local/lib/python3.6/site-packages/airflow/example_dags/example_subdag_operator.py
[2021-05-28 19:57:02,995] {scheduler_job.py:629} INFO - Processing file /home/airflow/.local/lib/python3.6/site-packages/airflow/example_dags/example_subdag_operator.py for tasks to queue
[2021-05-28 19:57:02,996] {logging_mixin.py:104} INFO - [2021-05-28 19:57:02,996] {dagbag.py:451} INFO - Filling up the DagBag from /home/airflow/.local/lib/python3.6/site-packages/airflow/example_dags/example_subdag_operator.py
[2021-05-28 19:57:03,049] {scheduler_job.py:639} INFO - DAG(s) dict_keys(['example_subdag_operator.section-1', 'example_subdag_operator.section-2', 'example_subdag_operator']) retrieved from /home/airflow/.local/lib/python3.6/site-packages/airflow/example_dags/example_subdag_operator.py
[2021-05-28 19:57:03,070] {logging_mixin.py:104} INFO - [2021-05-28 19:57:03,070] {dag.py:1824} INFO - Sync 3 DAGs
[2021-05-28 19:57:03,096] {logging_mixin.py:104} INFO - [2021-05-28 19:57:03,096] {dag.py:2280} INFO - Setting next_dagrun for example_subdag_operator to 2021-05-26 00:00:00+00:00
[2021-05-28 19:57:03,102] {logging_mixin.py:104} INFO - [2021-05-28 19:57:03,101] {dag.py:2280} INFO - Setting next_dagrun for example_subdag_operator.section-1 to None
[2021-05-28 19:57:03,103] {logging_mixin.py:104} INFO - [2021-05-28 19:57:03,103] {dag.py:2280} INFO - Setting next_dagrun for example_subdag_operator.section-2 to None
[2021-05-28 19:57:03,169] {logging_mixin.py:104} INFO - [2021-05-28 19:57:03,169] {dag.py:1824} INFO - Sync 2 DAGs
[2021-05-28 19:57:03,183] {logging_mixin.py:104} INFO - [2021-05-28 19:57:03,183] {dag.py:2280} INFO - Setting next_dagrun for example_subdag_operator.section-1 to None
[2021-05-28 19:57:03,184] {logging_mixin.py:104} INFO - [2021-05-28 19:57:03,184] {dag.py:2280} INFO - Setting next_dagrun for example_subdag_operator.section-2 to None
[2021-05-28 19:57:03,192] {scheduler_job.py:190} INFO - Processing /home/airflow/.local/lib/python3.6/site-packages/airflow/example_dags/example_subdag_operator.py took 0.207 seconds
[2021-05-28 19:57:33,317] {scheduler_job.py:182} INFO - Started process (PID=376) to work on /home/airflow/.local/lib/python3.6/site-packages/airflow/example_dags/example_subdag_operator.py
[2021-05-28 19:57:33,321] {scheduler_job.py:629} INFO - Processing file /home/airflow/.local/lib/python3.6/site-packages/airflow/example_dags/example_subdag_operator.py for tasks to queue
[2021-05-28 19:57:33,324] {logging_mixin.py:104} INFO - [2021-05-28 19:57:33,324] {dagbag.py:451} INFO - Filling up the DagBag from /home/airflow/.local/lib/python3.6/site-packages/airflow/example_dags/example_subdag_operator.py
[2021-05-28 19:57:33,469] {scheduler_job.py:639} INFO - DAG(s) dict_keys(['example_subdag_operator.section-1', 'example_subdag_operator.section-2', 'example_subdag_operator']) retrieved from /home/airflow/.local/lib/python3.6/site-packages/airflow/example_dags/example_subdag_operator.py
[2021-05-28 19:57:33,488] {logging_mixin.py:104} INFO - [2021-05-28 19:57:33,488] {dag.py:1824} INFO - Sync 3 DAGs
[2021-05-28 19:57:33,531] {logging_mixin.py:104} INFO - [2021-05-28 19:57:33,530] {dag.py:2280} INFO - Setting next_dagrun for example_subdag_operator to 2021-05-26 00:00:00+00:00
[2021-05-28 19:57:33,536] {logging_mixin.py:104} INFO - [2021-05-28 19:57:33,536] {dag.py:2280} INFO - Setting next_dagrun for example_subdag_operator.section-1 to None
[2021-05-28 19:57:33,537] {logging_mixin.py:104} INFO - [2021-05-28 19:57:33,537] {dag.py:2280} INFO - Setting next_dagrun for example_subdag_operator.section-2 to None
[2021-05-28 19:57:33,574] {logging_mixin.py:104} INFO - [2021-05-28 19:57:33,574] {dag.py:1824} INFO - Sync 2 DAGs
[2021-05-28 19:57:33,604] {logging_mixin.py:104} INFO - [2021-05-28 19:57:33,603] {dag.py:2280} INFO - Setting next_dagrun for example_subdag_operator.section-1 to None
[2021-05-28 19:57:33,606] {logging_mixin.py:104} INFO - [2021-05-28 19:57:33,605] {dag.py:2280} INFO - Setting next_dagrun for example_subdag_operator.section-2 to None
[2021-05-28 19:57:33,626] {scheduler_job.py:190} INFO - Processing /home/airflow/.local/lib/python3.6/site-packages/airflow/example_dags/example_subdag_operator.py took 0.321 seconds
[2021-05-28 19:58:03,968] {scheduler_job.py:182} INFO - Started process (PID=403) to work on /home/airflow/.local/lib/python3.6/site-packages/airflow/example_dags/example_subdag_operator.py
[2021-05-28 19:58:03,972] {scheduler_job.py:629} INFO - Processing file /home/airflow/.local/lib/python3.6/site-packages/airflow/example_dags/example_subdag_operator.py for tasks to queue
[2021-05-28 19:58:03,974] {logging_mixin.py:104} INFO - [2021-05-28 19:58:03,974] {dagbag.py:451} INFO - Filling up the DagBag from /home/airflow/.local/lib/python3.6/site-packages/airflow/example_dags/example_subdag_operator.py
[2021-05-28 19:58:04,065] {scheduler_job.py:639} INFO - DAG(s) dict_keys(['example_subdag_operator.section-1', 'example_subdag_operator.section-2', 'example_subdag_operator']) retrieved from /home/airflow/.local/lib/python3.6/site-packages/airflow/example_dags/example_subdag_operator.py
[2021-05-28 19:58:04,093] {logging_mixin.py:104} INFO - [2021-05-28 19:58:04,093] {dag.py:1824} INFO - Sync 3 DAGs
[2021-05-28 19:58:04,137] {logging_mixin.py:104} INFO - [2021-05-28 19:58:04,136] {dag.py:2280} INFO - Setting next_dagrun for example_subdag_operator to 2021-05-26 00:00:00+00:00
[2021-05-28 19:58:04,140] {logging_mixin.py:104} INFO - [2021-05-28 19:58:04,139] {dag.py:2280} INFO - Setting next_dagrun for example_subdag_operator.section-1 to None
[2021-05-28 19:58:04,141] {logging_mixin.py:104} INFO - [2021-05-28 19:58:04,141] {dag.py:2280} INFO - Setting next_dagrun for example_subdag_operator.section-2 to None
[2021-05-28 19:58:04,177] {logging_mixin.py:104} INFO - [2021-05-28 19:58:04,177] {dag.py:1824} INFO - Sync 2 DAGs
[2021-05-28 19:58:04,197] {logging_mixin.py:104} INFO - [2021-05-28 19:58:04,197] {dag.py:2280} INFO - Setting next_dagrun for example_subdag_operator.section-1 to None
[2021-05-28 19:58:04,198] {logging_mixin.py:104} INFO - [2021-05-28 19:58:04,198] {dag.py:2280} INFO - Setting next_dagrun for example_subdag_operator.section-2 to None
[2021-05-28 19:58:04,216] {scheduler_job.py:190} INFO - Processing /home/airflow/.local/lib/python3.6/site-packages/airflow/example_dags/example_subdag_operator.py took 0.257 seconds
[2021-05-28 19:58:34,777] {scheduler_job.py:182} INFO - Started process (PID=430) to work on /home/airflow/.local/lib/python3.6/site-packages/airflow/example_dags/example_subdag_operator.py
[2021-05-28 19:58:34,785] {scheduler_job.py:629} INFO - Processing file /home/airflow/.local/lib/python3.6/site-packages/airflow/example_dags/example_subdag_operator.py for tasks to queue
[2021-05-28 19:58:34,787] {logging_mixin.py:104} INFO - [2021-05-28 19:58:34,786] {dagbag.py:451} INFO - Filling up the DagBag from /home/airflow/.local/lib/python3.6/site-packages/airflow/example_dags/example_subdag_operator.py
[2021-05-28 19:58:34,853] {scheduler_job.py:639} INFO - DAG(s) dict_keys(['example_subdag_operator.section-1', 'example_subdag_operator.section-2', 'example_subdag_operator']) retrieved from /home/airflow/.local/lib/python3.6/site-packages/airflow/example_dags/example_subdag_operator.py
[2021-05-28 19:58:34,876] {logging_mixin.py:104} INFO - [2021-05-28 19:58:34,875] {dag.py:1824} INFO - Sync 3 DAGs
[2021-05-28 19:58:34,907] {logging_mixin.py:104} INFO - [2021-05-28 19:58:34,907] {dag.py:2280} INFO - Setting next_dagrun for example_subdag_operator to 2021-05-26 00:00:00+00:00
[2021-05-28 19:58:34,909] {logging_mixin.py:104} INFO - [2021-05-28 19:58:34,909] {dag.py:2280} INFO - Setting next_dagrun for example_subdag_operator.section-1 to None
[2021-05-28 19:58:34,910] {logging_mixin.py:104} INFO - [2021-05-28 19:58:34,910] {dag.py:2280} INFO - Setting next_dagrun for example_subdag_operator.section-2 to None
[2021-05-28 19:58:34,923] {logging_mixin.py:104} INFO - [2021-05-28 19:58:34,923] {dag.py:1824} INFO - Sync 2 DAGs
[2021-05-28 19:58:34,932] {logging_mixin.py:104} INFO - [2021-05-28 19:58:34,932] {dag.py:2280} INFO - Setting next_dagrun for example_subdag_operator.section-1 to None
[2021-05-28 19:58:34,933] {logging_mixin.py:104} INFO - [2021-05-28 19:58:34,933] {dag.py:2280} INFO - Setting next_dagrun for example_subdag_operator.section-2 to None
[2021-05-28 19:58:34,943] {scheduler_job.py:190} INFO - Processing /home/airflow/.local/lib/python3.6/site-packages/airflow/example_dags/example_subdag_operator.py took 0.176 seconds
[2021-05-28 19:59:05,910] {scheduler_job.py:182} INFO - Started process (PID=457) to work on /home/airflow/.local/lib/python3.6/site-packages/airflow/example_dags/example_subdag_operator.py
[2021-05-28 19:59:05,912] {scheduler_job.py:629} INFO - Processing file /home/airflow/.local/lib/python3.6/site-packages/airflow/example_dags/example_subdag_operator.py for tasks to queue
[2021-05-28 19:59:05,913] {logging_mixin.py:104} INFO - [2021-05-28 19:59:05,913] {dagbag.py:451} INFO - Filling up the DagBag from /home/airflow/.local/lib/python3.6/site-packages/airflow/example_dags/example_subdag_operator.py
[2021-05-28 19:59:05,952] {scheduler_job.py:639} INFO - DAG(s) dict_keys(['example_subdag_operator.section-1', 'example_subdag_operator.section-2', 'example_subdag_operator']) retrieved from /home/airflow/.local/lib/python3.6/site-packages/airflow/example_dags/example_subdag_operator.py
[2021-05-28 19:59:05,967] {logging_mixin.py:104} INFO - [2021-05-28 19:59:05,966] {dag.py:1824} INFO - Sync 3 DAGs
[2021-05-28 19:59:05,994] {logging_mixin.py:104} INFO - [2021-05-28 19:59:05,994] {dag.py:2280} INFO - Setting next_dagrun for example_subdag_operator to 2021-05-26 00:00:00+00:00
[2021-05-28 19:59:05,996] {logging_mixin.py:104} INFO - [2021-05-28 19:59:05,996] {dag.py:2280} INFO - Setting next_dagrun for example_subdag_operator.section-1 to None
[2021-05-28 19:59:05,997] {logging_mixin.py:104} INFO - [2021-05-28 19:59:05,997] {dag.py:2280} INFO - Setting next_dagrun for example_subdag_operator.section-2 to None
[2021-05-28 19:59:06,011] {logging_mixin.py:104} INFO - [2021-05-28 19:59:06,011] {dag.py:1824} INFO - Sync 2 DAGs
[2021-05-28 19:59:06,023] {logging_mixin.py:104} INFO - [2021-05-28 19:59:06,023] {dag.py:2280} INFO - Setting next_dagrun for example_subdag_operator.section-1 to None
[2021-05-28 19:59:06,024] {logging_mixin.py:104} INFO - [2021-05-28 19:59:06,023] {dag.py:2280} INFO - Setting next_dagrun for example_subdag_operator.section-2 to None
[2021-05-28 19:59:06,033] {scheduler_job.py:190} INFO - Processing /home/airflow/.local/lib/python3.6/site-packages/airflow/example_dags/example_subdag_operator.py took 0.128 seconds
[2021-05-28 19:59:36,163] {scheduler_job.py:182} INFO - Started process (PID=484) to work on /home/airflow/.local/lib/python3.6/site-packages/airflow/example_dags/example_subdag_operator.py
[2021-05-28 19:59:36,168] {scheduler_job.py:629} INFO - Processing file /home/airflow/.local/lib/python3.6/site-packages/airflow/example_dags/example_subdag_operator.py for tasks to queue
[2021-05-28 19:59:36,171] {logging_mixin.py:104} INFO - [2021-05-28 19:59:36,171] {dagbag.py:451} INFO - Filling up the DagBag from /home/airflow/.local/lib/python3.6/site-packages/airflow/example_dags/example_subdag_operator.py
[2021-05-28 19:59:36,253] {scheduler_job.py:639} INFO - DAG(s) dict_keys(['example_subdag_operator.section-1', 'example_subdag_operator.section-2', 'example_subdag_operator']) retrieved from /home/airflow/.local/lib/python3.6/site-packages/airflow/example_dags/example_subdag_operator.py
[2021-05-28 19:59:36,269] {logging_mixin.py:104} INFO - [2021-05-28 19:59:36,269] {dag.py:1824} INFO - Sync 3 DAGs
[2021-05-28 19:59:36,287] {logging_mixin.py:104} INFO - [2021-05-28 19:59:36,287] {dag.py:2280} INFO - Setting next_dagrun for example_subdag_operator to 2021-05-26 00:00:00+00:00
[2021-05-28 19:59:36,288] {logging_mixin.py:104} INFO - [2021-05-28 19:59:36,288] {dag.py:2280} INFO - Setting next_dagrun for example_subdag_operator.section-1 to None
[2021-05-28 19:59:36,289] {logging_mixin.py:104} INFO - [2021-05-28 19:59:36,289] {dag.py:2280} INFO - Setting next_dagrun for example_subdag_operator.section-2 to None
[2021-05-28 19:59:36,298] {logging_mixin.py:104} INFO - [2021-05-28 19:59:36,298] {dag.py:1824} INFO - Sync 2 DAGs
[2021-05-28 19:59:36,305] {logging_mixin.py:104} INFO - [2021-05-28 19:59:36,305] {dag.py:2280} INFO - Setting next_dagrun for example_subdag_operator.section-1 to None
[2021-05-28 19:59:36,306] {logging_mixin.py:104} INFO - [2021-05-28 19:59:36,306] {dag.py:2280} INFO - Setting next_dagrun for example_subdag_operator.section-2 to None
[2021-05-28 19:59:36,314] {scheduler_job.py:190} INFO - Processing /home/airflow/.local/lib/python3.6/site-packages/airflow/example_dags/example_subdag_operator.py took 0.165 seconds
[2021-05-28 20:00:06,561] {scheduler_job.py:182} INFO - Started process (PID=511) to work on /home/airflow/.local/lib/python3.6/site-packages/airflow/example_dags/example_subdag_operator.py
[2021-05-28 20:00:06,565] {scheduler_job.py:629} INFO - Processing file /home/airflow/.local/lib/python3.6/site-packages/airflow/example_dags/example_subdag_operator.py for tasks to queue
[2021-05-28 20:00:06,567] {logging_mixin.py:104} INFO - [2021-05-28 20:00:06,566] {dagbag.py:451} INFO - Filling up the DagBag from /home/airflow/.local/lib/python3.6/site-packages/airflow/example_dags/example_subdag_operator.py
[2021-05-28 20:00:06,635] {scheduler_job.py:639} INFO - DAG(s) dict_keys(['example_subdag_operator.section-1', 'example_subdag_operator.section-2', 'example_subdag_operator']) retrieved from /home/airflow/.local/lib/python3.6/site-packages/airflow/example_dags/example_subdag_operator.py
[2021-05-28 20:00:06,675] {logging_mixin.py:104} INFO - [2021-05-28 20:00:06,675] {dag.py:1824} INFO - Sync 3 DAGs
[2021-05-28 20:00:06,715] {logging_mixin.py:104} INFO - [2021-05-28 20:00:06,714] {dag.py:2280} INFO - Setting next_dagrun for example_subdag_operator to 2021-05-26 00:00:00+00:00
[2021-05-28 20:00:06,717] {logging_mixin.py:104} INFO - [2021-05-28 20:00:06,717] {dag.py:2280} INFO - Setting next_dagrun for example_subdag_operator.section-1 to None
[2021-05-28 20:00:06,718] {logging_mixin.py:104} INFO - [2021-05-28 20:00:06,718] {dag.py:2280} INFO - Setting next_dagrun for example_subdag_operator.section-2 to None
[2021-05-28 20:00:06,737] {logging_mixin.py:104} INFO - [2021-05-28 20:00:06,737] {dag.py:1824} INFO - Sync 2 DAGs
[2021-05-28 20:00:06,752] {logging_mixin.py:104} INFO - [2021-05-28 20:00:06,752] {dag.py:2280} INFO - Setting next_dagrun for example_subdag_operator.section-1 to None
[2021-05-28 20:00:06,753] {logging_mixin.py:104} INFO - [2021-05-28 20:00:06,753] {dag.py:2280} INFO - Setting next_dagrun for example_subdag_operator.section-2 to None
[2021-05-28 20:00:06,767] {scheduler_job.py:190} INFO - Processing /home/airflow/.local/lib/python3.6/site-packages/airflow/example_dags/example_subdag_operator.py took 0.220 seconds
