[2021-05-28 19:51:20,593] {scheduler_job.py:182} INFO - Started process (PID=37) to work on /home/airflow/.local/lib/python3.6/site-packages/airflow/example_dags/example_nested_branch_dag.py
[2021-05-28 19:51:20,596] {scheduler_job.py:629} INFO - Processing file /home/airflow/.local/lib/python3.6/site-packages/airflow/example_dags/example_nested_branch_dag.py for tasks to queue
[2021-05-28 19:51:20,599] {logging_mixin.py:104} INFO - [2021-05-28 19:51:20,599] {dagbag.py:451} INFO - Filling up the DagBag from /home/airflow/.local/lib/python3.6/site-packages/airflow/example_dags/example_nested_branch_dag.py
[2021-05-28 19:51:20,663] {scheduler_job.py:639} INFO - DAG(s) dict_keys(['example_nested_branch_dag']) retrieved from /home/airflow/.local/lib/python3.6/site-packages/airflow/example_dags/example_nested_branch_dag.py
[2021-05-28 19:51:20,770] {logging_mixin.py:104} INFO - [2021-05-28 19:51:20,769] {dag.py:1824} INFO - Sync 1 DAGs
[2021-05-28 19:51:20,913] {logging_mixin.py:104} INFO - [2021-05-28 19:51:20,913] {dag.py:2280} INFO - Setting next_dagrun for example_nested_branch_dag to 2021-05-26 00:00:00+00:00
[2021-05-28 19:51:20,975] {scheduler_job.py:190} INFO - Processing /home/airflow/.local/lib/python3.6/site-packages/airflow/example_dags/example_nested_branch_dag.py took 0.397 seconds
[2021-05-28 19:51:51,190] {scheduler_job.py:182} INFO - Started process (PID=63) to work on /home/airflow/.local/lib/python3.6/site-packages/airflow/example_dags/example_nested_branch_dag.py
[2021-05-28 19:51:51,193] {scheduler_job.py:629} INFO - Processing file /home/airflow/.local/lib/python3.6/site-packages/airflow/example_dags/example_nested_branch_dag.py for tasks to queue
[2021-05-28 19:51:51,204] {logging_mixin.py:104} INFO - [2021-05-28 19:51:51,204] {dagbag.py:451} INFO - Filling up the DagBag from /home/airflow/.local/lib/python3.6/site-packages/airflow/example_dags/example_nested_branch_dag.py
[2021-05-28 19:51:51,269] {scheduler_job.py:639} INFO - DAG(s) dict_keys(['example_nested_branch_dag']) retrieved from /home/airflow/.local/lib/python3.6/site-packages/airflow/example_dags/example_nested_branch_dag.py
[2021-05-28 19:51:51,365] {logging_mixin.py:104} INFO - [2021-05-28 19:51:51,365] {dag.py:1824} INFO - Sync 1 DAGs
[2021-05-28 19:51:51,480] {logging_mixin.py:104} INFO - [2021-05-28 19:51:51,479] {dag.py:2280} INFO - Setting next_dagrun for example_nested_branch_dag to 2021-05-26 00:00:00+00:00
[2021-05-28 19:51:51,516] {scheduler_job.py:190} INFO - Processing /home/airflow/.local/lib/python3.6/site-packages/airflow/example_dags/example_nested_branch_dag.py took 0.332 seconds
[2021-05-28 19:52:21,936] {scheduler_job.py:182} INFO - Started process (PID=91) to work on /home/airflow/.local/lib/python3.6/site-packages/airflow/example_dags/example_nested_branch_dag.py
[2021-05-28 19:52:21,937] {scheduler_job.py:629} INFO - Processing file /home/airflow/.local/lib/python3.6/site-packages/airflow/example_dags/example_nested_branch_dag.py for tasks to queue
[2021-05-28 19:52:21,938] {logging_mixin.py:104} INFO - [2021-05-28 19:52:21,938] {dagbag.py:451} INFO - Filling up the DagBag from /home/airflow/.local/lib/python3.6/site-packages/airflow/example_dags/example_nested_branch_dag.py
[2021-05-28 19:52:21,956] {scheduler_job.py:639} INFO - DAG(s) dict_keys(['example_nested_branch_dag']) retrieved from /home/airflow/.local/lib/python3.6/site-packages/airflow/example_dags/example_nested_branch_dag.py
[2021-05-28 19:52:21,985] {logging_mixin.py:104} INFO - [2021-05-28 19:52:21,984] {dag.py:1824} INFO - Sync 1 DAGs
[2021-05-28 19:52:22,014] {logging_mixin.py:104} INFO - [2021-05-28 19:52:22,014] {dag.py:2280} INFO - Setting next_dagrun for example_nested_branch_dag to 2021-05-26 00:00:00+00:00
[2021-05-28 19:52:22,028] {scheduler_job.py:190} INFO - Processing /home/airflow/.local/lib/python3.6/site-packages/airflow/example_dags/example_nested_branch_dag.py took 0.097 seconds
[2021-05-28 19:52:52,804] {scheduler_job.py:182} INFO - Started process (PID=118) to work on /home/airflow/.local/lib/python3.6/site-packages/airflow/example_dags/example_nested_branch_dag.py
[2021-05-28 19:52:52,807] {scheduler_job.py:629} INFO - Processing file /home/airflow/.local/lib/python3.6/site-packages/airflow/example_dags/example_nested_branch_dag.py for tasks to queue
[2021-05-28 19:52:52,809] {logging_mixin.py:104} INFO - [2021-05-28 19:52:52,809] {dagbag.py:451} INFO - Filling up the DagBag from /home/airflow/.local/lib/python3.6/site-packages/airflow/example_dags/example_nested_branch_dag.py
[2021-05-28 19:52:52,850] {scheduler_job.py:639} INFO - DAG(s) dict_keys(['example_nested_branch_dag']) retrieved from /home/airflow/.local/lib/python3.6/site-packages/airflow/example_dags/example_nested_branch_dag.py
[2021-05-28 19:52:52,917] {logging_mixin.py:104} INFO - [2021-05-28 19:52:52,917] {dag.py:1824} INFO - Sync 1 DAGs
[2021-05-28 19:52:53,001] {logging_mixin.py:104} INFO - [2021-05-28 19:52:53,001] {dag.py:2280} INFO - Setting next_dagrun for example_nested_branch_dag to 2021-05-26 00:00:00+00:00
[2021-05-28 19:52:53,022] {scheduler_job.py:190} INFO - Processing /home/airflow/.local/lib/python3.6/site-packages/airflow/example_dags/example_nested_branch_dag.py took 0.226 seconds
[2021-05-28 19:53:23,159] {scheduler_job.py:182} INFO - Started process (PID=144) to work on /home/airflow/.local/lib/python3.6/site-packages/airflow/example_dags/example_nested_branch_dag.py
[2021-05-28 19:53:23,166] {scheduler_job.py:629} INFO - Processing file /home/airflow/.local/lib/python3.6/site-packages/airflow/example_dags/example_nested_branch_dag.py for tasks to queue
[2021-05-28 19:53:23,170] {logging_mixin.py:104} INFO - [2021-05-28 19:53:23,170] {dagbag.py:451} INFO - Filling up the DagBag from /home/airflow/.local/lib/python3.6/site-packages/airflow/example_dags/example_nested_branch_dag.py
[2021-05-28 19:53:23,214] {scheduler_job.py:639} INFO - DAG(s) dict_keys(['example_nested_branch_dag']) retrieved from /home/airflow/.local/lib/python3.6/site-packages/airflow/example_dags/example_nested_branch_dag.py
[2021-05-28 19:53:23,278] {logging_mixin.py:104} INFO - [2021-05-28 19:53:23,278] {dag.py:1824} INFO - Sync 1 DAGs
[2021-05-28 19:53:23,326] {logging_mixin.py:104} INFO - [2021-05-28 19:53:23,325] {dag.py:2280} INFO - Setting next_dagrun for example_nested_branch_dag to 2021-05-26 00:00:00+00:00
[2021-05-28 19:53:23,357] {scheduler_job.py:190} INFO - Processing /home/airflow/.local/lib/python3.6/site-packages/airflow/example_dags/example_nested_branch_dag.py took 0.207 seconds
[2021-05-28 19:53:53,848] {scheduler_job.py:182} INFO - Started process (PID=172) to work on /home/airflow/.local/lib/python3.6/site-packages/airflow/example_dags/example_nested_branch_dag.py
[2021-05-28 19:53:53,850] {scheduler_job.py:629} INFO - Processing file /home/airflow/.local/lib/python3.6/site-packages/airflow/example_dags/example_nested_branch_dag.py for tasks to queue
[2021-05-28 19:53:53,851] {logging_mixin.py:104} INFO - [2021-05-28 19:53:53,851] {dagbag.py:451} INFO - Filling up the DagBag from /home/airflow/.local/lib/python3.6/site-packages/airflow/example_dags/example_nested_branch_dag.py
[2021-05-28 19:53:53,871] {scheduler_job.py:639} INFO - DAG(s) dict_keys(['example_nested_branch_dag']) retrieved from /home/airflow/.local/lib/python3.6/site-packages/airflow/example_dags/example_nested_branch_dag.py
[2021-05-28 19:53:53,903] {logging_mixin.py:104} INFO - [2021-05-28 19:53:53,903] {dag.py:1824} INFO - Sync 1 DAGs
[2021-05-28 19:53:53,929] {logging_mixin.py:104} INFO - [2021-05-28 19:53:53,929] {dag.py:2280} INFO - Setting next_dagrun for example_nested_branch_dag to 2021-05-26 00:00:00+00:00
[2021-05-28 19:53:53,943] {scheduler_job.py:190} INFO - Processing /home/airflow/.local/lib/python3.6/site-packages/airflow/example_dags/example_nested_branch_dag.py took 0.101 seconds
[2021-05-28 19:54:24,361] {scheduler_job.py:182} INFO - Started process (PID=200) to work on /home/airflow/.local/lib/python3.6/site-packages/airflow/example_dags/example_nested_branch_dag.py
[2021-05-28 19:54:24,363] {scheduler_job.py:629} INFO - Processing file /home/airflow/.local/lib/python3.6/site-packages/airflow/example_dags/example_nested_branch_dag.py for tasks to queue
[2021-05-28 19:54:24,365] {logging_mixin.py:104} INFO - [2021-05-28 19:54:24,364] {dagbag.py:451} INFO - Filling up the DagBag from /home/airflow/.local/lib/python3.6/site-packages/airflow/example_dags/example_nested_branch_dag.py
[2021-05-28 19:54:24,388] {scheduler_job.py:639} INFO - DAG(s) dict_keys(['example_nested_branch_dag']) retrieved from /home/airflow/.local/lib/python3.6/site-packages/airflow/example_dags/example_nested_branch_dag.py
[2021-05-28 19:54:24,415] {logging_mixin.py:104} INFO - [2021-05-28 19:54:24,415] {dag.py:1824} INFO - Sync 1 DAGs
[2021-05-28 19:54:24,436] {logging_mixin.py:104} INFO - [2021-05-28 19:54:24,436] {dag.py:2280} INFO - Setting next_dagrun for example_nested_branch_dag to 2021-05-26 00:00:00+00:00
[2021-05-28 19:54:24,451] {scheduler_job.py:190} INFO - Processing /home/airflow/.local/lib/python3.6/site-packages/airflow/example_dags/example_nested_branch_dag.py took 0.095 seconds
[2021-05-28 19:54:54,582] {scheduler_job.py:182} INFO - Started process (PID=226) to work on /home/airflow/.local/lib/python3.6/site-packages/airflow/example_dags/example_nested_branch_dag.py
[2021-05-28 19:54:54,585] {scheduler_job.py:629} INFO - Processing file /home/airflow/.local/lib/python3.6/site-packages/airflow/example_dags/example_nested_branch_dag.py for tasks to queue
[2021-05-28 19:54:54,587] {logging_mixin.py:104} INFO - [2021-05-28 19:54:54,586] {dagbag.py:451} INFO - Filling up the DagBag from /home/airflow/.local/lib/python3.6/site-packages/airflow/example_dags/example_nested_branch_dag.py
[2021-05-28 19:54:54,617] {scheduler_job.py:639} INFO - DAG(s) dict_keys(['example_nested_branch_dag']) retrieved from /home/airflow/.local/lib/python3.6/site-packages/airflow/example_dags/example_nested_branch_dag.py
[2021-05-28 19:54:54,701] {logging_mixin.py:104} INFO - [2021-05-28 19:54:54,701] {dag.py:1824} INFO - Sync 1 DAGs
[2021-05-28 19:54:54,756] {logging_mixin.py:104} INFO - [2021-05-28 19:54:54,755] {dag.py:2280} INFO - Setting next_dagrun for example_nested_branch_dag to 2021-05-26 00:00:00+00:00
[2021-05-28 19:54:54,785] {scheduler_job.py:190} INFO - Processing /home/airflow/.local/lib/python3.6/site-packages/airflow/example_dags/example_nested_branch_dag.py took 0.209 seconds
[2021-05-28 19:55:25,159] {scheduler_job.py:182} INFO - Started process (PID=253) to work on /home/airflow/.local/lib/python3.6/site-packages/airflow/example_dags/example_nested_branch_dag.py
[2021-05-28 19:55:25,161] {scheduler_job.py:629} INFO - Processing file /home/airflow/.local/lib/python3.6/site-packages/airflow/example_dags/example_nested_branch_dag.py for tasks to queue
[2021-05-28 19:55:25,163] {logging_mixin.py:104} INFO - [2021-05-28 19:55:25,162] {dagbag.py:451} INFO - Filling up the DagBag from /home/airflow/.local/lib/python3.6/site-packages/airflow/example_dags/example_nested_branch_dag.py
[2021-05-28 19:55:25,195] {scheduler_job.py:639} INFO - DAG(s) dict_keys(['example_nested_branch_dag']) retrieved from /home/airflow/.local/lib/python3.6/site-packages/airflow/example_dags/example_nested_branch_dag.py
[2021-05-28 19:55:25,229] {logging_mixin.py:104} INFO - [2021-05-28 19:55:25,229] {dag.py:1824} INFO - Sync 1 DAGs
[2021-05-28 19:55:25,262] {logging_mixin.py:104} INFO - [2021-05-28 19:55:25,262] {dag.py:2280} INFO - Setting next_dagrun for example_nested_branch_dag to 2021-05-26 00:00:00+00:00
[2021-05-28 19:55:25,277] {scheduler_job.py:190} INFO - Processing /home/airflow/.local/lib/python3.6/site-packages/airflow/example_dags/example_nested_branch_dag.py took 0.124 seconds
[2021-05-28 19:55:56,229] {scheduler_job.py:182} INFO - Started process (PID=280) to work on /home/airflow/.local/lib/python3.6/site-packages/airflow/example_dags/example_nested_branch_dag.py
[2021-05-28 19:55:56,231] {scheduler_job.py:629} INFO - Processing file /home/airflow/.local/lib/python3.6/site-packages/airflow/example_dags/example_nested_branch_dag.py for tasks to queue
[2021-05-28 19:55:56,233] {logging_mixin.py:104} INFO - [2021-05-28 19:55:56,233] {dagbag.py:451} INFO - Filling up the DagBag from /home/airflow/.local/lib/python3.6/site-packages/airflow/example_dags/example_nested_branch_dag.py
[2021-05-28 19:55:56,270] {scheduler_job.py:639} INFO - DAG(s) dict_keys(['example_nested_branch_dag']) retrieved from /home/airflow/.local/lib/python3.6/site-packages/airflow/example_dags/example_nested_branch_dag.py
[2021-05-28 19:55:56,314] {logging_mixin.py:104} INFO - [2021-05-28 19:55:56,314] {dag.py:1824} INFO - Sync 1 DAGs
[2021-05-28 19:55:56,353] {logging_mixin.py:104} INFO - [2021-05-28 19:55:56,353] {dag.py:2280} INFO - Setting next_dagrun for example_nested_branch_dag to 2021-05-26 00:00:00+00:00
[2021-05-28 19:55:56,388] {scheduler_job.py:190} INFO - Processing /home/airflow/.local/lib/python3.6/site-packages/airflow/example_dags/example_nested_branch_dag.py took 0.165 seconds
[2021-05-28 19:56:27,342] {scheduler_job.py:182} INFO - Started process (PID=307) to work on /home/airflow/.local/lib/python3.6/site-packages/airflow/example_dags/example_nested_branch_dag.py
[2021-05-28 19:56:27,346] {scheduler_job.py:629} INFO - Processing file /home/airflow/.local/lib/python3.6/site-packages/airflow/example_dags/example_nested_branch_dag.py for tasks to queue
[2021-05-28 19:56:27,348] {logging_mixin.py:104} INFO - [2021-05-28 19:56:27,348] {dagbag.py:451} INFO - Filling up the DagBag from /home/airflow/.local/lib/python3.6/site-packages/airflow/example_dags/example_nested_branch_dag.py
[2021-05-28 19:56:27,379] {scheduler_job.py:639} INFO - DAG(s) dict_keys(['example_nested_branch_dag']) retrieved from /home/airflow/.local/lib/python3.6/site-packages/airflow/example_dags/example_nested_branch_dag.py
[2021-05-28 19:56:27,416] {logging_mixin.py:104} INFO - [2021-05-28 19:56:27,416] {dag.py:1824} INFO - Sync 1 DAGs
[2021-05-28 19:56:27,453] {logging_mixin.py:104} INFO - [2021-05-28 19:56:27,453] {dag.py:2280} INFO - Setting next_dagrun for example_nested_branch_dag to 2021-05-26 00:00:00+00:00
[2021-05-28 19:56:27,480] {scheduler_job.py:190} INFO - Processing /home/airflow/.local/lib/python3.6/site-packages/airflow/example_dags/example_nested_branch_dag.py took 0.144 seconds
[2021-05-28 19:56:57,951] {scheduler_job.py:182} INFO - Started process (PID=334) to work on /home/airflow/.local/lib/python3.6/site-packages/airflow/example_dags/example_nested_branch_dag.py
[2021-05-28 19:56:57,953] {scheduler_job.py:629} INFO - Processing file /home/airflow/.local/lib/python3.6/site-packages/airflow/example_dags/example_nested_branch_dag.py for tasks to queue
[2021-05-28 19:56:57,955] {logging_mixin.py:104} INFO - [2021-05-28 19:56:57,954] {dagbag.py:451} INFO - Filling up the DagBag from /home/airflow/.local/lib/python3.6/site-packages/airflow/example_dags/example_nested_branch_dag.py
[2021-05-28 19:56:57,986] {scheduler_job.py:639} INFO - DAG(s) dict_keys(['example_nested_branch_dag']) retrieved from /home/airflow/.local/lib/python3.6/site-packages/airflow/example_dags/example_nested_branch_dag.py
[2021-05-28 19:56:58,025] {logging_mixin.py:104} INFO - [2021-05-28 19:56:58,025] {dag.py:1824} INFO - Sync 1 DAGs
[2021-05-28 19:56:58,061] {logging_mixin.py:104} INFO - [2021-05-28 19:56:58,061] {dag.py:2280} INFO - Setting next_dagrun for example_nested_branch_dag to 2021-05-26 00:00:00+00:00
[2021-05-28 19:56:58,076] {scheduler_job.py:190} INFO - Processing /home/airflow/.local/lib/python3.6/site-packages/airflow/example_dags/example_nested_branch_dag.py took 0.131 seconds
[2021-05-28 19:57:28,141] {scheduler_job.py:182} INFO - Started process (PID=361) to work on /home/airflow/.local/lib/python3.6/site-packages/airflow/example_dags/example_nested_branch_dag.py
[2021-05-28 19:57:28,143] {scheduler_job.py:629} INFO - Processing file /home/airflow/.local/lib/python3.6/site-packages/airflow/example_dags/example_nested_branch_dag.py for tasks to queue
[2021-05-28 19:57:28,144] {logging_mixin.py:104} INFO - [2021-05-28 19:57:28,144] {dagbag.py:451} INFO - Filling up the DagBag from /home/airflow/.local/lib/python3.6/site-packages/airflow/example_dags/example_nested_branch_dag.py
[2021-05-28 19:57:28,174] {scheduler_job.py:639} INFO - DAG(s) dict_keys(['example_nested_branch_dag']) retrieved from /home/airflow/.local/lib/python3.6/site-packages/airflow/example_dags/example_nested_branch_dag.py
[2021-05-28 19:57:28,208] {logging_mixin.py:104} INFO - [2021-05-28 19:57:28,208] {dag.py:1824} INFO - Sync 1 DAGs
[2021-05-28 19:57:28,240] {logging_mixin.py:104} INFO - [2021-05-28 19:57:28,240] {dag.py:2280} INFO - Setting next_dagrun for example_nested_branch_dag to 2021-05-26 00:00:00+00:00
[2021-05-28 19:57:28,261] {scheduler_job.py:190} INFO - Processing /home/airflow/.local/lib/python3.6/site-packages/airflow/example_dags/example_nested_branch_dag.py took 0.124 seconds
[2021-05-28 19:57:58,758] {scheduler_job.py:182} INFO - Started process (PID=388) to work on /home/airflow/.local/lib/python3.6/site-packages/airflow/example_dags/example_nested_branch_dag.py
[2021-05-28 19:57:58,760] {scheduler_job.py:629} INFO - Processing file /home/airflow/.local/lib/python3.6/site-packages/airflow/example_dags/example_nested_branch_dag.py for tasks to queue
[2021-05-28 19:57:58,761] {logging_mixin.py:104} INFO - [2021-05-28 19:57:58,761] {dagbag.py:451} INFO - Filling up the DagBag from /home/airflow/.local/lib/python3.6/site-packages/airflow/example_dags/example_nested_branch_dag.py
[2021-05-28 19:57:58,792] {scheduler_job.py:639} INFO - DAG(s) dict_keys(['example_nested_branch_dag']) retrieved from /home/airflow/.local/lib/python3.6/site-packages/airflow/example_dags/example_nested_branch_dag.py
[2021-05-28 19:57:58,827] {logging_mixin.py:104} INFO - [2021-05-28 19:57:58,827] {dag.py:1824} INFO - Sync 1 DAGs
[2021-05-28 19:57:58,858] {logging_mixin.py:104} INFO - [2021-05-28 19:57:58,857] {dag.py:2280} INFO - Setting next_dagrun for example_nested_branch_dag to 2021-05-26 00:00:00+00:00
[2021-05-28 19:57:58,882] {scheduler_job.py:190} INFO - Processing /home/airflow/.local/lib/python3.6/site-packages/airflow/example_dags/example_nested_branch_dag.py took 0.133 seconds
[2021-05-28 19:58:29,534] {scheduler_job.py:182} INFO - Started process (PID=416) to work on /home/airflow/.local/lib/python3.6/site-packages/airflow/example_dags/example_nested_branch_dag.py
[2021-05-28 19:58:29,542] {scheduler_job.py:629} INFO - Processing file /home/airflow/.local/lib/python3.6/site-packages/airflow/example_dags/example_nested_branch_dag.py for tasks to queue
[2021-05-28 19:58:29,544] {logging_mixin.py:104} INFO - [2021-05-28 19:58:29,543] {dagbag.py:451} INFO - Filling up the DagBag from /home/airflow/.local/lib/python3.6/site-packages/airflow/example_dags/example_nested_branch_dag.py
[2021-05-28 19:58:29,567] {scheduler_job.py:639} INFO - DAG(s) dict_keys(['example_nested_branch_dag']) retrieved from /home/airflow/.local/lib/python3.6/site-packages/airflow/example_dags/example_nested_branch_dag.py
[2021-05-28 19:58:29,606] {logging_mixin.py:104} INFO - [2021-05-28 19:58:29,606] {dag.py:1824} INFO - Sync 1 DAGs
[2021-05-28 19:58:29,640] {logging_mixin.py:104} INFO - [2021-05-28 19:58:29,640] {dag.py:2280} INFO - Setting next_dagrun for example_nested_branch_dag to 2021-05-26 00:00:00+00:00
[2021-05-28 19:58:29,692] {scheduler_job.py:190} INFO - Processing /home/airflow/.local/lib/python3.6/site-packages/airflow/example_dags/example_nested_branch_dag.py took 0.163 seconds
[2021-05-28 19:58:59,785] {scheduler_job.py:182} INFO - Started process (PID=442) to work on /home/airflow/.local/lib/python3.6/site-packages/airflow/example_dags/example_nested_branch_dag.py
[2021-05-28 19:58:59,787] {scheduler_job.py:629} INFO - Processing file /home/airflow/.local/lib/python3.6/site-packages/airflow/example_dags/example_nested_branch_dag.py for tasks to queue
[2021-05-28 19:58:59,789] {logging_mixin.py:104} INFO - [2021-05-28 19:58:59,788] {dagbag.py:451} INFO - Filling up the DagBag from /home/airflow/.local/lib/python3.6/site-packages/airflow/example_dags/example_nested_branch_dag.py
[2021-05-28 19:58:59,812] {scheduler_job.py:639} INFO - DAG(s) dict_keys(['example_nested_branch_dag']) retrieved from /home/airflow/.local/lib/python3.6/site-packages/airflow/example_dags/example_nested_branch_dag.py
[2021-05-28 19:58:59,840] {logging_mixin.py:104} INFO - [2021-05-28 19:58:59,840] {dag.py:1824} INFO - Sync 1 DAGs
[2021-05-28 19:58:59,869] {logging_mixin.py:104} INFO - [2021-05-28 19:58:59,869] {dag.py:2280} INFO - Setting next_dagrun for example_nested_branch_dag to 2021-05-26 00:00:00+00:00
[2021-05-28 19:58:59,886] {scheduler_job.py:190} INFO - Processing /home/airflow/.local/lib/python3.6/site-packages/airflow/example_dags/example_nested_branch_dag.py took 0.104 seconds
[2021-05-28 19:59:30,028] {scheduler_job.py:182} INFO - Started process (PID=469) to work on /home/airflow/.local/lib/python3.6/site-packages/airflow/example_dags/example_nested_branch_dag.py
[2021-05-28 19:59:30,030] {scheduler_job.py:629} INFO - Processing file /home/airflow/.local/lib/python3.6/site-packages/airflow/example_dags/example_nested_branch_dag.py for tasks to queue
[2021-05-28 19:59:30,032] {logging_mixin.py:104} INFO - [2021-05-28 19:59:30,032] {dagbag.py:451} INFO - Filling up the DagBag from /home/airflow/.local/lib/python3.6/site-packages/airflow/example_dags/example_nested_branch_dag.py
[2021-05-28 19:59:30,058] {scheduler_job.py:639} INFO - DAG(s) dict_keys(['example_nested_branch_dag']) retrieved from /home/airflow/.local/lib/python3.6/site-packages/airflow/example_dags/example_nested_branch_dag.py
[2021-05-28 19:59:30,094] {logging_mixin.py:104} INFO - [2021-05-28 19:59:30,094] {dag.py:1824} INFO - Sync 1 DAGs
[2021-05-28 19:59:30,147] {logging_mixin.py:104} INFO - [2021-05-28 19:59:30,147] {dag.py:2280} INFO - Setting next_dagrun for example_nested_branch_dag to 2021-05-26 00:00:00+00:00
[2021-05-28 19:59:30,171] {scheduler_job.py:190} INFO - Processing /home/airflow/.local/lib/python3.6/site-packages/airflow/example_dags/example_nested_branch_dag.py took 0.149 seconds
[2021-05-28 20:00:00,290] {scheduler_job.py:182} INFO - Started process (PID=495) to work on /home/airflow/.local/lib/python3.6/site-packages/airflow/example_dags/example_nested_branch_dag.py
[2021-05-28 20:00:00,293] {scheduler_job.py:629} INFO - Processing file /home/airflow/.local/lib/python3.6/site-packages/airflow/example_dags/example_nested_branch_dag.py for tasks to queue
[2021-05-28 20:00:00,294] {logging_mixin.py:104} INFO - [2021-05-28 20:00:00,294] {dagbag.py:451} INFO - Filling up the DagBag from /home/airflow/.local/lib/python3.6/site-packages/airflow/example_dags/example_nested_branch_dag.py
[2021-05-28 20:00:00,320] {scheduler_job.py:639} INFO - DAG(s) dict_keys(['example_nested_branch_dag']) retrieved from /home/airflow/.local/lib/python3.6/site-packages/airflow/example_dags/example_nested_branch_dag.py
[2021-05-28 20:00:00,352] {logging_mixin.py:104} INFO - [2021-05-28 20:00:00,352] {dag.py:1824} INFO - Sync 1 DAGs
[2021-05-28 20:00:00,381] {logging_mixin.py:104} INFO - [2021-05-28 20:00:00,381] {dag.py:2280} INFO - Setting next_dagrun for example_nested_branch_dag to 2021-05-26 00:00:00+00:00
[2021-05-28 20:00:00,396] {scheduler_job.py:190} INFO - Processing /home/airflow/.local/lib/python3.6/site-packages/airflow/example_dags/example_nested_branch_dag.py took 0.111 seconds
