[2021-05-28 19:51:29,520] {scheduler_job.py:182} INFO - Started process (PID=60) to work on /home/airflow/.local/lib/python3.6/site-packages/airflow/example_dags/example_xcom.py
[2021-05-28 19:51:29,523] {scheduler_job.py:629} INFO - Processing file /home/airflow/.local/lib/python3.6/site-packages/airflow/example_dags/example_xcom.py for tasks to queue
[2021-05-28 19:51:29,524] {logging_mixin.py:104} INFO - [2021-05-28 19:51:29,524] {dagbag.py:451} INFO - Filling up the DagBag from /home/airflow/.local/lib/python3.6/site-packages/airflow/example_dags/example_xcom.py
[2021-05-28 19:51:29,593] {scheduler_job.py:639} INFO - DAG(s) dict_keys(['example_xcom']) retrieved from /home/airflow/.local/lib/python3.6/site-packages/airflow/example_dags/example_xcom.py
[2021-05-28 19:51:29,666] {logging_mixin.py:104} INFO - [2021-05-28 19:51:29,666] {dag.py:1824} INFO - Sync 1 DAGs
[2021-05-28 19:51:29,726] {logging_mixin.py:104} INFO - [2021-05-28 19:51:29,726] {dag.py:2280} INFO - Setting next_dagrun for example_xcom to 2021-05-26 00:00:00+00:00
[2021-05-28 19:51:29,779] {scheduler_job.py:190} INFO - Processing /home/airflow/.local/lib/python3.6/site-packages/airflow/example_dags/example_xcom.py took 0.291 seconds
[2021-05-28 19:52:00,245] {scheduler_job.py:182} INFO - Started process (PID=87) to work on /home/airflow/.local/lib/python3.6/site-packages/airflow/example_dags/example_xcom.py
[2021-05-28 19:52:00,249] {scheduler_job.py:629} INFO - Processing file /home/airflow/.local/lib/python3.6/site-packages/airflow/example_dags/example_xcom.py for tasks to queue
[2021-05-28 19:52:00,253] {logging_mixin.py:104} INFO - [2021-05-28 19:52:00,251] {dagbag.py:451} INFO - Filling up the DagBag from /home/airflow/.local/lib/python3.6/site-packages/airflow/example_dags/example_xcom.py
[2021-05-28 19:52:00,291] {scheduler_job.py:639} INFO - DAG(s) dict_keys(['example_xcom']) retrieved from /home/airflow/.local/lib/python3.6/site-packages/airflow/example_dags/example_xcom.py
[2021-05-28 19:52:00,367] {logging_mixin.py:104} INFO - [2021-05-28 19:52:00,367] {dag.py:1824} INFO - Sync 1 DAGs
[2021-05-28 19:52:00,428] {logging_mixin.py:104} INFO - [2021-05-28 19:52:00,427] {dag.py:2280} INFO - Setting next_dagrun for example_xcom to 2021-05-26 00:00:00+00:00
[2021-05-28 19:52:00,466] {scheduler_job.py:190} INFO - Processing /home/airflow/.local/lib/python3.6/site-packages/airflow/example_dags/example_xcom.py took 0.226 seconds
[2021-05-28 19:52:31,008] {scheduler_job.py:182} INFO - Started process (PID=114) to work on /home/airflow/.local/lib/python3.6/site-packages/airflow/example_dags/example_xcom.py
[2021-05-28 19:52:31,011] {scheduler_job.py:629} INFO - Processing file /home/airflow/.local/lib/python3.6/site-packages/airflow/example_dags/example_xcom.py for tasks to queue
[2021-05-28 19:52:31,015] {logging_mixin.py:104} INFO - [2021-05-28 19:52:31,015] {dagbag.py:451} INFO - Filling up the DagBag from /home/airflow/.local/lib/python3.6/site-packages/airflow/example_dags/example_xcom.py
[2021-05-28 19:52:31,047] {scheduler_job.py:639} INFO - DAG(s) dict_keys(['example_xcom']) retrieved from /home/airflow/.local/lib/python3.6/site-packages/airflow/example_dags/example_xcom.py
[2021-05-28 19:52:31,097] {logging_mixin.py:104} INFO - [2021-05-28 19:52:31,097] {dag.py:1824} INFO - Sync 1 DAGs
[2021-05-28 19:52:31,138] {logging_mixin.py:104} INFO - [2021-05-28 19:52:31,138] {dag.py:2280} INFO - Setting next_dagrun for example_xcom to 2021-05-26 00:00:00+00:00
[2021-05-28 19:52:31,159] {scheduler_job.py:190} INFO - Processing /home/airflow/.local/lib/python3.6/site-packages/airflow/example_dags/example_xcom.py took 0.159 seconds
[2021-05-28 19:53:02,596] {scheduler_job.py:182} INFO - Started process (PID=141) to work on /home/airflow/.local/lib/python3.6/site-packages/airflow/example_dags/example_xcom.py
[2021-05-28 19:53:02,607] {scheduler_job.py:629} INFO - Processing file /home/airflow/.local/lib/python3.6/site-packages/airflow/example_dags/example_xcom.py for tasks to queue
[2021-05-28 19:53:02,610] {logging_mixin.py:104} INFO - [2021-05-28 19:53:02,609] {dagbag.py:451} INFO - Filling up the DagBag from /home/airflow/.local/lib/python3.6/site-packages/airflow/example_dags/example_xcom.py
[2021-05-28 19:53:02,650] {scheduler_job.py:639} INFO - DAG(s) dict_keys(['example_xcom']) retrieved from /home/airflow/.local/lib/python3.6/site-packages/airflow/example_dags/example_xcom.py
[2021-05-28 19:53:02,705] {logging_mixin.py:104} INFO - [2021-05-28 19:53:02,705] {dag.py:1824} INFO - Sync 1 DAGs
[2021-05-28 19:53:02,782] {logging_mixin.py:104} INFO - [2021-05-28 19:53:02,782] {dag.py:2280} INFO - Setting next_dagrun for example_xcom to 2021-05-26 00:00:00+00:00
[2021-05-28 19:53:02,831] {scheduler_job.py:190} INFO - Processing /home/airflow/.local/lib/python3.6/site-packages/airflow/example_dags/example_xcom.py took 0.242 seconds
[2021-05-28 19:53:33,504] {scheduler_job.py:182} INFO - Started process (PID=168) to work on /home/airflow/.local/lib/python3.6/site-packages/airflow/example_dags/example_xcom.py
[2021-05-28 19:53:33,508] {scheduler_job.py:629} INFO - Processing file /home/airflow/.local/lib/python3.6/site-packages/airflow/example_dags/example_xcom.py for tasks to queue
[2021-05-28 19:53:33,509] {logging_mixin.py:104} INFO - [2021-05-28 19:53:33,509] {dagbag.py:451} INFO - Filling up the DagBag from /home/airflow/.local/lib/python3.6/site-packages/airflow/example_dags/example_xcom.py
[2021-05-28 19:53:33,526] {scheduler_job.py:639} INFO - DAG(s) dict_keys(['example_xcom']) retrieved from /home/airflow/.local/lib/python3.6/site-packages/airflow/example_dags/example_xcom.py
[2021-05-28 19:53:33,555] {logging_mixin.py:104} INFO - [2021-05-28 19:53:33,554] {dag.py:1824} INFO - Sync 1 DAGs
[2021-05-28 19:53:33,591] {logging_mixin.py:104} INFO - [2021-05-28 19:53:33,591] {dag.py:2280} INFO - Setting next_dagrun for example_xcom to 2021-05-26 00:00:00+00:00
[2021-05-28 19:53:33,610] {scheduler_job.py:190} INFO - Processing /home/airflow/.local/lib/python3.6/site-packages/airflow/example_dags/example_xcom.py took 0.111 seconds
[2021-05-28 19:54:03,850] {scheduler_job.py:182} INFO - Started process (PID=195) to work on /home/airflow/.local/lib/python3.6/site-packages/airflow/example_dags/example_xcom.py
[2021-05-28 19:54:03,851] {scheduler_job.py:629} INFO - Processing file /home/airflow/.local/lib/python3.6/site-packages/airflow/example_dags/example_xcom.py for tasks to queue
[2021-05-28 19:54:03,852] {logging_mixin.py:104} INFO - [2021-05-28 19:54:03,852] {dagbag.py:451} INFO - Filling up the DagBag from /home/airflow/.local/lib/python3.6/site-packages/airflow/example_dags/example_xcom.py
[2021-05-28 19:54:03,867] {scheduler_job.py:639} INFO - DAG(s) dict_keys(['example_xcom']) retrieved from /home/airflow/.local/lib/python3.6/site-packages/airflow/example_dags/example_xcom.py
[2021-05-28 19:54:03,897] {logging_mixin.py:104} INFO - [2021-05-28 19:54:03,897] {dag.py:1824} INFO - Sync 1 DAGs
[2021-05-28 19:54:03,915] {logging_mixin.py:104} INFO - [2021-05-28 19:54:03,915] {dag.py:2280} INFO - Setting next_dagrun for example_xcom to 2021-05-26 00:00:00+00:00
[2021-05-28 19:54:03,928] {scheduler_job.py:190} INFO - Processing /home/airflow/.local/lib/python3.6/site-packages/airflow/example_dags/example_xcom.py took 0.082 seconds
[2021-05-28 19:54:34,237] {scheduler_job.py:182} INFO - Started process (PID=222) to work on /home/airflow/.local/lib/python3.6/site-packages/airflow/example_dags/example_xcom.py
[2021-05-28 19:54:34,239] {scheduler_job.py:629} INFO - Processing file /home/airflow/.local/lib/python3.6/site-packages/airflow/example_dags/example_xcom.py for tasks to queue
[2021-05-28 19:54:34,240] {logging_mixin.py:104} INFO - [2021-05-28 19:54:34,240] {dagbag.py:451} INFO - Filling up the DagBag from /home/airflow/.local/lib/python3.6/site-packages/airflow/example_dags/example_xcom.py
[2021-05-28 19:54:34,258] {scheduler_job.py:639} INFO - DAG(s) dict_keys(['example_xcom']) retrieved from /home/airflow/.local/lib/python3.6/site-packages/airflow/example_dags/example_xcom.py
[2021-05-28 19:54:34,302] {logging_mixin.py:104} INFO - [2021-05-28 19:54:34,301] {dag.py:1824} INFO - Sync 1 DAGs
[2021-05-28 19:54:34,321] {logging_mixin.py:104} INFO - [2021-05-28 19:54:34,321] {dag.py:2280} INFO - Setting next_dagrun for example_xcom to 2021-05-26 00:00:00+00:00
[2021-05-28 19:54:34,350] {scheduler_job.py:190} INFO - Processing /home/airflow/.local/lib/python3.6/site-packages/airflow/example_dags/example_xcom.py took 0.118 seconds
[2021-05-28 19:55:04,696] {scheduler_job.py:182} INFO - Started process (PID=249) to work on /home/airflow/.local/lib/python3.6/site-packages/airflow/example_dags/example_xcom.py
[2021-05-28 19:55:04,697] {scheduler_job.py:629} INFO - Processing file /home/airflow/.local/lib/python3.6/site-packages/airflow/example_dags/example_xcom.py for tasks to queue
[2021-05-28 19:55:04,698] {logging_mixin.py:104} INFO - [2021-05-28 19:55:04,698] {dagbag.py:451} INFO - Filling up the DagBag from /home/airflow/.local/lib/python3.6/site-packages/airflow/example_dags/example_xcom.py
[2021-05-28 19:55:04,720] {scheduler_job.py:639} INFO - DAG(s) dict_keys(['example_xcom']) retrieved from /home/airflow/.local/lib/python3.6/site-packages/airflow/example_dags/example_xcom.py
[2021-05-28 19:55:04,762] {logging_mixin.py:104} INFO - [2021-05-28 19:55:04,762] {dag.py:1824} INFO - Sync 1 DAGs
[2021-05-28 19:55:04,779] {logging_mixin.py:104} INFO - [2021-05-28 19:55:04,779] {dag.py:2280} INFO - Setting next_dagrun for example_xcom to 2021-05-26 00:00:00+00:00
[2021-05-28 19:55:04,808] {scheduler_job.py:190} INFO - Processing /home/airflow/.local/lib/python3.6/site-packages/airflow/example_dags/example_xcom.py took 0.115 seconds
[2021-05-28 19:55:35,775] {scheduler_job.py:182} INFO - Started process (PID=276) to work on /home/airflow/.local/lib/python3.6/site-packages/airflow/example_dags/example_xcom.py
[2021-05-28 19:55:35,777] {scheduler_job.py:629} INFO - Processing file /home/airflow/.local/lib/python3.6/site-packages/airflow/example_dags/example_xcom.py for tasks to queue
[2021-05-28 19:55:35,779] {logging_mixin.py:104} INFO - [2021-05-28 19:55:35,779] {dagbag.py:451} INFO - Filling up the DagBag from /home/airflow/.local/lib/python3.6/site-packages/airflow/example_dags/example_xcom.py
[2021-05-28 19:55:35,801] {scheduler_job.py:639} INFO - DAG(s) dict_keys(['example_xcom']) retrieved from /home/airflow/.local/lib/python3.6/site-packages/airflow/example_dags/example_xcom.py
[2021-05-28 19:55:35,843] {logging_mixin.py:104} INFO - [2021-05-28 19:55:35,843] {dag.py:1824} INFO - Sync 1 DAGs
[2021-05-28 19:55:35,868] {logging_mixin.py:104} INFO - [2021-05-28 19:55:35,868] {dag.py:2280} INFO - Setting next_dagrun for example_xcom to 2021-05-26 00:00:00+00:00
[2021-05-28 19:55:35,888] {scheduler_job.py:190} INFO - Processing /home/airflow/.local/lib/python3.6/site-packages/airflow/example_dags/example_xcom.py took 0.118 seconds
[2021-05-28 19:56:06,516] {scheduler_job.py:182} INFO - Started process (PID=303) to work on /home/airflow/.local/lib/python3.6/site-packages/airflow/example_dags/example_xcom.py
[2021-05-28 19:56:06,518] {scheduler_job.py:629} INFO - Processing file /home/airflow/.local/lib/python3.6/site-packages/airflow/example_dags/example_xcom.py for tasks to queue
[2021-05-28 19:56:06,519] {logging_mixin.py:104} INFO - [2021-05-28 19:56:06,519] {dagbag.py:451} INFO - Filling up the DagBag from /home/airflow/.local/lib/python3.6/site-packages/airflow/example_dags/example_xcom.py
[2021-05-28 19:56:06,549] {scheduler_job.py:639} INFO - DAG(s) dict_keys(['example_xcom']) retrieved from /home/airflow/.local/lib/python3.6/site-packages/airflow/example_dags/example_xcom.py
[2021-05-28 19:56:06,600] {logging_mixin.py:104} INFO - [2021-05-28 19:56:06,600] {dag.py:1824} INFO - Sync 1 DAGs
[2021-05-28 19:56:06,629] {logging_mixin.py:104} INFO - [2021-05-28 19:56:06,629] {dag.py:2280} INFO - Setting next_dagrun for example_xcom to 2021-05-26 00:00:00+00:00
[2021-05-28 19:56:06,651] {scheduler_job.py:190} INFO - Processing /home/airflow/.local/lib/python3.6/site-packages/airflow/example_dags/example_xcom.py took 0.142 seconds
[2021-05-28 19:56:37,239] {scheduler_job.py:182} INFO - Started process (PID=330) to work on /home/airflow/.local/lib/python3.6/site-packages/airflow/example_dags/example_xcom.py
[2021-05-28 19:56:37,241] {scheduler_job.py:629} INFO - Processing file /home/airflow/.local/lib/python3.6/site-packages/airflow/example_dags/example_xcom.py for tasks to queue
[2021-05-28 19:56:37,243] {logging_mixin.py:104} INFO - [2021-05-28 19:56:37,242] {dagbag.py:451} INFO - Filling up the DagBag from /home/airflow/.local/lib/python3.6/site-packages/airflow/example_dags/example_xcom.py
[2021-05-28 19:56:37,295] {scheduler_job.py:639} INFO - DAG(s) dict_keys(['example_xcom']) retrieved from /home/airflow/.local/lib/python3.6/site-packages/airflow/example_dags/example_xcom.py
[2021-05-28 19:56:37,341] {logging_mixin.py:104} INFO - [2021-05-28 19:56:37,341] {dag.py:1824} INFO - Sync 1 DAGs
[2021-05-28 19:56:37,379] {logging_mixin.py:104} INFO - [2021-05-28 19:56:37,379] {dag.py:2280} INFO - Setting next_dagrun for example_xcom to 2021-05-26 00:00:00+00:00
[2021-05-28 19:56:37,439] {scheduler_job.py:190} INFO - Processing /home/airflow/.local/lib/python3.6/site-packages/airflow/example_dags/example_xcom.py took 0.210 seconds
[2021-05-28 19:57:07,609] {scheduler_job.py:182} INFO - Started process (PID=357) to work on /home/airflow/.local/lib/python3.6/site-packages/airflow/example_dags/example_xcom.py
[2021-05-28 19:57:07,614] {scheduler_job.py:629} INFO - Processing file /home/airflow/.local/lib/python3.6/site-packages/airflow/example_dags/example_xcom.py for tasks to queue
[2021-05-28 19:57:07,616] {logging_mixin.py:104} INFO - [2021-05-28 19:57:07,615] {dagbag.py:451} INFO - Filling up the DagBag from /home/airflow/.local/lib/python3.6/site-packages/airflow/example_dags/example_xcom.py
[2021-05-28 19:57:07,642] {scheduler_job.py:639} INFO - DAG(s) dict_keys(['example_xcom']) retrieved from /home/airflow/.local/lib/python3.6/site-packages/airflow/example_dags/example_xcom.py
[2021-05-28 19:57:07,679] {logging_mixin.py:104} INFO - [2021-05-28 19:57:07,679] {dag.py:1824} INFO - Sync 1 DAGs
[2021-05-28 19:57:07,709] {logging_mixin.py:104} INFO - [2021-05-28 19:57:07,709] {dag.py:2280} INFO - Setting next_dagrun for example_xcom to 2021-05-26 00:00:00+00:00
[2021-05-28 19:57:07,744] {scheduler_job.py:190} INFO - Processing /home/airflow/.local/lib/python3.6/site-packages/airflow/example_dags/example_xcom.py took 0.139 seconds
[2021-05-28 19:57:38,349] {scheduler_job.py:182} INFO - Started process (PID=384) to work on /home/airflow/.local/lib/python3.6/site-packages/airflow/example_dags/example_xcom.py
[2021-05-28 19:57:38,356] {scheduler_job.py:629} INFO - Processing file /home/airflow/.local/lib/python3.6/site-packages/airflow/example_dags/example_xcom.py for tasks to queue
[2021-05-28 19:57:38,357] {logging_mixin.py:104} INFO - [2021-05-28 19:57:38,357] {dagbag.py:451} INFO - Filling up the DagBag from /home/airflow/.local/lib/python3.6/site-packages/airflow/example_dags/example_xcom.py
[2021-05-28 19:57:38,379] {scheduler_job.py:639} INFO - DAG(s) dict_keys(['example_xcom']) retrieved from /home/airflow/.local/lib/python3.6/site-packages/airflow/example_dags/example_xcom.py
[2021-05-28 19:57:38,416] {logging_mixin.py:104} INFO - [2021-05-28 19:57:38,416] {dag.py:1824} INFO - Sync 1 DAGs
[2021-05-28 19:57:38,435] {logging_mixin.py:104} INFO - [2021-05-28 19:57:38,435] {dag.py:2280} INFO - Setting next_dagrun for example_xcom to 2021-05-26 00:00:00+00:00
[2021-05-28 19:57:38,455] {scheduler_job.py:190} INFO - Processing /home/airflow/.local/lib/python3.6/site-packages/airflow/example_dags/example_xcom.py took 0.111 seconds
[2021-05-28 19:58:08,886] {scheduler_job.py:182} INFO - Started process (PID=411) to work on /home/airflow/.local/lib/python3.6/site-packages/airflow/example_dags/example_xcom.py
[2021-05-28 19:58:08,892] {scheduler_job.py:629} INFO - Processing file /home/airflow/.local/lib/python3.6/site-packages/airflow/example_dags/example_xcom.py for tasks to queue
[2021-05-28 19:58:08,895] {logging_mixin.py:104} INFO - [2021-05-28 19:58:08,894] {dagbag.py:451} INFO - Filling up the DagBag from /home/airflow/.local/lib/python3.6/site-packages/airflow/example_dags/example_xcom.py
[2021-05-28 19:58:08,937] {scheduler_job.py:639} INFO - DAG(s) dict_keys(['example_xcom']) retrieved from /home/airflow/.local/lib/python3.6/site-packages/airflow/example_dags/example_xcom.py
[2021-05-28 19:58:08,995] {logging_mixin.py:104} INFO - [2021-05-28 19:58:08,994] {dag.py:1824} INFO - Sync 1 DAGs
[2021-05-28 19:58:09,038] {logging_mixin.py:104} INFO - [2021-05-28 19:58:09,038] {dag.py:2280} INFO - Setting next_dagrun for example_xcom to 2021-05-26 00:00:00+00:00
[2021-05-28 19:58:09,068] {scheduler_job.py:190} INFO - Processing /home/airflow/.local/lib/python3.6/site-packages/airflow/example_dags/example_xcom.py took 0.188 seconds
[2021-05-28 19:58:39,441] {scheduler_job.py:182} INFO - Started process (PID=438) to work on /home/airflow/.local/lib/python3.6/site-packages/airflow/example_dags/example_xcom.py
[2021-05-28 19:58:39,453] {scheduler_job.py:629} INFO - Processing file /home/airflow/.local/lib/python3.6/site-packages/airflow/example_dags/example_xcom.py for tasks to queue
[2021-05-28 19:58:39,454] {logging_mixin.py:104} INFO - [2021-05-28 19:58:39,454] {dagbag.py:451} INFO - Filling up the DagBag from /home/airflow/.local/lib/python3.6/site-packages/airflow/example_dags/example_xcom.py
[2021-05-28 19:58:39,473] {scheduler_job.py:639} INFO - DAG(s) dict_keys(['example_xcom']) retrieved from /home/airflow/.local/lib/python3.6/site-packages/airflow/example_dags/example_xcom.py
[2021-05-28 19:58:39,503] {logging_mixin.py:104} INFO - [2021-05-28 19:58:39,503] {dag.py:1824} INFO - Sync 1 DAGs
[2021-05-28 19:58:39,525] {logging_mixin.py:104} INFO - [2021-05-28 19:58:39,525] {dag.py:2280} INFO - Setting next_dagrun for example_xcom to 2021-05-26 00:00:00+00:00
[2021-05-28 19:58:39,540] {scheduler_job.py:190} INFO - Processing /home/airflow/.local/lib/python3.6/site-packages/airflow/example_dags/example_xcom.py took 0.108 seconds
[2021-05-28 19:59:09,701] {scheduler_job.py:182} INFO - Started process (PID=465) to work on /home/airflow/.local/lib/python3.6/site-packages/airflow/example_dags/example_xcom.py
[2021-05-28 19:59:09,703] {scheduler_job.py:629} INFO - Processing file /home/airflow/.local/lib/python3.6/site-packages/airflow/example_dags/example_xcom.py for tasks to queue
[2021-05-28 19:59:09,704] {logging_mixin.py:104} INFO - [2021-05-28 19:59:09,704] {dagbag.py:451} INFO - Filling up the DagBag from /home/airflow/.local/lib/python3.6/site-packages/airflow/example_dags/example_xcom.py
[2021-05-28 19:59:09,723] {scheduler_job.py:639} INFO - DAG(s) dict_keys(['example_xcom']) retrieved from /home/airflow/.local/lib/python3.6/site-packages/airflow/example_dags/example_xcom.py
[2021-05-28 19:59:09,749] {logging_mixin.py:104} INFO - [2021-05-28 19:59:09,749] {dag.py:1824} INFO - Sync 1 DAGs
[2021-05-28 19:59:09,770] {logging_mixin.py:104} INFO - [2021-05-28 19:59:09,770] {dag.py:2280} INFO - Setting next_dagrun for example_xcom to 2021-05-26 00:00:00+00:00
[2021-05-28 19:59:09,786] {scheduler_job.py:190} INFO - Processing /home/airflow/.local/lib/python3.6/site-packages/airflow/example_dags/example_xcom.py took 0.089 seconds
[2021-05-28 19:59:39,914] {scheduler_job.py:182} INFO - Started process (PID=492) to work on /home/airflow/.local/lib/python3.6/site-packages/airflow/example_dags/example_xcom.py
[2021-05-28 19:59:39,918] {scheduler_job.py:629} INFO - Processing file /home/airflow/.local/lib/python3.6/site-packages/airflow/example_dags/example_xcom.py for tasks to queue
[2021-05-28 19:59:39,921] {logging_mixin.py:104} INFO - [2021-05-28 19:59:39,921] {dagbag.py:451} INFO - Filling up the DagBag from /home/airflow/.local/lib/python3.6/site-packages/airflow/example_dags/example_xcom.py
[2021-05-28 19:59:39,945] {scheduler_job.py:639} INFO - DAG(s) dict_keys(['example_xcom']) retrieved from /home/airflow/.local/lib/python3.6/site-packages/airflow/example_dags/example_xcom.py
[2021-05-28 19:59:39,979] {logging_mixin.py:104} INFO - [2021-05-28 19:59:39,979] {dag.py:1824} INFO - Sync 1 DAGs
[2021-05-28 19:59:39,997] {logging_mixin.py:104} INFO - [2021-05-28 19:59:39,996] {dag.py:2280} INFO - Setting next_dagrun for example_xcom to 2021-05-26 00:00:00+00:00
[2021-05-28 19:59:40,013] {scheduler_job.py:190} INFO - Processing /home/airflow/.local/lib/python3.6/site-packages/airflow/example_dags/example_xcom.py took 0.104 seconds
[2021-05-28 20:00:10,612] {scheduler_job.py:182} INFO - Started process (PID=519) to work on /home/airflow/.local/lib/python3.6/site-packages/airflow/example_dags/example_xcom.py
[2021-05-28 20:00:10,614] {scheduler_job.py:629} INFO - Processing file /home/airflow/.local/lib/python3.6/site-packages/airflow/example_dags/example_xcom.py for tasks to queue
[2021-05-28 20:00:10,615] {logging_mixin.py:104} INFO - [2021-05-28 20:00:10,615] {dagbag.py:451} INFO - Filling up the DagBag from /home/airflow/.local/lib/python3.6/site-packages/airflow/example_dags/example_xcom.py
[2021-05-28 20:00:10,629] {scheduler_job.py:639} INFO - DAG(s) dict_keys(['example_xcom']) retrieved from /home/airflow/.local/lib/python3.6/site-packages/airflow/example_dags/example_xcom.py
[2021-05-28 20:00:10,691] {logging_mixin.py:104} INFO - [2021-05-28 20:00:10,691] {dag.py:1824} INFO - Sync 1 DAGs
[2021-05-28 20:00:10,708] {logging_mixin.py:104} INFO - [2021-05-28 20:00:10,708] {dag.py:2280} INFO - Setting next_dagrun for example_xcom to 2021-05-26 00:00:00+00:00
[2021-05-28 20:00:10,721] {scheduler_job.py:190} INFO - Processing /home/airflow/.local/lib/python3.6/site-packages/airflow/example_dags/example_xcom.py took 0.112 seconds
