[2021-05-28 19:51:28,130] {scheduler_job.py:182} INFO - Started process (PID=55) to work on /home/airflow/.local/lib/python3.6/site-packages/airflow/example_dags/example_trigger_target_dag.py
[2021-05-28 19:51:28,140] {scheduler_job.py:629} INFO - Processing file /home/airflow/.local/lib/python3.6/site-packages/airflow/example_dags/example_trigger_target_dag.py for tasks to queue
[2021-05-28 19:51:28,146] {logging_mixin.py:104} INFO - [2021-05-28 19:51:28,146] {dagbag.py:451} INFO - Filling up the DagBag from /home/airflow/.local/lib/python3.6/site-packages/airflow/example_dags/example_trigger_target_dag.py
[2021-05-28 19:51:28,210] {scheduler_job.py:639} INFO - DAG(s) dict_keys(['example_trigger_target_dag']) retrieved from /home/airflow/.local/lib/python3.6/site-packages/airflow/example_dags/example_trigger_target_dag.py
[2021-05-28 19:51:28,275] {logging_mixin.py:104} INFO - [2021-05-28 19:51:28,275] {dag.py:1824} INFO - Sync 1 DAGs
[2021-05-28 19:51:28,414] {logging_mixin.py:104} INFO - [2021-05-28 19:51:28,413] {dag.py:2280} INFO - Setting next_dagrun for example_trigger_target_dag to None
[2021-05-28 19:51:28,575] {scheduler_job.py:190} INFO - Processing /home/airflow/.local/lib/python3.6/site-packages/airflow/example_dags/example_trigger_target_dag.py took 0.456 seconds
[2021-05-28 19:51:59,559] {scheduler_job.py:182} INFO - Started process (PID=82) to work on /home/airflow/.local/lib/python3.6/site-packages/airflow/example_dags/example_trigger_target_dag.py
[2021-05-28 19:51:59,563] {scheduler_job.py:629} INFO - Processing file /home/airflow/.local/lib/python3.6/site-packages/airflow/example_dags/example_trigger_target_dag.py for tasks to queue
[2021-05-28 19:51:59,567] {logging_mixin.py:104} INFO - [2021-05-28 19:51:59,565] {dagbag.py:451} INFO - Filling up the DagBag from /home/airflow/.local/lib/python3.6/site-packages/airflow/example_dags/example_trigger_target_dag.py
[2021-05-28 19:51:59,618] {scheduler_job.py:639} INFO - DAG(s) dict_keys(['example_trigger_target_dag']) retrieved from /home/airflow/.local/lib/python3.6/site-packages/airflow/example_dags/example_trigger_target_dag.py
[2021-05-28 19:51:59,768] {logging_mixin.py:104} INFO - [2021-05-28 19:51:59,768] {dag.py:1824} INFO - Sync 1 DAGs
[2021-05-28 19:51:59,826] {logging_mixin.py:104} INFO - [2021-05-28 19:51:59,826] {dag.py:2280} INFO - Setting next_dagrun for example_trigger_target_dag to None
[2021-05-28 19:51:59,868] {scheduler_job.py:190} INFO - Processing /home/airflow/.local/lib/python3.6/site-packages/airflow/example_dags/example_trigger_target_dag.py took 0.318 seconds
[2021-05-28 19:52:30,616] {scheduler_job.py:182} INFO - Started process (PID=109) to work on /home/airflow/.local/lib/python3.6/site-packages/airflow/example_dags/example_trigger_target_dag.py
[2021-05-28 19:52:30,619] {scheduler_job.py:629} INFO - Processing file /home/airflow/.local/lib/python3.6/site-packages/airflow/example_dags/example_trigger_target_dag.py for tasks to queue
[2021-05-28 19:52:30,621] {logging_mixin.py:104} INFO - [2021-05-28 19:52:30,621] {dagbag.py:451} INFO - Filling up the DagBag from /home/airflow/.local/lib/python3.6/site-packages/airflow/example_dags/example_trigger_target_dag.py
[2021-05-28 19:52:30,649] {scheduler_job.py:639} INFO - DAG(s) dict_keys(['example_trigger_target_dag']) retrieved from /home/airflow/.local/lib/python3.6/site-packages/airflow/example_dags/example_trigger_target_dag.py
[2021-05-28 19:52:30,690] {logging_mixin.py:104} INFO - [2021-05-28 19:52:30,690] {dag.py:1824} INFO - Sync 1 DAGs
[2021-05-28 19:52:30,751] {logging_mixin.py:104} INFO - [2021-05-28 19:52:30,751] {dag.py:2280} INFO - Setting next_dagrun for example_trigger_target_dag to None
[2021-05-28 19:52:30,775] {scheduler_job.py:190} INFO - Processing /home/airflow/.local/lib/python3.6/site-packages/airflow/example_dags/example_trigger_target_dag.py took 0.167 seconds
[2021-05-28 19:53:01,595] {scheduler_job.py:182} INFO - Started process (PID=136) to work on /home/airflow/.local/lib/python3.6/site-packages/airflow/example_dags/example_trigger_target_dag.py
[2021-05-28 19:53:01,607] {scheduler_job.py:629} INFO - Processing file /home/airflow/.local/lib/python3.6/site-packages/airflow/example_dags/example_trigger_target_dag.py for tasks to queue
[2021-05-28 19:53:01,609] {logging_mixin.py:104} INFO - [2021-05-28 19:53:01,609] {dagbag.py:451} INFO - Filling up the DagBag from /home/airflow/.local/lib/python3.6/site-packages/airflow/example_dags/example_trigger_target_dag.py
[2021-05-28 19:53:01,676] {scheduler_job.py:639} INFO - DAG(s) dict_keys(['example_trigger_target_dag']) retrieved from /home/airflow/.local/lib/python3.6/site-packages/airflow/example_dags/example_trigger_target_dag.py
[2021-05-28 19:53:01,749] {logging_mixin.py:104} INFO - [2021-05-28 19:53:01,748] {dag.py:1824} INFO - Sync 1 DAGs
[2021-05-28 19:53:01,810] {logging_mixin.py:104} INFO - [2021-05-28 19:53:01,810] {dag.py:2280} INFO - Setting next_dagrun for example_trigger_target_dag to None
[2021-05-28 19:53:01,851] {scheduler_job.py:190} INFO - Processing /home/airflow/.local/lib/python3.6/site-packages/airflow/example_dags/example_trigger_target_dag.py took 0.271 seconds
[2021-05-28 19:53:32,003] {scheduler_job.py:182} INFO - Started process (PID=164) to work on /home/airflow/.local/lib/python3.6/site-packages/airflow/example_dags/example_trigger_target_dag.py
[2021-05-28 19:53:32,006] {scheduler_job.py:629} INFO - Processing file /home/airflow/.local/lib/python3.6/site-packages/airflow/example_dags/example_trigger_target_dag.py for tasks to queue
[2021-05-28 19:53:32,007] {logging_mixin.py:104} INFO - [2021-05-28 19:53:32,007] {dagbag.py:451} INFO - Filling up the DagBag from /home/airflow/.local/lib/python3.6/site-packages/airflow/example_dags/example_trigger_target_dag.py
[2021-05-28 19:53:32,027] {scheduler_job.py:639} INFO - DAG(s) dict_keys(['example_trigger_target_dag']) retrieved from /home/airflow/.local/lib/python3.6/site-packages/airflow/example_dags/example_trigger_target_dag.py
[2021-05-28 19:53:32,077] {logging_mixin.py:104} INFO - [2021-05-28 19:53:32,077] {dag.py:1824} INFO - Sync 1 DAGs
[2021-05-28 19:53:32,115] {logging_mixin.py:104} INFO - [2021-05-28 19:53:32,115] {dag.py:2280} INFO - Setting next_dagrun for example_trigger_target_dag to None
[2021-05-28 19:53:32,135] {scheduler_job.py:190} INFO - Processing /home/airflow/.local/lib/python3.6/site-packages/airflow/example_dags/example_trigger_target_dag.py took 0.137 seconds
[2021-05-28 19:54:02,415] {scheduler_job.py:182} INFO - Started process (PID=191) to work on /home/airflow/.local/lib/python3.6/site-packages/airflow/example_dags/example_trigger_target_dag.py
[2021-05-28 19:54:02,418] {scheduler_job.py:629} INFO - Processing file /home/airflow/.local/lib/python3.6/site-packages/airflow/example_dags/example_trigger_target_dag.py for tasks to queue
[2021-05-28 19:54:02,419] {logging_mixin.py:104} INFO - [2021-05-28 19:54:02,419] {dagbag.py:451} INFO - Filling up the DagBag from /home/airflow/.local/lib/python3.6/site-packages/airflow/example_dags/example_trigger_target_dag.py
[2021-05-28 19:54:02,441] {scheduler_job.py:639} INFO - DAG(s) dict_keys(['example_trigger_target_dag']) retrieved from /home/airflow/.local/lib/python3.6/site-packages/airflow/example_dags/example_trigger_target_dag.py
[2021-05-28 19:54:02,477] {logging_mixin.py:104} INFO - [2021-05-28 19:54:02,477] {dag.py:1824} INFO - Sync 1 DAGs
[2021-05-28 19:54:02,505] {logging_mixin.py:104} INFO - [2021-05-28 19:54:02,504] {dag.py:2280} INFO - Setting next_dagrun for example_trigger_target_dag to None
[2021-05-28 19:54:02,523] {scheduler_job.py:190} INFO - Processing /home/airflow/.local/lib/python3.6/site-packages/airflow/example_dags/example_trigger_target_dag.py took 0.113 seconds
[2021-05-28 19:54:32,849] {scheduler_job.py:182} INFO - Started process (PID=218) to work on /home/airflow/.local/lib/python3.6/site-packages/airflow/example_dags/example_trigger_target_dag.py
[2021-05-28 19:54:32,851] {scheduler_job.py:629} INFO - Processing file /home/airflow/.local/lib/python3.6/site-packages/airflow/example_dags/example_trigger_target_dag.py for tasks to queue
[2021-05-28 19:54:32,852] {logging_mixin.py:104} INFO - [2021-05-28 19:54:32,852] {dagbag.py:451} INFO - Filling up the DagBag from /home/airflow/.local/lib/python3.6/site-packages/airflow/example_dags/example_trigger_target_dag.py
[2021-05-28 19:54:32,868] {scheduler_job.py:639} INFO - DAG(s) dict_keys(['example_trigger_target_dag']) retrieved from /home/airflow/.local/lib/python3.6/site-packages/airflow/example_dags/example_trigger_target_dag.py
[2021-05-28 19:54:32,913] {logging_mixin.py:104} INFO - [2021-05-28 19:54:32,913] {dag.py:1824} INFO - Sync 1 DAGs
[2021-05-28 19:54:32,945] {logging_mixin.py:104} INFO - [2021-05-28 19:54:32,945] {dag.py:2280} INFO - Setting next_dagrun for example_trigger_target_dag to None
[2021-05-28 19:54:32,966] {scheduler_job.py:190} INFO - Processing /home/airflow/.local/lib/python3.6/site-packages/airflow/example_dags/example_trigger_target_dag.py took 0.122 seconds
[2021-05-28 19:55:03,286] {scheduler_job.py:182} INFO - Started process (PID=245) to work on /home/airflow/.local/lib/python3.6/site-packages/airflow/example_dags/example_trigger_target_dag.py
[2021-05-28 19:55:03,288] {scheduler_job.py:629} INFO - Processing file /home/airflow/.local/lib/python3.6/site-packages/airflow/example_dags/example_trigger_target_dag.py for tasks to queue
[2021-05-28 19:55:03,290] {logging_mixin.py:104} INFO - [2021-05-28 19:55:03,289] {dagbag.py:451} INFO - Filling up the DagBag from /home/airflow/.local/lib/python3.6/site-packages/airflow/example_dags/example_trigger_target_dag.py
[2021-05-28 19:55:03,314] {scheduler_job.py:639} INFO - DAG(s) dict_keys(['example_trigger_target_dag']) retrieved from /home/airflow/.local/lib/python3.6/site-packages/airflow/example_dags/example_trigger_target_dag.py
[2021-05-28 19:55:03,361] {logging_mixin.py:104} INFO - [2021-05-28 19:55:03,361] {dag.py:1824} INFO - Sync 1 DAGs
[2021-05-28 19:55:03,386] {logging_mixin.py:104} INFO - [2021-05-28 19:55:03,386] {dag.py:2280} INFO - Setting next_dagrun for example_trigger_target_dag to None
[2021-05-28 19:55:03,415] {scheduler_job.py:190} INFO - Processing /home/airflow/.local/lib/python3.6/site-packages/airflow/example_dags/example_trigger_target_dag.py took 0.135 seconds
[2021-05-28 19:55:33,814] {scheduler_job.py:182} INFO - Started process (PID=272) to work on /home/airflow/.local/lib/python3.6/site-packages/airflow/example_dags/example_trigger_target_dag.py
[2021-05-28 19:55:33,817] {scheduler_job.py:629} INFO - Processing file /home/airflow/.local/lib/python3.6/site-packages/airflow/example_dags/example_trigger_target_dag.py for tasks to queue
[2021-05-28 19:55:33,819] {logging_mixin.py:104} INFO - [2021-05-28 19:55:33,819] {dagbag.py:451} INFO - Filling up the DagBag from /home/airflow/.local/lib/python3.6/site-packages/airflow/example_dags/example_trigger_target_dag.py
[2021-05-28 19:55:33,848] {scheduler_job.py:639} INFO - DAG(s) dict_keys(['example_trigger_target_dag']) retrieved from /home/airflow/.local/lib/python3.6/site-packages/airflow/example_dags/example_trigger_target_dag.py
[2021-05-28 19:55:33,889] {logging_mixin.py:104} INFO - [2021-05-28 19:55:33,888] {dag.py:1824} INFO - Sync 1 DAGs
[2021-05-28 19:55:33,914] {logging_mixin.py:104} INFO - [2021-05-28 19:55:33,913] {dag.py:2280} INFO - Setting next_dagrun for example_trigger_target_dag to None
[2021-05-28 19:55:33,929] {scheduler_job.py:190} INFO - Processing /home/airflow/.local/lib/python3.6/site-packages/airflow/example_dags/example_trigger_target_dag.py took 0.123 seconds
[2021-05-28 19:56:04,113] {scheduler_job.py:182} INFO - Started process (PID=299) to work on /home/airflow/.local/lib/python3.6/site-packages/airflow/example_dags/example_trigger_target_dag.py
[2021-05-28 19:56:04,116] {scheduler_job.py:629} INFO - Processing file /home/airflow/.local/lib/python3.6/site-packages/airflow/example_dags/example_trigger_target_dag.py for tasks to queue
[2021-05-28 19:56:04,121] {logging_mixin.py:104} INFO - [2021-05-28 19:56:04,120] {dagbag.py:451} INFO - Filling up the DagBag from /home/airflow/.local/lib/python3.6/site-packages/airflow/example_dags/example_trigger_target_dag.py
[2021-05-28 19:56:04,155] {scheduler_job.py:639} INFO - DAG(s) dict_keys(['example_trigger_target_dag']) retrieved from /home/airflow/.local/lib/python3.6/site-packages/airflow/example_dags/example_trigger_target_dag.py
[2021-05-28 19:56:04,187] {logging_mixin.py:104} INFO - [2021-05-28 19:56:04,186] {dag.py:1824} INFO - Sync 1 DAGs
[2021-05-28 19:56:04,210] {logging_mixin.py:104} INFO - [2021-05-28 19:56:04,210] {dag.py:2280} INFO - Setting next_dagrun for example_trigger_target_dag to None
[2021-05-28 19:56:04,238] {scheduler_job.py:190} INFO - Processing /home/airflow/.local/lib/python3.6/site-packages/airflow/example_dags/example_trigger_target_dag.py took 0.136 seconds
[2021-05-28 19:56:34,885] {scheduler_job.py:182} INFO - Started process (PID=326) to work on /home/airflow/.local/lib/python3.6/site-packages/airflow/example_dags/example_trigger_target_dag.py
[2021-05-28 19:56:34,887] {scheduler_job.py:629} INFO - Processing file /home/airflow/.local/lib/python3.6/site-packages/airflow/example_dags/example_trigger_target_dag.py for tasks to queue
[2021-05-28 19:56:34,889] {logging_mixin.py:104} INFO - [2021-05-28 19:56:34,889] {dagbag.py:451} INFO - Filling up the DagBag from /home/airflow/.local/lib/python3.6/site-packages/airflow/example_dags/example_trigger_target_dag.py
[2021-05-28 19:56:34,918] {scheduler_job.py:639} INFO - DAG(s) dict_keys(['example_trigger_target_dag']) retrieved from /home/airflow/.local/lib/python3.6/site-packages/airflow/example_dags/example_trigger_target_dag.py
[2021-05-28 19:56:34,952] {logging_mixin.py:104} INFO - [2021-05-28 19:56:34,952] {dag.py:1824} INFO - Sync 1 DAGs
[2021-05-28 19:56:34,981] {logging_mixin.py:104} INFO - [2021-05-28 19:56:34,981] {dag.py:2280} INFO - Setting next_dagrun for example_trigger_target_dag to None
[2021-05-28 19:56:34,995] {scheduler_job.py:190} INFO - Processing /home/airflow/.local/lib/python3.6/site-packages/airflow/example_dags/example_trigger_target_dag.py took 0.118 seconds
[2021-05-28 19:57:05,255] {scheduler_job.py:182} INFO - Started process (PID=353) to work on /home/airflow/.local/lib/python3.6/site-packages/airflow/example_dags/example_trigger_target_dag.py
[2021-05-28 19:57:05,258] {scheduler_job.py:629} INFO - Processing file /home/airflow/.local/lib/python3.6/site-packages/airflow/example_dags/example_trigger_target_dag.py for tasks to queue
[2021-05-28 19:57:05,260] {logging_mixin.py:104} INFO - [2021-05-28 19:57:05,260] {dagbag.py:451} INFO - Filling up the DagBag from /home/airflow/.local/lib/python3.6/site-packages/airflow/example_dags/example_trigger_target_dag.py
[2021-05-28 19:57:05,289] {scheduler_job.py:639} INFO - DAG(s) dict_keys(['example_trigger_target_dag']) retrieved from /home/airflow/.local/lib/python3.6/site-packages/airflow/example_dags/example_trigger_target_dag.py
[2021-05-28 19:57:05,314] {logging_mixin.py:104} INFO - [2021-05-28 19:57:05,314] {dag.py:1824} INFO - Sync 1 DAGs
[2021-05-28 19:57:05,335] {logging_mixin.py:104} INFO - [2021-05-28 19:57:05,335] {dag.py:2280} INFO - Setting next_dagrun for example_trigger_target_dag to None
[2021-05-28 19:57:05,380] {scheduler_job.py:190} INFO - Processing /home/airflow/.local/lib/python3.6/site-packages/airflow/example_dags/example_trigger_target_dag.py took 0.134 seconds
[2021-05-28 19:57:35,989] {scheduler_job.py:182} INFO - Started process (PID=380) to work on /home/airflow/.local/lib/python3.6/site-packages/airflow/example_dags/example_trigger_target_dag.py
[2021-05-28 19:57:35,991] {scheduler_job.py:629} INFO - Processing file /home/airflow/.local/lib/python3.6/site-packages/airflow/example_dags/example_trigger_target_dag.py for tasks to queue
[2021-05-28 19:57:35,993] {logging_mixin.py:104} INFO - [2021-05-28 19:57:35,993] {dagbag.py:451} INFO - Filling up the DagBag from /home/airflow/.local/lib/python3.6/site-packages/airflow/example_dags/example_trigger_target_dag.py
[2021-05-28 19:57:36,019] {scheduler_job.py:639} INFO - DAG(s) dict_keys(['example_trigger_target_dag']) retrieved from /home/airflow/.local/lib/python3.6/site-packages/airflow/example_dags/example_trigger_target_dag.py
[2021-05-28 19:57:36,056] {logging_mixin.py:104} INFO - [2021-05-28 19:57:36,055] {dag.py:1824} INFO - Sync 1 DAGs
[2021-05-28 19:57:36,077] {logging_mixin.py:104} INFO - [2021-05-28 19:57:36,076] {dag.py:2280} INFO - Setting next_dagrun for example_trigger_target_dag to None
[2021-05-28 19:57:36,094] {scheduler_job.py:190} INFO - Processing /home/airflow/.local/lib/python3.6/site-packages/airflow/example_dags/example_trigger_target_dag.py took 0.111 seconds
[2021-05-28 19:58:06,475] {scheduler_job.py:182} INFO - Started process (PID=407) to work on /home/airflow/.local/lib/python3.6/site-packages/airflow/example_dags/example_trigger_target_dag.py
[2021-05-28 19:58:06,477] {scheduler_job.py:629} INFO - Processing file /home/airflow/.local/lib/python3.6/site-packages/airflow/example_dags/example_trigger_target_dag.py for tasks to queue
[2021-05-28 19:58:06,478] {logging_mixin.py:104} INFO - [2021-05-28 19:58:06,478] {dagbag.py:451} INFO - Filling up the DagBag from /home/airflow/.local/lib/python3.6/site-packages/airflow/example_dags/example_trigger_target_dag.py
[2021-05-28 19:58:06,507] {scheduler_job.py:639} INFO - DAG(s) dict_keys(['example_trigger_target_dag']) retrieved from /home/airflow/.local/lib/python3.6/site-packages/airflow/example_dags/example_trigger_target_dag.py
[2021-05-28 19:58:06,537] {logging_mixin.py:104} INFO - [2021-05-28 19:58:06,537] {dag.py:1824} INFO - Sync 1 DAGs
[2021-05-28 19:58:06,563] {logging_mixin.py:104} INFO - [2021-05-28 19:58:06,563] {dag.py:2280} INFO - Setting next_dagrun for example_trigger_target_dag to None
[2021-05-28 19:58:06,581] {scheduler_job.py:190} INFO - Processing /home/airflow/.local/lib/python3.6/site-packages/airflow/example_dags/example_trigger_target_dag.py took 0.112 seconds
[2021-05-28 19:58:37,207] {scheduler_job.py:182} INFO - Started process (PID=434) to work on /home/airflow/.local/lib/python3.6/site-packages/airflow/example_dags/example_trigger_target_dag.py
[2021-05-28 19:58:37,218] {scheduler_job.py:629} INFO - Processing file /home/airflow/.local/lib/python3.6/site-packages/airflow/example_dags/example_trigger_target_dag.py for tasks to queue
[2021-05-28 19:58:37,222] {logging_mixin.py:104} INFO - [2021-05-28 19:58:37,221] {dagbag.py:451} INFO - Filling up the DagBag from /home/airflow/.local/lib/python3.6/site-packages/airflow/example_dags/example_trigger_target_dag.py
[2021-05-28 19:58:37,243] {scheduler_job.py:639} INFO - DAG(s) dict_keys(['example_trigger_target_dag']) retrieved from /home/airflow/.local/lib/python3.6/site-packages/airflow/example_dags/example_trigger_target_dag.py
[2021-05-28 19:58:37,282] {logging_mixin.py:104} INFO - [2021-05-28 19:58:37,282] {dag.py:1824} INFO - Sync 1 DAGs
[2021-05-28 19:58:37,317] {logging_mixin.py:104} INFO - [2021-05-28 19:58:37,316] {dag.py:2280} INFO - Setting next_dagrun for example_trigger_target_dag to None
[2021-05-28 19:58:37,334] {scheduler_job.py:190} INFO - Processing /home/airflow/.local/lib/python3.6/site-packages/airflow/example_dags/example_trigger_target_dag.py took 0.139 seconds
[2021-05-28 19:59:08,249] {scheduler_job.py:182} INFO - Started process (PID=461) to work on /home/airflow/.local/lib/python3.6/site-packages/airflow/example_dags/example_trigger_target_dag.py
[2021-05-28 19:59:08,252] {scheduler_job.py:629} INFO - Processing file /home/airflow/.local/lib/python3.6/site-packages/airflow/example_dags/example_trigger_target_dag.py for tasks to queue
[2021-05-28 19:59:08,255] {logging_mixin.py:104} INFO - [2021-05-28 19:59:08,255] {dagbag.py:451} INFO - Filling up the DagBag from /home/airflow/.local/lib/python3.6/site-packages/airflow/example_dags/example_trigger_target_dag.py
[2021-05-28 19:59:08,285] {scheduler_job.py:639} INFO - DAG(s) dict_keys(['example_trigger_target_dag']) retrieved from /home/airflow/.local/lib/python3.6/site-packages/airflow/example_dags/example_trigger_target_dag.py
[2021-05-28 19:59:08,315] {logging_mixin.py:104} INFO - [2021-05-28 19:59:08,315] {dag.py:1824} INFO - Sync 1 DAGs
[2021-05-28 19:59:08,342] {logging_mixin.py:104} INFO - [2021-05-28 19:59:08,342] {dag.py:2280} INFO - Setting next_dagrun for example_trigger_target_dag to None
[2021-05-28 19:59:08,366] {scheduler_job.py:190} INFO - Processing /home/airflow/.local/lib/python3.6/site-packages/airflow/example_dags/example_trigger_target_dag.py took 0.127 seconds
[2021-05-28 19:59:38,478] {scheduler_job.py:182} INFO - Started process (PID=488) to work on /home/airflow/.local/lib/python3.6/site-packages/airflow/example_dags/example_trigger_target_dag.py
[2021-05-28 19:59:38,479] {scheduler_job.py:629} INFO - Processing file /home/airflow/.local/lib/python3.6/site-packages/airflow/example_dags/example_trigger_target_dag.py for tasks to queue
[2021-05-28 19:59:38,481] {logging_mixin.py:104} INFO - [2021-05-28 19:59:38,480] {dagbag.py:451} INFO - Filling up the DagBag from /home/airflow/.local/lib/python3.6/site-packages/airflow/example_dags/example_trigger_target_dag.py
[2021-05-28 19:59:38,496] {scheduler_job.py:639} INFO - DAG(s) dict_keys(['example_trigger_target_dag']) retrieved from /home/airflow/.local/lib/python3.6/site-packages/airflow/example_dags/example_trigger_target_dag.py
[2021-05-28 19:59:38,520] {logging_mixin.py:104} INFO - [2021-05-28 19:59:38,520] {dag.py:1824} INFO - Sync 1 DAGs
[2021-05-28 19:59:38,541] {logging_mixin.py:104} INFO - [2021-05-28 19:59:38,541] {dag.py:2280} INFO - Setting next_dagrun for example_trigger_target_dag to None
[2021-05-28 19:59:38,554] {scheduler_job.py:190} INFO - Processing /home/airflow/.local/lib/python3.6/site-packages/airflow/example_dags/example_trigger_target_dag.py took 0.080 seconds
[2021-05-28 20:00:09,027] {scheduler_job.py:182} INFO - Started process (PID=515) to work on /home/airflow/.local/lib/python3.6/site-packages/airflow/example_dags/example_trigger_target_dag.py
[2021-05-28 20:00:09,029] {scheduler_job.py:629} INFO - Processing file /home/airflow/.local/lib/python3.6/site-packages/airflow/example_dags/example_trigger_target_dag.py for tasks to queue
[2021-05-28 20:00:09,031] {logging_mixin.py:104} INFO - [2021-05-28 20:00:09,031] {dagbag.py:451} INFO - Filling up the DagBag from /home/airflow/.local/lib/python3.6/site-packages/airflow/example_dags/example_trigger_target_dag.py
[2021-05-28 20:00:09,069] {scheduler_job.py:639} INFO - DAG(s) dict_keys(['example_trigger_target_dag']) retrieved from /home/airflow/.local/lib/python3.6/site-packages/airflow/example_dags/example_trigger_target_dag.py
[2021-05-28 20:00:09,113] {logging_mixin.py:104} INFO - [2021-05-28 20:00:09,113] {dag.py:1824} INFO - Sync 1 DAGs
[2021-05-28 20:00:09,149] {logging_mixin.py:104} INFO - [2021-05-28 20:00:09,149] {dag.py:2280} INFO - Setting next_dagrun for example_trigger_target_dag to None
[2021-05-28 20:00:09,179] {scheduler_job.py:190} INFO - Processing /home/airflow/.local/lib/python3.6/site-packages/airflow/example_dags/example_trigger_target_dag.py took 0.160 seconds
