[2021-05-28 19:51:24,452] {scheduler_job.py:182} INFO - Started process (PID=48) to work on /home/airflow/.local/lib/python3.6/site-packages/airflow/example_dags/example_dag_decorator.py
[2021-05-28 19:51:24,456] {scheduler_job.py:629} INFO - Processing file /home/airflow/.local/lib/python3.6/site-packages/airflow/example_dags/example_dag_decorator.py for tasks to queue
[2021-05-28 19:51:24,460] {logging_mixin.py:104} INFO - [2021-05-28 19:51:24,460] {dagbag.py:451} INFO - Filling up the DagBag from /home/airflow/.local/lib/python3.6/site-packages/airflow/example_dags/example_dag_decorator.py
[2021-05-28 19:51:24,585] {scheduler_job.py:639} INFO - DAG(s) dict_keys(['example_dag_decorator']) retrieved from /home/airflow/.local/lib/python3.6/site-packages/airflow/example_dags/example_dag_decorator.py
[2021-05-28 19:51:24,776] {logging_mixin.py:104} INFO - [2021-05-28 19:51:24,776] {dag.py:1824} INFO - Sync 1 DAGs
[2021-05-28 19:51:24,846] {logging_mixin.py:104} INFO - [2021-05-28 19:51:24,845] {dag.py:2280} INFO - Setting next_dagrun for example_dag_decorator to None
[2021-05-28 19:51:24,944] {scheduler_job.py:190} INFO - Processing /home/airflow/.local/lib/python3.6/site-packages/airflow/example_dags/example_dag_decorator.py took 0.508 seconds
[2021-05-28 19:51:56,054] {scheduler_job.py:182} INFO - Started process (PID=76) to work on /home/airflow/.local/lib/python3.6/site-packages/airflow/example_dags/example_dag_decorator.py
[2021-05-28 19:51:56,058] {scheduler_job.py:629} INFO - Processing file /home/airflow/.local/lib/python3.6/site-packages/airflow/example_dags/example_dag_decorator.py for tasks to queue
[2021-05-28 19:51:56,060] {logging_mixin.py:104} INFO - [2021-05-28 19:51:56,060] {dagbag.py:451} INFO - Filling up the DagBag from /home/airflow/.local/lib/python3.6/site-packages/airflow/example_dags/example_dag_decorator.py
[2021-05-28 19:51:56,100] {scheduler_job.py:639} INFO - DAG(s) dict_keys(['example_dag_decorator']) retrieved from /home/airflow/.local/lib/python3.6/site-packages/airflow/example_dags/example_dag_decorator.py
[2021-05-28 19:51:56,186] {logging_mixin.py:104} INFO - [2021-05-28 19:51:56,185] {dag.py:1824} INFO - Sync 1 DAGs
[2021-05-28 19:51:56,229] {logging_mixin.py:104} INFO - [2021-05-28 19:51:56,229] {dag.py:2280} INFO - Setting next_dagrun for example_dag_decorator to None
[2021-05-28 19:51:56,256] {scheduler_job.py:190} INFO - Processing /home/airflow/.local/lib/python3.6/site-packages/airflow/example_dags/example_dag_decorator.py took 0.211 seconds
[2021-05-28 19:52:26,727] {scheduler_job.py:182} INFO - Started process (PID=102) to work on /home/airflow/.local/lib/python3.6/site-packages/airflow/example_dags/example_dag_decorator.py
[2021-05-28 19:52:26,731] {scheduler_job.py:629} INFO - Processing file /home/airflow/.local/lib/python3.6/site-packages/airflow/example_dags/example_dag_decorator.py for tasks to queue
[2021-05-28 19:52:26,734] {logging_mixin.py:104} INFO - [2021-05-28 19:52:26,734] {dagbag.py:451} INFO - Filling up the DagBag from /home/airflow/.local/lib/python3.6/site-packages/airflow/example_dags/example_dag_decorator.py
[2021-05-28 19:52:26,773] {scheduler_job.py:639} INFO - DAG(s) dict_keys(['example_dag_decorator']) retrieved from /home/airflow/.local/lib/python3.6/site-packages/airflow/example_dags/example_dag_decorator.py
[2021-05-28 19:52:26,813] {logging_mixin.py:104} INFO - [2021-05-28 19:52:26,813] {dag.py:1824} INFO - Sync 1 DAGs
[2021-05-28 19:52:26,840] {logging_mixin.py:104} INFO - [2021-05-28 19:52:26,840] {dag.py:2280} INFO - Setting next_dagrun for example_dag_decorator to None
[2021-05-28 19:52:26,861] {scheduler_job.py:190} INFO - Processing /home/airflow/.local/lib/python3.6/site-packages/airflow/example_dags/example_dag_decorator.py took 0.141 seconds
[2021-05-28 19:52:57,974] {scheduler_job.py:182} INFO - Started process (PID=131) to work on /home/airflow/.local/lib/python3.6/site-packages/airflow/example_dags/example_dag_decorator.py
[2021-05-28 19:52:57,977] {scheduler_job.py:629} INFO - Processing file /home/airflow/.local/lib/python3.6/site-packages/airflow/example_dags/example_dag_decorator.py for tasks to queue
[2021-05-28 19:52:57,979] {logging_mixin.py:104} INFO - [2021-05-28 19:52:57,978] {dagbag.py:451} INFO - Filling up the DagBag from /home/airflow/.local/lib/python3.6/site-packages/airflow/example_dags/example_dag_decorator.py
[2021-05-28 19:52:58,083] {scheduler_job.py:639} INFO - DAG(s) dict_keys(['example_dag_decorator']) retrieved from /home/airflow/.local/lib/python3.6/site-packages/airflow/example_dags/example_dag_decorator.py
[2021-05-28 19:52:58,201] {logging_mixin.py:104} INFO - [2021-05-28 19:52:58,200] {dag.py:1824} INFO - Sync 1 DAGs
[2021-05-28 19:52:58,264] {logging_mixin.py:104} INFO - [2021-05-28 19:52:58,264] {dag.py:2280} INFO - Setting next_dagrun for example_dag_decorator to None
[2021-05-28 19:52:58,331] {scheduler_job.py:190} INFO - Processing /home/airflow/.local/lib/python3.6/site-packages/airflow/example_dags/example_dag_decorator.py took 0.406 seconds
[2021-05-28 19:53:28,570] {scheduler_job.py:182} INFO - Started process (PID=158) to work on /home/airflow/.local/lib/python3.6/site-packages/airflow/example_dags/example_dag_decorator.py
[2021-05-28 19:53:28,573] {scheduler_job.py:629} INFO - Processing file /home/airflow/.local/lib/python3.6/site-packages/airflow/example_dags/example_dag_decorator.py for tasks to queue
[2021-05-28 19:53:28,574] {logging_mixin.py:104} INFO - [2021-05-28 19:53:28,574] {dagbag.py:451} INFO - Filling up the DagBag from /home/airflow/.local/lib/python3.6/site-packages/airflow/example_dags/example_dag_decorator.py
[2021-05-28 19:53:28,593] {scheduler_job.py:639} INFO - DAG(s) dict_keys(['example_dag_decorator']) retrieved from /home/airflow/.local/lib/python3.6/site-packages/airflow/example_dags/example_dag_decorator.py
[2021-05-28 19:53:28,639] {logging_mixin.py:104} INFO - [2021-05-28 19:53:28,638] {dag.py:1824} INFO - Sync 1 DAGs
[2021-05-28 19:53:28,659] {logging_mixin.py:104} INFO - [2021-05-28 19:53:28,659] {dag.py:2280} INFO - Setting next_dagrun for example_dag_decorator to None
[2021-05-28 19:53:28,683] {scheduler_job.py:190} INFO - Processing /home/airflow/.local/lib/python3.6/site-packages/airflow/example_dags/example_dag_decorator.py took 0.119 seconds
[2021-05-28 19:53:58,858] {scheduler_job.py:182} INFO - Started process (PID=185) to work on /home/airflow/.local/lib/python3.6/site-packages/airflow/example_dags/example_dag_decorator.py
[2021-05-28 19:53:58,860] {scheduler_job.py:629} INFO - Processing file /home/airflow/.local/lib/python3.6/site-packages/airflow/example_dags/example_dag_decorator.py for tasks to queue
[2021-05-28 19:53:58,861] {logging_mixin.py:104} INFO - [2021-05-28 19:53:58,861] {dagbag.py:451} INFO - Filling up the DagBag from /home/airflow/.local/lib/python3.6/site-packages/airflow/example_dags/example_dag_decorator.py
[2021-05-28 19:53:58,888] {scheduler_job.py:639} INFO - DAG(s) dict_keys(['example_dag_decorator']) retrieved from /home/airflow/.local/lib/python3.6/site-packages/airflow/example_dags/example_dag_decorator.py
[2021-05-28 19:53:58,929] {logging_mixin.py:104} INFO - [2021-05-28 19:53:58,929] {dag.py:1824} INFO - Sync 1 DAGs
[2021-05-28 19:53:58,949] {logging_mixin.py:104} INFO - [2021-05-28 19:53:58,949] {dag.py:2280} INFO - Setting next_dagrun for example_dag_decorator to None
[2021-05-28 19:53:58,969] {scheduler_job.py:190} INFO - Processing /home/airflow/.local/lib/python3.6/site-packages/airflow/example_dags/example_dag_decorator.py took 0.118 seconds
[2021-05-28 19:54:29,345] {scheduler_job.py:182} INFO - Started process (PID=212) to work on /home/airflow/.local/lib/python3.6/site-packages/airflow/example_dags/example_dag_decorator.py
[2021-05-28 19:54:29,347] {scheduler_job.py:629} INFO - Processing file /home/airflow/.local/lib/python3.6/site-packages/airflow/example_dags/example_dag_decorator.py for tasks to queue
[2021-05-28 19:54:29,350] {logging_mixin.py:104} INFO - [2021-05-28 19:54:29,349] {dagbag.py:451} INFO - Filling up the DagBag from /home/airflow/.local/lib/python3.6/site-packages/airflow/example_dags/example_dag_decorator.py
[2021-05-28 19:54:29,402] {scheduler_job.py:639} INFO - DAG(s) dict_keys(['example_dag_decorator']) retrieved from /home/airflow/.local/lib/python3.6/site-packages/airflow/example_dags/example_dag_decorator.py
[2021-05-28 19:54:29,447] {logging_mixin.py:104} INFO - [2021-05-28 19:54:29,447] {dag.py:1824} INFO - Sync 1 DAGs
[2021-05-28 19:54:29,474] {logging_mixin.py:104} INFO - [2021-05-28 19:54:29,474] {dag.py:2280} INFO - Setting next_dagrun for example_dag_decorator to None
[2021-05-28 19:54:29,492] {scheduler_job.py:190} INFO - Processing /home/airflow/.local/lib/python3.6/site-packages/airflow/example_dags/example_dag_decorator.py took 0.165 seconds
[2021-05-28 19:54:59,900] {scheduler_job.py:182} INFO - Started process (PID=239) to work on /home/airflow/.local/lib/python3.6/site-packages/airflow/example_dags/example_dag_decorator.py
[2021-05-28 19:54:59,903] {scheduler_job.py:629} INFO - Processing file /home/airflow/.local/lib/python3.6/site-packages/airflow/example_dags/example_dag_decorator.py for tasks to queue
[2021-05-28 19:54:59,904] {logging_mixin.py:104} INFO - [2021-05-28 19:54:59,904] {dagbag.py:451} INFO - Filling up the DagBag from /home/airflow/.local/lib/python3.6/site-packages/airflow/example_dags/example_dag_decorator.py
[2021-05-28 19:54:59,937] {scheduler_job.py:639} INFO - DAG(s) dict_keys(['example_dag_decorator']) retrieved from /home/airflow/.local/lib/python3.6/site-packages/airflow/example_dags/example_dag_decorator.py
[2021-05-28 19:54:59,983] {logging_mixin.py:104} INFO - [2021-05-28 19:54:59,982] {dag.py:1824} INFO - Sync 1 DAGs
[2021-05-28 19:55:00,016] {logging_mixin.py:104} INFO - [2021-05-28 19:55:00,016] {dag.py:2280} INFO - Setting next_dagrun for example_dag_decorator to None
[2021-05-28 19:55:00,048] {scheduler_job.py:190} INFO - Processing /home/airflow/.local/lib/python3.6/site-packages/airflow/example_dags/example_dag_decorator.py took 0.154 seconds
[2021-05-28 19:55:30,260] {scheduler_job.py:182} INFO - Started process (PID=266) to work on /home/airflow/.local/lib/python3.6/site-packages/airflow/example_dags/example_dag_decorator.py
[2021-05-28 19:55:30,262] {scheduler_job.py:629} INFO - Processing file /home/airflow/.local/lib/python3.6/site-packages/airflow/example_dags/example_dag_decorator.py for tasks to queue
[2021-05-28 19:55:30,263] {logging_mixin.py:104} INFO - [2021-05-28 19:55:30,262] {dagbag.py:451} INFO - Filling up the DagBag from /home/airflow/.local/lib/python3.6/site-packages/airflow/example_dags/example_dag_decorator.py
[2021-05-28 19:55:30,291] {scheduler_job.py:639} INFO - DAG(s) dict_keys(['example_dag_decorator']) retrieved from /home/airflow/.local/lib/python3.6/site-packages/airflow/example_dags/example_dag_decorator.py
[2021-05-28 19:55:30,326] {logging_mixin.py:104} INFO - [2021-05-28 19:55:30,326] {dag.py:1824} INFO - Sync 1 DAGs
[2021-05-28 19:55:30,349] {logging_mixin.py:104} INFO - [2021-05-28 19:55:30,349] {dag.py:2280} INFO - Setting next_dagrun for example_dag_decorator to None
[2021-05-28 19:55:30,364] {scheduler_job.py:190} INFO - Processing /home/airflow/.local/lib/python3.6/site-packages/airflow/example_dags/example_dag_decorator.py took 0.110 seconds
[2021-05-28 19:56:00,463] {scheduler_job.py:182} INFO - Started process (PID=292) to work on /home/airflow/.local/lib/python3.6/site-packages/airflow/example_dags/example_dag_decorator.py
[2021-05-28 19:56:00,466] {scheduler_job.py:629} INFO - Processing file /home/airflow/.local/lib/python3.6/site-packages/airflow/example_dags/example_dag_decorator.py for tasks to queue
[2021-05-28 19:56:00,473] {logging_mixin.py:104} INFO - [2021-05-28 19:56:00,473] {dagbag.py:451} INFO - Filling up the DagBag from /home/airflow/.local/lib/python3.6/site-packages/airflow/example_dags/example_dag_decorator.py
[2021-05-28 19:56:00,510] {scheduler_job.py:639} INFO - DAG(s) dict_keys(['example_dag_decorator']) retrieved from /home/airflow/.local/lib/python3.6/site-packages/airflow/example_dags/example_dag_decorator.py
[2021-05-28 19:56:00,554] {logging_mixin.py:104} INFO - [2021-05-28 19:56:00,553] {dag.py:1824} INFO - Sync 1 DAGs
[2021-05-28 19:56:00,591] {logging_mixin.py:104} INFO - [2021-05-28 19:56:00,590] {dag.py:2280} INFO - Setting next_dagrun for example_dag_decorator to None
[2021-05-28 19:56:00,618] {scheduler_job.py:190} INFO - Processing /home/airflow/.local/lib/python3.6/site-packages/airflow/example_dags/example_dag_decorator.py took 0.161 seconds
[2021-05-28 19:56:31,409] {scheduler_job.py:182} INFO - Started process (PID=320) to work on /home/airflow/.local/lib/python3.6/site-packages/airflow/example_dags/example_dag_decorator.py
[2021-05-28 19:56:31,411] {scheduler_job.py:629} INFO - Processing file /home/airflow/.local/lib/python3.6/site-packages/airflow/example_dags/example_dag_decorator.py for tasks to queue
[2021-05-28 19:56:31,413] {logging_mixin.py:104} INFO - [2021-05-28 19:56:31,413] {dagbag.py:451} INFO - Filling up the DagBag from /home/airflow/.local/lib/python3.6/site-packages/airflow/example_dags/example_dag_decorator.py
[2021-05-28 19:56:31,445] {scheduler_job.py:639} INFO - DAG(s) dict_keys(['example_dag_decorator']) retrieved from /home/airflow/.local/lib/python3.6/site-packages/airflow/example_dags/example_dag_decorator.py
[2021-05-28 19:56:31,478] {logging_mixin.py:104} INFO - [2021-05-28 19:56:31,477] {dag.py:1824} INFO - Sync 1 DAGs
[2021-05-28 19:56:31,497] {logging_mixin.py:104} INFO - [2021-05-28 19:56:31,497] {dag.py:2280} INFO - Setting next_dagrun for example_dag_decorator to None
[2021-05-28 19:56:31,518] {scheduler_job.py:190} INFO - Processing /home/airflow/.local/lib/python3.6/site-packages/airflow/example_dags/example_dag_decorator.py took 0.113 seconds
[2021-05-28 19:57:01,971] {scheduler_job.py:182} INFO - Started process (PID=347) to work on /home/airflow/.local/lib/python3.6/site-packages/airflow/example_dags/example_dag_decorator.py
[2021-05-28 19:57:01,973] {scheduler_job.py:629} INFO - Processing file /home/airflow/.local/lib/python3.6/site-packages/airflow/example_dags/example_dag_decorator.py for tasks to queue
[2021-05-28 19:57:01,974] {logging_mixin.py:104} INFO - [2021-05-28 19:57:01,974] {dagbag.py:451} INFO - Filling up the DagBag from /home/airflow/.local/lib/python3.6/site-packages/airflow/example_dags/example_dag_decorator.py
[2021-05-28 19:57:02,003] {scheduler_job.py:639} INFO - DAG(s) dict_keys(['example_dag_decorator']) retrieved from /home/airflow/.local/lib/python3.6/site-packages/airflow/example_dags/example_dag_decorator.py
[2021-05-28 19:57:02,036] {logging_mixin.py:104} INFO - [2021-05-28 19:57:02,035] {dag.py:1824} INFO - Sync 1 DAGs
[2021-05-28 19:57:02,068] {logging_mixin.py:104} INFO - [2021-05-28 19:57:02,068] {dag.py:2280} INFO - Setting next_dagrun for example_dag_decorator to None
[2021-05-28 19:57:02,090] {scheduler_job.py:190} INFO - Processing /home/airflow/.local/lib/python3.6/site-packages/airflow/example_dags/example_dag_decorator.py took 0.122 seconds
[2021-05-28 19:57:32,216] {scheduler_job.py:182} INFO - Started process (PID=374) to work on /home/airflow/.local/lib/python3.6/site-packages/airflow/example_dags/example_dag_decorator.py
[2021-05-28 19:57:32,218] {scheduler_job.py:629} INFO - Processing file /home/airflow/.local/lib/python3.6/site-packages/airflow/example_dags/example_dag_decorator.py for tasks to queue
[2021-05-28 19:57:32,219] {logging_mixin.py:104} INFO - [2021-05-28 19:57:32,219] {dagbag.py:451} INFO - Filling up the DagBag from /home/airflow/.local/lib/python3.6/site-packages/airflow/example_dags/example_dag_decorator.py
[2021-05-28 19:57:32,250] {scheduler_job.py:639} INFO - DAG(s) dict_keys(['example_dag_decorator']) retrieved from /home/airflow/.local/lib/python3.6/site-packages/airflow/example_dags/example_dag_decorator.py
[2021-05-28 19:57:32,286] {logging_mixin.py:104} INFO - [2021-05-28 19:57:32,286] {dag.py:1824} INFO - Sync 1 DAGs
[2021-05-28 19:57:32,310] {logging_mixin.py:104} INFO - [2021-05-28 19:57:32,310] {dag.py:2280} INFO - Setting next_dagrun for example_dag_decorator to None
[2021-05-28 19:57:32,329] {scheduler_job.py:190} INFO - Processing /home/airflow/.local/lib/python3.6/site-packages/airflow/example_dags/example_dag_decorator.py took 0.119 seconds
[2021-05-28 19:58:02,808] {scheduler_job.py:182} INFO - Started process (PID=401) to work on /home/airflow/.local/lib/python3.6/site-packages/airflow/example_dags/example_dag_decorator.py
[2021-05-28 19:58:02,810] {scheduler_job.py:629} INFO - Processing file /home/airflow/.local/lib/python3.6/site-packages/airflow/example_dags/example_dag_decorator.py for tasks to queue
[2021-05-28 19:58:02,811] {logging_mixin.py:104} INFO - [2021-05-28 19:58:02,811] {dagbag.py:451} INFO - Filling up the DagBag from /home/airflow/.local/lib/python3.6/site-packages/airflow/example_dags/example_dag_decorator.py
[2021-05-28 19:58:02,839] {scheduler_job.py:639} INFO - DAG(s) dict_keys(['example_dag_decorator']) retrieved from /home/airflow/.local/lib/python3.6/site-packages/airflow/example_dags/example_dag_decorator.py
[2021-05-28 19:58:02,869] {logging_mixin.py:104} INFO - [2021-05-28 19:58:02,869] {dag.py:1824} INFO - Sync 1 DAGs
[2021-05-28 19:58:02,890] {logging_mixin.py:104} INFO - [2021-05-28 19:58:02,890] {dag.py:2280} INFO - Setting next_dagrun for example_dag_decorator to None
[2021-05-28 19:58:02,908] {scheduler_job.py:190} INFO - Processing /home/airflow/.local/lib/python3.6/site-packages/airflow/example_dags/example_dag_decorator.py took 0.105 seconds
[2021-05-28 19:58:33,613] {scheduler_job.py:182} INFO - Started process (PID=428) to work on /home/airflow/.local/lib/python3.6/site-packages/airflow/example_dags/example_dag_decorator.py
[2021-05-28 19:58:33,623] {scheduler_job.py:629} INFO - Processing file /home/airflow/.local/lib/python3.6/site-packages/airflow/example_dags/example_dag_decorator.py for tasks to queue
[2021-05-28 19:58:33,624] {logging_mixin.py:104} INFO - [2021-05-28 19:58:33,624] {dagbag.py:451} INFO - Filling up the DagBag from /home/airflow/.local/lib/python3.6/site-packages/airflow/example_dags/example_dag_decorator.py
[2021-05-28 19:58:33,650] {scheduler_job.py:639} INFO - DAG(s) dict_keys(['example_dag_decorator']) retrieved from /home/airflow/.local/lib/python3.6/site-packages/airflow/example_dags/example_dag_decorator.py
[2021-05-28 19:58:33,687] {logging_mixin.py:104} INFO - [2021-05-28 19:58:33,686] {dag.py:1824} INFO - Sync 1 DAGs
[2021-05-28 19:58:33,709] {logging_mixin.py:104} INFO - [2021-05-28 19:58:33,709] {dag.py:2280} INFO - Setting next_dagrun for example_dag_decorator to None
[2021-05-28 19:58:33,728] {scheduler_job.py:190} INFO - Processing /home/airflow/.local/lib/python3.6/site-packages/airflow/example_dags/example_dag_decorator.py took 0.120 seconds
[2021-05-28 19:59:03,759] {scheduler_job.py:182} INFO - Started process (PID=455) to work on /home/airflow/.local/lib/python3.6/site-packages/airflow/example_dags/example_dag_decorator.py
[2021-05-28 19:59:03,761] {scheduler_job.py:629} INFO - Processing file /home/airflow/.local/lib/python3.6/site-packages/airflow/example_dags/example_dag_decorator.py for tasks to queue
[2021-05-28 19:59:03,762] {logging_mixin.py:104} INFO - [2021-05-28 19:59:03,762] {dagbag.py:451} INFO - Filling up the DagBag from /home/airflow/.local/lib/python3.6/site-packages/airflow/example_dags/example_dag_decorator.py
[2021-05-28 19:59:03,781] {scheduler_job.py:639} INFO - DAG(s) dict_keys(['example_dag_decorator']) retrieved from /home/airflow/.local/lib/python3.6/site-packages/airflow/example_dags/example_dag_decorator.py
[2021-05-28 19:59:03,812] {logging_mixin.py:104} INFO - [2021-05-28 19:59:03,812] {dag.py:1824} INFO - Sync 1 DAGs
[2021-05-28 19:59:03,837] {logging_mixin.py:104} INFO - [2021-05-28 19:59:03,836] {dag.py:2280} INFO - Setting next_dagrun for example_dag_decorator to None
[2021-05-28 19:59:03,857] {scheduler_job.py:190} INFO - Processing /home/airflow/.local/lib/python3.6/site-packages/airflow/example_dags/example_dag_decorator.py took 0.102 seconds
[2021-05-28 19:59:34,010] {scheduler_job.py:182} INFO - Started process (PID=482) to work on /home/airflow/.local/lib/python3.6/site-packages/airflow/example_dags/example_dag_decorator.py
[2021-05-28 19:59:34,011] {scheduler_job.py:629} INFO - Processing file /home/airflow/.local/lib/python3.6/site-packages/airflow/example_dags/example_dag_decorator.py for tasks to queue
[2021-05-28 19:59:34,012] {logging_mixin.py:104} INFO - [2021-05-28 19:59:34,012] {dagbag.py:451} INFO - Filling up the DagBag from /home/airflow/.local/lib/python3.6/site-packages/airflow/example_dags/example_dag_decorator.py
[2021-05-28 19:59:34,030] {scheduler_job.py:639} INFO - DAG(s) dict_keys(['example_dag_decorator']) retrieved from /home/airflow/.local/lib/python3.6/site-packages/airflow/example_dags/example_dag_decorator.py
[2021-05-28 19:59:34,055] {logging_mixin.py:104} INFO - [2021-05-28 19:59:34,055] {dag.py:1824} INFO - Sync 1 DAGs
[2021-05-28 19:59:34,076] {logging_mixin.py:104} INFO - [2021-05-28 19:59:34,075] {dag.py:2280} INFO - Setting next_dagrun for example_dag_decorator to None
[2021-05-28 19:59:34,091] {scheduler_job.py:190} INFO - Processing /home/airflow/.local/lib/python3.6/site-packages/airflow/example_dags/example_dag_decorator.py took 0.085 seconds
[2021-05-28 20:00:04,548] {scheduler_job.py:182} INFO - Started process (PID=509) to work on /home/airflow/.local/lib/python3.6/site-packages/airflow/example_dags/example_dag_decorator.py
[2021-05-28 20:00:04,552] {scheduler_job.py:629} INFO - Processing file /home/airflow/.local/lib/python3.6/site-packages/airflow/example_dags/example_dag_decorator.py for tasks to queue
[2021-05-28 20:00:04,556] {logging_mixin.py:104} INFO - [2021-05-28 20:00:04,555] {dagbag.py:451} INFO - Filling up the DagBag from /home/airflow/.local/lib/python3.6/site-packages/airflow/example_dags/example_dag_decorator.py
[2021-05-28 20:00:04,646] {scheduler_job.py:639} INFO - DAG(s) dict_keys(['example_dag_decorator']) retrieved from /home/airflow/.local/lib/python3.6/site-packages/airflow/example_dags/example_dag_decorator.py
[2021-05-28 20:00:04,775] {logging_mixin.py:104} INFO - [2021-05-28 20:00:04,775] {dag.py:1824} INFO - Sync 1 DAGs
[2021-05-28 20:00:04,845] {logging_mixin.py:104} INFO - [2021-05-28 20:00:04,845] {dag.py:2280} INFO - Setting next_dagrun for example_dag_decorator to None
[2021-05-28 20:00:04,911] {scheduler_job.py:190} INFO - Processing /home/airflow/.local/lib/python3.6/site-packages/airflow/example_dags/example_dag_decorator.py took 0.371 seconds
