[2021-05-28 19:51:21,588] {scheduler_job.py:182} INFO - Started process (PID=40) to work on /home/airflow/.local/lib/python3.6/site-packages/airflow/example_dags/example_branch_operator.py
[2021-05-28 19:51:21,592] {scheduler_job.py:629} INFO - Processing file /home/airflow/.local/lib/python3.6/site-packages/airflow/example_dags/example_branch_operator.py for tasks to queue
[2021-05-28 19:51:21,606] {logging_mixin.py:104} INFO - [2021-05-28 19:51:21,605] {dagbag.py:451} INFO - Filling up the DagBag from /home/airflow/.local/lib/python3.6/site-packages/airflow/example_dags/example_branch_operator.py
[2021-05-28 19:51:21,698] {scheduler_job.py:639} INFO - DAG(s) dict_keys(['example_branch_operator']) retrieved from /home/airflow/.local/lib/python3.6/site-packages/airflow/example_dags/example_branch_operator.py
[2021-05-28 19:51:21,824] {logging_mixin.py:104} INFO - [2021-05-28 19:51:21,823] {dag.py:1824} INFO - Sync 1 DAGs
[2021-05-28 19:51:21,985] {logging_mixin.py:104} INFO - [2021-05-28 19:51:21,985] {dag.py:2280} INFO - Setting next_dagrun for example_branch_operator to 2021-05-26 00:00:00+00:00
[2021-05-28 19:51:22,046] {scheduler_job.py:190} INFO - Processing /home/airflow/.local/lib/python3.6/site-packages/airflow/example_dags/example_branch_operator.py took 0.468 seconds
[2021-05-28 19:51:52,181] {scheduler_job.py:182} INFO - Started process (PID=67) to work on /home/airflow/.local/lib/python3.6/site-packages/airflow/example_dags/example_branch_operator.py
[2021-05-28 19:51:52,185] {scheduler_job.py:629} INFO - Processing file /home/airflow/.local/lib/python3.6/site-packages/airflow/example_dags/example_branch_operator.py for tasks to queue
[2021-05-28 19:51:52,186] {logging_mixin.py:104} INFO - [2021-05-28 19:51:52,186] {dagbag.py:451} INFO - Filling up the DagBag from /home/airflow/.local/lib/python3.6/site-packages/airflow/example_dags/example_branch_operator.py
[2021-05-28 19:51:52,248] {scheduler_job.py:639} INFO - DAG(s) dict_keys(['example_branch_operator']) retrieved from /home/airflow/.local/lib/python3.6/site-packages/airflow/example_dags/example_branch_operator.py
[2021-05-28 19:51:52,323] {logging_mixin.py:104} INFO - [2021-05-28 19:51:52,322] {dag.py:1824} INFO - Sync 1 DAGs
[2021-05-28 19:51:52,406] {logging_mixin.py:104} INFO - [2021-05-28 19:51:52,406] {dag.py:2280} INFO - Setting next_dagrun for example_branch_operator to 2021-05-26 00:00:00+00:00
[2021-05-28 19:51:52,439] {scheduler_job.py:190} INFO - Processing /home/airflow/.local/lib/python3.6/site-packages/airflow/example_dags/example_branch_operator.py took 0.274 seconds
[2021-05-28 19:52:23,029] {scheduler_job.py:182} INFO - Started process (PID=94) to work on /home/airflow/.local/lib/python3.6/site-packages/airflow/example_dags/example_branch_operator.py
[2021-05-28 19:52:23,031] {scheduler_job.py:629} INFO - Processing file /home/airflow/.local/lib/python3.6/site-packages/airflow/example_dags/example_branch_operator.py for tasks to queue
[2021-05-28 19:52:23,033] {logging_mixin.py:104} INFO - [2021-05-28 19:52:23,033] {dagbag.py:451} INFO - Filling up the DagBag from /home/airflow/.local/lib/python3.6/site-packages/airflow/example_dags/example_branch_operator.py
[2021-05-28 19:52:23,057] {scheduler_job.py:639} INFO - DAG(s) dict_keys(['example_branch_operator']) retrieved from /home/airflow/.local/lib/python3.6/site-packages/airflow/example_dags/example_branch_operator.py
[2021-05-28 19:52:23,092] {logging_mixin.py:104} INFO - [2021-05-28 19:52:23,091] {dag.py:1824} INFO - Sync 1 DAGs
[2021-05-28 19:52:23,127] {logging_mixin.py:104} INFO - [2021-05-28 19:52:23,127] {dag.py:2280} INFO - Setting next_dagrun for example_branch_operator to 2021-05-26 00:00:00+00:00
[2021-05-28 19:52:23,141] {scheduler_job.py:190} INFO - Processing /home/airflow/.local/lib/python3.6/site-packages/airflow/example_dags/example_branch_operator.py took 0.117 seconds
[2021-05-28 19:52:53,218] {scheduler_job.py:182} INFO - Started process (PID=121) to work on /home/airflow/.local/lib/python3.6/site-packages/airflow/example_dags/example_branch_operator.py
[2021-05-28 19:52:53,221] {scheduler_job.py:629} INFO - Processing file /home/airflow/.local/lib/python3.6/site-packages/airflow/example_dags/example_branch_operator.py for tasks to queue
[2021-05-28 19:52:53,222] {logging_mixin.py:104} INFO - [2021-05-28 19:52:53,222] {dagbag.py:451} INFO - Filling up the DagBag from /home/airflow/.local/lib/python3.6/site-packages/airflow/example_dags/example_branch_operator.py
[2021-05-28 19:52:53,265] {scheduler_job.py:639} INFO - DAG(s) dict_keys(['example_branch_operator']) retrieved from /home/airflow/.local/lib/python3.6/site-packages/airflow/example_dags/example_branch_operator.py
[2021-05-28 19:52:53,321] {logging_mixin.py:104} INFO - [2021-05-28 19:52:53,320] {dag.py:1824} INFO - Sync 1 DAGs
[2021-05-28 19:52:53,401] {logging_mixin.py:104} INFO - [2021-05-28 19:52:53,401] {dag.py:2280} INFO - Setting next_dagrun for example_branch_operator to 2021-05-26 00:00:00+00:00
[2021-05-28 19:52:53,436] {scheduler_job.py:190} INFO - Processing /home/airflow/.local/lib/python3.6/site-packages/airflow/example_dags/example_branch_operator.py took 0.228 seconds
[2021-05-28 19:53:24,422] {scheduler_job.py:182} INFO - Started process (PID=148) to work on /home/airflow/.local/lib/python3.6/site-packages/airflow/example_dags/example_branch_operator.py
[2021-05-28 19:53:24,426] {scheduler_job.py:629} INFO - Processing file /home/airflow/.local/lib/python3.6/site-packages/airflow/example_dags/example_branch_operator.py for tasks to queue
[2021-05-28 19:53:24,428] {logging_mixin.py:104} INFO - [2021-05-28 19:53:24,428] {dagbag.py:451} INFO - Filling up the DagBag from /home/airflow/.local/lib/python3.6/site-packages/airflow/example_dags/example_branch_operator.py
[2021-05-28 19:53:24,468] {scheduler_job.py:639} INFO - DAG(s) dict_keys(['example_branch_operator']) retrieved from /home/airflow/.local/lib/python3.6/site-packages/airflow/example_dags/example_branch_operator.py
[2021-05-28 19:53:24,531] {logging_mixin.py:104} INFO - [2021-05-28 19:53:24,531] {dag.py:1824} INFO - Sync 1 DAGs
[2021-05-28 19:53:24,589] {logging_mixin.py:104} INFO - [2021-05-28 19:53:24,589] {dag.py:2280} INFO - Setting next_dagrun for example_branch_operator to 2021-05-26 00:00:00+00:00
[2021-05-28 19:53:24,626] {scheduler_job.py:190} INFO - Processing /home/airflow/.local/lib/python3.6/site-packages/airflow/example_dags/example_branch_operator.py took 0.208 seconds
[2021-05-28 19:53:54,911] {scheduler_job.py:182} INFO - Started process (PID=175) to work on /home/airflow/.local/lib/python3.6/site-packages/airflow/example_dags/example_branch_operator.py
[2021-05-28 19:53:54,914] {scheduler_job.py:629} INFO - Processing file /home/airflow/.local/lib/python3.6/site-packages/airflow/example_dags/example_branch_operator.py for tasks to queue
[2021-05-28 19:53:54,916] {logging_mixin.py:104} INFO - [2021-05-28 19:53:54,916] {dagbag.py:451} INFO - Filling up the DagBag from /home/airflow/.local/lib/python3.6/site-packages/airflow/example_dags/example_branch_operator.py
[2021-05-28 19:53:54,942] {scheduler_job.py:639} INFO - DAG(s) dict_keys(['example_branch_operator']) retrieved from /home/airflow/.local/lib/python3.6/site-packages/airflow/example_dags/example_branch_operator.py
[2021-05-28 19:53:54,980] {logging_mixin.py:104} INFO - [2021-05-28 19:53:54,980] {dag.py:1824} INFO - Sync 1 DAGs
[2021-05-28 19:53:55,010] {logging_mixin.py:104} INFO - [2021-05-28 19:53:55,010] {dag.py:2280} INFO - Setting next_dagrun for example_branch_operator to 2021-05-26 00:00:00+00:00
[2021-05-28 19:53:55,029] {scheduler_job.py:190} INFO - Processing /home/airflow/.local/lib/python3.6/site-packages/airflow/example_dags/example_branch_operator.py took 0.124 seconds
[2021-05-28 19:54:25,376] {scheduler_job.py:182} INFO - Started process (PID=202) to work on /home/airflow/.local/lib/python3.6/site-packages/airflow/example_dags/example_branch_operator.py
[2021-05-28 19:54:25,379] {scheduler_job.py:629} INFO - Processing file /home/airflow/.local/lib/python3.6/site-packages/airflow/example_dags/example_branch_operator.py for tasks to queue
[2021-05-28 19:54:25,381] {logging_mixin.py:104} INFO - [2021-05-28 19:54:25,381] {dagbag.py:451} INFO - Filling up the DagBag from /home/airflow/.local/lib/python3.6/site-packages/airflow/example_dags/example_branch_operator.py
[2021-05-28 19:54:25,409] {scheduler_job.py:639} INFO - DAG(s) dict_keys(['example_branch_operator']) retrieved from /home/airflow/.local/lib/python3.6/site-packages/airflow/example_dags/example_branch_operator.py
[2021-05-28 19:54:25,447] {logging_mixin.py:104} INFO - [2021-05-28 19:54:25,447] {dag.py:1824} INFO - Sync 1 DAGs
[2021-05-28 19:54:25,501] {logging_mixin.py:104} INFO - [2021-05-28 19:54:25,501] {dag.py:2280} INFO - Setting next_dagrun for example_branch_operator to 2021-05-26 00:00:00+00:00
[2021-05-28 19:54:25,540] {scheduler_job.py:190} INFO - Processing /home/airflow/.local/lib/python3.6/site-packages/airflow/example_dags/example_branch_operator.py took 0.170 seconds
[2021-05-28 19:54:55,827] {scheduler_job.py:182} INFO - Started process (PID=229) to work on /home/airflow/.local/lib/python3.6/site-packages/airflow/example_dags/example_branch_operator.py
[2021-05-28 19:54:55,829] {scheduler_job.py:629} INFO - Processing file /home/airflow/.local/lib/python3.6/site-packages/airflow/example_dags/example_branch_operator.py for tasks to queue
[2021-05-28 19:54:55,831] {logging_mixin.py:104} INFO - [2021-05-28 19:54:55,830] {dagbag.py:451} INFO - Filling up the DagBag from /home/airflow/.local/lib/python3.6/site-packages/airflow/example_dags/example_branch_operator.py
[2021-05-28 19:54:55,862] {scheduler_job.py:639} INFO - DAG(s) dict_keys(['example_branch_operator']) retrieved from /home/airflow/.local/lib/python3.6/site-packages/airflow/example_dags/example_branch_operator.py
[2021-05-28 19:54:55,897] {logging_mixin.py:104} INFO - [2021-05-28 19:54:55,896] {dag.py:1824} INFO - Sync 1 DAGs
[2021-05-28 19:54:55,933] {logging_mixin.py:104} INFO - [2021-05-28 19:54:55,933] {dag.py:2280} INFO - Setting next_dagrun for example_branch_operator to 2021-05-26 00:00:00+00:00
[2021-05-28 19:54:55,951] {scheduler_job.py:190} INFO - Processing /home/airflow/.local/lib/python3.6/site-packages/airflow/example_dags/example_branch_operator.py took 0.130 seconds
[2021-05-28 19:55:26,230] {scheduler_job.py:182} INFO - Started process (PID=256) to work on /home/airflow/.local/lib/python3.6/site-packages/airflow/example_dags/example_branch_operator.py
[2021-05-28 19:55:26,232] {scheduler_job.py:629} INFO - Processing file /home/airflow/.local/lib/python3.6/site-packages/airflow/example_dags/example_branch_operator.py for tasks to queue
[2021-05-28 19:55:26,233] {logging_mixin.py:104} INFO - [2021-05-28 19:55:26,233] {dagbag.py:451} INFO - Filling up the DagBag from /home/airflow/.local/lib/python3.6/site-packages/airflow/example_dags/example_branch_operator.py
[2021-05-28 19:55:26,268] {scheduler_job.py:639} INFO - DAG(s) dict_keys(['example_branch_operator']) retrieved from /home/airflow/.local/lib/python3.6/site-packages/airflow/example_dags/example_branch_operator.py
[2021-05-28 19:55:26,303] {logging_mixin.py:104} INFO - [2021-05-28 19:55:26,303] {dag.py:1824} INFO - Sync 1 DAGs
[2021-05-28 19:55:26,336] {logging_mixin.py:104} INFO - [2021-05-28 19:55:26,335] {dag.py:2280} INFO - Setting next_dagrun for example_branch_operator to 2021-05-26 00:00:00+00:00
[2021-05-28 19:55:26,365] {scheduler_job.py:190} INFO - Processing /home/airflow/.local/lib/python3.6/site-packages/airflow/example_dags/example_branch_operator.py took 0.139 seconds
[2021-05-28 19:55:56,436] {scheduler_job.py:182} INFO - Started process (PID=283) to work on /home/airflow/.local/lib/python3.6/site-packages/airflow/example_dags/example_branch_operator.py
[2021-05-28 19:55:56,441] {scheduler_job.py:629} INFO - Processing file /home/airflow/.local/lib/python3.6/site-packages/airflow/example_dags/example_branch_operator.py for tasks to queue
[2021-05-28 19:55:56,443] {logging_mixin.py:104} INFO - [2021-05-28 19:55:56,443] {dagbag.py:451} INFO - Filling up the DagBag from /home/airflow/.local/lib/python3.6/site-packages/airflow/example_dags/example_branch_operator.py
[2021-05-28 19:55:56,483] {scheduler_job.py:639} INFO - DAG(s) dict_keys(['example_branch_operator']) retrieved from /home/airflow/.local/lib/python3.6/site-packages/airflow/example_dags/example_branch_operator.py
[2021-05-28 19:55:56,547] {logging_mixin.py:104} INFO - [2021-05-28 19:55:56,547] {dag.py:1824} INFO - Sync 1 DAGs
[2021-05-28 19:55:56,607] {logging_mixin.py:104} INFO - [2021-05-28 19:55:56,607] {dag.py:2280} INFO - Setting next_dagrun for example_branch_operator to 2021-05-26 00:00:00+00:00
[2021-05-28 19:55:56,627] {scheduler_job.py:190} INFO - Processing /home/airflow/.local/lib/python3.6/site-packages/airflow/example_dags/example_branch_operator.py took 0.196 seconds
[2021-05-28 19:56:27,528] {scheduler_job.py:182} INFO - Started process (PID=309) to work on /home/airflow/.local/lib/python3.6/site-packages/airflow/example_dags/example_branch_operator.py
[2021-05-28 19:56:27,534] {scheduler_job.py:629} INFO - Processing file /home/airflow/.local/lib/python3.6/site-packages/airflow/example_dags/example_branch_operator.py for tasks to queue
[2021-05-28 19:56:27,536] {logging_mixin.py:104} INFO - [2021-05-28 19:56:27,535] {dagbag.py:451} INFO - Filling up the DagBag from /home/airflow/.local/lib/python3.6/site-packages/airflow/example_dags/example_branch_operator.py
[2021-05-28 19:56:27,571] {scheduler_job.py:639} INFO - DAG(s) dict_keys(['example_branch_operator']) retrieved from /home/airflow/.local/lib/python3.6/site-packages/airflow/example_dags/example_branch_operator.py
[2021-05-28 19:56:27,603] {logging_mixin.py:104} INFO - [2021-05-28 19:56:27,603] {dag.py:1824} INFO - Sync 1 DAGs
[2021-05-28 19:56:27,631] {logging_mixin.py:104} INFO - [2021-05-28 19:56:27,631] {dag.py:2280} INFO - Setting next_dagrun for example_branch_operator to 2021-05-26 00:00:00+00:00
[2021-05-28 19:56:27,646] {scheduler_job.py:190} INFO - Processing /home/airflow/.local/lib/python3.6/site-packages/airflow/example_dags/example_branch_operator.py took 0.124 seconds
[2021-05-28 19:56:58,113] {scheduler_job.py:182} INFO - Started process (PID=337) to work on /home/airflow/.local/lib/python3.6/site-packages/airflow/example_dags/example_branch_operator.py
[2021-05-28 19:56:58,115] {scheduler_job.py:629} INFO - Processing file /home/airflow/.local/lib/python3.6/site-packages/airflow/example_dags/example_branch_operator.py for tasks to queue
[2021-05-28 19:56:58,116] {logging_mixin.py:104} INFO - [2021-05-28 19:56:58,116] {dagbag.py:451} INFO - Filling up the DagBag from /home/airflow/.local/lib/python3.6/site-packages/airflow/example_dags/example_branch_operator.py
[2021-05-28 19:56:58,145] {scheduler_job.py:639} INFO - DAG(s) dict_keys(['example_branch_operator']) retrieved from /home/airflow/.local/lib/python3.6/site-packages/airflow/example_dags/example_branch_operator.py
[2021-05-28 19:56:58,177] {logging_mixin.py:104} INFO - [2021-05-28 19:56:58,177] {dag.py:1824} INFO - Sync 1 DAGs
[2021-05-28 19:56:58,209] {logging_mixin.py:104} INFO - [2021-05-28 19:56:58,208] {dag.py:2280} INFO - Setting next_dagrun for example_branch_operator to 2021-05-26 00:00:00+00:00
[2021-05-28 19:56:58,226] {scheduler_job.py:190} INFO - Processing /home/airflow/.local/lib/python3.6/site-packages/airflow/example_dags/example_branch_operator.py took 0.119 seconds
[2021-05-28 19:57:28,308] {scheduler_job.py:182} INFO - Started process (PID=363) to work on /home/airflow/.local/lib/python3.6/site-packages/airflow/example_dags/example_branch_operator.py
[2021-05-28 19:57:28,310] {scheduler_job.py:629} INFO - Processing file /home/airflow/.local/lib/python3.6/site-packages/airflow/example_dags/example_branch_operator.py for tasks to queue
[2021-05-28 19:57:28,311] {logging_mixin.py:104} INFO - [2021-05-28 19:57:28,311] {dagbag.py:451} INFO - Filling up the DagBag from /home/airflow/.local/lib/python3.6/site-packages/airflow/example_dags/example_branch_operator.py
[2021-05-28 19:57:28,344] {scheduler_job.py:639} INFO - DAG(s) dict_keys(['example_branch_operator']) retrieved from /home/airflow/.local/lib/python3.6/site-packages/airflow/example_dags/example_branch_operator.py
[2021-05-28 19:57:28,395] {logging_mixin.py:104} INFO - [2021-05-28 19:57:28,395] {dag.py:1824} INFO - Sync 1 DAGs
[2021-05-28 19:57:28,443] {logging_mixin.py:104} INFO - [2021-05-28 19:57:28,442] {dag.py:2280} INFO - Setting next_dagrun for example_branch_operator to 2021-05-26 00:00:00+00:00
[2021-05-28 19:57:28,496] {scheduler_job.py:190} INFO - Processing /home/airflow/.local/lib/python3.6/site-packages/airflow/example_dags/example_branch_operator.py took 0.193 seconds
[2021-05-28 19:57:58,928] {scheduler_job.py:182} INFO - Started process (PID=390) to work on /home/airflow/.local/lib/python3.6/site-packages/airflow/example_dags/example_branch_operator.py
[2021-05-28 19:57:58,931] {scheduler_job.py:629} INFO - Processing file /home/airflow/.local/lib/python3.6/site-packages/airflow/example_dags/example_branch_operator.py for tasks to queue
[2021-05-28 19:57:58,932] {logging_mixin.py:104} INFO - [2021-05-28 19:57:58,932] {dagbag.py:451} INFO - Filling up the DagBag from /home/airflow/.local/lib/python3.6/site-packages/airflow/example_dags/example_branch_operator.py
[2021-05-28 19:57:58,968] {scheduler_job.py:639} INFO - DAG(s) dict_keys(['example_branch_operator']) retrieved from /home/airflow/.local/lib/python3.6/site-packages/airflow/example_dags/example_branch_operator.py
[2021-05-28 19:57:59,002] {logging_mixin.py:104} INFO - [2021-05-28 19:57:59,002] {dag.py:1824} INFO - Sync 1 DAGs
[2021-05-28 19:57:59,039] {logging_mixin.py:104} INFO - [2021-05-28 19:57:59,039] {dag.py:2280} INFO - Setting next_dagrun for example_branch_operator to 2021-05-26 00:00:00+00:00
[2021-05-28 19:57:59,055] {scheduler_job.py:190} INFO - Processing /home/airflow/.local/lib/python3.6/site-packages/airflow/example_dags/example_branch_operator.py took 0.135 seconds
[2021-05-28 19:58:29,534] {scheduler_job.py:182} INFO - Started process (PID=415) to work on /home/airflow/.local/lib/python3.6/site-packages/airflow/example_dags/example_branch_operator.py
[2021-05-28 19:58:29,542] {scheduler_job.py:629} INFO - Processing file /home/airflow/.local/lib/python3.6/site-packages/airflow/example_dags/example_branch_operator.py for tasks to queue
[2021-05-28 19:58:29,543] {logging_mixin.py:104} INFO - [2021-05-28 19:58:29,543] {dagbag.py:451} INFO - Filling up the DagBag from /home/airflow/.local/lib/python3.6/site-packages/airflow/example_dags/example_branch_operator.py
[2021-05-28 19:58:29,572] {scheduler_job.py:639} INFO - DAG(s) dict_keys(['example_branch_operator']) retrieved from /home/airflow/.local/lib/python3.6/site-packages/airflow/example_dags/example_branch_operator.py
[2021-05-28 19:58:29,612] {logging_mixin.py:104} INFO - [2021-05-28 19:58:29,612] {dag.py:1824} INFO - Sync 1 DAGs
[2021-05-28 19:58:29,649] {logging_mixin.py:104} INFO - [2021-05-28 19:58:29,649] {dag.py:2280} INFO - Setting next_dagrun for example_branch_operator to 2021-05-26 00:00:00+00:00
[2021-05-28 19:58:29,694] {scheduler_job.py:190} INFO - Processing /home/airflow/.local/lib/python3.6/site-packages/airflow/example_dags/example_branch_operator.py took 0.165 seconds
[2021-05-28 19:58:59,786] {scheduler_job.py:182} INFO - Started process (PID=443) to work on /home/airflow/.local/lib/python3.6/site-packages/airflow/example_dags/example_branch_operator.py
[2021-05-28 19:58:59,788] {scheduler_job.py:629} INFO - Processing file /home/airflow/.local/lib/python3.6/site-packages/airflow/example_dags/example_branch_operator.py for tasks to queue
[2021-05-28 19:58:59,789] {logging_mixin.py:104} INFO - [2021-05-28 19:58:59,789] {dagbag.py:451} INFO - Filling up the DagBag from /home/airflow/.local/lib/python3.6/site-packages/airflow/example_dags/example_branch_operator.py
[2021-05-28 19:58:59,815] {scheduler_job.py:639} INFO - DAG(s) dict_keys(['example_branch_operator']) retrieved from /home/airflow/.local/lib/python3.6/site-packages/airflow/example_dags/example_branch_operator.py
[2021-05-28 19:58:59,841] {logging_mixin.py:104} INFO - [2021-05-28 19:58:59,841] {dag.py:1824} INFO - Sync 1 DAGs
[2021-05-28 19:58:59,869] {logging_mixin.py:104} INFO - [2021-05-28 19:58:59,869] {dag.py:2280} INFO - Setting next_dagrun for example_branch_operator to 2021-05-26 00:00:00+00:00
[2021-05-28 19:58:59,887] {scheduler_job.py:190} INFO - Processing /home/airflow/.local/lib/python3.6/site-packages/airflow/example_dags/example_branch_operator.py took 0.106 seconds
[2021-05-28 19:59:30,208] {scheduler_job.py:182} INFO - Started process (PID=470) to work on /home/airflow/.local/lib/python3.6/site-packages/airflow/example_dags/example_branch_operator.py
[2021-05-28 19:59:30,209] {scheduler_job.py:629} INFO - Processing file /home/airflow/.local/lib/python3.6/site-packages/airflow/example_dags/example_branch_operator.py for tasks to queue
[2021-05-28 19:59:30,210] {logging_mixin.py:104} INFO - [2021-05-28 19:59:30,210] {dagbag.py:451} INFO - Filling up the DagBag from /home/airflow/.local/lib/python3.6/site-packages/airflow/example_dags/example_branch_operator.py
[2021-05-28 19:59:30,238] {scheduler_job.py:639} INFO - DAG(s) dict_keys(['example_branch_operator']) retrieved from /home/airflow/.local/lib/python3.6/site-packages/airflow/example_dags/example_branch_operator.py
[2021-05-28 19:59:30,272] {logging_mixin.py:104} INFO - [2021-05-28 19:59:30,271] {dag.py:1824} INFO - Sync 1 DAGs
[2021-05-28 19:59:30,302] {logging_mixin.py:104} INFO - [2021-05-28 19:59:30,301] {dag.py:2280} INFO - Setting next_dagrun for example_branch_operator to 2021-05-26 00:00:00+00:00
[2021-05-28 19:59:30,318] {scheduler_job.py:190} INFO - Processing /home/airflow/.local/lib/python3.6/site-packages/airflow/example_dags/example_branch_operator.py took 0.115 seconds
[2021-05-28 20:00:00,530] {scheduler_job.py:182} INFO - Started process (PID=498) to work on /home/airflow/.local/lib/python3.6/site-packages/airflow/example_dags/example_branch_operator.py
[2021-05-28 20:00:00,532] {scheduler_job.py:629} INFO - Processing file /home/airflow/.local/lib/python3.6/site-packages/airflow/example_dags/example_branch_operator.py for tasks to queue
[2021-05-28 20:00:00,533] {logging_mixin.py:104} INFO - [2021-05-28 20:00:00,533] {dagbag.py:451} INFO - Filling up the DagBag from /home/airflow/.local/lib/python3.6/site-packages/airflow/example_dags/example_branch_operator.py
[2021-05-28 20:00:00,549] {scheduler_job.py:639} INFO - DAG(s) dict_keys(['example_branch_operator']) retrieved from /home/airflow/.local/lib/python3.6/site-packages/airflow/example_dags/example_branch_operator.py
[2021-05-28 20:00:00,573] {logging_mixin.py:104} INFO - [2021-05-28 20:00:00,573] {dag.py:1824} INFO - Sync 1 DAGs
[2021-05-28 20:00:00,596] {logging_mixin.py:104} INFO - [2021-05-28 20:00:00,596] {dag.py:2280} INFO - Setting next_dagrun for example_branch_operator to 2021-05-26 00:00:00+00:00
[2021-05-28 20:00:00,606] {scheduler_job.py:190} INFO - Processing /home/airflow/.local/lib/python3.6/site-packages/airflow/example_dags/example_branch_operator.py took 0.080 seconds
