[2021-05-28 19:51:28,692] {scheduler_job.py:182} INFO - Started process (PID=58) to work on /home/airflow/.local/lib/python3.6/site-packages/airflow/example_dags/example_skip_dag.py
[2021-05-28 19:51:28,701] {scheduler_job.py:629} INFO - Processing file /home/airflow/.local/lib/python3.6/site-packages/airflow/example_dags/example_skip_dag.py for tasks to queue
[2021-05-28 19:51:28,703] {logging_mixin.py:104} INFO - [2021-05-28 19:51:28,702] {dagbag.py:451} INFO - Filling up the DagBag from /home/airflow/.local/lib/python3.6/site-packages/airflow/example_dags/example_skip_dag.py
[2021-05-28 19:51:28,745] {scheduler_job.py:639} INFO - DAG(s) dict_keys(['example_skip_dag']) retrieved from /home/airflow/.local/lib/python3.6/site-packages/airflow/example_dags/example_skip_dag.py
[2021-05-28 19:51:28,809] {logging_mixin.py:104} INFO - [2021-05-28 19:51:28,809] {dag.py:1824} INFO - Sync 1 DAGs
[2021-05-28 19:51:28,897] {logging_mixin.py:104} INFO - [2021-05-28 19:51:28,897] {dag.py:2280} INFO - Setting next_dagrun for example_skip_dag to 2021-05-26 00:00:00+00:00
[2021-05-28 19:51:28,968] {scheduler_job.py:190} INFO - Processing /home/airflow/.local/lib/python3.6/site-packages/airflow/example_dags/example_skip_dag.py took 0.286 seconds
[2021-05-28 19:51:59,914] {scheduler_job.py:182} INFO - Started process (PID=85) to work on /home/airflow/.local/lib/python3.6/site-packages/airflow/example_dags/example_skip_dag.py
[2021-05-28 19:51:59,918] {scheduler_job.py:629} INFO - Processing file /home/airflow/.local/lib/python3.6/site-packages/airflow/example_dags/example_skip_dag.py for tasks to queue
[2021-05-28 19:51:59,923] {logging_mixin.py:104} INFO - [2021-05-28 19:51:59,923] {dagbag.py:451} INFO - Filling up the DagBag from /home/airflow/.local/lib/python3.6/site-packages/airflow/example_dags/example_skip_dag.py
[2021-05-28 19:51:59,955] {scheduler_job.py:639} INFO - DAG(s) dict_keys(['example_skip_dag']) retrieved from /home/airflow/.local/lib/python3.6/site-packages/airflow/example_dags/example_skip_dag.py
[2021-05-28 19:52:00,032] {logging_mixin.py:104} INFO - [2021-05-28 19:52:00,032] {dag.py:1824} INFO - Sync 1 DAGs
[2021-05-28 19:52:00,132] {logging_mixin.py:104} INFO - [2021-05-28 19:52:00,131] {dag.py:2280} INFO - Setting next_dagrun for example_skip_dag to 2021-05-26 00:00:00+00:00
[2021-05-28 19:52:00,175] {scheduler_job.py:190} INFO - Processing /home/airflow/.local/lib/python3.6/site-packages/airflow/example_dags/example_skip_dag.py took 0.263 seconds
[2021-05-28 19:52:30,823] {scheduler_job.py:182} INFO - Started process (PID=112) to work on /home/airflow/.local/lib/python3.6/site-packages/airflow/example_dags/example_skip_dag.py
[2021-05-28 19:52:30,825] {scheduler_job.py:629} INFO - Processing file /home/airflow/.local/lib/python3.6/site-packages/airflow/example_dags/example_skip_dag.py for tasks to queue
[2021-05-28 19:52:30,826] {logging_mixin.py:104} INFO - [2021-05-28 19:52:30,826] {dagbag.py:451} INFO - Filling up the DagBag from /home/airflow/.local/lib/python3.6/site-packages/airflow/example_dags/example_skip_dag.py
[2021-05-28 19:52:30,848] {scheduler_job.py:639} INFO - DAG(s) dict_keys(['example_skip_dag']) retrieved from /home/airflow/.local/lib/python3.6/site-packages/airflow/example_dags/example_skip_dag.py
[2021-05-28 19:52:30,886] {logging_mixin.py:104} INFO - [2021-05-28 19:52:30,885] {dag.py:1824} INFO - Sync 1 DAGs
[2021-05-28 19:52:30,934] {logging_mixin.py:104} INFO - [2021-05-28 19:52:30,934] {dag.py:2280} INFO - Setting next_dagrun for example_skip_dag to 2021-05-26 00:00:00+00:00
[2021-05-28 19:52:30,956] {scheduler_job.py:190} INFO - Processing /home/airflow/.local/lib/python3.6/site-packages/airflow/example_dags/example_skip_dag.py took 0.138 seconds
[2021-05-28 19:53:01,955] {scheduler_job.py:182} INFO - Started process (PID=139) to work on /home/airflow/.local/lib/python3.6/site-packages/airflow/example_dags/example_skip_dag.py
[2021-05-28 19:53:01,958] {scheduler_job.py:629} INFO - Processing file /home/airflow/.local/lib/python3.6/site-packages/airflow/example_dags/example_skip_dag.py for tasks to queue
[2021-05-28 19:53:01,961] {logging_mixin.py:104} INFO - [2021-05-28 19:53:01,960] {dagbag.py:451} INFO - Filling up the DagBag from /home/airflow/.local/lib/python3.6/site-packages/airflow/example_dags/example_skip_dag.py
[2021-05-28 19:53:02,014] {scheduler_job.py:639} INFO - DAG(s) dict_keys(['example_skip_dag']) retrieved from /home/airflow/.local/lib/python3.6/site-packages/airflow/example_dags/example_skip_dag.py
[2021-05-28 19:53:02,101] {logging_mixin.py:104} INFO - [2021-05-28 19:53:02,100] {dag.py:1824} INFO - Sync 1 DAGs
[2021-05-28 19:53:02,156] {logging_mixin.py:104} INFO - [2021-05-28 19:53:02,155] {dag.py:2280} INFO - Setting next_dagrun for example_skip_dag to 2021-05-26 00:00:00+00:00
[2021-05-28 19:53:02,203] {scheduler_job.py:190} INFO - Processing /home/airflow/.local/lib/python3.6/site-packages/airflow/example_dags/example_skip_dag.py took 0.255 seconds
[2021-05-28 19:53:33,190] {scheduler_job.py:182} INFO - Started process (PID=166) to work on /home/airflow/.local/lib/python3.6/site-packages/airflow/example_dags/example_skip_dag.py
[2021-05-28 19:53:33,192] {scheduler_job.py:629} INFO - Processing file /home/airflow/.local/lib/python3.6/site-packages/airflow/example_dags/example_skip_dag.py for tasks to queue
[2021-05-28 19:53:33,193] {logging_mixin.py:104} INFO - [2021-05-28 19:53:33,193] {dagbag.py:451} INFO - Filling up the DagBag from /home/airflow/.local/lib/python3.6/site-packages/airflow/example_dags/example_skip_dag.py
[2021-05-28 19:53:33,213] {scheduler_job.py:639} INFO - DAG(s) dict_keys(['example_skip_dag']) retrieved from /home/airflow/.local/lib/python3.6/site-packages/airflow/example_dags/example_skip_dag.py
[2021-05-28 19:53:33,245] {logging_mixin.py:104} INFO - [2021-05-28 19:53:33,245] {dag.py:1824} INFO - Sync 1 DAGs
[2021-05-28 19:53:33,290] {logging_mixin.py:104} INFO - [2021-05-28 19:53:33,290] {dag.py:2280} INFO - Setting next_dagrun for example_skip_dag to 2021-05-26 00:00:00+00:00
[2021-05-28 19:53:33,305] {scheduler_job.py:190} INFO - Processing /home/airflow/.local/lib/python3.6/site-packages/airflow/example_dags/example_skip_dag.py took 0.119 seconds
[2021-05-28 19:54:03,587] {scheduler_job.py:182} INFO - Started process (PID=193) to work on /home/airflow/.local/lib/python3.6/site-packages/airflow/example_dags/example_skip_dag.py
[2021-05-28 19:54:03,592] {scheduler_job.py:629} INFO - Processing file /home/airflow/.local/lib/python3.6/site-packages/airflow/example_dags/example_skip_dag.py for tasks to queue
[2021-05-28 19:54:03,594] {logging_mixin.py:104} INFO - [2021-05-28 19:54:03,594] {dagbag.py:451} INFO - Filling up the DagBag from /home/airflow/.local/lib/python3.6/site-packages/airflow/example_dags/example_skip_dag.py
[2021-05-28 19:54:03,622] {scheduler_job.py:639} INFO - DAG(s) dict_keys(['example_skip_dag']) retrieved from /home/airflow/.local/lib/python3.6/site-packages/airflow/example_dags/example_skip_dag.py
[2021-05-28 19:54:03,650] {logging_mixin.py:104} INFO - [2021-05-28 19:54:03,650] {dag.py:1824} INFO - Sync 1 DAGs
[2021-05-28 19:54:03,675] {logging_mixin.py:104} INFO - [2021-05-28 19:54:03,675] {dag.py:2280} INFO - Setting next_dagrun for example_skip_dag to 2021-05-26 00:00:00+00:00
[2021-05-28 19:54:03,694] {scheduler_job.py:190} INFO - Processing /home/airflow/.local/lib/python3.6/site-packages/airflow/example_dags/example_skip_dag.py took 0.116 seconds
[2021-05-28 19:54:34,026] {scheduler_job.py:182} INFO - Started process (PID=220) to work on /home/airflow/.local/lib/python3.6/site-packages/airflow/example_dags/example_skip_dag.py
[2021-05-28 19:54:34,027] {scheduler_job.py:629} INFO - Processing file /home/airflow/.local/lib/python3.6/site-packages/airflow/example_dags/example_skip_dag.py for tasks to queue
[2021-05-28 19:54:34,029] {logging_mixin.py:104} INFO - [2021-05-28 19:54:34,028] {dagbag.py:451} INFO - Filling up the DagBag from /home/airflow/.local/lib/python3.6/site-packages/airflow/example_dags/example_skip_dag.py
[2021-05-28 19:54:34,045] {scheduler_job.py:639} INFO - DAG(s) dict_keys(['example_skip_dag']) retrieved from /home/airflow/.local/lib/python3.6/site-packages/airflow/example_dags/example_skip_dag.py
[2021-05-28 19:54:34,113] {logging_mixin.py:104} INFO - [2021-05-28 19:54:34,112] {dag.py:1824} INFO - Sync 1 DAGs
[2021-05-28 19:54:34,153] {logging_mixin.py:104} INFO - [2021-05-28 19:54:34,152] {dag.py:2280} INFO - Setting next_dagrun for example_skip_dag to 2021-05-26 00:00:00+00:00
[2021-05-28 19:54:34,190] {scheduler_job.py:190} INFO - Processing /home/airflow/.local/lib/python3.6/site-packages/airflow/example_dags/example_skip_dag.py took 0.169 seconds
[2021-05-28 19:55:04,455] {scheduler_job.py:182} INFO - Started process (PID=247) to work on /home/airflow/.local/lib/python3.6/site-packages/airflow/example_dags/example_skip_dag.py
[2021-05-28 19:55:04,457] {scheduler_job.py:629} INFO - Processing file /home/airflow/.local/lib/python3.6/site-packages/airflow/example_dags/example_skip_dag.py for tasks to queue
[2021-05-28 19:55:04,458] {logging_mixin.py:104} INFO - [2021-05-28 19:55:04,458] {dagbag.py:451} INFO - Filling up the DagBag from /home/airflow/.local/lib/python3.6/site-packages/airflow/example_dags/example_skip_dag.py
[2021-05-28 19:55:04,474] {scheduler_job.py:639} INFO - DAG(s) dict_keys(['example_skip_dag']) retrieved from /home/airflow/.local/lib/python3.6/site-packages/airflow/example_dags/example_skip_dag.py
[2021-05-28 19:55:04,504] {logging_mixin.py:104} INFO - [2021-05-28 19:55:04,504] {dag.py:1824} INFO - Sync 1 DAGs
[2021-05-28 19:55:04,526] {logging_mixin.py:104} INFO - [2021-05-28 19:55:04,526] {dag.py:2280} INFO - Setting next_dagrun for example_skip_dag to 2021-05-26 00:00:00+00:00
[2021-05-28 19:55:04,544] {scheduler_job.py:190} INFO - Processing /home/airflow/.local/lib/python3.6/site-packages/airflow/example_dags/example_skip_dag.py took 0.093 seconds
[2021-05-28 19:55:35,011] {scheduler_job.py:182} INFO - Started process (PID=274) to work on /home/airflow/.local/lib/python3.6/site-packages/airflow/example_dags/example_skip_dag.py
[2021-05-28 19:55:35,014] {scheduler_job.py:629} INFO - Processing file /home/airflow/.local/lib/python3.6/site-packages/airflow/example_dags/example_skip_dag.py for tasks to queue
[2021-05-28 19:55:35,017] {logging_mixin.py:104} INFO - [2021-05-28 19:55:35,017] {dagbag.py:451} INFO - Filling up the DagBag from /home/airflow/.local/lib/python3.6/site-packages/airflow/example_dags/example_skip_dag.py
[2021-05-28 19:55:35,046] {scheduler_job.py:639} INFO - DAG(s) dict_keys(['example_skip_dag']) retrieved from /home/airflow/.local/lib/python3.6/site-packages/airflow/example_dags/example_skip_dag.py
[2021-05-28 19:55:35,089] {logging_mixin.py:104} INFO - [2021-05-28 19:55:35,088] {dag.py:1824} INFO - Sync 1 DAGs
[2021-05-28 19:55:35,117] {logging_mixin.py:104} INFO - [2021-05-28 19:55:35,116] {dag.py:2280} INFO - Setting next_dagrun for example_skip_dag to 2021-05-26 00:00:00+00:00
[2021-05-28 19:55:35,154] {scheduler_job.py:190} INFO - Processing /home/airflow/.local/lib/python3.6/site-packages/airflow/example_dags/example_skip_dag.py took 0.155 seconds
[2021-05-28 19:56:05,291] {scheduler_job.py:182} INFO - Started process (PID=301) to work on /home/airflow/.local/lib/python3.6/site-packages/airflow/example_dags/example_skip_dag.py
[2021-05-28 19:56:05,293] {scheduler_job.py:629} INFO - Processing file /home/airflow/.local/lib/python3.6/site-packages/airflow/example_dags/example_skip_dag.py for tasks to queue
[2021-05-28 19:56:05,295] {logging_mixin.py:104} INFO - [2021-05-28 19:56:05,295] {dagbag.py:451} INFO - Filling up the DagBag from /home/airflow/.local/lib/python3.6/site-packages/airflow/example_dags/example_skip_dag.py
[2021-05-28 19:56:05,315] {scheduler_job.py:639} INFO - DAG(s) dict_keys(['example_skip_dag']) retrieved from /home/airflow/.local/lib/python3.6/site-packages/airflow/example_dags/example_skip_dag.py
[2021-05-28 19:56:05,372] {logging_mixin.py:104} INFO - [2021-05-28 19:56:05,372] {dag.py:1824} INFO - Sync 1 DAGs
[2021-05-28 19:56:05,417] {logging_mixin.py:104} INFO - [2021-05-28 19:56:05,416] {dag.py:2280} INFO - Setting next_dagrun for example_skip_dag to 2021-05-26 00:00:00+00:00
[2021-05-28 19:56:05,443] {scheduler_job.py:190} INFO - Processing /home/airflow/.local/lib/python3.6/site-packages/airflow/example_dags/example_skip_dag.py took 0.158 seconds
[2021-05-28 19:56:36,063] {scheduler_job.py:182} INFO - Started process (PID=328) to work on /home/airflow/.local/lib/python3.6/site-packages/airflow/example_dags/example_skip_dag.py
[2021-05-28 19:56:36,068] {scheduler_job.py:629} INFO - Processing file /home/airflow/.local/lib/python3.6/site-packages/airflow/example_dags/example_skip_dag.py for tasks to queue
[2021-05-28 19:56:36,070] {logging_mixin.py:104} INFO - [2021-05-28 19:56:36,069] {dagbag.py:451} INFO - Filling up the DagBag from /home/airflow/.local/lib/python3.6/site-packages/airflow/example_dags/example_skip_dag.py
[2021-05-28 19:56:36,100] {scheduler_job.py:639} INFO - DAG(s) dict_keys(['example_skip_dag']) retrieved from /home/airflow/.local/lib/python3.6/site-packages/airflow/example_dags/example_skip_dag.py
[2021-05-28 19:56:36,132] {logging_mixin.py:104} INFO - [2021-05-28 19:56:36,132] {dag.py:1824} INFO - Sync 1 DAGs
[2021-05-28 19:56:36,153] {logging_mixin.py:104} INFO - [2021-05-28 19:56:36,153] {dag.py:2280} INFO - Setting next_dagrun for example_skip_dag to 2021-05-26 00:00:00+00:00
[2021-05-28 19:56:36,170] {scheduler_job.py:190} INFO - Processing /home/airflow/.local/lib/python3.6/site-packages/airflow/example_dags/example_skip_dag.py took 0.116 seconds
[2021-05-28 19:57:06,428] {scheduler_job.py:182} INFO - Started process (PID=355) to work on /home/airflow/.local/lib/python3.6/site-packages/airflow/example_dags/example_skip_dag.py
[2021-05-28 19:57:06,434] {scheduler_job.py:629} INFO - Processing file /home/airflow/.local/lib/python3.6/site-packages/airflow/example_dags/example_skip_dag.py for tasks to queue
[2021-05-28 19:57:06,435] {logging_mixin.py:104} INFO - [2021-05-28 19:57:06,435] {dagbag.py:451} INFO - Filling up the DagBag from /home/airflow/.local/lib/python3.6/site-packages/airflow/example_dags/example_skip_dag.py
[2021-05-28 19:57:06,459] {scheduler_job.py:639} INFO - DAG(s) dict_keys(['example_skip_dag']) retrieved from /home/airflow/.local/lib/python3.6/site-packages/airflow/example_dags/example_skip_dag.py
[2021-05-28 19:57:06,496] {logging_mixin.py:104} INFO - [2021-05-28 19:57:06,496] {dag.py:1824} INFO - Sync 1 DAGs
[2021-05-28 19:57:06,522] {logging_mixin.py:104} INFO - [2021-05-28 19:57:06,522] {dag.py:2280} INFO - Setting next_dagrun for example_skip_dag to 2021-05-26 00:00:00+00:00
[2021-05-28 19:57:06,552] {scheduler_job.py:190} INFO - Processing /home/airflow/.local/lib/python3.6/site-packages/airflow/example_dags/example_skip_dag.py took 0.131 seconds
[2021-05-28 19:57:37,187] {scheduler_job.py:182} INFO - Started process (PID=382) to work on /home/airflow/.local/lib/python3.6/site-packages/airflow/example_dags/example_skip_dag.py
[2021-05-28 19:57:37,190] {scheduler_job.py:629} INFO - Processing file /home/airflow/.local/lib/python3.6/site-packages/airflow/example_dags/example_skip_dag.py for tasks to queue
[2021-05-28 19:57:37,200] {logging_mixin.py:104} INFO - [2021-05-28 19:57:37,197] {dagbag.py:451} INFO - Filling up the DagBag from /home/airflow/.local/lib/python3.6/site-packages/airflow/example_dags/example_skip_dag.py
[2021-05-28 19:57:37,223] {scheduler_job.py:639} INFO - DAG(s) dict_keys(['example_skip_dag']) retrieved from /home/airflow/.local/lib/python3.6/site-packages/airflow/example_dags/example_skip_dag.py
[2021-05-28 19:57:37,255] {logging_mixin.py:104} INFO - [2021-05-28 19:57:37,254] {dag.py:1824} INFO - Sync 1 DAGs
[2021-05-28 19:57:37,275] {logging_mixin.py:104} INFO - [2021-05-28 19:57:37,275] {dag.py:2280} INFO - Setting next_dagrun for example_skip_dag to 2021-05-26 00:00:00+00:00
[2021-05-28 19:57:37,291] {scheduler_job.py:190} INFO - Processing /home/airflow/.local/lib/python3.6/site-packages/airflow/example_dags/example_skip_dag.py took 0.111 seconds
[2021-05-28 19:58:07,634] {scheduler_job.py:182} INFO - Started process (PID=409) to work on /home/airflow/.local/lib/python3.6/site-packages/airflow/example_dags/example_skip_dag.py
[2021-05-28 19:58:07,637] {scheduler_job.py:629} INFO - Processing file /home/airflow/.local/lib/python3.6/site-packages/airflow/example_dags/example_skip_dag.py for tasks to queue
[2021-05-28 19:58:07,640] {logging_mixin.py:104} INFO - [2021-05-28 19:58:07,640] {dagbag.py:451} INFO - Filling up the DagBag from /home/airflow/.local/lib/python3.6/site-packages/airflow/example_dags/example_skip_dag.py
[2021-05-28 19:58:07,671] {scheduler_job.py:639} INFO - DAG(s) dict_keys(['example_skip_dag']) retrieved from /home/airflow/.local/lib/python3.6/site-packages/airflow/example_dags/example_skip_dag.py
[2021-05-28 19:58:07,723] {logging_mixin.py:104} INFO - [2021-05-28 19:58:07,723] {dag.py:1824} INFO - Sync 1 DAGs
[2021-05-28 19:58:07,753] {logging_mixin.py:104} INFO - [2021-05-28 19:58:07,753] {dag.py:2280} INFO - Setting next_dagrun for example_skip_dag to 2021-05-26 00:00:00+00:00
[2021-05-28 19:58:07,774] {scheduler_job.py:190} INFO - Processing /home/airflow/.local/lib/python3.6/site-packages/airflow/example_dags/example_skip_dag.py took 0.146 seconds
[2021-05-28 19:58:38,403] {scheduler_job.py:182} INFO - Started process (PID=436) to work on /home/airflow/.local/lib/python3.6/site-packages/airflow/example_dags/example_skip_dag.py
[2021-05-28 19:58:38,421] {scheduler_job.py:629} INFO - Processing file /home/airflow/.local/lib/python3.6/site-packages/airflow/example_dags/example_skip_dag.py for tasks to queue
[2021-05-28 19:58:38,424] {logging_mixin.py:104} INFO - [2021-05-28 19:58:38,423] {dagbag.py:451} INFO - Filling up the DagBag from /home/airflow/.local/lib/python3.6/site-packages/airflow/example_dags/example_skip_dag.py
[2021-05-28 19:58:38,454] {scheduler_job.py:639} INFO - DAG(s) dict_keys(['example_skip_dag']) retrieved from /home/airflow/.local/lib/python3.6/site-packages/airflow/example_dags/example_skip_dag.py
[2021-05-28 19:58:38,494] {logging_mixin.py:104} INFO - [2021-05-28 19:58:38,494] {dag.py:1824} INFO - Sync 1 DAGs
[2021-05-28 19:58:38,522] {logging_mixin.py:104} INFO - [2021-05-28 19:58:38,522] {dag.py:2280} INFO - Setting next_dagrun for example_skip_dag to 2021-05-26 00:00:00+00:00
[2021-05-28 19:58:38,546] {scheduler_job.py:190} INFO - Processing /home/airflow/.local/lib/python3.6/site-packages/airflow/example_dags/example_skip_dag.py took 0.158 seconds
[2021-05-28 19:59:09,435] {scheduler_job.py:182} INFO - Started process (PID=463) to work on /home/airflow/.local/lib/python3.6/site-packages/airflow/example_dags/example_skip_dag.py
[2021-05-28 19:59:09,444] {scheduler_job.py:629} INFO - Processing file /home/airflow/.local/lib/python3.6/site-packages/airflow/example_dags/example_skip_dag.py for tasks to queue
[2021-05-28 19:59:09,448] {logging_mixin.py:104} INFO - [2021-05-28 19:59:09,448] {dagbag.py:451} INFO - Filling up the DagBag from /home/airflow/.local/lib/python3.6/site-packages/airflow/example_dags/example_skip_dag.py
[2021-05-28 19:59:09,467] {scheduler_job.py:639} INFO - DAG(s) dict_keys(['example_skip_dag']) retrieved from /home/airflow/.local/lib/python3.6/site-packages/airflow/example_dags/example_skip_dag.py
[2021-05-28 19:59:09,497] {logging_mixin.py:104} INFO - [2021-05-28 19:59:09,497] {dag.py:1824} INFO - Sync 1 DAGs
[2021-05-28 19:59:09,520] {logging_mixin.py:104} INFO - [2021-05-28 19:59:09,520] {dag.py:2280} INFO - Setting next_dagrun for example_skip_dag to 2021-05-26 00:00:00+00:00
[2021-05-28 19:59:09,538] {scheduler_job.py:190} INFO - Processing /home/airflow/.local/lib/python3.6/site-packages/airflow/example_dags/example_skip_dag.py took 0.111 seconds
[2021-05-28 19:59:39,594] {scheduler_job.py:182} INFO - Started process (PID=489) to work on /home/airflow/.local/lib/python3.6/site-packages/airflow/example_dags/example_skip_dag.py
[2021-05-28 19:59:39,596] {scheduler_job.py:629} INFO - Processing file /home/airflow/.local/lib/python3.6/site-packages/airflow/example_dags/example_skip_dag.py for tasks to queue
[2021-05-28 19:59:39,598] {logging_mixin.py:104} INFO - [2021-05-28 19:59:39,597] {dagbag.py:451} INFO - Filling up the DagBag from /home/airflow/.local/lib/python3.6/site-packages/airflow/example_dags/example_skip_dag.py
[2021-05-28 19:59:39,621] {scheduler_job.py:639} INFO - DAG(s) dict_keys(['example_skip_dag']) retrieved from /home/airflow/.local/lib/python3.6/site-packages/airflow/example_dags/example_skip_dag.py
[2021-05-28 19:59:39,651] {logging_mixin.py:104} INFO - [2021-05-28 19:59:39,650] {dag.py:1824} INFO - Sync 1 DAGs
[2021-05-28 19:59:39,671] {logging_mixin.py:104} INFO - [2021-05-28 19:59:39,670] {dag.py:2280} INFO - Setting next_dagrun for example_skip_dag to 2021-05-26 00:00:00+00:00
[2021-05-28 19:59:39,686] {scheduler_job.py:190} INFO - Processing /home/airflow/.local/lib/python3.6/site-packages/airflow/example_dags/example_skip_dag.py took 0.097 seconds
[2021-05-28 20:00:10,329] {scheduler_job.py:182} INFO - Started process (PID=517) to work on /home/airflow/.local/lib/python3.6/site-packages/airflow/example_dags/example_skip_dag.py
[2021-05-28 20:00:10,333] {scheduler_job.py:629} INFO - Processing file /home/airflow/.local/lib/python3.6/site-packages/airflow/example_dags/example_skip_dag.py for tasks to queue
[2021-05-28 20:00:10,335] {logging_mixin.py:104} INFO - [2021-05-28 20:00:10,335] {dagbag.py:451} INFO - Filling up the DagBag from /home/airflow/.local/lib/python3.6/site-packages/airflow/example_dags/example_skip_dag.py
[2021-05-28 20:00:10,368] {scheduler_job.py:639} INFO - DAG(s) dict_keys(['example_skip_dag']) retrieved from /home/airflow/.local/lib/python3.6/site-packages/airflow/example_dags/example_skip_dag.py
[2021-05-28 20:00:10,412] {logging_mixin.py:104} INFO - [2021-05-28 20:00:10,412] {dag.py:1824} INFO - Sync 1 DAGs
[2021-05-28 20:00:10,443] {logging_mixin.py:104} INFO - [2021-05-28 20:00:10,443] {dag.py:2280} INFO - Setting next_dagrun for example_skip_dag to 2021-05-26 00:00:00+00:00
[2021-05-28 20:00:10,460] {scheduler_job.py:190} INFO - Processing /home/airflow/.local/lib/python3.6/site-packages/airflow/example_dags/example_skip_dag.py took 0.139 seconds
