[2021-05-28 19:51:20,177] {scheduler_job.py:182} INFO - Started process (PID=35) to work on /home/airflow/.local/lib/python3.6/site-packages/airflow/example_dags/example_external_task_marker_dag.py
[2021-05-28 19:51:20,189] {scheduler_job.py:629} INFO - Processing file /home/airflow/.local/lib/python3.6/site-packages/airflow/example_dags/example_external_task_marker_dag.py for tasks to queue
[2021-05-28 19:51:20,192] {logging_mixin.py:104} INFO - [2021-05-28 19:51:20,191] {dagbag.py:451} INFO - Filling up the DagBag from /home/airflow/.local/lib/python3.6/site-packages/airflow/example_dags/example_external_task_marker_dag.py
[2021-05-28 19:51:20,304] {scheduler_job.py:639} INFO - DAG(s) dict_keys(['example_external_task_marker_parent', 'example_external_task_marker_child']) retrieved from /home/airflow/.local/lib/python3.6/site-packages/airflow/example_dags/example_external_task_marker_dag.py
[2021-05-28 19:51:20,411] {logging_mixin.py:104} INFO - [2021-05-28 19:51:20,411] {dag.py:1824} INFO - Sync 2 DAGs
[2021-05-28 19:51:20,446] {logging_mixin.py:104} INFO - [2021-05-28 19:51:20,446] {dag.py:2280} INFO - Setting next_dagrun for example_external_task_marker_child to None
[2021-05-28 19:51:20,455] {logging_mixin.py:104} INFO - [2021-05-28 19:51:20,447] {dag.py:2280} INFO - Setting next_dagrun for example_external_task_marker_parent to None
[2021-05-28 19:51:20,510] {scheduler_job.py:190} INFO - Processing /home/airflow/.local/lib/python3.6/site-packages/airflow/example_dags/example_external_task_marker_dag.py took 0.339 seconds
[2021-05-28 19:51:50,891] {scheduler_job.py:182} INFO - Started process (PID=62) to work on /home/airflow/.local/lib/python3.6/site-packages/airflow/example_dags/example_external_task_marker_dag.py
[2021-05-28 19:51:50,895] {scheduler_job.py:629} INFO - Processing file /home/airflow/.local/lib/python3.6/site-packages/airflow/example_dags/example_external_task_marker_dag.py for tasks to queue
[2021-05-28 19:51:50,898] {logging_mixin.py:104} INFO - [2021-05-28 19:51:50,898] {dagbag.py:451} INFO - Filling up the DagBag from /home/airflow/.local/lib/python3.6/site-packages/airflow/example_dags/example_external_task_marker_dag.py
[2021-05-28 19:51:50,926] {scheduler_job.py:639} INFO - DAG(s) dict_keys(['example_external_task_marker_parent', 'example_external_task_marker_child']) retrieved from /home/airflow/.local/lib/python3.6/site-packages/airflow/example_dags/example_external_task_marker_dag.py
[2021-05-28 19:51:51,001] {logging_mixin.py:104} INFO - [2021-05-28 19:51:51,000] {dag.py:1824} INFO - Sync 2 DAGs
[2021-05-28 19:51:51,076] {logging_mixin.py:104} INFO - [2021-05-28 19:51:51,076] {dag.py:2280} INFO - Setting next_dagrun for example_external_task_marker_child to None
[2021-05-28 19:51:51,078] {logging_mixin.py:104} INFO - [2021-05-28 19:51:51,078] {dag.py:2280} INFO - Setting next_dagrun for example_external_task_marker_parent to None
[2021-05-28 19:51:51,121] {scheduler_job.py:190} INFO - Processing /home/airflow/.local/lib/python3.6/site-packages/airflow/example_dags/example_external_task_marker_dag.py took 0.243 seconds
[2021-05-28 19:52:21,818] {scheduler_job.py:182} INFO - Started process (PID=90) to work on /home/airflow/.local/lib/python3.6/site-packages/airflow/example_dags/example_external_task_marker_dag.py
[2021-05-28 19:52:21,820] {scheduler_job.py:629} INFO - Processing file /home/airflow/.local/lib/python3.6/site-packages/airflow/example_dags/example_external_task_marker_dag.py for tasks to queue
[2021-05-28 19:52:21,822] {logging_mixin.py:104} INFO - [2021-05-28 19:52:21,821] {dagbag.py:451} INFO - Filling up the DagBag from /home/airflow/.local/lib/python3.6/site-packages/airflow/example_dags/example_external_task_marker_dag.py
[2021-05-28 19:52:21,837] {scheduler_job.py:639} INFO - DAG(s) dict_keys(['example_external_task_marker_parent', 'example_external_task_marker_child']) retrieved from /home/airflow/.local/lib/python3.6/site-packages/airflow/example_dags/example_external_task_marker_dag.py
[2021-05-28 19:52:21,864] {logging_mixin.py:104} INFO - [2021-05-28 19:52:21,864] {dag.py:1824} INFO - Sync 2 DAGs
[2021-05-28 19:52:21,888] {logging_mixin.py:104} INFO - [2021-05-28 19:52:21,888] {dag.py:2280} INFO - Setting next_dagrun for example_external_task_marker_child to None
[2021-05-28 19:52:21,889] {logging_mixin.py:104} INFO - [2021-05-28 19:52:21,889] {dag.py:2280} INFO - Setting next_dagrun for example_external_task_marker_parent to None
[2021-05-28 19:52:21,901] {scheduler_job.py:190} INFO - Processing /home/airflow/.local/lib/python3.6/site-packages/airflow/example_dags/example_external_task_marker_dag.py took 0.088 seconds
[2021-05-28 19:52:52,751] {scheduler_job.py:182} INFO - Started process (PID=117) to work on /home/airflow/.local/lib/python3.6/site-packages/airflow/example_dags/example_external_task_marker_dag.py
[2021-05-28 19:52:52,765] {scheduler_job.py:629} INFO - Processing file /home/airflow/.local/lib/python3.6/site-packages/airflow/example_dags/example_external_task_marker_dag.py for tasks to queue
[2021-05-28 19:52:52,772] {logging_mixin.py:104} INFO - [2021-05-28 19:52:52,772] {dagbag.py:451} INFO - Filling up the DagBag from /home/airflow/.local/lib/python3.6/site-packages/airflow/example_dags/example_external_task_marker_dag.py
[2021-05-28 19:52:52,807] {scheduler_job.py:639} INFO - DAG(s) dict_keys(['example_external_task_marker_parent', 'example_external_task_marker_child']) retrieved from /home/airflow/.local/lib/python3.6/site-packages/airflow/example_dags/example_external_task_marker_dag.py
[2021-05-28 19:52:52,889] {logging_mixin.py:104} INFO - [2021-05-28 19:52:52,889] {dag.py:1824} INFO - Sync 2 DAGs
[2021-05-28 19:52:52,943] {logging_mixin.py:104} INFO - [2021-05-28 19:52:52,943] {dag.py:2280} INFO - Setting next_dagrun for example_external_task_marker_child to None
[2021-05-28 19:52:52,945] {logging_mixin.py:104} INFO - [2021-05-28 19:52:52,945] {dag.py:2280} INFO - Setting next_dagrun for example_external_task_marker_parent to None
[2021-05-28 19:52:52,983] {scheduler_job.py:190} INFO - Processing /home/airflow/.local/lib/python3.6/site-packages/airflow/example_dags/example_external_task_marker_dag.py took 0.248 seconds
[2021-05-28 19:53:23,155] {scheduler_job.py:182} INFO - Started process (PID=145) to work on /home/airflow/.local/lib/python3.6/site-packages/airflow/example_dags/example_external_task_marker_dag.py
[2021-05-28 19:53:23,164] {scheduler_job.py:629} INFO - Processing file /home/airflow/.local/lib/python3.6/site-packages/airflow/example_dags/example_external_task_marker_dag.py for tasks to queue
[2021-05-28 19:53:23,170] {logging_mixin.py:104} INFO - [2021-05-28 19:53:23,170] {dagbag.py:451} INFO - Filling up the DagBag from /home/airflow/.local/lib/python3.6/site-packages/airflow/example_dags/example_external_task_marker_dag.py
[2021-05-28 19:53:23,210] {scheduler_job.py:639} INFO - DAG(s) dict_keys(['example_external_task_marker_parent', 'example_external_task_marker_child']) retrieved from /home/airflow/.local/lib/python3.6/site-packages/airflow/example_dags/example_external_task_marker_dag.py
[2021-05-28 19:53:23,270] {logging_mixin.py:104} INFO - [2021-05-28 19:53:23,269] {dag.py:1824} INFO - Sync 2 DAGs
[2021-05-28 19:53:23,311] {logging_mixin.py:104} INFO - [2021-05-28 19:53:23,311] {dag.py:2280} INFO - Setting next_dagrun for example_external_task_marker_child to None
[2021-05-28 19:53:23,314] {logging_mixin.py:104} INFO - [2021-05-28 19:53:23,313] {dag.py:2280} INFO - Setting next_dagrun for example_external_task_marker_parent to None
[2021-05-28 19:53:23,355] {scheduler_job.py:190} INFO - Processing /home/airflow/.local/lib/python3.6/site-packages/airflow/example_dags/example_external_task_marker_dag.py took 0.206 seconds
[2021-05-28 19:53:53,727] {scheduler_job.py:182} INFO - Started process (PID=171) to work on /home/airflow/.local/lib/python3.6/site-packages/airflow/example_dags/example_external_task_marker_dag.py
[2021-05-28 19:53:53,730] {scheduler_job.py:629} INFO - Processing file /home/airflow/.local/lib/python3.6/site-packages/airflow/example_dags/example_external_task_marker_dag.py for tasks to queue
[2021-05-28 19:53:53,731] {logging_mixin.py:104} INFO - [2021-05-28 19:53:53,731] {dagbag.py:451} INFO - Filling up the DagBag from /home/airflow/.local/lib/python3.6/site-packages/airflow/example_dags/example_external_task_marker_dag.py
[2021-05-28 19:53:53,750] {scheduler_job.py:639} INFO - DAG(s) dict_keys(['example_external_task_marker_parent', 'example_external_task_marker_child']) retrieved from /home/airflow/.local/lib/python3.6/site-packages/airflow/example_dags/example_external_task_marker_dag.py
[2021-05-28 19:53:53,782] {logging_mixin.py:104} INFO - [2021-05-28 19:53:53,782] {dag.py:1824} INFO - Sync 2 DAGs
[2021-05-28 19:53:53,799] {logging_mixin.py:104} INFO - [2021-05-28 19:53:53,799] {dag.py:2280} INFO - Setting next_dagrun for example_external_task_marker_child to None
[2021-05-28 19:53:53,800] {logging_mixin.py:104} INFO - [2021-05-28 19:53:53,800] {dag.py:2280} INFO - Setting next_dagrun for example_external_task_marker_parent to None
[2021-05-28 19:53:53,814] {scheduler_job.py:190} INFO - Processing /home/airflow/.local/lib/python3.6/site-packages/airflow/example_dags/example_external_task_marker_dag.py took 0.092 seconds
[2021-05-28 19:54:24,165] {scheduler_job.py:182} INFO - Started process (PID=198) to work on /home/airflow/.local/lib/python3.6/site-packages/airflow/example_dags/example_external_task_marker_dag.py
[2021-05-28 19:54:24,167] {scheduler_job.py:629} INFO - Processing file /home/airflow/.local/lib/python3.6/site-packages/airflow/example_dags/example_external_task_marker_dag.py for tasks to queue
[2021-05-28 19:54:24,169] {logging_mixin.py:104} INFO - [2021-05-28 19:54:24,169] {dagbag.py:451} INFO - Filling up the DagBag from /home/airflow/.local/lib/python3.6/site-packages/airflow/example_dags/example_external_task_marker_dag.py
[2021-05-28 19:54:24,193] {scheduler_job.py:639} INFO - DAG(s) dict_keys(['example_external_task_marker_parent', 'example_external_task_marker_child']) retrieved from /home/airflow/.local/lib/python3.6/site-packages/airflow/example_dags/example_external_task_marker_dag.py
[2021-05-28 19:54:24,230] {logging_mixin.py:104} INFO - [2021-05-28 19:54:24,229] {dag.py:1824} INFO - Sync 2 DAGs
[2021-05-28 19:54:24,250] {logging_mixin.py:104} INFO - [2021-05-28 19:54:24,250] {dag.py:2280} INFO - Setting next_dagrun for example_external_task_marker_child to None
[2021-05-28 19:54:24,251] {logging_mixin.py:104} INFO - [2021-05-28 19:54:24,251] {dag.py:2280} INFO - Setting next_dagrun for example_external_task_marker_parent to None
[2021-05-28 19:54:24,264] {scheduler_job.py:190} INFO - Processing /home/airflow/.local/lib/python3.6/site-packages/airflow/example_dags/example_external_task_marker_dag.py took 0.104 seconds
[2021-05-28 19:54:54,348] {scheduler_job.py:182} INFO - Started process (PID=224) to work on /home/airflow/.local/lib/python3.6/site-packages/airflow/example_dags/example_external_task_marker_dag.py
[2021-05-28 19:54:54,349] {scheduler_job.py:629} INFO - Processing file /home/airflow/.local/lib/python3.6/site-packages/airflow/example_dags/example_external_task_marker_dag.py for tasks to queue
[2021-05-28 19:54:54,351] {logging_mixin.py:104} INFO - [2021-05-28 19:54:54,351] {dagbag.py:451} INFO - Filling up the DagBag from /home/airflow/.local/lib/python3.6/site-packages/airflow/example_dags/example_external_task_marker_dag.py
[2021-05-28 19:54:54,383] {scheduler_job.py:639} INFO - DAG(s) dict_keys(['example_external_task_marker_parent', 'example_external_task_marker_child']) retrieved from /home/airflow/.local/lib/python3.6/site-packages/airflow/example_dags/example_external_task_marker_dag.py
[2021-05-28 19:54:54,473] {logging_mixin.py:104} INFO - [2021-05-28 19:54:54,473] {dag.py:1824} INFO - Sync 2 DAGs
[2021-05-28 19:54:54,505] {logging_mixin.py:104} INFO - [2021-05-28 19:54:54,505] {dag.py:2280} INFO - Setting next_dagrun for example_external_task_marker_child to None
[2021-05-28 19:54:54,508] {logging_mixin.py:104} INFO - [2021-05-28 19:54:54,508] {dag.py:2280} INFO - Setting next_dagrun for example_external_task_marker_parent to None
[2021-05-28 19:54:54,543] {scheduler_job.py:190} INFO - Processing /home/airflow/.local/lib/python3.6/site-packages/airflow/example_dags/example_external_task_marker_dag.py took 0.200 seconds
[2021-05-28 19:55:24,796] {scheduler_job.py:182} INFO - Started process (PID=251) to work on /home/airflow/.local/lib/python3.6/site-packages/airflow/example_dags/example_external_task_marker_dag.py
[2021-05-28 19:55:24,797] {scheduler_job.py:629} INFO - Processing file /home/airflow/.local/lib/python3.6/site-packages/airflow/example_dags/example_external_task_marker_dag.py for tasks to queue
[2021-05-28 19:55:24,799] {logging_mixin.py:104} INFO - [2021-05-28 19:55:24,799] {dagbag.py:451} INFO - Filling up the DagBag from /home/airflow/.local/lib/python3.6/site-packages/airflow/example_dags/example_external_task_marker_dag.py
[2021-05-28 19:55:24,816] {scheduler_job.py:639} INFO - DAG(s) dict_keys(['example_external_task_marker_parent', 'example_external_task_marker_child']) retrieved from /home/airflow/.local/lib/python3.6/site-packages/airflow/example_dags/example_external_task_marker_dag.py
[2021-05-28 19:55:24,859] {logging_mixin.py:104} INFO - [2021-05-28 19:55:24,859] {dag.py:1824} INFO - Sync 2 DAGs
[2021-05-28 19:55:24,912] {logging_mixin.py:104} INFO - [2021-05-28 19:55:24,912] {dag.py:2280} INFO - Setting next_dagrun for example_external_task_marker_child to None
[2021-05-28 19:55:24,914] {logging_mixin.py:104} INFO - [2021-05-28 19:55:24,914] {dag.py:2280} INFO - Setting next_dagrun for example_external_task_marker_parent to None
[2021-05-28 19:55:24,940] {scheduler_job.py:190} INFO - Processing /home/airflow/.local/lib/python3.6/site-packages/airflow/example_dags/example_external_task_marker_dag.py took 0.149 seconds
[2021-05-28 19:55:56,039] {scheduler_job.py:182} INFO - Started process (PID=279) to work on /home/airflow/.local/lib/python3.6/site-packages/airflow/example_dags/example_external_task_marker_dag.py
[2021-05-28 19:55:56,042] {scheduler_job.py:629} INFO - Processing file /home/airflow/.local/lib/python3.6/site-packages/airflow/example_dags/example_external_task_marker_dag.py for tasks to queue
[2021-05-28 19:55:56,044] {logging_mixin.py:104} INFO - [2021-05-28 19:55:56,043] {dagbag.py:451} INFO - Filling up the DagBag from /home/airflow/.local/lib/python3.6/site-packages/airflow/example_dags/example_external_task_marker_dag.py
[2021-05-28 19:55:56,082] {scheduler_job.py:639} INFO - DAG(s) dict_keys(['example_external_task_marker_parent', 'example_external_task_marker_child']) retrieved from /home/airflow/.local/lib/python3.6/site-packages/airflow/example_dags/example_external_task_marker_dag.py
[2021-05-28 19:55:56,129] {logging_mixin.py:104} INFO - [2021-05-28 19:55:56,128] {dag.py:1824} INFO - Sync 2 DAGs
[2021-05-28 19:55:56,156] {logging_mixin.py:104} INFO - [2021-05-28 19:55:56,156] {dag.py:2280} INFO - Setting next_dagrun for example_external_task_marker_child to None
[2021-05-28 19:55:56,157] {logging_mixin.py:104} INFO - [2021-05-28 19:55:56,157] {dag.py:2280} INFO - Setting next_dagrun for example_external_task_marker_parent to None
[2021-05-28 19:55:56,186] {scheduler_job.py:190} INFO - Processing /home/airflow/.local/lib/python3.6/site-packages/airflow/example_dags/example_external_task_marker_dag.py took 0.155 seconds
[2021-05-28 19:56:27,111] {scheduler_job.py:182} INFO - Started process (PID=306) to work on /home/airflow/.local/lib/python3.6/site-packages/airflow/example_dags/example_external_task_marker_dag.py
[2021-05-28 19:56:27,115] {scheduler_job.py:629} INFO - Processing file /home/airflow/.local/lib/python3.6/site-packages/airflow/example_dags/example_external_task_marker_dag.py for tasks to queue
[2021-05-28 19:56:27,117] {logging_mixin.py:104} INFO - [2021-05-28 19:56:27,116] {dagbag.py:451} INFO - Filling up the DagBag from /home/airflow/.local/lib/python3.6/site-packages/airflow/example_dags/example_external_task_marker_dag.py
[2021-05-28 19:56:27,163] {scheduler_job.py:639} INFO - DAG(s) dict_keys(['example_external_task_marker_parent', 'example_external_task_marker_child']) retrieved from /home/airflow/.local/lib/python3.6/site-packages/airflow/example_dags/example_external_task_marker_dag.py
[2021-05-28 19:56:27,210] {logging_mixin.py:104} INFO - [2021-05-28 19:56:27,210] {dag.py:1824} INFO - Sync 2 DAGs
[2021-05-28 19:56:27,240] {logging_mixin.py:104} INFO - [2021-05-28 19:56:27,240] {dag.py:2280} INFO - Setting next_dagrun for example_external_task_marker_child to None
[2021-05-28 19:56:27,242] {logging_mixin.py:104} INFO - [2021-05-28 19:56:27,242] {dag.py:2280} INFO - Setting next_dagrun for example_external_task_marker_parent to None
[2021-05-28 19:56:27,303] {scheduler_job.py:190} INFO - Processing /home/airflow/.local/lib/python3.6/site-packages/airflow/example_dags/example_external_task_marker_dag.py took 0.198 seconds
[2021-05-28 19:56:57,774] {scheduler_job.py:182} INFO - Started process (PID=333) to work on /home/airflow/.local/lib/python3.6/site-packages/airflow/example_dags/example_external_task_marker_dag.py
[2021-05-28 19:56:57,777] {scheduler_job.py:629} INFO - Processing file /home/airflow/.local/lib/python3.6/site-packages/airflow/example_dags/example_external_task_marker_dag.py for tasks to queue
[2021-05-28 19:56:57,779] {logging_mixin.py:104} INFO - [2021-05-28 19:56:57,778] {dagbag.py:451} INFO - Filling up the DagBag from /home/airflow/.local/lib/python3.6/site-packages/airflow/example_dags/example_external_task_marker_dag.py
[2021-05-28 19:56:57,801] {scheduler_job.py:639} INFO - DAG(s) dict_keys(['example_external_task_marker_parent', 'example_external_task_marker_child']) retrieved from /home/airflow/.local/lib/python3.6/site-packages/airflow/example_dags/example_external_task_marker_dag.py
[2021-05-28 19:56:57,859] {logging_mixin.py:104} INFO - [2021-05-28 19:56:57,859] {dag.py:1824} INFO - Sync 2 DAGs
[2021-05-28 19:56:57,887] {logging_mixin.py:104} INFO - [2021-05-28 19:56:57,887] {dag.py:2280} INFO - Setting next_dagrun for example_external_task_marker_child to None
[2021-05-28 19:56:57,889] {logging_mixin.py:104} INFO - [2021-05-28 19:56:57,889] {dag.py:2280} INFO - Setting next_dagrun for example_external_task_marker_parent to None
[2021-05-28 19:56:57,911] {scheduler_job.py:190} INFO - Processing /home/airflow/.local/lib/python3.6/site-packages/airflow/example_dags/example_external_task_marker_dag.py took 0.144 seconds
[2021-05-28 19:57:28,001] {scheduler_job.py:182} INFO - Started process (PID=360) to work on /home/airflow/.local/lib/python3.6/site-packages/airflow/example_dags/example_external_task_marker_dag.py
[2021-05-28 19:57:28,004] {scheduler_job.py:629} INFO - Processing file /home/airflow/.local/lib/python3.6/site-packages/airflow/example_dags/example_external_task_marker_dag.py for tasks to queue
[2021-05-28 19:57:28,006] {logging_mixin.py:104} INFO - [2021-05-28 19:57:28,006] {dagbag.py:451} INFO - Filling up the DagBag from /home/airflow/.local/lib/python3.6/site-packages/airflow/example_dags/example_external_task_marker_dag.py
[2021-05-28 19:57:28,030] {scheduler_job.py:639} INFO - DAG(s) dict_keys(['example_external_task_marker_parent', 'example_external_task_marker_child']) retrieved from /home/airflow/.local/lib/python3.6/site-packages/airflow/example_dags/example_external_task_marker_dag.py
[2021-05-28 19:57:28,067] {logging_mixin.py:104} INFO - [2021-05-28 19:57:28,067] {dag.py:1824} INFO - Sync 2 DAGs
[2021-05-28 19:57:28,089] {logging_mixin.py:104} INFO - [2021-05-28 19:57:28,089] {dag.py:2280} INFO - Setting next_dagrun for example_external_task_marker_child to None
[2021-05-28 19:57:28,090] {logging_mixin.py:104} INFO - [2021-05-28 19:57:28,090] {dag.py:2280} INFO - Setting next_dagrun for example_external_task_marker_parent to None
[2021-05-28 19:57:28,107] {scheduler_job.py:190} INFO - Processing /home/airflow/.local/lib/python3.6/site-packages/airflow/example_dags/example_external_task_marker_dag.py took 0.111 seconds
[2021-05-28 19:57:58,753] {scheduler_job.py:182} INFO - Started process (PID=387) to work on /home/airflow/.local/lib/python3.6/site-packages/airflow/example_dags/example_external_task_marker_dag.py
[2021-05-28 19:57:58,755] {scheduler_job.py:629} INFO - Processing file /home/airflow/.local/lib/python3.6/site-packages/airflow/example_dags/example_external_task_marker_dag.py for tasks to queue
[2021-05-28 19:57:58,760] {logging_mixin.py:104} INFO - [2021-05-28 19:57:58,760] {dagbag.py:451} INFO - Filling up the DagBag from /home/airflow/.local/lib/python3.6/site-packages/airflow/example_dags/example_external_task_marker_dag.py
[2021-05-28 19:57:58,786] {scheduler_job.py:639} INFO - DAG(s) dict_keys(['example_external_task_marker_parent', 'example_external_task_marker_child']) retrieved from /home/airflow/.local/lib/python3.6/site-packages/airflow/example_dags/example_external_task_marker_dag.py
[2021-05-28 19:57:58,825] {logging_mixin.py:104} INFO - [2021-05-28 19:57:58,824] {dag.py:1824} INFO - Sync 2 DAGs
[2021-05-28 19:57:58,846] {logging_mixin.py:104} INFO - [2021-05-28 19:57:58,846] {dag.py:2280} INFO - Setting next_dagrun for example_external_task_marker_child to None
[2021-05-28 19:57:58,847] {logging_mixin.py:104} INFO - [2021-05-28 19:57:58,847] {dag.py:2280} INFO - Setting next_dagrun for example_external_task_marker_parent to None
[2021-05-28 19:57:58,867] {scheduler_job.py:190} INFO - Processing /home/airflow/.local/lib/python3.6/site-packages/airflow/example_dags/example_external_task_marker_dag.py took 0.119 seconds
[2021-05-28 19:58:29,372] {scheduler_job.py:182} INFO - Started process (PID=414) to work on /home/airflow/.local/lib/python3.6/site-packages/airflow/example_dags/example_external_task_marker_dag.py
[2021-05-28 19:58:29,387] {scheduler_job.py:629} INFO - Processing file /home/airflow/.local/lib/python3.6/site-packages/airflow/example_dags/example_external_task_marker_dag.py for tasks to queue
[2021-05-28 19:58:29,389] {logging_mixin.py:104} INFO - [2021-05-28 19:58:29,388] {dagbag.py:451} INFO - Filling up the DagBag from /home/airflow/.local/lib/python3.6/site-packages/airflow/example_dags/example_external_task_marker_dag.py
[2021-05-28 19:58:29,401] {scheduler_job.py:639} INFO - DAG(s) dict_keys(['example_external_task_marker_parent', 'example_external_task_marker_child']) retrieved from /home/airflow/.local/lib/python3.6/site-packages/airflow/example_dags/example_external_task_marker_dag.py
[2021-05-28 19:58:29,443] {logging_mixin.py:104} INFO - [2021-05-28 19:58:29,443] {dag.py:1824} INFO - Sync 2 DAGs
[2021-05-28 19:58:29,475] {logging_mixin.py:104} INFO - [2021-05-28 19:58:29,475] {dag.py:2280} INFO - Setting next_dagrun for example_external_task_marker_child to None
[2021-05-28 19:58:29,477] {logging_mixin.py:104} INFO - [2021-05-28 19:58:29,477] {dag.py:2280} INFO - Setting next_dagrun for example_external_task_marker_parent to None
[2021-05-28 19:58:29,498] {scheduler_job.py:190} INFO - Processing /home/airflow/.local/lib/python3.6/site-packages/airflow/example_dags/example_external_task_marker_dag.py took 0.132 seconds
[2021-05-28 19:58:59,658] {scheduler_job.py:182} INFO - Started process (PID=441) to work on /home/airflow/.local/lib/python3.6/site-packages/airflow/example_dags/example_external_task_marker_dag.py
[2021-05-28 19:58:59,661] {scheduler_job.py:629} INFO - Processing file /home/airflow/.local/lib/python3.6/site-packages/airflow/example_dags/example_external_task_marker_dag.py for tasks to queue
[2021-05-28 19:58:59,663] {logging_mixin.py:104} INFO - [2021-05-28 19:58:59,663] {dagbag.py:451} INFO - Filling up the DagBag from /home/airflow/.local/lib/python3.6/site-packages/airflow/example_dags/example_external_task_marker_dag.py
[2021-05-28 19:58:59,681] {scheduler_job.py:639} INFO - DAG(s) dict_keys(['example_external_task_marker_parent', 'example_external_task_marker_child']) retrieved from /home/airflow/.local/lib/python3.6/site-packages/airflow/example_dags/example_external_task_marker_dag.py
[2021-05-28 19:58:59,718] {logging_mixin.py:104} INFO - [2021-05-28 19:58:59,718] {dag.py:1824} INFO - Sync 2 DAGs
[2021-05-28 19:58:59,736] {logging_mixin.py:104} INFO - [2021-05-28 19:58:59,735] {dag.py:2280} INFO - Setting next_dagrun for example_external_task_marker_child to None
[2021-05-28 19:58:59,737] {logging_mixin.py:104} INFO - [2021-05-28 19:58:59,737] {dag.py:2280} INFO - Setting next_dagrun for example_external_task_marker_parent to None
[2021-05-28 19:58:59,752] {scheduler_job.py:190} INFO - Processing /home/airflow/.local/lib/python3.6/site-packages/airflow/example_dags/example_external_task_marker_dag.py took 0.099 seconds
[2021-05-28 19:59:29,819] {scheduler_job.py:182} INFO - Started process (PID=467) to work on /home/airflow/.local/lib/python3.6/site-packages/airflow/example_dags/example_external_task_marker_dag.py
[2021-05-28 19:59:29,823] {scheduler_job.py:629} INFO - Processing file /home/airflow/.local/lib/python3.6/site-packages/airflow/example_dags/example_external_task_marker_dag.py for tasks to queue
[2021-05-28 19:59:29,825] {logging_mixin.py:104} INFO - [2021-05-28 19:59:29,824] {dagbag.py:451} INFO - Filling up the DagBag from /home/airflow/.local/lib/python3.6/site-packages/airflow/example_dags/example_external_task_marker_dag.py
[2021-05-28 19:59:29,855] {scheduler_job.py:639} INFO - DAG(s) dict_keys(['example_external_task_marker_parent', 'example_external_task_marker_child']) retrieved from /home/airflow/.local/lib/python3.6/site-packages/airflow/example_dags/example_external_task_marker_dag.py
[2021-05-28 19:59:29,934] {logging_mixin.py:104} INFO - [2021-05-28 19:59:29,934] {dag.py:1824} INFO - Sync 2 DAGs
[2021-05-28 19:59:29,964] {logging_mixin.py:104} INFO - [2021-05-28 19:59:29,964] {dag.py:2280} INFO - Setting next_dagrun for example_external_task_marker_child to None
[2021-05-28 19:59:29,966] {logging_mixin.py:104} INFO - [2021-05-28 19:59:29,966] {dag.py:2280} INFO - Setting next_dagrun for example_external_task_marker_parent to None
[2021-05-28 19:59:29,988] {scheduler_job.py:190} INFO - Processing /home/airflow/.local/lib/python3.6/site-packages/airflow/example_dags/example_external_task_marker_dag.py took 0.178 seconds
[2021-05-28 20:00:00,104] {scheduler_job.py:182} INFO - Started process (PID=494) to work on /home/airflow/.local/lib/python3.6/site-packages/airflow/example_dags/example_external_task_marker_dag.py
[2021-05-28 20:00:00,106] {scheduler_job.py:629} INFO - Processing file /home/airflow/.local/lib/python3.6/site-packages/airflow/example_dags/example_external_task_marker_dag.py for tasks to queue
[2021-05-28 20:00:00,108] {logging_mixin.py:104} INFO - [2021-05-28 20:00:00,108] {dagbag.py:451} INFO - Filling up the DagBag from /home/airflow/.local/lib/python3.6/site-packages/airflow/example_dags/example_external_task_marker_dag.py
[2021-05-28 20:00:00,150] {scheduler_job.py:639} INFO - DAG(s) dict_keys(['example_external_task_marker_parent', 'example_external_task_marker_child']) retrieved from /home/airflow/.local/lib/python3.6/site-packages/airflow/example_dags/example_external_task_marker_dag.py
[2021-05-28 20:00:00,204] {logging_mixin.py:104} INFO - [2021-05-28 20:00:00,204] {dag.py:1824} INFO - Sync 2 DAGs
[2021-05-28 20:00:00,235] {logging_mixin.py:104} INFO - [2021-05-28 20:00:00,235] {dag.py:2280} INFO - Setting next_dagrun for example_external_task_marker_child to None
[2021-05-28 20:00:00,237] {logging_mixin.py:104} INFO - [2021-05-28 20:00:00,237] {dag.py:2280} INFO - Setting next_dagrun for example_external_task_marker_parent to None
[2021-05-28 20:00:00,268] {scheduler_job.py:190} INFO - Processing /home/airflow/.local/lib/python3.6/site-packages/airflow/example_dags/example_external_task_marker_dag.py took 0.170 seconds
