[2021-05-28 19:51:26,984] {scheduler_job.py:182} INFO - Started process (PID=54) to work on /home/airflow/.local/lib/python3.6/site-packages/airflow/example_dags/tutorial_etl_dag.py
[2021-05-28 19:51:26,998] {scheduler_job.py:629} INFO - Processing file /home/airflow/.local/lib/python3.6/site-packages/airflow/example_dags/tutorial_etl_dag.py for tasks to queue
[2021-05-28 19:51:27,000] {logging_mixin.py:104} INFO - [2021-05-28 19:51:26,999] {dagbag.py:451} INFO - Filling up the DagBag from /home/airflow/.local/lib/python3.6/site-packages/airflow/example_dags/tutorial_etl_dag.py
[2021-05-28 19:51:27,650] {scheduler_job.py:639} INFO - DAG(s) dict_keys(['tutorial_etl_dag']) retrieved from /home/airflow/.local/lib/python3.6/site-packages/airflow/example_dags/tutorial_etl_dag.py
[2021-05-28 19:51:27,791] {logging_mixin.py:104} INFO - [2021-05-28 19:51:27,790] {dag.py:1824} INFO - Sync 1 DAGs
[2021-05-28 19:51:27,935] {logging_mixin.py:104} INFO - [2021-05-28 19:51:27,935] {dag.py:2280} INFO - Setting next_dagrun for tutorial_etl_dag to None
[2021-05-28 19:51:27,977] {scheduler_job.py:190} INFO - Processing /home/airflow/.local/lib/python3.6/site-packages/airflow/example_dags/tutorial_etl_dag.py took 1.026 seconds
[2021-05-28 19:51:58,204] {scheduler_job.py:182} INFO - Started process (PID=81) to work on /home/airflow/.local/lib/python3.6/site-packages/airflow/example_dags/tutorial_etl_dag.py
[2021-05-28 19:51:58,212] {scheduler_job.py:629} INFO - Processing file /home/airflow/.local/lib/python3.6/site-packages/airflow/example_dags/tutorial_etl_dag.py for tasks to queue
[2021-05-28 19:51:58,214] {logging_mixin.py:104} INFO - [2021-05-28 19:51:58,214] {dagbag.py:451} INFO - Filling up the DagBag from /home/airflow/.local/lib/python3.6/site-packages/airflow/example_dags/tutorial_etl_dag.py
[2021-05-28 19:51:58,253] {scheduler_job.py:639} INFO - DAG(s) dict_keys(['tutorial_etl_dag']) retrieved from /home/airflow/.local/lib/python3.6/site-packages/airflow/example_dags/tutorial_etl_dag.py
[2021-05-28 19:51:58,339] {logging_mixin.py:104} INFO - [2021-05-28 19:51:58,339] {dag.py:1824} INFO - Sync 1 DAGs
[2021-05-28 19:51:58,406] {logging_mixin.py:104} INFO - [2021-05-28 19:51:58,406] {dag.py:2280} INFO - Setting next_dagrun for tutorial_etl_dag to None
[2021-05-28 19:51:58,456] {scheduler_job.py:190} INFO - Processing /home/airflow/.local/lib/python3.6/site-packages/airflow/example_dags/tutorial_etl_dag.py took 0.259 seconds
[2021-05-28 19:52:29,280] {scheduler_job.py:182} INFO - Started process (PID=108) to work on /home/airflow/.local/lib/python3.6/site-packages/airflow/example_dags/tutorial_etl_dag.py
[2021-05-28 19:52:29,288] {scheduler_job.py:629} INFO - Processing file /home/airflow/.local/lib/python3.6/site-packages/airflow/example_dags/tutorial_etl_dag.py for tasks to queue
[2021-05-28 19:52:29,304] {logging_mixin.py:104} INFO - [2021-05-28 19:52:29,304] {dagbag.py:451} INFO - Filling up the DagBag from /home/airflow/.local/lib/python3.6/site-packages/airflow/example_dags/tutorial_etl_dag.py
[2021-05-28 19:52:29,362] {scheduler_job.py:639} INFO - DAG(s) dict_keys(['tutorial_etl_dag']) retrieved from /home/airflow/.local/lib/python3.6/site-packages/airflow/example_dags/tutorial_etl_dag.py
[2021-05-28 19:52:29,426] {logging_mixin.py:104} INFO - [2021-05-28 19:52:29,425] {dag.py:1824} INFO - Sync 1 DAGs
[2021-05-28 19:52:29,520] {logging_mixin.py:104} INFO - [2021-05-28 19:52:29,520] {dag.py:2280} INFO - Setting next_dagrun for tutorial_etl_dag to None
[2021-05-28 19:52:29,547] {scheduler_job.py:190} INFO - Processing /home/airflow/.local/lib/python3.6/site-packages/airflow/example_dags/tutorial_etl_dag.py took 0.278 seconds
[2021-05-28 19:53:00,125] {scheduler_job.py:182} INFO - Started process (PID=135) to work on /home/airflow/.local/lib/python3.6/site-packages/airflow/example_dags/tutorial_etl_dag.py
[2021-05-28 19:53:00,128] {scheduler_job.py:629} INFO - Processing file /home/airflow/.local/lib/python3.6/site-packages/airflow/example_dags/tutorial_etl_dag.py for tasks to queue
[2021-05-28 19:53:00,131] {logging_mixin.py:104} INFO - [2021-05-28 19:53:00,130] {dagbag.py:451} INFO - Filling up the DagBag from /home/airflow/.local/lib/python3.6/site-packages/airflow/example_dags/tutorial_etl_dag.py
[2021-05-28 19:53:00,226] {scheduler_job.py:639} INFO - DAG(s) dict_keys(['tutorial_etl_dag']) retrieved from /home/airflow/.local/lib/python3.6/site-packages/airflow/example_dags/tutorial_etl_dag.py
[2021-05-28 19:53:00,352] {logging_mixin.py:104} INFO - [2021-05-28 19:53:00,352] {dag.py:1824} INFO - Sync 1 DAGs
[2021-05-28 19:53:00,441] {logging_mixin.py:104} INFO - [2021-05-28 19:53:00,441] {dag.py:2280} INFO - Setting next_dagrun for tutorial_etl_dag to None
[2021-05-28 19:53:00,489] {scheduler_job.py:190} INFO - Processing /home/airflow/.local/lib/python3.6/site-packages/airflow/example_dags/tutorial_etl_dag.py took 0.382 seconds
[2021-05-28 19:53:30,920] {scheduler_job.py:182} INFO - Started process (PID=162) to work on /home/airflow/.local/lib/python3.6/site-packages/airflow/example_dags/tutorial_etl_dag.py
[2021-05-28 19:53:30,922] {scheduler_job.py:629} INFO - Processing file /home/airflow/.local/lib/python3.6/site-packages/airflow/example_dags/tutorial_etl_dag.py for tasks to queue
[2021-05-28 19:53:30,923] {logging_mixin.py:104} INFO - [2021-05-28 19:53:30,923] {dagbag.py:451} INFO - Filling up the DagBag from /home/airflow/.local/lib/python3.6/site-packages/airflow/example_dags/tutorial_etl_dag.py
[2021-05-28 19:53:30,944] {scheduler_job.py:639} INFO - DAG(s) dict_keys(['tutorial_etl_dag']) retrieved from /home/airflow/.local/lib/python3.6/site-packages/airflow/example_dags/tutorial_etl_dag.py
[2021-05-28 19:53:30,976] {logging_mixin.py:104} INFO - [2021-05-28 19:53:30,976] {dag.py:1824} INFO - Sync 1 DAGs
[2021-05-28 19:53:31,030] {logging_mixin.py:104} INFO - [2021-05-28 19:53:31,030] {dag.py:2280} INFO - Setting next_dagrun for tutorial_etl_dag to None
[2021-05-28 19:53:31,053] {scheduler_job.py:190} INFO - Processing /home/airflow/.local/lib/python3.6/site-packages/airflow/example_dags/tutorial_etl_dag.py took 0.142 seconds
[2021-05-28 19:54:01,215] {scheduler_job.py:182} INFO - Started process (PID=189) to work on /home/airflow/.local/lib/python3.6/site-packages/airflow/example_dags/tutorial_etl_dag.py
[2021-05-28 19:54:01,220] {scheduler_job.py:629} INFO - Processing file /home/airflow/.local/lib/python3.6/site-packages/airflow/example_dags/tutorial_etl_dag.py for tasks to queue
[2021-05-28 19:54:01,225] {logging_mixin.py:104} INFO - [2021-05-28 19:54:01,225] {dagbag.py:451} INFO - Filling up the DagBag from /home/airflow/.local/lib/python3.6/site-packages/airflow/example_dags/tutorial_etl_dag.py
[2021-05-28 19:54:01,268] {scheduler_job.py:639} INFO - DAG(s) dict_keys(['tutorial_etl_dag']) retrieved from /home/airflow/.local/lib/python3.6/site-packages/airflow/example_dags/tutorial_etl_dag.py
[2021-05-28 19:54:01,339] {logging_mixin.py:104} INFO - [2021-05-28 19:54:01,339] {dag.py:1824} INFO - Sync 1 DAGs
[2021-05-28 19:54:01,372] {logging_mixin.py:104} INFO - [2021-05-28 19:54:01,370] {dag.py:2280} INFO - Setting next_dagrun for tutorial_etl_dag to None
[2021-05-28 19:54:01,386] {scheduler_job.py:190} INFO - Processing /home/airflow/.local/lib/python3.6/site-packages/airflow/example_dags/tutorial_etl_dag.py took 0.177 seconds
[2021-05-28 19:54:31,607] {scheduler_job.py:182} INFO - Started process (PID=216) to work on /home/airflow/.local/lib/python3.6/site-packages/airflow/example_dags/tutorial_etl_dag.py
[2021-05-28 19:54:31,609] {scheduler_job.py:629} INFO - Processing file /home/airflow/.local/lib/python3.6/site-packages/airflow/example_dags/tutorial_etl_dag.py for tasks to queue
[2021-05-28 19:54:31,611] {logging_mixin.py:104} INFO - [2021-05-28 19:54:31,611] {dagbag.py:451} INFO - Filling up the DagBag from /home/airflow/.local/lib/python3.6/site-packages/airflow/example_dags/tutorial_etl_dag.py
[2021-05-28 19:54:31,648] {scheduler_job.py:639} INFO - DAG(s) dict_keys(['tutorial_etl_dag']) retrieved from /home/airflow/.local/lib/python3.6/site-packages/airflow/example_dags/tutorial_etl_dag.py
[2021-05-28 19:54:31,713] {logging_mixin.py:104} INFO - [2021-05-28 19:54:31,712] {dag.py:1824} INFO - Sync 1 DAGs
[2021-05-28 19:54:31,765] {logging_mixin.py:104} INFO - [2021-05-28 19:54:31,765] {dag.py:2280} INFO - Setting next_dagrun for tutorial_etl_dag to None
[2021-05-28 19:54:31,798] {scheduler_job.py:190} INFO - Processing /home/airflow/.local/lib/python3.6/site-packages/airflow/example_dags/tutorial_etl_dag.py took 0.197 seconds
[2021-05-28 19:55:02,129] {scheduler_job.py:182} INFO - Started process (PID=243) to work on /home/airflow/.local/lib/python3.6/site-packages/airflow/example_dags/tutorial_etl_dag.py
[2021-05-28 19:55:02,131] {scheduler_job.py:629} INFO - Processing file /home/airflow/.local/lib/python3.6/site-packages/airflow/example_dags/tutorial_etl_dag.py for tasks to queue
[2021-05-28 19:55:02,135] {logging_mixin.py:104} INFO - [2021-05-28 19:55:02,135] {dagbag.py:451} INFO - Filling up the DagBag from /home/airflow/.local/lib/python3.6/site-packages/airflow/example_dags/tutorial_etl_dag.py
[2021-05-28 19:55:02,152] {scheduler_job.py:639} INFO - DAG(s) dict_keys(['tutorial_etl_dag']) retrieved from /home/airflow/.local/lib/python3.6/site-packages/airflow/example_dags/tutorial_etl_dag.py
[2021-05-28 19:55:02,188] {logging_mixin.py:104} INFO - [2021-05-28 19:55:02,188] {dag.py:1824} INFO - Sync 1 DAGs
[2021-05-28 19:55:02,231] {logging_mixin.py:104} INFO - [2021-05-28 19:55:02,231] {dag.py:2280} INFO - Setting next_dagrun for tutorial_etl_dag to None
[2021-05-28 19:55:02,253] {scheduler_job.py:190} INFO - Processing /home/airflow/.local/lib/python3.6/site-packages/airflow/example_dags/tutorial_etl_dag.py took 0.130 seconds
[2021-05-28 19:55:32,536] {scheduler_job.py:182} INFO - Started process (PID=270) to work on /home/airflow/.local/lib/python3.6/site-packages/airflow/example_dags/tutorial_etl_dag.py
[2021-05-28 19:55:32,539] {scheduler_job.py:629} INFO - Processing file /home/airflow/.local/lib/python3.6/site-packages/airflow/example_dags/tutorial_etl_dag.py for tasks to queue
[2021-05-28 19:55:32,541] {logging_mixin.py:104} INFO - [2021-05-28 19:55:32,540] {dagbag.py:451} INFO - Filling up the DagBag from /home/airflow/.local/lib/python3.6/site-packages/airflow/example_dags/tutorial_etl_dag.py
[2021-05-28 19:55:32,590] {scheduler_job.py:639} INFO - DAG(s) dict_keys(['tutorial_etl_dag']) retrieved from /home/airflow/.local/lib/python3.6/site-packages/airflow/example_dags/tutorial_etl_dag.py
[2021-05-28 19:55:32,660] {logging_mixin.py:104} INFO - [2021-05-28 19:55:32,650] {dag.py:1824} INFO - Sync 1 DAGs
[2021-05-28 19:55:32,732] {logging_mixin.py:104} INFO - [2021-05-28 19:55:32,732] {dag.py:2280} INFO - Setting next_dagrun for tutorial_etl_dag to None
[2021-05-28 19:55:32,758] {scheduler_job.py:190} INFO - Processing /home/airflow/.local/lib/python3.6/site-packages/airflow/example_dags/tutorial_etl_dag.py took 0.229 seconds
[2021-05-28 19:56:02,867] {scheduler_job.py:182} INFO - Started process (PID=297) to work on /home/airflow/.local/lib/python3.6/site-packages/airflow/example_dags/tutorial_etl_dag.py
[2021-05-28 19:56:02,871] {scheduler_job.py:629} INFO - Processing file /home/airflow/.local/lib/python3.6/site-packages/airflow/example_dags/tutorial_etl_dag.py for tasks to queue
[2021-05-28 19:56:02,875] {logging_mixin.py:104} INFO - [2021-05-28 19:56:02,874] {dagbag.py:451} INFO - Filling up the DagBag from /home/airflow/.local/lib/python3.6/site-packages/airflow/example_dags/tutorial_etl_dag.py
[2021-05-28 19:56:02,919] {scheduler_job.py:639} INFO - DAG(s) dict_keys(['tutorial_etl_dag']) retrieved from /home/airflow/.local/lib/python3.6/site-packages/airflow/example_dags/tutorial_etl_dag.py
[2021-05-28 19:56:02,991] {logging_mixin.py:104} INFO - [2021-05-28 19:56:02,991] {dag.py:1824} INFO - Sync 1 DAGs
[2021-05-28 19:56:03,020] {logging_mixin.py:104} INFO - [2021-05-28 19:56:03,020] {dag.py:2280} INFO - Setting next_dagrun for tutorial_etl_dag to None
[2021-05-28 19:56:03,054] {scheduler_job.py:190} INFO - Processing /home/airflow/.local/lib/python3.6/site-packages/airflow/example_dags/tutorial_etl_dag.py took 0.202 seconds
[2021-05-28 19:56:33,658] {scheduler_job.py:182} INFO - Started process (PID=324) to work on /home/airflow/.local/lib/python3.6/site-packages/airflow/example_dags/tutorial_etl_dag.py
[2021-05-28 19:56:33,663] {scheduler_job.py:629} INFO - Processing file /home/airflow/.local/lib/python3.6/site-packages/airflow/example_dags/tutorial_etl_dag.py for tasks to queue
[2021-05-28 19:56:33,664] {logging_mixin.py:104} INFO - [2021-05-28 19:56:33,664] {dagbag.py:451} INFO - Filling up the DagBag from /home/airflow/.local/lib/python3.6/site-packages/airflow/example_dags/tutorial_etl_dag.py
[2021-05-28 19:56:33,709] {scheduler_job.py:639} INFO - DAG(s) dict_keys(['tutorial_etl_dag']) retrieved from /home/airflow/.local/lib/python3.6/site-packages/airflow/example_dags/tutorial_etl_dag.py
[2021-05-28 19:56:33,751] {logging_mixin.py:104} INFO - [2021-05-28 19:56:33,751] {dag.py:1824} INFO - Sync 1 DAGs
[2021-05-28 19:56:33,800] {logging_mixin.py:104} INFO - [2021-05-28 19:56:33,800] {dag.py:2280} INFO - Setting next_dagrun for tutorial_etl_dag to None
[2021-05-28 19:56:33,823] {scheduler_job.py:190} INFO - Processing /home/airflow/.local/lib/python3.6/site-packages/airflow/example_dags/tutorial_etl_dag.py took 0.170 seconds
[2021-05-28 19:57:04,214] {scheduler_job.py:182} INFO - Started process (PID=351) to work on /home/airflow/.local/lib/python3.6/site-packages/airflow/example_dags/tutorial_etl_dag.py
[2021-05-28 19:57:04,217] {scheduler_job.py:629} INFO - Processing file /home/airflow/.local/lib/python3.6/site-packages/airflow/example_dags/tutorial_etl_dag.py for tasks to queue
[2021-05-28 19:57:04,219] {logging_mixin.py:104} INFO - [2021-05-28 19:57:04,219] {dagbag.py:451} INFO - Filling up the DagBag from /home/airflow/.local/lib/python3.6/site-packages/airflow/example_dags/tutorial_etl_dag.py
[2021-05-28 19:57:04,248] {scheduler_job.py:639} INFO - DAG(s) dict_keys(['tutorial_etl_dag']) retrieved from /home/airflow/.local/lib/python3.6/site-packages/airflow/example_dags/tutorial_etl_dag.py
[2021-05-28 19:57:04,283] {logging_mixin.py:104} INFO - [2021-05-28 19:57:04,283] {dag.py:1824} INFO - Sync 1 DAGs
[2021-05-28 19:57:04,316] {logging_mixin.py:104} INFO - [2021-05-28 19:57:04,316] {dag.py:2280} INFO - Setting next_dagrun for tutorial_etl_dag to None
[2021-05-28 19:57:04,337] {scheduler_job.py:190} INFO - Processing /home/airflow/.local/lib/python3.6/site-packages/airflow/example_dags/tutorial_etl_dag.py took 0.128 seconds
[2021-05-28 19:57:34,642] {scheduler_job.py:182} INFO - Started process (PID=378) to work on /home/airflow/.local/lib/python3.6/site-packages/airflow/example_dags/tutorial_etl_dag.py
[2021-05-28 19:57:34,645] {scheduler_job.py:629} INFO - Processing file /home/airflow/.local/lib/python3.6/site-packages/airflow/example_dags/tutorial_etl_dag.py for tasks to queue
[2021-05-28 19:57:34,647] {logging_mixin.py:104} INFO - [2021-05-28 19:57:34,647] {dagbag.py:451} INFO - Filling up the DagBag from /home/airflow/.local/lib/python3.6/site-packages/airflow/example_dags/tutorial_etl_dag.py
[2021-05-28 19:57:34,723] {scheduler_job.py:639} INFO - DAG(s) dict_keys(['tutorial_etl_dag']) retrieved from /home/airflow/.local/lib/python3.6/site-packages/airflow/example_dags/tutorial_etl_dag.py
[2021-05-28 19:57:34,825] {logging_mixin.py:104} INFO - [2021-05-28 19:57:34,824] {dag.py:1824} INFO - Sync 1 DAGs
[2021-05-28 19:57:34,902] {logging_mixin.py:104} INFO - [2021-05-28 19:57:34,902] {dag.py:2280} INFO - Setting next_dagrun for tutorial_etl_dag to None
[2021-05-28 19:57:34,939] {scheduler_job.py:190} INFO - Processing /home/airflow/.local/lib/python3.6/site-packages/airflow/example_dags/tutorial_etl_dag.py took 0.304 seconds
[2021-05-28 19:58:05,231] {scheduler_job.py:182} INFO - Started process (PID=405) to work on /home/airflow/.local/lib/python3.6/site-packages/airflow/example_dags/tutorial_etl_dag.py
[2021-05-28 19:58:05,235] {scheduler_job.py:629} INFO - Processing file /home/airflow/.local/lib/python3.6/site-packages/airflow/example_dags/tutorial_etl_dag.py for tasks to queue
[2021-05-28 19:58:05,238] {logging_mixin.py:104} INFO - [2021-05-28 19:58:05,237] {dagbag.py:451} INFO - Filling up the DagBag from /home/airflow/.local/lib/python3.6/site-packages/airflow/example_dags/tutorial_etl_dag.py
[2021-05-28 19:58:05,273] {scheduler_job.py:639} INFO - DAG(s) dict_keys(['tutorial_etl_dag']) retrieved from /home/airflow/.local/lib/python3.6/site-packages/airflow/example_dags/tutorial_etl_dag.py
[2021-05-28 19:58:05,326] {logging_mixin.py:104} INFO - [2021-05-28 19:58:05,326] {dag.py:1824} INFO - Sync 1 DAGs
[2021-05-28 19:58:05,393] {logging_mixin.py:104} INFO - [2021-05-28 19:58:05,392] {dag.py:2280} INFO - Setting next_dagrun for tutorial_etl_dag to None
[2021-05-28 19:58:05,429] {scheduler_job.py:190} INFO - Processing /home/airflow/.local/lib/python3.6/site-packages/airflow/example_dags/tutorial_etl_dag.py took 0.203 seconds
[2021-05-28 19:58:35,991] {scheduler_job.py:182} INFO - Started process (PID=432) to work on /home/airflow/.local/lib/python3.6/site-packages/airflow/example_dags/tutorial_etl_dag.py
[2021-05-28 19:58:36,003] {scheduler_job.py:629} INFO - Processing file /home/airflow/.local/lib/python3.6/site-packages/airflow/example_dags/tutorial_etl_dag.py for tasks to queue
[2021-05-28 19:58:36,005] {logging_mixin.py:104} INFO - [2021-05-28 19:58:36,005] {dagbag.py:451} INFO - Filling up the DagBag from /home/airflow/.local/lib/python3.6/site-packages/airflow/example_dags/tutorial_etl_dag.py
[2021-05-28 19:58:36,029] {scheduler_job.py:639} INFO - DAG(s) dict_keys(['tutorial_etl_dag']) retrieved from /home/airflow/.local/lib/python3.6/site-packages/airflow/example_dags/tutorial_etl_dag.py
[2021-05-28 19:58:36,063] {logging_mixin.py:104} INFO - [2021-05-28 19:58:36,062] {dag.py:1824} INFO - Sync 1 DAGs
[2021-05-28 19:58:36,100] {logging_mixin.py:104} INFO - [2021-05-28 19:58:36,100] {dag.py:2280} INFO - Setting next_dagrun for tutorial_etl_dag to None
[2021-05-28 19:58:36,135] {scheduler_job.py:190} INFO - Processing /home/airflow/.local/lib/python3.6/site-packages/airflow/example_dags/tutorial_etl_dag.py took 0.149 seconds
[2021-05-28 19:59:07,057] {scheduler_job.py:182} INFO - Started process (PID=459) to work on /home/airflow/.local/lib/python3.6/site-packages/airflow/example_dags/tutorial_etl_dag.py
[2021-05-28 19:59:07,061] {scheduler_job.py:629} INFO - Processing file /home/airflow/.local/lib/python3.6/site-packages/airflow/example_dags/tutorial_etl_dag.py for tasks to queue
[2021-05-28 19:59:07,063] {logging_mixin.py:104} INFO - [2021-05-28 19:59:07,063] {dagbag.py:451} INFO - Filling up the DagBag from /home/airflow/.local/lib/python3.6/site-packages/airflow/example_dags/tutorial_etl_dag.py
[2021-05-28 19:59:07,094] {scheduler_job.py:639} INFO - DAG(s) dict_keys(['tutorial_etl_dag']) retrieved from /home/airflow/.local/lib/python3.6/site-packages/airflow/example_dags/tutorial_etl_dag.py
[2021-05-28 19:59:07,138] {logging_mixin.py:104} INFO - [2021-05-28 19:59:07,137] {dag.py:1824} INFO - Sync 1 DAGs
[2021-05-28 19:59:07,176] {logging_mixin.py:104} INFO - [2021-05-28 19:59:07,176] {dag.py:2280} INFO - Setting next_dagrun for tutorial_etl_dag to None
[2021-05-28 19:59:07,189] {scheduler_job.py:190} INFO - Processing /home/airflow/.local/lib/python3.6/site-packages/airflow/example_dags/tutorial_etl_dag.py took 0.138 seconds
[2021-05-28 19:59:37,356] {scheduler_job.py:182} INFO - Started process (PID=486) to work on /home/airflow/.local/lib/python3.6/site-packages/airflow/example_dags/tutorial_etl_dag.py
[2021-05-28 19:59:37,358] {scheduler_job.py:629} INFO - Processing file /home/airflow/.local/lib/python3.6/site-packages/airflow/example_dags/tutorial_etl_dag.py for tasks to queue
[2021-05-28 19:59:37,359] {logging_mixin.py:104} INFO - [2021-05-28 19:59:37,359] {dagbag.py:451} INFO - Filling up the DagBag from /home/airflow/.local/lib/python3.6/site-packages/airflow/example_dags/tutorial_etl_dag.py
[2021-05-28 19:59:37,377] {scheduler_job.py:639} INFO - DAG(s) dict_keys(['tutorial_etl_dag']) retrieved from /home/airflow/.local/lib/python3.6/site-packages/airflow/example_dags/tutorial_etl_dag.py
[2021-05-28 19:59:37,404] {logging_mixin.py:104} INFO - [2021-05-28 19:59:37,404] {dag.py:1824} INFO - Sync 1 DAGs
[2021-05-28 19:59:37,426] {logging_mixin.py:104} INFO - [2021-05-28 19:59:37,426] {dag.py:2280} INFO - Setting next_dagrun for tutorial_etl_dag to None
[2021-05-28 19:59:37,442] {scheduler_job.py:190} INFO - Processing /home/airflow/.local/lib/python3.6/site-packages/airflow/example_dags/tutorial_etl_dag.py took 0.092 seconds
[2021-05-28 20:00:07,800] {scheduler_job.py:182} INFO - Started process (PID=513) to work on /home/airflow/.local/lib/python3.6/site-packages/airflow/example_dags/tutorial_etl_dag.py
[2021-05-28 20:00:07,802] {scheduler_job.py:629} INFO - Processing file /home/airflow/.local/lib/python3.6/site-packages/airflow/example_dags/tutorial_etl_dag.py for tasks to queue
[2021-05-28 20:00:07,803] {logging_mixin.py:104} INFO - [2021-05-28 20:00:07,803] {dagbag.py:451} INFO - Filling up the DagBag from /home/airflow/.local/lib/python3.6/site-packages/airflow/example_dags/tutorial_etl_dag.py
[2021-05-28 20:00:07,839] {scheduler_job.py:639} INFO - DAG(s) dict_keys(['tutorial_etl_dag']) retrieved from /home/airflow/.local/lib/python3.6/site-packages/airflow/example_dags/tutorial_etl_dag.py
[2021-05-28 20:00:07,888] {logging_mixin.py:104} INFO - [2021-05-28 20:00:07,887] {dag.py:1824} INFO - Sync 1 DAGs
[2021-05-28 20:00:07,922] {logging_mixin.py:104} INFO - [2021-05-28 20:00:07,922] {dag.py:2280} INFO - Setting next_dagrun for tutorial_etl_dag to None
[2021-05-28 20:00:07,949] {scheduler_job.py:190} INFO - Processing /home/airflow/.local/lib/python3.6/site-packages/airflow/example_dags/tutorial_etl_dag.py took 0.155 seconds
