[2021-05-28 19:51:23,907] {scheduler_job.py:182} INFO - Started process (PID=47) to work on /home/airflow/.local/lib/python3.6/site-packages/airflow/example_dags/tutorial.py
[2021-05-28 19:51:23,916] {scheduler_job.py:629} INFO - Processing file /home/airflow/.local/lib/python3.6/site-packages/airflow/example_dags/tutorial.py for tasks to queue
[2021-05-28 19:51:23,927] {logging_mixin.py:104} INFO - [2021-05-28 19:51:23,927] {dagbag.py:451} INFO - Filling up the DagBag from /home/airflow/.local/lib/python3.6/site-packages/airflow/example_dags/tutorial.py
[2021-05-28 19:51:24,161] {scheduler_job.py:639} INFO - DAG(s) dict_keys(['tutorial']) retrieved from /home/airflow/.local/lib/python3.6/site-packages/airflow/example_dags/tutorial.py
[2021-05-28 19:51:24,328] {logging_mixin.py:104} INFO - [2021-05-28 19:51:24,328] {dag.py:1824} INFO - Sync 1 DAGs
[2021-05-28 19:51:24,448] {logging_mixin.py:104} INFO - [2021-05-28 19:51:24,448] {dag.py:2280} INFO - Setting next_dagrun for tutorial to 2021-05-26 00:00:00+00:00
[2021-05-28 19:51:24,577] {scheduler_job.py:190} INFO - Processing /home/airflow/.local/lib/python3.6/site-packages/airflow/example_dags/tutorial.py took 0.704 seconds
[2021-05-28 19:51:54,840] {scheduler_job.py:182} INFO - Started process (PID=74) to work on /home/airflow/.local/lib/python3.6/site-packages/airflow/example_dags/tutorial.py
[2021-05-28 19:51:54,848] {scheduler_job.py:629} INFO - Processing file /home/airflow/.local/lib/python3.6/site-packages/airflow/example_dags/tutorial.py for tasks to queue
[2021-05-28 19:51:54,861] {logging_mixin.py:104} INFO - [2021-05-28 19:51:54,859] {dagbag.py:451} INFO - Filling up the DagBag from /home/airflow/.local/lib/python3.6/site-packages/airflow/example_dags/tutorial.py
[2021-05-28 19:51:54,921] {scheduler_job.py:639} INFO - DAG(s) dict_keys(['tutorial']) retrieved from /home/airflow/.local/lib/python3.6/site-packages/airflow/example_dags/tutorial.py
[2021-05-28 19:51:55,041] {logging_mixin.py:104} INFO - [2021-05-28 19:51:55,041] {dag.py:1824} INFO - Sync 1 DAGs
[2021-05-28 19:51:55,126] {logging_mixin.py:104} INFO - [2021-05-28 19:51:55,126] {dag.py:2280} INFO - Setting next_dagrun for tutorial to 2021-05-26 00:00:00+00:00
[2021-05-28 19:51:55,736] {scheduler_job.py:190} INFO - Processing /home/airflow/.local/lib/python3.6/site-packages/airflow/example_dags/tutorial.py took 0.935 seconds
[2021-05-28 19:52:26,538] {scheduler_job.py:182} INFO - Started process (PID=101) to work on /home/airflow/.local/lib/python3.6/site-packages/airflow/example_dags/tutorial.py
[2021-05-28 19:52:26,556] {scheduler_job.py:629} INFO - Processing file /home/airflow/.local/lib/python3.6/site-packages/airflow/example_dags/tutorial.py for tasks to queue
[2021-05-28 19:52:26,557] {logging_mixin.py:104} INFO - [2021-05-28 19:52:26,557] {dagbag.py:451} INFO - Filling up the DagBag from /home/airflow/.local/lib/python3.6/site-packages/airflow/example_dags/tutorial.py
[2021-05-28 19:52:26,579] {scheduler_job.py:639} INFO - DAG(s) dict_keys(['tutorial']) retrieved from /home/airflow/.local/lib/python3.6/site-packages/airflow/example_dags/tutorial.py
[2021-05-28 19:52:26,617] {logging_mixin.py:104} INFO - [2021-05-28 19:52:26,617] {dag.py:1824} INFO - Sync 1 DAGs
[2021-05-28 19:52:26,665] {logging_mixin.py:104} INFO - [2021-05-28 19:52:26,665] {dag.py:2280} INFO - Setting next_dagrun for tutorial to 2021-05-26 00:00:00+00:00
[2021-05-28 19:52:26,690] {scheduler_job.py:190} INFO - Processing /home/airflow/.local/lib/python3.6/site-packages/airflow/example_dags/tutorial.py took 0.156 seconds
[2021-05-28 19:52:57,948] {scheduler_job.py:182} INFO - Started process (PID=130) to work on /home/airflow/.local/lib/python3.6/site-packages/airflow/example_dags/tutorial.py
[2021-05-28 19:52:57,964] {scheduler_job.py:629} INFO - Processing file /home/airflow/.local/lib/python3.6/site-packages/airflow/example_dags/tutorial.py for tasks to queue
[2021-05-28 19:52:57,973] {logging_mixin.py:104} INFO - [2021-05-28 19:52:57,973] {dagbag.py:451} INFO - Filling up the DagBag from /home/airflow/.local/lib/python3.6/site-packages/airflow/example_dags/tutorial.py
[2021-05-28 19:52:58,016] {scheduler_job.py:639} INFO - DAG(s) dict_keys(['tutorial']) retrieved from /home/airflow/.local/lib/python3.6/site-packages/airflow/example_dags/tutorial.py
[2021-05-28 19:52:58,141] {logging_mixin.py:104} INFO - [2021-05-28 19:52:58,141] {dag.py:1824} INFO - Sync 1 DAGs
[2021-05-28 19:52:58,216] {logging_mixin.py:104} INFO - [2021-05-28 19:52:58,215] {dag.py:2280} INFO - Setting next_dagrun for tutorial to 2021-05-26 00:00:00+00:00
[2021-05-28 19:52:58,251] {scheduler_job.py:190} INFO - Processing /home/airflow/.local/lib/python3.6/site-packages/airflow/example_dags/tutorial.py took 0.315 seconds
[2021-05-28 19:53:28,407] {scheduler_job.py:182} INFO - Started process (PID=157) to work on /home/airflow/.local/lib/python3.6/site-packages/airflow/example_dags/tutorial.py
[2021-05-28 19:53:28,410] {scheduler_job.py:629} INFO - Processing file /home/airflow/.local/lib/python3.6/site-packages/airflow/example_dags/tutorial.py for tasks to queue
[2021-05-28 19:53:28,411] {logging_mixin.py:104} INFO - [2021-05-28 19:53:28,411] {dagbag.py:451} INFO - Filling up the DagBag from /home/airflow/.local/lib/python3.6/site-packages/airflow/example_dags/tutorial.py
[2021-05-28 19:53:28,430] {scheduler_job.py:639} INFO - DAG(s) dict_keys(['tutorial']) retrieved from /home/airflow/.local/lib/python3.6/site-packages/airflow/example_dags/tutorial.py
[2021-05-28 19:53:28,470] {logging_mixin.py:104} INFO - [2021-05-28 19:53:28,469] {dag.py:1824} INFO - Sync 1 DAGs
[2021-05-28 19:53:28,505] {logging_mixin.py:104} INFO - [2021-05-28 19:53:28,505] {dag.py:2280} INFO - Setting next_dagrun for tutorial to 2021-05-26 00:00:00+00:00
[2021-05-28 19:53:28,527] {scheduler_job.py:190} INFO - Processing /home/airflow/.local/lib/python3.6/site-packages/airflow/example_dags/tutorial.py took 0.126 seconds
[2021-05-28 19:53:58,579] {scheduler_job.py:182} INFO - Started process (PID=182) to work on /home/airflow/.local/lib/python3.6/site-packages/airflow/example_dags/tutorial.py
[2021-05-28 19:53:58,582] {scheduler_job.py:629} INFO - Processing file /home/airflow/.local/lib/python3.6/site-packages/airflow/example_dags/tutorial.py for tasks to queue
[2021-05-28 19:53:58,584] {logging_mixin.py:104} INFO - [2021-05-28 19:53:58,584] {dagbag.py:451} INFO - Filling up the DagBag from /home/airflow/.local/lib/python3.6/site-packages/airflow/example_dags/tutorial.py
[2021-05-28 19:53:58,598] {scheduler_job.py:639} INFO - DAG(s) dict_keys(['tutorial']) retrieved from /home/airflow/.local/lib/python3.6/site-packages/airflow/example_dags/tutorial.py
[2021-05-28 19:53:58,640] {logging_mixin.py:104} INFO - [2021-05-28 19:53:58,640] {dag.py:1824} INFO - Sync 1 DAGs
[2021-05-28 19:53:58,682] {logging_mixin.py:104} INFO - [2021-05-28 19:53:58,682] {dag.py:2280} INFO - Setting next_dagrun for tutorial to 2021-05-26 00:00:00+00:00
[2021-05-28 19:53:58,699] {scheduler_job.py:190} INFO - Processing /home/airflow/.local/lib/python3.6/site-packages/airflow/example_dags/tutorial.py took 0.126 seconds
[2021-05-28 19:54:28,932] {scheduler_job.py:182} INFO - Started process (PID=209) to work on /home/airflow/.local/lib/python3.6/site-packages/airflow/example_dags/tutorial.py
[2021-05-28 19:54:28,934] {scheduler_job.py:629} INFO - Processing file /home/airflow/.local/lib/python3.6/site-packages/airflow/example_dags/tutorial.py for tasks to queue
[2021-05-28 19:54:28,937] {logging_mixin.py:104} INFO - [2021-05-28 19:54:28,937] {dagbag.py:451} INFO - Filling up the DagBag from /home/airflow/.local/lib/python3.6/site-packages/airflow/example_dags/tutorial.py
[2021-05-28 19:54:28,961] {scheduler_job.py:639} INFO - DAG(s) dict_keys(['tutorial']) retrieved from /home/airflow/.local/lib/python3.6/site-packages/airflow/example_dags/tutorial.py
[2021-05-28 19:54:29,023] {logging_mixin.py:104} INFO - [2021-05-28 19:54:29,023] {dag.py:1824} INFO - Sync 1 DAGs
[2021-05-28 19:54:29,060] {logging_mixin.py:104} INFO - [2021-05-28 19:54:29,059] {dag.py:2280} INFO - Setting next_dagrun for tutorial to 2021-05-26 00:00:00+00:00
[2021-05-28 19:54:29,080] {scheduler_job.py:190} INFO - Processing /home/airflow/.local/lib/python3.6/site-packages/airflow/example_dags/tutorial.py took 0.155 seconds
[2021-05-28 19:54:59,368] {scheduler_job.py:182} INFO - Started process (PID=236) to work on /home/airflow/.local/lib/python3.6/site-packages/airflow/example_dags/tutorial.py
[2021-05-28 19:54:59,370] {scheduler_job.py:629} INFO - Processing file /home/airflow/.local/lib/python3.6/site-packages/airflow/example_dags/tutorial.py for tasks to queue
[2021-05-28 19:54:59,372] {logging_mixin.py:104} INFO - [2021-05-28 19:54:59,371] {dagbag.py:451} INFO - Filling up the DagBag from /home/airflow/.local/lib/python3.6/site-packages/airflow/example_dags/tutorial.py
[2021-05-28 19:54:59,387] {scheduler_job.py:639} INFO - DAG(s) dict_keys(['tutorial']) retrieved from /home/airflow/.local/lib/python3.6/site-packages/airflow/example_dags/tutorial.py
[2021-05-28 19:54:59,429] {logging_mixin.py:104} INFO - [2021-05-28 19:54:59,429] {dag.py:1824} INFO - Sync 1 DAGs
[2021-05-28 19:54:59,462] {logging_mixin.py:104} INFO - [2021-05-28 19:54:59,462] {dag.py:2280} INFO - Setting next_dagrun for tutorial to 2021-05-26 00:00:00+00:00
[2021-05-28 19:54:59,486] {scheduler_job.py:190} INFO - Processing /home/airflow/.local/lib/python3.6/site-packages/airflow/example_dags/tutorial.py took 0.125 seconds
[2021-05-28 19:55:29,778] {scheduler_job.py:182} INFO - Started process (PID=263) to work on /home/airflow/.local/lib/python3.6/site-packages/airflow/example_dags/tutorial.py
[2021-05-28 19:55:29,780] {scheduler_job.py:629} INFO - Processing file /home/airflow/.local/lib/python3.6/site-packages/airflow/example_dags/tutorial.py for tasks to queue
[2021-05-28 19:55:29,784] {logging_mixin.py:104} INFO - [2021-05-28 19:55:29,783] {dagbag.py:451} INFO - Filling up the DagBag from /home/airflow/.local/lib/python3.6/site-packages/airflow/example_dags/tutorial.py
[2021-05-28 19:55:29,805] {scheduler_job.py:639} INFO - DAG(s) dict_keys(['tutorial']) retrieved from /home/airflow/.local/lib/python3.6/site-packages/airflow/example_dags/tutorial.py
[2021-05-28 19:55:29,842] {logging_mixin.py:104} INFO - [2021-05-28 19:55:29,841] {dag.py:1824} INFO - Sync 1 DAGs
[2021-05-28 19:55:29,864] {logging_mixin.py:104} INFO - [2021-05-28 19:55:29,864] {dag.py:2280} INFO - Setting next_dagrun for tutorial to 2021-05-26 00:00:00+00:00
[2021-05-28 19:55:29,879] {scheduler_job.py:190} INFO - Processing /home/airflow/.local/lib/python3.6/site-packages/airflow/example_dags/tutorial.py took 0.106 seconds
[2021-05-28 19:56:00,010] {scheduler_job.py:182} INFO - Started process (PID=290) to work on /home/airflow/.local/lib/python3.6/site-packages/airflow/example_dags/tutorial.py
[2021-05-28 19:56:00,017] {scheduler_job.py:629} INFO - Processing file /home/airflow/.local/lib/python3.6/site-packages/airflow/example_dags/tutorial.py for tasks to queue
[2021-05-28 19:56:00,019] {logging_mixin.py:104} INFO - [2021-05-28 19:56:00,018] {dagbag.py:451} INFO - Filling up the DagBag from /home/airflow/.local/lib/python3.6/site-packages/airflow/example_dags/tutorial.py
[2021-05-28 19:56:00,041] {scheduler_job.py:639} INFO - DAG(s) dict_keys(['tutorial']) retrieved from /home/airflow/.local/lib/python3.6/site-packages/airflow/example_dags/tutorial.py
[2021-05-28 19:56:00,094] {logging_mixin.py:104} INFO - [2021-05-28 19:56:00,094] {dag.py:1824} INFO - Sync 1 DAGs
[2021-05-28 19:56:00,131] {logging_mixin.py:104} INFO - [2021-05-28 19:56:00,131] {dag.py:2280} INFO - Setting next_dagrun for tutorial to 2021-05-26 00:00:00+00:00
[2021-05-28 19:56:00,158] {scheduler_job.py:190} INFO - Processing /home/airflow/.local/lib/python3.6/site-packages/airflow/example_dags/tutorial.py took 0.153 seconds
[2021-05-28 19:56:31,236] {scheduler_job.py:182} INFO - Started process (PID=319) to work on /home/airflow/.local/lib/python3.6/site-packages/airflow/example_dags/tutorial.py
[2021-05-28 19:56:31,239] {scheduler_job.py:629} INFO - Processing file /home/airflow/.local/lib/python3.6/site-packages/airflow/example_dags/tutorial.py for tasks to queue
[2021-05-28 19:56:31,240] {logging_mixin.py:104} INFO - [2021-05-28 19:56:31,240] {dagbag.py:451} INFO - Filling up the DagBag from /home/airflow/.local/lib/python3.6/site-packages/airflow/example_dags/tutorial.py
[2021-05-28 19:56:31,264] {scheduler_job.py:639} INFO - DAG(s) dict_keys(['tutorial']) retrieved from /home/airflow/.local/lib/python3.6/site-packages/airflow/example_dags/tutorial.py
[2021-05-28 19:56:31,313] {logging_mixin.py:104} INFO - [2021-05-28 19:56:31,313] {dag.py:1824} INFO - Sync 1 DAGs
[2021-05-28 19:56:31,340] {logging_mixin.py:104} INFO - [2021-05-28 19:56:31,340] {dag.py:2280} INFO - Setting next_dagrun for tutorial to 2021-05-26 00:00:00+00:00
[2021-05-28 19:56:31,366] {scheduler_job.py:190} INFO - Processing /home/airflow/.local/lib/python3.6/site-packages/airflow/example_dags/tutorial.py took 0.136 seconds
[2021-05-28 19:57:01,520] {scheduler_job.py:182} INFO - Started process (PID=344) to work on /home/airflow/.local/lib/python3.6/site-packages/airflow/example_dags/tutorial.py
[2021-05-28 19:57:01,526] {scheduler_job.py:629} INFO - Processing file /home/airflow/.local/lib/python3.6/site-packages/airflow/example_dags/tutorial.py for tasks to queue
[2021-05-28 19:57:01,531] {logging_mixin.py:104} INFO - [2021-05-28 19:57:01,530] {dagbag.py:451} INFO - Filling up the DagBag from /home/airflow/.local/lib/python3.6/site-packages/airflow/example_dags/tutorial.py
[2021-05-28 19:57:01,587] {scheduler_job.py:639} INFO - DAG(s) dict_keys(['tutorial']) retrieved from /home/airflow/.local/lib/python3.6/site-packages/airflow/example_dags/tutorial.py
[2021-05-28 19:57:01,627] {logging_mixin.py:104} INFO - [2021-05-28 19:57:01,627] {dag.py:1824} INFO - Sync 1 DAGs
[2021-05-28 19:57:01,648] {logging_mixin.py:104} INFO - [2021-05-28 19:57:01,648] {dag.py:2280} INFO - Setting next_dagrun for tutorial to 2021-05-26 00:00:00+00:00
[2021-05-28 19:57:01,683] {scheduler_job.py:190} INFO - Processing /home/airflow/.local/lib/python3.6/site-packages/airflow/example_dags/tutorial.py took 0.175 seconds
[2021-05-28 19:57:31,870] {scheduler_job.py:182} INFO - Started process (PID=371) to work on /home/airflow/.local/lib/python3.6/site-packages/airflow/example_dags/tutorial.py
[2021-05-28 19:57:31,875] {scheduler_job.py:629} INFO - Processing file /home/airflow/.local/lib/python3.6/site-packages/airflow/example_dags/tutorial.py for tasks to queue
[2021-05-28 19:57:31,878] {logging_mixin.py:104} INFO - [2021-05-28 19:57:31,877] {dagbag.py:451} INFO - Filling up the DagBag from /home/airflow/.local/lib/python3.6/site-packages/airflow/example_dags/tutorial.py
[2021-05-28 19:57:31,929] {scheduler_job.py:639} INFO - DAG(s) dict_keys(['tutorial']) retrieved from /home/airflow/.local/lib/python3.6/site-packages/airflow/example_dags/tutorial.py
[2021-05-28 19:57:31,968] {logging_mixin.py:104} INFO - [2021-05-28 19:57:31,968] {dag.py:1824} INFO - Sync 1 DAGs
[2021-05-28 19:57:32,001] {logging_mixin.py:104} INFO - [2021-05-28 19:57:32,001] {dag.py:2280} INFO - Setting next_dagrun for tutorial to 2021-05-26 00:00:00+00:00
[2021-05-28 19:57:32,020] {scheduler_job.py:190} INFO - Processing /home/airflow/.local/lib/python3.6/site-packages/airflow/example_dags/tutorial.py took 0.164 seconds
[2021-05-28 19:58:02,808] {scheduler_job.py:182} INFO - Started process (PID=400) to work on /home/airflow/.local/lib/python3.6/site-packages/airflow/example_dags/tutorial.py
[2021-05-28 19:58:02,810] {scheduler_job.py:629} INFO - Processing file /home/airflow/.local/lib/python3.6/site-packages/airflow/example_dags/tutorial.py for tasks to queue
[2021-05-28 19:58:02,811] {logging_mixin.py:104} INFO - [2021-05-28 19:58:02,811] {dagbag.py:451} INFO - Filling up the DagBag from /home/airflow/.local/lib/python3.6/site-packages/airflow/example_dags/tutorial.py
[2021-05-28 19:58:02,831] {scheduler_job.py:639} INFO - DAG(s) dict_keys(['tutorial']) retrieved from /home/airflow/.local/lib/python3.6/site-packages/airflow/example_dags/tutorial.py
[2021-05-28 19:58:02,857] {logging_mixin.py:104} INFO - [2021-05-28 19:58:02,857] {dag.py:1824} INFO - Sync 1 DAGs
[2021-05-28 19:58:02,878] {logging_mixin.py:104} INFO - [2021-05-28 19:58:02,878] {dag.py:2280} INFO - Setting next_dagrun for tutorial to 2021-05-26 00:00:00+00:00
[2021-05-28 19:58:02,892] {scheduler_job.py:190} INFO - Processing /home/airflow/.local/lib/python3.6/site-packages/airflow/example_dags/tutorial.py took 0.088 seconds
[2021-05-28 19:58:33,613] {scheduler_job.py:182} INFO - Started process (PID=427) to work on /home/airflow/.local/lib/python3.6/site-packages/airflow/example_dags/tutorial.py
[2021-05-28 19:58:33,623] {scheduler_job.py:629} INFO - Processing file /home/airflow/.local/lib/python3.6/site-packages/airflow/example_dags/tutorial.py for tasks to queue
[2021-05-28 19:58:33,624] {logging_mixin.py:104} INFO - [2021-05-28 19:58:33,624] {dagbag.py:451} INFO - Filling up the DagBag from /home/airflow/.local/lib/python3.6/site-packages/airflow/example_dags/tutorial.py
[2021-05-28 19:58:33,642] {scheduler_job.py:639} INFO - DAG(s) dict_keys(['tutorial']) retrieved from /home/airflow/.local/lib/python3.6/site-packages/airflow/example_dags/tutorial.py
[2021-05-28 19:58:33,674] {logging_mixin.py:104} INFO - [2021-05-28 19:58:33,673] {dag.py:1824} INFO - Sync 1 DAGs
[2021-05-28 19:58:33,698] {logging_mixin.py:104} INFO - [2021-05-28 19:58:33,698] {dag.py:2280} INFO - Setting next_dagrun for tutorial to 2021-05-26 00:00:00+00:00
[2021-05-28 19:58:33,720] {scheduler_job.py:190} INFO - Processing /home/airflow/.local/lib/python3.6/site-packages/airflow/example_dags/tutorial.py took 0.112 seconds
[2021-05-28 19:59:03,759] {scheduler_job.py:182} INFO - Started process (PID=454) to work on /home/airflow/.local/lib/python3.6/site-packages/airflow/example_dags/tutorial.py
[2021-05-28 19:59:03,761] {scheduler_job.py:629} INFO - Processing file /home/airflow/.local/lib/python3.6/site-packages/airflow/example_dags/tutorial.py for tasks to queue
[2021-05-28 19:59:03,762] {logging_mixin.py:104} INFO - [2021-05-28 19:59:03,762] {dagbag.py:451} INFO - Filling up the DagBag from /home/airflow/.local/lib/python3.6/site-packages/airflow/example_dags/tutorial.py
[2021-05-28 19:59:03,777] {scheduler_job.py:639} INFO - DAG(s) dict_keys(['tutorial']) retrieved from /home/airflow/.local/lib/python3.6/site-packages/airflow/example_dags/tutorial.py
[2021-05-28 19:59:03,802] {logging_mixin.py:104} INFO - [2021-05-28 19:59:03,802] {dag.py:1824} INFO - Sync 1 DAGs
[2021-05-28 19:59:03,827] {logging_mixin.py:104} INFO - [2021-05-28 19:59:03,826] {dag.py:2280} INFO - Setting next_dagrun for tutorial to 2021-05-26 00:00:00+00:00
[2021-05-28 19:59:03,844] {scheduler_job.py:190} INFO - Processing /home/airflow/.local/lib/python3.6/site-packages/airflow/example_dags/tutorial.py took 0.090 seconds
[2021-05-28 19:59:34,010] {scheduler_job.py:182} INFO - Started process (PID=481) to work on /home/airflow/.local/lib/python3.6/site-packages/airflow/example_dags/tutorial.py
[2021-05-28 19:59:34,011] {scheduler_job.py:629} INFO - Processing file /home/airflow/.local/lib/python3.6/site-packages/airflow/example_dags/tutorial.py for tasks to queue
[2021-05-28 19:59:34,012] {logging_mixin.py:104} INFO - [2021-05-28 19:59:34,012] {dagbag.py:451} INFO - Filling up the DagBag from /home/airflow/.local/lib/python3.6/site-packages/airflow/example_dags/tutorial.py
[2021-05-28 19:59:34,023] {scheduler_job.py:639} INFO - DAG(s) dict_keys(['tutorial']) retrieved from /home/airflow/.local/lib/python3.6/site-packages/airflow/example_dags/tutorial.py
[2021-05-28 19:59:34,046] {logging_mixin.py:104} INFO - [2021-05-28 19:59:34,045] {dag.py:1824} INFO - Sync 1 DAGs
[2021-05-28 19:59:34,065] {logging_mixin.py:104} INFO - [2021-05-28 19:59:34,065] {dag.py:2280} INFO - Setting next_dagrun for tutorial to 2021-05-26 00:00:00+00:00
[2021-05-28 19:59:34,079] {scheduler_job.py:190} INFO - Processing /home/airflow/.local/lib/python3.6/site-packages/airflow/example_dags/tutorial.py took 0.072 seconds
[2021-05-28 20:00:04,545] {scheduler_job.py:182} INFO - Started process (PID=508) to work on /home/airflow/.local/lib/python3.6/site-packages/airflow/example_dags/tutorial.py
[2021-05-28 20:00:04,551] {scheduler_job.py:629} INFO - Processing file /home/airflow/.local/lib/python3.6/site-packages/airflow/example_dags/tutorial.py for tasks to queue
[2021-05-28 20:00:04,554] {logging_mixin.py:104} INFO - [2021-05-28 20:00:04,554] {dagbag.py:451} INFO - Filling up the DagBag from /home/airflow/.local/lib/python3.6/site-packages/airflow/example_dags/tutorial.py
[2021-05-28 20:00:04,592] {scheduler_job.py:639} INFO - DAG(s) dict_keys(['tutorial']) retrieved from /home/airflow/.local/lib/python3.6/site-packages/airflow/example_dags/tutorial.py
[2021-05-28 20:00:04,698] {logging_mixin.py:104} INFO - [2021-05-28 20:00:04,698] {dag.py:1824} INFO - Sync 1 DAGs
[2021-05-28 20:00:04,789] {logging_mixin.py:104} INFO - [2021-05-28 20:00:04,788] {dag.py:2280} INFO - Setting next_dagrun for tutorial to 2021-05-26 00:00:00+00:00
[2021-05-28 20:00:04,905] {scheduler_job.py:190} INFO - Processing /home/airflow/.local/lib/python3.6/site-packages/airflow/example_dags/tutorial.py took 0.367 seconds
