[2021-05-28 19:57:22,532] {taskinstance.py:877} INFO - Dependencies all met for <TaskInstance: Covid19_UAE_DAG.Plot_UAE_Covid_Situation 2021-05-27T19:52:27.334684+00:00 [queued]>
[2021-05-28 19:57:22,547] {taskinstance.py:877} INFO - Dependencies all met for <TaskInstance: Covid19_UAE_DAG.Plot_UAE_Covid_Situation 2021-05-27T19:52:27.334684+00:00 [queued]>
[2021-05-28 19:57:22,549] {taskinstance.py:1068} INFO - 
--------------------------------------------------------------------------------
[2021-05-28 19:57:22,550] {taskinstance.py:1069} INFO - Starting attempt 1 of 2
[2021-05-28 19:57:22,550] {taskinstance.py:1070} INFO - 
--------------------------------------------------------------------------------
[2021-05-28 19:57:22,572] {taskinstance.py:1089} INFO - Executing <Task(PythonOperator): Plot_UAE_Covid_Situation> on 2021-05-27T19:52:27.334684+00:00
[2021-05-28 19:57:22,577] {standard_task_runner.py:52} INFO - Started process 95 to run task
[2021-05-28 19:57:22,582] {standard_task_runner.py:76} INFO - Running: ['airflow', 'tasks', 'run', 'Covid19_UAE_DAG', 'Plot_UAE_Covid_Situation', '2021-05-27T19:52:27.334684+00:00', '--job-id', '21', '--pool', 'default_pool', '--raw', '--subdir', 'DAGS_FOLDER/uae_covid19_dag.py', '--cfg-path', '/tmp/tmpq_wt82p1', '--error-file', '/tmp/tmpz0wsysmo']
[2021-05-28 19:57:22,585] {standard_task_runner.py:77} INFO - Job 21: Subtask Plot_UAE_Covid_Situation
[2021-05-28 19:57:22,665] {logging_mixin.py:104} INFO - Running <TaskInstance: Covid19_UAE_DAG.Plot_UAE_Covid_Situation 2021-05-27T19:52:27.334684+00:00 [running]> on host 897404cfb482
[2021-05-28 19:57:22,760] {taskinstance.py:1283} INFO - Exporting the following env vars:
AIRFLOW_CTX_DAG_OWNER=admin
AIRFLOW_CTX_DAG_ID=Covid19_UAE_DAG
AIRFLOW_CTX_TASK_ID=Plot_UAE_Covid_Situation
AIRFLOW_CTX_EXECUTION_DATE=2021-05-27T19:52:27.334684+00:00
AIRFLOW_CTX_DAG_RUN_ID=scheduled__2021-05-27T19:52:27.334684+00:00
[2021-05-28 19:57:23,304] {__init__.py:482} WARNING - Matplotlib created a temporary config/cache directory at /tmp/matplotlib-hb4el_11 because the default path (/home/airflow/.config/matplotlib) is not a writable directory; it is highly recommended to set the MPLCONFIGDIR environment variable to a writable directory, in particular to speed up the import of Matplotlib and to better support multiprocessing.
[2021-05-28 19:57:23,633] {font_manager.py:1423} INFO - Generating new fontManager, this may take some time...
[2021-05-28 19:57:25,793] {python.py:118} INFO - Done. Returned value was: None
[2021-05-28 19:57:25,805] {taskinstance.py:1192} INFO - Marking task as SUCCESS. dag_id=Covid19_UAE_DAG, task_id=Plot_UAE_Covid_Situation, execution_date=20210527T195227, start_date=20210528T195722, end_date=20210528T195725
[2021-05-28 19:57:25,840] {taskinstance.py:1246} INFO - 0 downstream tasks scheduled from follow-on schedule check
[2021-05-28 19:57:25,860] {local_task_job.py:146} INFO - Task exited with return code 0
