[2021-05-28 19:52:49,650] {taskinstance.py:877} INFO - Dependencies all met for <TaskInstance: Covid19_UAE_DAG.installing_packages 2021-05-28T19:52:36.786075+00:00 [None]>
[2021-05-28 19:52:49,688] {taskinstance.py:877} INFO - Dependencies all met for <TaskInstance: Covid19_UAE_DAG.installing_packages 2021-05-28T19:52:36.786075+00:00 [None]>
[2021-05-28 19:52:49,706] {taskinstance.py:1068} INFO - 
--------------------------------------------------------------------------------
[2021-05-28 19:52:49,715] {taskinstance.py:1069} INFO - Starting attempt 1 of 2
[2021-05-28 19:52:49,716] {taskinstance.py:1070} INFO - 
--------------------------------------------------------------------------------
[2021-05-28 19:52:49,805] {taskinstance.py:1089} INFO - Executing <Task(BashOperator): installing_packages> on 2021-05-28T19:52:36.786075+00:00
[2021-05-28 19:52:49,834] {standard_task_runner.py:52} INFO - Started process 59 to run task
[2021-05-28 19:52:49,909] {standard_task_runner.py:76} INFO - Running: ['airflow', 'tasks', 'run', 'Covid19_UAE_DAG', 'installing_packages', '2021-05-28T19:52:36.786075+00:00', '--job-id', '17', '--pool', 'default_pool', '--raw', '--subdir', 'DAGS_FOLDER/uae_covid19_dag.py', '--cfg-path', '/tmp/tmpp8517ypx', '--error-file', '/tmp/tmpjzqth8kf']
[2021-05-28 19:52:49,910] {standard_task_runner.py:77} INFO - Job 17: Subtask installing_packages
[2021-05-28 19:52:50,184] {logging_mixin.py:104} INFO - Running <TaskInstance: Covid19_UAE_DAG.installing_packages 2021-05-28T19:52:36.786075+00:00 [running]> on host 897404cfb482
[2021-05-28 19:52:50,328] {taskinstance.py:1283} INFO - Exporting the following env vars:
AIRFLOW_CTX_DAG_OWNER=admin
AIRFLOW_CTX_DAG_ID=Covid19_UAE_DAG
AIRFLOW_CTX_TASK_ID=installing_packages
AIRFLOW_CTX_EXECUTION_DATE=2021-05-28T19:52:36.786075+00:00
[2021-05-28 19:52:50,339] {bash.py:135} INFO - Tmp dir root location: 
 /tmp
[2021-05-28 19:52:50,352] {bash.py:158} INFO - Running command: pip install sklearn matplotlib
[2021-05-28 19:52:50,371] {bash.py:169} INFO - Output:
[2021-05-28 19:52:52,192] {bash.py:173} INFO - WARNING: The directory '/home/airflow/.cache/pip' or its parent directory is not owned or is not writable by the current user. The cache has been disabled. Check the permissions and owner of that directory. If executing pip with sudo, you may want sudo's -H flag.
[2021-05-28 19:52:53,105] {bash.py:173} INFO - Collecting sklearn
[2021-05-28 19:52:53,433] {bash.py:173} INFO -   Downloading sklearn-0.0.tar.gz (1.1 kB)
[2021-05-28 19:52:56,727] {bash.py:173} INFO - Collecting matplotlib
[2021-05-28 19:52:56,799] {bash.py:173} INFO -   Downloading matplotlib-3.3.4-cp36-cp36m-manylinux1_x86_64.whl (11.5 MB)
[2021-05-28 19:52:59,860] {bash.py:173} INFO - Collecting scikit-learn
[2021-05-28 19:52:59,969] {bash.py:173} INFO -   Downloading scikit_learn-0.24.2-cp36-cp36m-manylinux2010_x86_64.whl (22.2 MB)
[2021-05-28 19:53:04,483] {bash.py:173} INFO - Requirement already satisfied: pyparsing!=2.0.4,!=2.1.2,!=2.1.6,>=2.0.3 in /home/airflow/.local/lib/python3.6/site-packages (from matplotlib) (2.4.7)
[2021-05-28 19:53:04,781] {bash.py:173} INFO - Collecting kiwisolver>=1.0.1
[2021-05-28 19:53:04,859] {bash.py:173} INFO -   Downloading kiwisolver-1.3.1-cp36-cp36m-manylinux1_x86_64.whl (1.1 MB)
[2021-05-28 19:53:05,149] {bash.py:173} INFO - Requirement already satisfied: python-dateutil>=2.1 in /home/airflow/.local/lib/python3.6/site-packages (from matplotlib) (2.8.1)
[2021-05-28 19:53:05,157] {bash.py:173} INFO - Requirement already satisfied: numpy>=1.15 in /home/airflow/.local/lib/python3.6/site-packages (from matplotlib) (1.19.5)
[2021-05-28 19:53:05,340] {bash.py:173} INFO - Collecting cycler>=0.10
[2021-05-28 19:53:05,415] {bash.py:173} INFO -   Downloading cycler-0.10.0-py2.py3-none-any.whl (6.5 kB)
[2021-05-28 19:53:07,100] {bash.py:173} INFO - Collecting pillow>=6.2.0
[2021-05-28 19:53:07,194] {bash.py:173} INFO -   Downloading Pillow-8.2.0-cp36-cp36m-manylinux1_x86_64.whl (3.0 MB)
[2021-05-28 19:53:08,242] {bash.py:173} INFO - Collecting joblib>=0.11
[2021-05-28 19:53:08,341] {bash.py:173} INFO -   Downloading joblib-1.0.1-py3-none-any.whl (303 kB)
[2021-05-28 19:53:08,885] {bash.py:173} INFO - Collecting threadpoolctl>=2.0.0
[2021-05-28 19:53:08,973] {bash.py:173} INFO -   Downloading threadpoolctl-2.1.0-py3-none-any.whl (12 kB)
[2021-05-28 19:53:09,961] {bash.py:173} INFO - Collecting scipy>=0.19.1
[2021-05-28 19:53:10,066] {bash.py:173} INFO -   Downloading scipy-1.5.4-cp36-cp36m-manylinux1_x86_64.whl (25.9 MB)
[2021-05-28 19:53:15,187] {bash.py:173} INFO - Requirement already satisfied: six>=1.5 in /home/airflow/.local/lib/python3.6/site-packages (from python-dateutil>=2.1->matplotlib) (1.15.0)
[2021-05-28 19:53:15,190] {bash.py:173} INFO - Building wheels for collected packages: sklearn
[2021-05-28 19:53:15,191] {bash.py:173} INFO -   Building wheel for sklearn (setup.py): started
[2021-05-28 19:53:16,264] {bash.py:173} INFO -   Building wheel for sklearn (setup.py): finished with status 'done'
[2021-05-28 19:53:16,265] {bash.py:173} INFO -   Created wheel for sklearn: filename=sklearn-0.0-py2.py3-none-any.whl size=1316 sha256=8c3ba7a09b9cdbdfb9e616c0848f4ada7ca5eb91dcebc2c17d94f13b732afe60
[2021-05-28 19:53:16,267] {bash.py:173} INFO -   Stored in directory: /tmp/pip-ephem-wheel-cache-9ssv5fdk/wheels/23/9d/42/5ec745cbbb17517000a53cecc49d6a865450d1f5cb16dc8a9c
[2021-05-28 19:53:16,267] {bash.py:173} INFO - Successfully built sklearn
[2021-05-28 19:53:27,598] {bash.py:173} INFO - Installing collected packages: joblib, threadpoolctl, scipy, scikit-learn, sklearn, kiwisolver, cycler, pillow, matplotlib
[2021-05-28 19:53:39,013] {bash.py:173} INFO - Successfully installed cycler-0.10.0 joblib-1.0.1 kiwisolver-1.3.1 matplotlib-3.3.4 pillow-8.2.0 scikit-learn-0.24.2 scipy-1.5.4 sklearn-0.0 threadpoolctl-2.1.0
[2021-05-28 19:53:39,630] {bash.py:173} INFO - WARNING: You are using pip version 20.2.4; however, version 21.1.2 is available.
[2021-05-28 19:53:39,630] {bash.py:173} INFO - You should consider upgrading via the '/usr/local/bin/python -m pip install --upgrade pip' command.
[2021-05-28 19:53:39,800] {bash.py:177} INFO - Command exited with return code 0
[2021-05-28 19:53:39,889] {taskinstance.py:1192} INFO - Marking task as SUCCESS. dag_id=Covid19_UAE_DAG, task_id=installing_packages, execution_date=20210528T195236, start_date=20210528T195249, end_date=20210528T195339
[2021-05-28 19:53:39,958] {local_task_job.py:146} INFO - Task exited with return code 1
