[2021-05-28 19:54:32,550] {taskinstance.py:877} INFO - Dependencies all met for <TaskInstance: Covid19_UAE_DAG.installing_packages 2021-05-27T19:52:27.334684+00:00 [queued]>
[2021-05-28 19:54:32,583] {taskinstance.py:877} INFO - Dependencies all met for <TaskInstance: Covid19_UAE_DAG.installing_packages 2021-05-27T19:52:27.334684+00:00 [queued]>
[2021-05-28 19:54:32,588] {taskinstance.py:1068} INFO - 
--------------------------------------------------------------------------------
[2021-05-28 19:54:32,591] {taskinstance.py:1069} INFO - Starting attempt 2 of 2
[2021-05-28 19:54:32,591] {taskinstance.py:1070} INFO - 
--------------------------------------------------------------------------------
[2021-05-28 19:54:32,625] {taskinstance.py:1089} INFO - Executing <Task(BashOperator): installing_packages> on 2021-05-27T19:52:27.334684+00:00
[2021-05-28 19:54:32,632] {standard_task_runner.py:52} INFO - Started process 76 to run task
[2021-05-28 19:54:32,640] {standard_task_runner.py:76} INFO - Running: ['airflow', 'tasks', 'run', 'Covid19_UAE_DAG', 'installing_packages', '2021-05-27T19:52:27.334684+00:00', '--job-id', '18', '--pool', 'default_pool', '--raw', '--subdir', 'DAGS_FOLDER/uae_covid19_dag.py', '--cfg-path', '/tmp/tmpp9qsdlhg', '--error-file', '/tmp/tmpv1ht5h2w']
[2021-05-28 19:54:32,642] {standard_task_runner.py:77} INFO - Job 18: Subtask installing_packages
[2021-05-28 19:54:32,718] {logging_mixin.py:104} INFO - Running <TaskInstance: Covid19_UAE_DAG.installing_packages 2021-05-27T19:52:27.334684+00:00 [running]> on host 897404cfb482
[2021-05-28 19:54:32,767] {taskinstance.py:1283} INFO - Exporting the following env vars:
AIRFLOW_CTX_DAG_OWNER=admin
AIRFLOW_CTX_DAG_ID=Covid19_UAE_DAG
AIRFLOW_CTX_TASK_ID=installing_packages
AIRFLOW_CTX_EXECUTION_DATE=2021-05-27T19:52:27.334684+00:00
AIRFLOW_CTX_DAG_RUN_ID=scheduled__2021-05-27T19:52:27.334684+00:00
[2021-05-28 19:54:32,768] {bash.py:135} INFO - Tmp dir root location: 
 /tmp
[2021-05-28 19:54:32,770] {bash.py:158} INFO - Running command: pip install sklearn matplotlib
[2021-05-28 19:54:32,783] {bash.py:169} INFO - Output:
[2021-05-28 19:54:33,435] {bash.py:173} INFO - WARNING: The directory '/home/airflow/.cache/pip' or its parent directory is not owned or is not writable by the current user. The cache has been disabled. Check the permissions and owner of that directory. If executing pip with sudo, you may want sudo's -H flag.
[2021-05-28 19:54:33,546] {bash.py:173} INFO - Requirement already satisfied: sklearn in /home/airflow/.local/lib/python3.6/site-packages (0.0)
[2021-05-28 19:54:33,552] {bash.py:173} INFO - Requirement already satisfied: matplotlib in /home/airflow/.local/lib/python3.6/site-packages (3.3.4)
[2021-05-28 19:54:33,566] {bash.py:173} INFO - Requirement already satisfied: scikit-learn in /home/airflow/.local/lib/python3.6/site-packages (from sklearn) (0.24.2)
[2021-05-28 19:54:33,610] {bash.py:173} INFO - Requirement already satisfied: pillow>=6.2.0 in /home/airflow/.local/lib/python3.6/site-packages (from matplotlib) (8.2.0)
[2021-05-28 19:54:33,613] {bash.py:173} INFO - Requirement already satisfied: pyparsing!=2.0.4,!=2.1.2,!=2.1.6,>=2.0.3 in /home/airflow/.local/lib/python3.6/site-packages (from matplotlib) (2.4.7)
[2021-05-28 19:54:33,618] {bash.py:173} INFO - Requirement already satisfied: python-dateutil>=2.1 in /home/airflow/.local/lib/python3.6/site-packages (from matplotlib) (2.8.1)
[2021-05-28 19:54:33,637] {bash.py:173} INFO - Requirement already satisfied: kiwisolver>=1.0.1 in /home/airflow/.local/lib/python3.6/site-packages (from matplotlib) (1.3.1)
[2021-05-28 19:54:33,641] {bash.py:173} INFO - Requirement already satisfied: cycler>=0.10 in /home/airflow/.local/lib/python3.6/site-packages (from matplotlib) (0.10.0)
[2021-05-28 19:54:33,646] {bash.py:173} INFO - Requirement already satisfied: numpy>=1.15 in /home/airflow/.local/lib/python3.6/site-packages (from matplotlib) (1.19.5)
[2021-05-28 19:54:33,650] {bash.py:173} INFO - Requirement already satisfied: scipy>=0.19.1 in /home/airflow/.local/lib/python3.6/site-packages (from scikit-learn->sklearn) (1.5.4)
[2021-05-28 19:54:33,655] {bash.py:173} INFO - Requirement already satisfied: joblib>=0.11 in /home/airflow/.local/lib/python3.6/site-packages (from scikit-learn->sklearn) (1.0.1)
[2021-05-28 19:54:33,658] {bash.py:173} INFO - Requirement already satisfied: threadpoolctl>=2.0.0 in /home/airflow/.local/lib/python3.6/site-packages (from scikit-learn->sklearn) (2.1.0)
[2021-05-28 19:54:33,662] {bash.py:173} INFO - Requirement already satisfied: six>=1.5 in /home/airflow/.local/lib/python3.6/site-packages (from python-dateutil>=2.1->matplotlib) (1.15.0)
[2021-05-28 19:54:40,944] {bash.py:173} INFO - WARNING: You are using pip version 20.2.4; however, version 21.1.2 is available.
[2021-05-28 19:54:40,945] {bash.py:173} INFO - You should consider upgrading via the '/usr/local/bin/python -m pip install --upgrade pip' command.
[2021-05-28 19:54:41,113] {bash.py:177} INFO - Command exited with return code 0
[2021-05-28 19:54:41,185] {taskinstance.py:1192} INFO - Marking task as SUCCESS. dag_id=Covid19_UAE_DAG, task_id=installing_packages, execution_date=20210527T195227, start_date=20210528T195432, end_date=20210528T195441
[2021-05-28 19:54:41,250] {taskinstance.py:1246} INFO - 1 downstream tasks scheduled from follow-on schedule check
[2021-05-28 19:54:41,279] {local_task_job.py:146} INFO - Task exited with return code 0
