[2021-05-28 19:57:26,389] {taskinstance.py:877} INFO - Dependencies all met for <TaskInstance: Covid19_UAE_DAG.Load_to_PostGres 2021-05-27T19:52:27.334684+00:00 [queued]>
[2021-05-28 19:57:26,409] {taskinstance.py:877} INFO - Dependencies all met for <TaskInstance: Covid19_UAE_DAG.Load_to_PostGres 2021-05-27T19:52:27.334684+00:00 [queued]>
[2021-05-28 19:57:26,410] {taskinstance.py:1068} INFO - 
--------------------------------------------------------------------------------
[2021-05-28 19:57:26,411] {taskinstance.py:1069} INFO - Starting attempt 1 of 2
[2021-05-28 19:57:26,412] {taskinstance.py:1070} INFO - 
--------------------------------------------------------------------------------
[2021-05-28 19:57:26,439] {taskinstance.py:1089} INFO - Executing <Task(PythonOperator): Load_to_PostGres> on 2021-05-27T19:52:27.334684+00:00
[2021-05-28 19:57:26,450] {standard_task_runner.py:76} INFO - Running: ['airflow', 'tasks', 'run', 'Covid19_UAE_DAG', 'Load_to_PostGres', '2021-05-27T19:52:27.334684+00:00', '--job-id', '22', '--pool', 'default_pool', '--raw', '--subdir', 'DAGS_FOLDER/uae_covid19_dag.py', '--cfg-path', '/tmp/tmpxivpnb0v', '--error-file', '/tmp/tmp6nrrmfaq']
[2021-05-28 19:57:26,445] {standard_task_runner.py:52} INFO - Started process 99 to run task
[2021-05-28 19:57:26,451] {standard_task_runner.py:77} INFO - Job 22: Subtask Load_to_PostGres
[2021-05-28 19:57:26,519] {logging_mixin.py:104} INFO - Running <TaskInstance: Covid19_UAE_DAG.Load_to_PostGres 2021-05-27T19:52:27.334684+00:00 [running]> on host 897404cfb482
[2021-05-28 19:57:26,626] {taskinstance.py:1283} INFO - Exporting the following env vars:
AIRFLOW_CTX_DAG_OWNER=admin
AIRFLOW_CTX_DAG_ID=Covid19_UAE_DAG
AIRFLOW_CTX_TASK_ID=Load_to_PostGres
AIRFLOW_CTX_EXECUTION_DATE=2021-05-27T19:52:27.334684+00:00
AIRFLOW_CTX_DAG_RUN_ID=scheduled__2021-05-27T19:52:27.334684+00:00
[2021-05-28 19:57:27,423] {python.py:118} INFO - Done. Returned value was: None
[2021-05-28 19:57:27,438] {taskinstance.py:1192} INFO - Marking task as SUCCESS. dag_id=Covid19_UAE_DAG, task_id=Load_to_PostGres, execution_date=20210527T195227, start_date=20210528T195726, end_date=20210528T195727
[2021-05-28 19:57:27,476] {taskinstance.py:1246} INFO - 0 downstream tasks scheduled from follow-on schedule check
[2021-05-28 19:57:27,490] {local_task_job.py:146} INFO - Task exited with return code 0
